[2022-07-04T00:28:27.970Z] Log level: Info
[2022-07-04T00:28:27.972Z] [info] Validating found git in: git
[2022-07-04T00:28:28.204Z] [info] Using git 2.25.1 from git
[2022-07-04T00:28:28.343Z] > git rev-parse --show-toplevel [131ms]
[2022-07-04T00:28:28.352Z] > git rev-parse --git-dir --git-common-dir [2ms]
[2022-07-04T00:28:28.357Z] [info] Open repository: /home/htmhqi
[2022-07-04T00:28:28.462Z] > git status -z -uall [100ms]
[2022-07-04T00:28:28.474Z] > git symbolic-ref --short HEAD [9ms]
[2022-07-04T00:28:28.479Z] > git for-each-ref --format=%(refname)%00%(upstream:short)%00%(objectname)%00%(upstream:track)%00%(upstream:remotename)%00%(upstream:remoteref) refs/heads/test_skills refs/remotes/test_skills [1ms]
[2022-07-04T00:28:28.490Z] > git remote --verbose [2ms]
[2022-07-04T00:28:28.491Z] > git for-each-ref --sort -committerdate --format %(refname) %(objectname) %(*objectname) [7ms]
[2022-07-04T00:28:28.499Z] > git config --get commit.template [1ms]
[2022-07-04T00:28:28.839Z] > git show --textconv :scripts/test.py [8ms]
[2022-07-04T00:28:28.840Z] > git ls-files --stage -- /home/htmhqi/scripts/test.py [4ms]
[2022-07-04T00:28:28.846Z] > git cat-file -s 16d09fac193fdf168b6cb93bc878e287c222eb89 [1ms]
[2022-07-04T00:28:28.929Z] > git check-ignore -v -z --stdin [2ms]
[2022-07-04T00:28:32.414Z] > git status -z -uall [16ms]
[2022-07-04T00:28:32.419Z] > git symbolic-ref --short HEAD [1ms]
[2022-07-04T00:28:32.423Z] > git for-each-ref --format=%(refname)%00%(upstream:short)%00%(objectname)%00%(upstream:track)%00%(upstream:remotename)%00%(upstream:remoteref) refs/heads/test_skills refs/remotes/test_skills [1ms]
[2022-07-04T00:28:32.430Z] > git remote --verbose [1ms]
[2022-07-04T00:28:32.430Z] > git for-each-ref --sort -committerdate --format %(refname) %(objectname) %(*objectname) [4ms]
[2022-07-04T00:28:32.436Z] > git config --get commit.template [1ms]
[2022-07-04T00:28:39.414Z] > git status -z -uall [15ms]
[2022-07-04T00:28:39.420Z] > git symbolic-ref --short HEAD [1ms]
[2022-07-04T00:28:39.423Z] > git for-each-ref --format=%(refname)%00%(upstream:short)%00%(objectname)%00%(upstream:track)%00%(upstream:remotename)%00%(upstream:remoteref) refs/heads/test_skills refs/remotes/test_skills [0ms]
[2022-07-04T00:28:39.429Z] > git remote --verbose [0ms]
[2022-07-04T00:28:39.430Z] > git for-each-ref --sort -committerdate --format %(refname) %(objectname) %(*objectname) [4ms]
[2022-07-04T00:28:39.436Z] > git config --get commit.template [1ms]
[2022-07-04T00:28:44.460Z] > git status -z -uall [21ms]
[2022-07-04T00:28:44.463Z] > git symbolic-ref --short HEAD [1ms]
[2022-07-04T00:28:44.466Z] > git for-each-ref --format=%(refname)%00%(upstream:short)%00%(objectname)%00%(upstream:track)%00%(upstream:remotename)%00%(upstream:remoteref) refs/heads/test_skills refs/remotes/test_skills [0ms]
[2022-07-04T00:28:44.471Z] > git remote --verbose [1ms]
[2022-07-04T00:28:44.471Z] > git for-each-ref --sort -committerdate --format %(refname) %(objectname) %(*objectname) [3ms]
[2022-07-04T00:28:44.475Z] > git config --get commit.template [1ms]
[2022-07-04T00:28:49.495Z] > git status -z -uall [16ms]
[2022-07-04T00:28:49.498Z] > git symbolic-ref --short HEAD [0ms]
[2022-07-04T00:28:49.501Z] > git for-each-ref --format=%(refname)%00%(upstream:short)%00%(objectname)%00%(upstream:track)%00%(upstream:remotename)%00%(upstream:remoteref) refs/heads/test_skills refs/remotes/test_skills [1ms]
[2022-07-04T00:28:49.505Z] > git remote --verbose [0ms]
[2022-07-04T00:28:49.506Z] > git for-each-ref --sort -committerdate --format %(refname) %(objectname) %(*objectname) [3ms]
[2022-07-04T00:28:49.510Z] > git config --get commit.template [0ms]
[2022-07-04T00:28:54.530Z] > git status -z -uall [17ms]
[2022-07-04T00:28:54.533Z] > git symbolic-ref --short HEAD [1ms]
[2022-07-04T00:28:54.536Z] > git for-each-ref --format=%(refname)%00%(upstream:short)%00%(objectname)%00%(upstream:track)%00%(upstream:remotename)%00%(upstream:remoteref) refs/heads/test_skills refs/remotes/test_skills [0ms]
[2022-07-04T00:28:54.541Z] > git remote --verbose [1ms]
[2022-07-04T00:28:54.541Z] > git for-each-ref --sort -committerdate --format %(refname) %(objectname) %(*objectname) [3ms]
[2022-07-04T00:28:54.544Z] > git config --get commit.template [0ms]
[2022-07-04T00:28:59.564Z] > git status -z -uall [16ms]
[2022-07-04T00:28:59.567Z] > git symbolic-ref --short HEAD [0ms]
[2022-07-04T00:28:59.570Z] > git for-each-ref --format=%(refname)%00%(upstream:short)%00%(objectname)%00%(upstream:track)%00%(upstream:remotename)%00%(upstream:remoteref) refs/heads/test_skills refs/remotes/test_skills [1ms]
[2022-07-04T00:28:59.574Z] > git remote --verbose [0ms]
[2022-07-04T00:28:59.575Z] > git for-each-ref --sort -committerdate --format %(refname) %(objectname) %(*objectname) [3ms]
[2022-07-04T00:28:59.578Z] > git config --get commit.template [0ms]
[2022-07-04T00:29:04.598Z] > git status -z -uall [16ms]
[2022-07-04T00:29:04.601Z] > git symbolic-ref --short HEAD [0ms]
[2022-07-04T00:29:04.604Z] > git for-each-ref --format=%(refname)%00%(upstream:short)%00%(objectname)%00%(upstream:track)%00%(upstream:remotename)%00%(upstream:remoteref) refs/heads/test_skills refs/remotes/test_skills [0ms]
[2022-07-04T00:29:04.609Z] > git remote --verbose [1ms]
[2022-07-04T00:29:04.609Z] > git for-each-ref --sort -committerdate --format %(refname) %(objectname) %(*objectname) [3ms]
[2022-07-04T00:29:04.613Z] > git config --get commit.template [1ms]
[2022-07-04T00:29:09.633Z] > git status -z -uall [16ms]
[2022-07-04T00:29:09.636Z] > git symbolic-ref --short HEAD [0ms]
[2022-07-04T00:29:09.639Z] > git for-each-ref --format=%(refname)%00%(upstream:short)%00%(objectname)%00%(upstream:track)%00%(upstream:remotename)%00%(upstream:remoteref) refs/heads/test_skills refs/remotes/test_skills [0ms]
[2022-07-04T00:29:09.644Z] > git remote --verbose [1ms]
[2022-07-04T00:29:09.644Z] > git for-each-ref --sort -committerdate --format %(refname) %(objectname) %(*objectname) [3ms]
[2022-07-04T00:29:09.648Z] > git config --get commit.template [0ms]
[2022-07-04T00:29:14.668Z] > git status -z -uall [16ms]
[2022-07-04T00:29:14.671Z] > git symbolic-ref --short HEAD [0ms]
[2022-07-04T00:29:14.674Z] > git for-each-ref --format=%(refname)%00%(upstream:short)%00%(objectname)%00%(upstream:track)%00%(upstream:remotename)%00%(upstream:remoteref) refs/heads/test_skills refs/remotes/test_skills [0ms]
[2022-07-04T00:29:14.679Z] > git remote --verbose [1ms]
[2022-07-04T00:29:14.679Z] > git for-each-ref --sort -committerdate --format %(refname) %(objectname) %(*objectname) [3ms]
[2022-07-04T00:29:14.682Z] > git config --get commit.template [0ms]
[2022-07-04T00:50:28.660Z] > git status -z -uall [25ms]
[2022-07-04T00:50:28.664Z] > git symbolic-ref --short HEAD [0ms]
[2022-07-04T00:50:28.668Z] > git for-each-ref --format=%(refname)%00%(upstream:short)%00%(objectname)%00%(upstream:track)%00%(upstream:remotename)%00%(upstream:remoteref) refs/heads/test_skills refs/remotes/test_skills [0ms]
[2022-07-04T00:50:28.674Z] > git remote --verbose [1ms]
[2022-07-04T00:50:28.674Z] > git for-each-ref --sort -committerdate --format %(refname) %(objectname) %(*objectname) [3ms]
[2022-07-04T00:50:28.679Z] > git config --get commit.template [1ms]
[2022-07-04T00:50:33.700Z] > git status -z -uall [18ms]
[2022-07-04T00:50:33.703Z] > git symbolic-ref --short HEAD [0ms]
[2022-07-04T00:50:33.706Z] > git for-each-ref --format=%(refname)%00%(upstream:short)%00%(objectname)%00%(upstream:track)%00%(upstream:remotename)%00%(upstream:remoteref) refs/heads/test_skills refs/remotes/test_skills [0ms]
[2022-07-04T00:50:33.713Z] > git for-each-ref --sort -committerdate --format %(refname) %(objectname) %(*objectname) [4ms]
[2022-07-04T00:50:33.713Z] > git remote --verbose [1ms]
[2022-07-04T00:50:33.717Z] > git config --get commit.template [1ms]
[2022-07-04T00:50:34.494Z] > git check-ignore -v -z --stdin [6ms]
[2022-07-04T00:50:36.281Z] > git add -A -- /home/htmhqi/.bash_history /home/htmhqi/.vscode-server/data/User/workspaceStorage/b8b0059f5e879175db10163d2663be81/vscode.lock /home/htmhqi/.vscode-server/data/logs/20220614T113300/exthost1/exthost.log /home/htmhqi/.vscode-server/data/logs/20220614T113300/exthost1/output_logging_20220614T113301/1-Git.log /home/htmhqi/.vscode-server/data/logs/20220614T113300/exthost2/exthost.log /home/htmhqi/.vscode-server/data/logs/20220614T113300/exthost2/output_logging_20220614T113341/1-Git.log /home/htmhqi/.vscode-server/data/logs/20220614T113300/exthost2/output_logging_20220614T113341/2-Jupyter.log /home/htmhqi/.vscode-server/data/logs/20220614T113300/exthost2/output_logging_20220614T113341/3-Python.log /home/htmhqi/.vscode-server/data/logs/20220614T113300/exthost2/output_logging_20220614T113341/4-Python Test Log.log /home/htmhqi/.vscode-server/data/logs/20220614T113300/exthost2/output_logging_20220614T113341/5-Python Language Server.log /home/htmhqi/.vscode-server/data/logs/20220614T113300/remoteagent.log /home/htmhqi/.vscode-server/data/logs/20220615T215505/exthost1/exthost.log /home/htmhqi/.vscode-server/data/logs/20220615T215505/exthost1/output_logging_20220615T215508/1-Git.log /home/htmhqi/.vscode-server/data/logs/20220615T215505/exthost1/output_logging_20220615T215508/2-Python.log /home/htmhqi/.vscode-server/data/logs/20220615T215505/exthost1/output_logging_20220615T215508/3-Python Test Log.log /home/htmhqi/.vscode-server/data/logs/20220615T215505/exthost1/output_logging_20220615T215508/4-Jupyter.log /home/htmhqi/.vscode-server/data/logs/20220615T215505/exthost1/output_logging_20220615T215508/5-Python Language Server.log /home/htmhqi/.vscode-server/data/logs/20220615T215505/remoteagent.log /home/htmhqi/.vscode-server/data/logs/20220622T222105/exthost1/exthost.log /home/htmhqi/.vscode-server/data/logs/20220622T222105/exthost1/output_logging_20220622T222107/1-Python.log /home/htmhqi/.vscode-server/data/logs/20220622T222105/exthost1/output_logging_20220622T222107/2-Python Test Log.log /home/htmhqi/.vscode-server/data/logs/20220622T222105/exthost1/output_logging_20220622T222107/3-Jupyter.log /home/htmhqi/.vscode-server/data/logs/20220622T222105/exthost1/output_logging_20220622T222107/4-Git.log /home/htmhqi/.vscode-server/data/logs/20220622T222105/exthost1/output_logging_20220622T222107/5-Python Language Server.log /home/htmhqi/.vscode-server/data/logs/20220622T222105/remoteagent.log /home/htmhqi/.vscode-server/data/logs/20220701T233906/exthost1/exthost.log /home/htmhqi/.vscode-server/data/logs/20220701T233906/exthost1/output_logging_20220701T233909/1-Git.log /home/htmhqi/.vscode-server/data/logs/20220701T233906/remoteagent.log /home/htmhqi/.vscode-server/data/logs/20220702T193917/exthost1/exthost.log /home/htmhqi/.vscode-server/data/logs/20220702T193917/exthost1/output_logging_20220702T193918/1-Git.log /home/htmhqi/.vscode-server/data/logs/20220702T193917/remoteagent.log /home/htmhqi/.vscode-server/data/logs/20220702T200804/exthost1/exthost.log /home/htmhqi/.vscode-server/data/logs/20220702T200804/exthost1/output_logging_20220702T200804/1-Git.log /home/htmhqi/.vscode-server/data/logs/20220702T200804/exthost1/output_logging_20220702T200804/2-Python.log /home/htmhqi/.vscode-server/data/logs/20220702T200804/exthost1/output_logging_20220702T200804/3-Python Test Log.log /home/htmhqi/.vscode-server/data/logs/20220702T200804/exthost1/output_logging_20220702T200804/4-Jupyter.log /home/htmhqi/.vscode-server/data/logs/20220702T200804/exthost1/output_logging_20220702T200804/5-JSON Language Server.log /home/htmhqi/.vscode-server/data/logs/20220702T200804/exthost1/output_logging_20220702T200804/6-Python Language Server.log /home/htmhqi/.vscode-server/data/logs/20220702T200804/remoteagent.log /home/htmhqi/.vscode-server/data/logs/20220703T202826/exthost1/exthost.log /home/htmhqi/.vscode-server/data/logs/20220703T202826/exthost1/output_logging_20220703T202827/1-Python.log /home/htmhqi/.vscode-server/data/logs/20220703T202826/exthost1/output_logging_20220703T202827/2-Python Test Log.log /home/htmhqi/.vscode-server/data/logs/20220703T202826/exthost1/output_logging_20220703T202827/3-Jupyter.log /home/htmhqi/.vscode-server/data/logs/20220703T202826/exthost1/output_logging_20220703T202827/4-Git.log /home/htmhqi/.vscode-server/data/logs/20220703T202826/exthost1/output_logging_20220703T202827/5-JSON Language Server.log /home/htmhqi/.vscode-server/data/logs/20220703T202826/exthost1/output_logging_20220703T202827/6-Python Language Server.log /home/htmhqi/.vscode-server/data/logs/20220703T202826/remoteagent.log [30ms]
[2022-07-04T00:50:36.303Z] > git status -z -uall [19ms]
[2022-07-04T00:50:36.306Z] > git symbolic-ref --short HEAD [0ms]
[2022-07-04T00:50:36.310Z] > git for-each-ref --format=%(refname)%00%(upstream:short)%00%(objectname)%00%(upstream:track)%00%(upstream:remotename)%00%(upstream:remoteref) refs/heads/test_skills refs/remotes/test_skills [0ms]
[2022-07-04T00:50:36.315Z] > git for-each-ref --sort -committerdate --format %(refname) %(objectname) %(*objectname) [3ms]
[2022-07-04T00:50:36.315Z] > git remote --verbose [1ms]
[2022-07-04T00:50:36.318Z] > git config --get commit.template [0ms]
[2022-07-04T00:50:36.976Z] > git check-ignore -v -z --stdin [3ms]
[2022-07-04T00:50:37.588Z] > git ls-files --stage -- /home/htmhqi/scripts/test.py [2ms]
[2022-07-04T00:50:37.592Z] > git cat-file -s 16d09fac193fdf168b6cb93bc878e287c222eb89 [0ms]
[2022-07-04T00:50:37.601Z] > git show --textconv :scripts/test.py [1ms]
[2022-07-04T00:50:38.739Z] > git status -z -uall [19ms]
[2022-07-04T00:50:38.743Z] > git symbolic-ref --short HEAD [1ms]
[2022-07-04T00:50:38.745Z] > git for-each-ref --format=%(refname)%00%(upstream:short)%00%(objectname)%00%(upstream:track)%00%(upstream:remotename)%00%(upstream:remoteref) refs/heads/test_skills refs/remotes/test_skills [0ms]
[2022-07-04T00:50:38.750Z] > git for-each-ref --sort -committerdate --format %(refname) %(objectname) %(*objectname) [3ms]
[2022-07-04T00:50:38.750Z] > git remote --verbose [1ms]
[2022-07-04T00:50:38.753Z] > git config --get commit.template [0ms]
[2022-07-04T00:50:43.722Z] > git -c user.useConfigOnly=true commit --quiet --allow-empty-message --file - [35ms]
[2022-07-04T00:50:43.740Z] > git status -z -uall [15ms]
[2022-07-04T00:50:43.743Z] > git symbolic-ref --short HEAD [1ms]
[2022-07-04T00:50:43.746Z] > git for-each-ref --format=%(refname)%00%(upstream:short)%00%(objectname)%00%(upstream:track)%00%(upstream:remotename)%00%(upstream:remoteref) refs/heads/test_skills refs/remotes/test_skills [1ms]
[2022-07-04T00:50:43.750Z] > git remote --verbose [0ms]
[2022-07-04T00:50:43.750Z] > git for-each-ref --sort -committerdate --format %(refname) %(objectname) %(*objectname) [2ms]
[2022-07-04T00:50:43.754Z] > git config --get commit.template [0ms]
[2022-07-04T00:50:43.778Z] > git status -z -uall [20ms]
[2022-07-04T00:50:43.781Z] > git symbolic-ref --short HEAD [1ms]
[2022-07-04T00:50:43.784Z] > git for-each-ref --format=%(refname)%00%(upstream:short)%00%(objectname)%00%(upstream:track)%00%(upstream:remotename)%00%(upstream:remoteref) refs/heads/test_skills refs/remotes/test_skills [0ms]
[2022-07-04T00:50:43.792Z] > git remote --verbose [1ms]
[2022-07-04T00:50:43.792Z] > git for-each-ref --sort -committerdate --format %(refname) %(objectname) %(*objectname) [5ms]
[2022-07-04T00:50:43.797Z] > git config --get commit.template [1ms]
[2022-07-04T00:50:44.974Z] > git ls-files --stage -- /home/htmhqi/scripts/test.py [2ms]
[2022-07-04T00:50:44.978Z] > git cat-file -s 16d09fac193fdf168b6cb93bc878e287c222eb89 [1ms]
[2022-07-04T00:50:44.989Z] > git show --textconv :scripts/test.py [3ms]
