[2022-07-14T20:33:54.859Z] Log level: Info
[2022-07-14T20:33:54.861Z] [info] Validating found git in: git
[2022-07-14T20:33:55.074Z] [info] Using git 2.25.1 from git
[2022-07-14T20:33:55.111Z] > git rev-parse --show-toplevel [27ms]
[2022-07-14T20:33:55.120Z] > git rev-parse --git-dir --git-common-dir [2ms]
[2022-07-14T20:33:55.125Z] [info] Open repository: /home/htmhqi
[2022-07-14T20:33:55.192Z] > git status -z -uall [59ms]
[2022-07-14T20:33:55.201Z] > git symbolic-ref --short HEAD [5ms]
[2022-07-14T20:33:55.206Z] > git for-each-ref --format=%(refname)%00%(upstream:short)%00%(objectname)%00%(upstream:track)%00%(upstream:remotename)%00%(upstream:remoteref) refs/heads/test_skills refs/remotes/test_skills [0ms]
[2022-07-14T20:33:55.217Z] > git remote --verbose [1ms]
[2022-07-14T20:33:55.217Z] > git for-each-ref --sort -committerdate --format %(refname) %(objectname) %(*objectname) [6ms]
[2022-07-14T20:33:55.939Z] > git config --get commit.template [131ms]
[2022-07-14T20:33:55.951Z] > git check-ignore -v -z --stdin [20ms]
[2022-07-14T20:33:55.990Z] > git status -z -uall [41ms]
[2022-07-14T20:33:56.009Z] > git symbolic-ref --short HEAD [14ms]
[2022-07-14T20:33:56.025Z] > git for-each-ref --format=%(refname)%00%(upstream:short)%00%(objectname)%00%(upstream:track)%00%(upstream:remotename)%00%(upstream:remoteref) refs/heads/test_skills refs/remotes/test_skills [10ms]
[2022-07-14T20:33:56.037Z] > git remote --verbose [1ms]
[2022-07-14T20:33:56.037Z] > git for-each-ref --sort -committerdate --format %(refname) %(objectname) %(*objectname) [6ms]
[2022-07-14T20:33:57.189Z] > git show --textconv :newfolder/scriptwiki.py [1014ms]
[2022-07-14T20:33:57.189Z] > git ls-files --stage -- /home/htmhqi/newfolder/scriptwiki.py [1010ms]
[2022-07-14T20:33:57.194Z] > git config --get commit.template [1036ms]
[2022-07-14T20:33:57.201Z] > git cat-file -s 9ba1c348bc2b4a84192c86796fb9c7f10b3d5006 [8ms]
[2022-07-14T20:34:27.514Z] > git status -z -uall [53ms]
[2022-07-14T20:34:27.518Z] > git symbolic-ref --short HEAD [0ms]
[2022-07-14T20:34:27.523Z] > git for-each-ref --format=%(refname)%00%(upstream:short)%00%(objectname)%00%(upstream:track)%00%(upstream:remotename)%00%(upstream:remoteref) refs/heads/test_skills refs/remotes/test_skills [1ms]
[2022-07-14T20:34:27.530Z] > git remote --verbose [0ms]
[2022-07-14T20:34:27.530Z] > git for-each-ref --sort -committerdate --format %(refname) %(objectname) %(*objectname) [4ms]
[2022-07-14T20:34:27.616Z] > git config --get commit.template [1ms]
[2022-07-14T20:34:32.658Z] > git status -z -uall [36ms]
[2022-07-14T20:34:32.663Z] > git symbolic-ref --short HEAD [1ms]
[2022-07-14T20:34:32.667Z] > git for-each-ref --format=%(refname)%00%(upstream:short)%00%(objectname)%00%(upstream:track)%00%(upstream:remotename)%00%(upstream:remoteref) refs/heads/test_skills refs/remotes/test_skills [0ms]
[2022-07-14T20:34:32.673Z] > git remote --verbose [1ms]
[2022-07-14T20:34:32.673Z] > git for-each-ref --sort -committerdate --format %(refname) %(objectname) %(*objectname) [3ms]
[2022-07-14T20:34:32.728Z] > git config --get commit.template [2ms]
[2022-07-14T20:34:37.769Z] > git status -z -uall [35ms]
[2022-07-14T20:34:37.773Z] > git symbolic-ref --short HEAD [1ms]
[2022-07-14T20:34:37.777Z] > git for-each-ref --format=%(refname)%00%(upstream:short)%00%(objectname)%00%(upstream:track)%00%(upstream:remotename)%00%(upstream:remoteref) refs/heads/test_skills refs/remotes/test_skills [1ms]
[2022-07-14T20:34:37.783Z] > git remote --verbose [1ms]
[2022-07-14T20:34:37.783Z] > git for-each-ref --sort -committerdate --format %(refname) %(objectname) %(*objectname) [4ms]
[2022-07-14T20:34:37.839Z] > git config --get commit.template [1ms]
[2022-07-14T20:34:42.878Z] > git status -z -uall [33ms]
[2022-07-14T20:34:42.883Z] > git symbolic-ref --short HEAD [1ms]
[2022-07-14T20:34:42.888Z] > git for-each-ref --format=%(refname)%00%(upstream:short)%00%(objectname)%00%(upstream:track)%00%(upstream:remotename)%00%(upstream:remoteref) refs/heads/test_skills refs/remotes/test_skills [0ms]
[2022-07-14T20:34:42.897Z] > git remote --verbose [1ms]
[2022-07-14T20:34:42.897Z] > git for-each-ref --sort -committerdate --format %(refname) %(objectname) %(*objectname) [4ms]
[2022-07-14T20:34:42.954Z] > git config --get commit.template [1ms]
[2022-07-14T20:34:48.948Z] > git status -z -uall [34ms]
[2022-07-14T20:34:48.954Z] > git symbolic-ref --short HEAD [1ms]
[2022-07-14T20:34:48.960Z] > git for-each-ref --format=%(refname)%00%(upstream:short)%00%(objectname)%00%(upstream:track)%00%(upstream:remotename)%00%(upstream:remoteref) refs/heads/test_skills refs/remotes/test_skills [2ms]
[2022-07-14T20:34:48.969Z] > git remote --verbose [1ms]
[2022-07-14T20:34:48.969Z] > git for-each-ref --sort -committerdate --format %(refname) %(objectname) %(*objectname) [5ms]
[2022-07-14T20:34:49.097Z] > git config --get commit.template [1ms]
[2022-07-14T20:34:54.135Z] > git status -z -uall [33ms]
[2022-07-14T20:34:54.139Z] > git symbolic-ref --short HEAD [0ms]
[2022-07-14T20:34:54.143Z] > git for-each-ref --format=%(refname)%00%(upstream:short)%00%(objectname)%00%(upstream:track)%00%(upstream:remotename)%00%(upstream:remoteref) refs/heads/test_skills refs/remotes/test_skills [0ms]
[2022-07-14T20:34:54.150Z] > git remote --verbose [1ms]
[2022-07-14T20:34:54.150Z] > git for-each-ref --sort -committerdate --format %(refname) %(objectname) %(*objectname) [3ms]
[2022-07-14T20:34:54.204Z] > git config --get commit.template [0ms]
[2022-07-14T20:34:59.243Z] > git status -z -uall [34ms]
[2022-07-14T20:34:59.247Z] > git symbolic-ref --short HEAD [0ms]
[2022-07-14T20:34:59.251Z] > git for-each-ref --format=%(refname)%00%(upstream:short)%00%(objectname)%00%(upstream:track)%00%(upstream:remotename)%00%(upstream:remoteref) refs/heads/test_skills refs/remotes/test_skills [0ms]
[2022-07-14T20:34:59.258Z] > git remote --verbose [1ms]
[2022-07-14T20:34:59.258Z] > git for-each-ref --sort -committerdate --format %(refname) %(objectname) %(*objectname) [4ms]
[2022-07-14T20:34:59.315Z] > git config --get commit.template [1ms]
[2022-07-14T20:35:04.354Z] > git status -z -uall [33ms]
[2022-07-14T20:35:04.358Z] > git symbolic-ref --short HEAD [0ms]
[2022-07-14T20:35:04.362Z] > git for-each-ref --format=%(refname)%00%(upstream:short)%00%(objectname)%00%(upstream:track)%00%(upstream:remotename)%00%(upstream:remoteref) refs/heads/test_skills refs/remotes/test_skills [0ms]
[2022-07-14T20:35:04.369Z] > git remote --verbose [1ms]
[2022-07-14T20:35:04.369Z] > git for-each-ref --sort -committerdate --format %(refname) %(objectname) %(*objectname) [4ms]
[2022-07-14T20:35:04.425Z] > git config --get commit.template [1ms]
[2022-07-14T20:35:09.465Z] > git status -z -uall [34ms]
[2022-07-14T20:35:09.470Z] > git symbolic-ref --short HEAD [0ms]
[2022-07-14T20:35:09.475Z] > git for-each-ref --format=%(refname)%00%(upstream:short)%00%(objectname)%00%(upstream:track)%00%(upstream:remotename)%00%(upstream:remoteref) refs/heads/test_skills refs/remotes/test_skills [1ms]
[2022-07-14T20:35:09.482Z] > git remote --verbose [1ms]
[2022-07-14T20:35:09.482Z] > git for-each-ref --sort -committerdate --format %(refname) %(objectname) %(*objectname) [4ms]
[2022-07-14T20:35:09.539Z] > git config --get commit.template [0ms]
[2022-07-14T20:35:15.717Z] > git status -z -uall [34ms]
[2022-07-14T20:35:15.722Z] > git symbolic-ref --short HEAD [0ms]
[2022-07-14T20:35:15.727Z] > git for-each-ref --format=%(refname)%00%(upstream:short)%00%(objectname)%00%(upstream:track)%00%(upstream:remotename)%00%(upstream:remoteref) refs/heads/test_skills refs/remotes/test_skills [0ms]
[2022-07-14T20:35:15.735Z] > git remote --verbose [1ms]
[2022-07-14T20:35:15.735Z] > git for-each-ref --sort -committerdate --format %(refname) %(objectname) %(*objectname) [4ms]
[2022-07-14T20:35:15.790Z] > git config --get commit.template [0ms]
[2022-07-14T20:35:20.831Z] > git status -z -uall [35ms]
[2022-07-14T20:35:20.836Z] > git symbolic-ref --short HEAD [1ms]
[2022-07-14T20:35:20.840Z] > git for-each-ref --format=%(refname)%00%(upstream:short)%00%(objectname)%00%(upstream:track)%00%(upstream:remotename)%00%(upstream:remoteref) refs/heads/test_skills refs/remotes/test_skills [0ms]
[2022-07-14T20:35:20.848Z] > git remote --verbose [0ms]
[2022-07-14T20:35:20.849Z] > git for-each-ref --sort -committerdate --format %(refname) %(objectname) %(*objectname) [5ms]
[2022-07-14T20:35:20.903Z] > git config --get commit.template [1ms]
[2022-07-14T20:35:25.942Z] > git status -z -uall [33ms]
[2022-07-14T20:35:25.947Z] > git symbolic-ref --short HEAD [0ms]
[2022-07-14T20:35:25.952Z] > git for-each-ref --format=%(refname)%00%(upstream:short)%00%(objectname)%00%(upstream:track)%00%(upstream:remotename)%00%(upstream:remoteref) refs/heads/test_skills refs/remotes/test_skills [1ms]
[2022-07-14T20:35:25.959Z] > git remote --verbose [1ms]
[2022-07-14T20:35:25.959Z] > git for-each-ref --sort -committerdate --format %(refname) %(objectname) %(*objectname) [4ms]
[2022-07-14T20:35:26.014Z] > git config --get commit.template [0ms]
[2022-07-14T20:35:31.051Z] > git status -z -uall [33ms]
[2022-07-14T20:35:31.055Z] > git symbolic-ref --short HEAD [1ms]
[2022-07-14T20:35:31.059Z] > git for-each-ref --format=%(refname)%00%(upstream:short)%00%(objectname)%00%(upstream:track)%00%(upstream:remotename)%00%(upstream:remoteref) refs/heads/test_skills refs/remotes/test_skills [0ms]
[2022-07-14T20:35:31.066Z] > git remote --verbose [1ms]
[2022-07-14T20:35:31.066Z] > git for-each-ref --sort -committerdate --format %(refname) %(objectname) %(*objectname) [4ms]
[2022-07-14T20:35:31.120Z] > git config --get commit.template [1ms]
[2022-07-14T20:42:45.978Z] > git status -z -uall [46ms]
[2022-07-14T20:42:45.983Z] > git symbolic-ref --short HEAD [1ms]
[2022-07-14T20:42:45.986Z] > git for-each-ref --format=%(refname)%00%(upstream:short)%00%(objectname)%00%(upstream:track)%00%(upstream:remotename)%00%(upstream:remoteref) refs/heads/test_skills refs/remotes/test_skills [1ms]
[2022-07-14T20:42:45.991Z] > git for-each-ref --sort -committerdate --format %(refname) %(objectname) %(*objectname) [3ms]
[2022-07-14T20:42:45.991Z] > git remote --verbose [1ms]
[2022-07-14T20:42:46.094Z] > git config --get commit.template [22ms]
[2022-07-14T20:42:51.132Z] > git status -z -uall [33ms]
[2022-07-14T20:42:51.136Z] > git symbolic-ref --short HEAD [0ms]
[2022-07-14T20:42:51.139Z] > git for-each-ref --format=%(refname)%00%(upstream:short)%00%(objectname)%00%(upstream:track)%00%(upstream:remotename)%00%(upstream:remoteref) refs/heads/test_skills refs/remotes/test_skills [0ms]
[2022-07-14T20:42:51.145Z] > git for-each-ref --sort -committerdate --format %(refname) %(objectname) %(*objectname) [3ms]
[2022-07-14T20:42:51.145Z] > git remote --verbose [1ms]
[2022-07-14T20:42:51.199Z] > git config --get commit.template [1ms]
[2022-07-14T20:42:56.237Z] > git status -z -uall [33ms]
[2022-07-14T20:42:56.241Z] > git symbolic-ref --short HEAD [1ms]
[2022-07-14T20:42:56.245Z] > git for-each-ref --format=%(refname)%00%(upstream:short)%00%(objectname)%00%(upstream:track)%00%(upstream:remotename)%00%(upstream:remoteref) refs/heads/test_skills refs/remotes/test_skills [1ms]
[2022-07-14T20:42:56.251Z] > git remote --verbose [1ms]
[2022-07-14T20:42:56.251Z] > git for-each-ref --sort -committerdate --format %(refname) %(objectname) %(*objectname) [3ms]
[2022-07-14T20:42:56.305Z] > git config --get commit.template [0ms]
[2022-07-14T20:43:18.077Z] > git status -z -uall [42ms]
[2022-07-14T20:43:18.083Z] > git symbolic-ref --short HEAD [1ms]
[2022-07-14T20:43:18.087Z] > git for-each-ref --format=%(refname)%00%(upstream:short)%00%(objectname)%00%(upstream:track)%00%(upstream:remotename)%00%(upstream:remoteref) refs/heads/test_skills refs/remotes/test_skills [1ms]
[2022-07-14T20:43:18.095Z] > git remote --verbose [0ms]
[2022-07-14T20:43:18.096Z] > git for-each-ref --sort -committerdate --format %(refname) %(objectname) %(*objectname) [5ms]
[2022-07-14T20:43:18.167Z] > git config --get commit.template [1ms]
[2022-07-14T20:43:23.208Z] > git status -z -uall [34ms]
[2022-07-14T20:43:23.213Z] > git symbolic-ref --short HEAD [1ms]
[2022-07-14T20:43:23.217Z] > git for-each-ref --format=%(refname)%00%(upstream:short)%00%(objectname)%00%(upstream:track)%00%(upstream:remotename)%00%(upstream:remoteref) refs/heads/test_skills refs/remotes/test_skills [0ms]
[2022-07-14T20:43:23.226Z] > git remote --verbose [1ms]
[2022-07-14T20:43:23.226Z] > git for-each-ref --sort -committerdate --format %(refname) %(objectname) %(*objectname) [4ms]
[2022-07-14T20:43:23.288Z] > git config --get commit.template [0ms]
[2022-07-14T20:43:44.683Z] > git status -z -uall [44ms]
[2022-07-14T20:43:44.687Z] > git symbolic-ref --short HEAD [0ms]
[2022-07-14T20:43:44.691Z] > git for-each-ref --format=%(refname)%00%(upstream:short)%00%(objectname)%00%(upstream:track)%00%(upstream:remotename)%00%(upstream:remoteref) refs/heads/test_skills refs/remotes/test_skills [0ms]
[2022-07-14T20:43:44.698Z] > git remote --verbose [0ms]
[2022-07-14T20:43:44.698Z] > git for-each-ref --sort -committerdate --format %(refname) %(objectname) %(*objectname) [3ms]
[2022-07-14T20:43:44.763Z] > git config --get commit.template [1ms]
[2022-07-14T22:05:36.190Z] > git status -z -uall [51ms]
[2022-07-14T22:05:36.194Z] > git symbolic-ref --short HEAD [1ms]
[2022-07-14T22:05:36.198Z] > git for-each-ref --format=%(refname)%00%(upstream:short)%00%(objectname)%00%(upstream:track)%00%(upstream:remotename)%00%(upstream:remoteref) refs/heads/test_skills refs/remotes/test_skills [1ms]
[2022-07-14T22:05:36.204Z] > git remote --verbose [1ms]
[2022-07-14T22:05:36.204Z] > git for-each-ref --sort -committerdate --format %(refname) %(objectname) %(*objectname) [3ms]
[2022-07-14T22:05:36.312Z] > git config --get commit.template [20ms]
[2022-07-14T22:05:41.350Z] > git status -z -uall [33ms]
[2022-07-14T22:05:41.355Z] > git symbolic-ref --short HEAD [1ms]
[2022-07-14T22:05:41.358Z] > git for-each-ref --format=%(refname)%00%(upstream:short)%00%(objectname)%00%(upstream:track)%00%(upstream:remotename)%00%(upstream:remoteref) refs/heads/test_skills refs/remotes/test_skills [0ms]
[2022-07-14T22:05:41.366Z] > git for-each-ref --sort -committerdate --format %(refname) %(objectname) %(*objectname) [4ms]
[2022-07-14T22:05:41.366Z] > git remote --verbose [1ms]
[2022-07-14T22:05:41.419Z] > git config --get commit.template [1ms]
[2022-07-14T22:05:46.458Z] > git status -z -uall [35ms]
[2022-07-14T22:05:46.462Z] > git symbolic-ref --short HEAD [1ms]
[2022-07-14T22:05:46.465Z] > git for-each-ref --format=%(refname)%00%(upstream:short)%00%(objectname)%00%(upstream:track)%00%(upstream:remotename)%00%(upstream:remoteref) refs/heads/test_skills refs/remotes/test_skills [1ms]
[2022-07-14T22:05:46.471Z] > git remote --verbose [0ms]
[2022-07-14T22:05:46.472Z] > git for-each-ref --sort -committerdate --format %(refname) %(objectname) %(*objectname) [4ms]
[2022-07-14T22:05:46.526Z] > git config --get commit.template [0ms]
[2022-07-14T22:05:51.565Z] > git status -z -uall [33ms]
[2022-07-14T22:05:51.569Z] > git symbolic-ref --short HEAD [0ms]
[2022-07-14T22:05:51.572Z] > git for-each-ref --format=%(refname)%00%(upstream:short)%00%(objectname)%00%(upstream:track)%00%(upstream:remotename)%00%(upstream:remoteref) refs/heads/test_skills refs/remotes/test_skills [0ms]
[2022-07-14T22:05:51.578Z] > git for-each-ref --sort -committerdate --format %(refname) %(objectname) %(*objectname) [3ms]
[2022-07-14T22:05:51.578Z] > git remote --verbose [1ms]
[2022-07-14T22:05:51.632Z] > git config --get commit.template [0ms]
[2022-07-14T22:05:56.671Z] > git status -z -uall [34ms]
[2022-07-14T22:05:56.676Z] > git symbolic-ref --short HEAD [1ms]
[2022-07-14T22:05:56.679Z] > git for-each-ref --format=%(refname)%00%(upstream:short)%00%(objectname)%00%(upstream:track)%00%(upstream:remotename)%00%(upstream:remoteref) refs/heads/test_skills refs/remotes/test_skills [0ms]
[2022-07-14T22:05:56.686Z] > git remote --verbose [1ms]
[2022-07-14T22:05:56.686Z] > git for-each-ref --sort -committerdate --format %(refname) %(objectname) %(*objectname) [3ms]
[2022-07-14T22:05:56.739Z] > git config --get commit.template [1ms]
[2022-07-15T01:59:53.887Z] > git status -z -uall [47ms]
[2022-07-15T01:59:53.891Z] > git symbolic-ref --short HEAD [1ms]
[2022-07-15T01:59:53.894Z] > git for-each-ref --format=%(refname)%00%(upstream:short)%00%(objectname)%00%(upstream:track)%00%(upstream:remotename)%00%(upstream:remoteref) refs/heads/test_skills refs/remotes/test_skills [0ms]
[2022-07-15T01:59:53.900Z] > git for-each-ref --sort -committerdate --format %(refname) %(objectname) %(*objectname) [3ms]
[2022-07-15T01:59:53.900Z] > git remote --verbose [1ms]
[2022-07-15T01:59:53.962Z] > git config --get commit.template [2ms]
[2022-07-15T01:59:59.000Z] > git status -z -uall [33ms]
[2022-07-15T01:59:59.004Z] > git symbolic-ref --short HEAD [1ms]
[2022-07-15T01:59:59.007Z] > git for-each-ref --format=%(refname)%00%(upstream:short)%00%(objectname)%00%(upstream:track)%00%(upstream:remotename)%00%(upstream:remoteref) refs/heads/test_skills refs/remotes/test_skills [0ms]
[2022-07-15T01:59:59.013Z] > git for-each-ref --sort -committerdate --format %(refname) %(objectname) %(*objectname) [3ms]
[2022-07-15T01:59:59.014Z] > git remote --verbose [1ms]
[2022-07-15T01:59:59.070Z] > git config --get commit.template [1ms]
[2022-07-15T02:00:04.110Z] > git status -z -uall [35ms]
[2022-07-15T02:00:04.115Z] > git symbolic-ref --short HEAD [1ms]
[2022-07-15T02:00:04.121Z] > git for-each-ref --format=%(refname)%00%(upstream:short)%00%(objectname)%00%(upstream:track)%00%(upstream:remotename)%00%(upstream:remoteref) refs/heads/test_skills refs/remotes/test_skills [1ms]
[2022-07-15T02:00:04.130Z] > git for-each-ref --sort -committerdate --format %(refname) %(objectname) %(*objectname) [5ms]
[2022-07-15T02:00:04.130Z] > git remote --verbose [1ms]
[2022-07-15T02:00:04.192Z] > git config --get commit.template [1ms]
