Experiment 'pythonaacf' is active
Experiment 'pythonTensorboardExperiment' is active
Experiment 'PythonPyTorchProfiler' is active
LSP Notebooks experiment is disabled -- not in treatment group
> conda info --json
> C:\Users\IMRRO\AppData\Local\Microsoft\WindowsApps\python3.10.exe -c "import sys;print(sys.executable)"
> C:\Users\IMRRO\AppData\Local\Microsoft\WindowsApps\python3.10.exe -c "import sys;print(sys.executable)"
[ERROR 2022-6-12 13:25:33.826]: [Error: Command failed: C:\Users\IMRRO\AppData\Local\Microsoft\WindowsApps\python3.10.exe -c "import sys;print(sys.executable)"
/bin/sh: 1: C:UsersIMRROAppDataLocalMicrosoftWindowsAppspython3.10.exe: Permission denied

	at ChildProcess.exithandler (node:child_process:397:12)
	at ChildProcess.emit (node:events:390:28)
	at maybeClose (node:internal/child_process:1064:16)
	at Socket.<anonymous> (node:internal/child_process:450:11)
	at Socket.emit (node:events:390:28)
	at Pipe.<anonymous> (node:net:687:12)] {
  killed: false,
  code: 127,
  signal: null,
  cmd: 'C:\\Users\\IMRRO\\AppData\\Local\\Microsoft\\WindowsApps\\python3.10.exe -c "import sys;print(sys.executable)"'
}
[ERROR 2022-6-12 13:25:33.829]: [Error: Command failed: C:\Users\IMRRO\AppData\Local\Microsoft\WindowsApps\python3.10.exe -c "import sys;print(sys.executable)"
/bin/sh: 1: C:UsersIMRROAppDataLocalMicrosoftWindowsAppspython3.10.exe: Permission denied

	at ChildProcess.exithandler (node:child_process:397:12)
	at ChildProcess.emit (node:events:390:28)
	at maybeClose (node:internal/child_process:1064:16)
	at Socket.<anonymous> (node:internal/child_process:450:11)
	at Socket.emit (node:events:390:28)
	at Pipe.<anonymous> (node:net:687:12)] {
  killed: false,
  code: 127,
  signal: null,
  cmd: 'C:\\Users\\IMRRO\\AppData\\Local\\Microsoft\\WindowsApps\\python3.10.exe -c "import sys;print(sys.executable)"'
}
> C:\Users\IMRRO\AppData\Local\Microsoft\WindowsApps\python3.10.exe -c "import sys;print(sys.executable)"
> C:\Users\IMRRO\AppData\Local\Microsoft\WindowsApps\python3.10.exe -c "import sys;print(sys.executable)"
[ERROR 2022-6-12 13:25:33.921]: [Error: Command failed: C:\Users\IMRRO\AppData\Local\Microsoft\WindowsApps\python3.10.exe -c "import sys;print(sys.executable)"
/bin/sh: 1: C:UsersIMRROAppDataLocalMicrosoftWindowsAppspython3.10.exe: Permission denied

	at ChildProcess.exithandler (node:child_process:397:12)
	at ChildProcess.emit (node:events:390:28)
	at maybeClose (node:internal/child_process:1064:16)
	at Socket.<anonymous> (node:internal/child_process:450:11)
	at Socket.emit (node:events:390:28)
	at Pipe.<anonymous> (node:net:687:12)] {
  killed: false,
  code: 127,
  signal: null,
  cmd: 'C:\\Users\\IMRRO\\AppData\\Local\\Microsoft\\WindowsApps\\python3.10.exe -c "import sys;print(sys.executable)"'
}
[ERROR 2022-6-12 13:25:33.939]: [Error: Command failed: C:\Users\IMRRO\AppData\Local\Microsoft\WindowsApps\python3.10.exe -c "import sys;print(sys.executable)"
/bin/sh: 1: C:UsersIMRROAppDataLocalMicrosoftWindowsAppspython3.10.exe: Permission denied

	at ChildProcess.exithandler (node:child_process:397:12)
	at ChildProcess.emit (node:events:390:28)
	at maybeClose (node:internal/child_process:1064:16)
	at Socket.<anonymous> (node:internal/child_process:450:11)
	at Socket.emit (node:events:390:28)
	at Pipe.<anonymous> (node:net:687:12)] {
  killed: false,
  code: 127,
  signal: null,
  cmd: 'C:\\Users\\IMRRO\\AppData\\Local\\Microsoft\\WindowsApps\\python3.10.exe -c "import sys;print(sys.executable)"'
}
Starting Pylance language server.
Diagnostic Code: NoPythonInterpretersDiagnostic, Message: Python is not installed. Please download and install Python before using the extension.
> C:\Users\IMRRO\AppData\Local\Microsoft\WindowsApps\python3.10.exe -c "import sys;print(sys.executable)"
> C:\Users\IMRRO\AppData\Local\Microsoft\WindowsApps\python3.10.exe -c "import sys;print(sys.executable)"
[ERROR 2022-6-12 13:25:43.118]: [Error: Command failed: C:\Users\IMRRO\AppData\Local\Microsoft\WindowsApps\python3.10.exe -c "import sys;print(sys.executable)"
/bin/sh: 1: C:UsersIMRROAppDataLocalMicrosoftWindowsAppspython3.10.exe: Permission denied

	at ChildProcess.exithandler (node:child_process:397:12)
	at ChildProcess.emit (node:events:390:28)
	at maybeClose (node:internal/child_process:1064:16)
	at Socket.<anonymous> (node:internal/child_process:450:11)
	at Socket.emit (node:events:390:28)
	at Pipe.<anonymous> (node:net:687:12)] {
  killed: false,
  code: 127,
  signal: null,
  cmd: 'C:\\Users\\IMRRO\\AppData\\Local\\Microsoft\\WindowsApps\\python3.10.exe -c "import sys;print(sys.executable)"'
}
[ERROR 2022-6-12 13:25:43.123]: [Error: Command failed: C:\Users\IMRRO\AppData\Local\Microsoft\WindowsApps\python3.10.exe -c "import sys;print(sys.executable)"
/bin/sh: 1: C:UsersIMRROAppDataLocalMicrosoftWindowsAppspython3.10.exe: Permission denied

	at ChildProcess.exithandler (node:child_process:397:12)
	at ChildProcess.emit (node:events:390:28)
	at maybeClose (node:internal/child_process:1064:16)
	at Socket.<anonymous> (node:internal/child_process:450:11)
	at Socket.emit (node:events:390:28)
	at Pipe.<anonymous> (node:net:687:12)] {
  killed: false,
  code: 127,
  signal: null,
  cmd: 'C:\\Users\\IMRRO\\AppData\\Local\\Microsoft\\WindowsApps\\python3.10.exe -c "import sys;print(sys.executable)"'
}
> C:\Users\IMRRO\AppData\Local\Microsoft\WindowsApps\python3.10.exe -c "import sys;print(sys.executable)"
[ERROR 2022-6-12 13:25:45.711]: [Error: Command failed: C:\Users\IMRRO\AppData\Local\Microsoft\WindowsApps\python3.10.exe -c "import sys;print(sys.executable)"
/bin/sh: 1: C:UsersIMRROAppDataLocalMicrosoftWindowsAppspython3.10.exe: Permission denied

	at ChildProcess.exithandler (node:child_process:397:12)
	at ChildProcess.emit (node:events:390:28)
	at maybeClose (node:internal/child_process:1064:16)
	at Socket.<anonymous> (node:internal/child_process:450:11)
	at Socket.emit (node:events:390:28)
	at Pipe.<anonymous> (node:net:687:12)] {
  killed: false,
  code: 127,
  signal: null,
  cmd: 'C:\\Users\\IMRRO\\AppData\\Local\\Microsoft\\WindowsApps\\python3.10.exe -c "import sys;print(sys.executable)"'
}
> C:\Users\IMRRO\AppData\Local\Microsoft\WindowsApps\python3.10.exe -c "import sys;print(sys.executable)"
[ERROR 2022-6-12 13:28:22.543]: [Error: Command failed: C:\Users\IMRRO\AppData\Local\Microsoft\WindowsApps\python3.10.exe -c "import sys;print(sys.executable)"
/bin/sh: 1: C:UsersIMRROAppDataLocalMicrosoftWindowsAppspython3.10.exe: Permission denied

	at ChildProcess.exithandler (node:child_process:397:12)
	at ChildProcess.emit (node:events:390:28)
	at maybeClose (node:internal/child_process:1064:16)
	at Socket.<anonymous> (node:internal/child_process:450:11)
	at Socket.emit (node:events:390:28)
	at Pipe.<anonymous> (node:net:687:12)] {
  killed: false,
  code: 127,
  signal: null,
  cmd: 'C:\\Users\\IMRRO\\AppData\\Local\\Microsoft\\WindowsApps\\python3.10.exe -c "import sys;print(sys.executable)"'
}
> C:\Users\IMRRO\AppData\Local\Microsoft\WindowsApps\python3.10.exe -c "import sys;print(sys.executable)"
[ERROR 2022-6-12 13:29:44.709]: [Error: Command failed: C:\Users\IMRRO\AppData\Local\Microsoft\WindowsApps\python3.10.exe -c "import sys;print(sys.executable)"
/bin/sh: 1: C:UsersIMRROAppDataLocalMicrosoftWindowsAppspython3.10.exe: Permission denied

	at ChildProcess.exithandler (node:child_process:397:12)
	at ChildProcess.emit (node:events:390:28)
	at maybeClose (node:internal/child_process:1064:16)
	at Socket.<anonymous> (node:internal/child_process:450:11)
	at Socket.emit (node:events:390:28)
	at Pipe.<anonymous> (node:net:687:12)] {
  killed: false,
  code: 127,
  signal: null,
  cmd: 'C:\\Users\\IMRRO\\AppData\\Local\\Microsoft\\WindowsApps\\python3.10.exe -c "import sys;print(sys.executable)"'
}
> C:\Users\IMRRO\AppData\Local\Microsoft\WindowsApps\python3.10.exe -c "import sys;print(sys.executable)"
[ERROR 2022-6-12 14:5:0.184]: [Error: Command failed: C:\Users\IMRRO\AppData\Local\Microsoft\WindowsApps\python3.10.exe -c "import sys;print(sys.executable)"
/bin/sh: 1: C:UsersIMRROAppDataLocalMicrosoftWindowsAppspython3.10.exe: Permission denied

	at ChildProcess.exithandler (node:child_process:397:12)
	at ChildProcess.emit (node:events:390:28)
	at maybeClose (node:internal/child_process:1064:16)
	at Socket.<anonymous> (node:internal/child_process:450:11)
	at Socket.emit (node:events:390:28)
	at Pipe.<anonymous> (node:net:687:12)] {
  killed: false,
  code: 127,
  signal: null,
  cmd: 'C:\\Users\\IMRRO\\AppData\\Local\\Microsoft\\WindowsApps\\python3.10.exe -c "import sys;print(sys.executable)"'
}
> C:\Users\IMRRO\AppData\Local\Microsoft\WindowsApps\python3.10.exe -c "import sys;print(sys.executable)"
[ERROR 2022-6-12 17:55:59.122]: [Error: Command failed: C:\Users\IMRRO\AppData\Local\Microsoft\WindowsApps\python3.10.exe -c "import sys;print(sys.executable)"
/bin/sh: 1: C:UsersIMRROAppDataLocalMicrosoftWindowsAppspython3.10.exe: Permission denied

	at ChildProcess.exithandler (node:child_process:397:12)
	at ChildProcess.emit (node:events:390:28)
	at maybeClose (node:internal/child_process:1064:16)
	at Socket.<anonymous> (node:internal/child_process:450:11)
	at Socket.emit (node:events:390:28)
	at Pipe.<anonymous> (node:net:687:12)] {
  killed: false,
  code: 127,
  signal: null,
  cmd: 'C:\\Users\\IMRRO\\AppData\\Local\\Microsoft\\WindowsApps\\python3.10.exe -c "import sys;print(sys.executable)"'
}
> C:\Users\IMRRO\AppData\Local\Microsoft\WindowsApps\python3.10.exe -c "import sys;print(sys.executable)"
[ERROR 2022-6-12 18:21:40.159]: [Error: Command failed: C:\Users\IMRRO\AppData\Local\Microsoft\WindowsApps\python3.10.exe -c "import sys;print(sys.executable)"
/bin/sh: 1: C:UsersIMRROAppDataLocalMicrosoftWindowsAppspython3.10.exe: Permission denied

	at ChildProcess.exithandler (node:child_process:397:12)
	at ChildProcess.emit (node:events:390:28)
	at maybeClose (node:internal/child_process:1064:16)
	at Socket.<anonymous> (node:internal/child_process:450:11)
	at Socket.emit (node:events:390:28)
	at Pipe.<anonymous> (node:net:687:12)] {
  killed: false,
  code: 127,
  signal: null,
  cmd: 'C:\\Users\\IMRRO\\AppData\\Local\\Microsoft\\WindowsApps\\python3.10.exe -c "import sys;print(sys.executable)"'
}
> C:\Users\IMRRO\AppData\Local\Microsoft\WindowsApps\python3.10.exe -c "import sys;print(sys.executable)"
[ERROR 2022-6-12 18:21:54.52]: [Error: Command failed: C:\Users\IMRRO\AppData\Local\Microsoft\WindowsApps\python3.10.exe -c "import sys;print(sys.executable)"
/bin/sh: 1: C:UsersIMRROAppDataLocalMicrosoftWindowsAppspython3.10.exe: Permission denied

	at ChildProcess.exithandler (node:child_process:397:12)
	at ChildProcess.emit (node:events:390:28)
	at maybeClose (node:internal/child_process:1064:16)
	at Socket.<anonymous> (node:internal/child_process:450:11)
	at Socket.emit (node:events:390:28)
	at Pipe.<anonymous> (node:net:687:12)] {
  killed: false,
  code: 127,
  signal: null,
  cmd: 'C:\\Users\\IMRRO\\AppData\\Local\\Microsoft\\WindowsApps\\python3.10.exe -c "import sys;print(sys.executable)"'
}
> C:\Users\IMRRO\AppData\Local\Microsoft\WindowsApps\python3.10.exe -c "import sys;print(sys.executable)"
[ERROR 2022-6-12 18:34:2.877]: [Error: Command failed: C:\Users\IMRRO\AppData\Local\Microsoft\WindowsApps\python3.10.exe -c "import sys;print(sys.executable)"
/bin/sh: 1: C:UsersIMRROAppDataLocalMicrosoftWindowsAppspython3.10.exe: Permission denied

	at ChildProcess.exithandler (node:child_process:397:12)
	at ChildProcess.emit (node:events:390:28)
	at maybeClose (node:internal/child_process:1064:16)
	at Socket.<anonymous> (node:internal/child_process:450:11)
	at Socket.emit (node:events:390:28)
	at Pipe.<anonymous> (node:net:687:12)] {
  killed: false,
  code: 127,
  signal: null,
  cmd: 'C:\\Users\\IMRRO\\AppData\\Local\\Microsoft\\WindowsApps\\python3.10.exe -c "import sys;print(sys.executable)"'
}
> C:\Users\IMRRO\AppData\Local\Microsoft\WindowsApps\python3.10.exe -c "import sys;print(sys.executable)"
[ERROR 2022-6-12 18:50:39.905]: [Error: Command failed: C:\Users\IMRRO\AppData\Local\Microsoft\WindowsApps\python3.10.exe -c "import sys;print(sys.executable)"
/bin/sh: 1: C:UsersIMRROAppDataLocalMicrosoftWindowsAppspython3.10.exe: Permission denied

	at ChildProcess.exithandler (node:child_process:397:12)
	at ChildProcess.emit (node:events:390:28)
	at maybeClose (node:internal/child_process:1064:16)
	at Socket.<anonymous> (node:internal/child_process:450:11)
	at Socket.emit (node:events:390:28)
	at Pipe.<anonymous> (node:net:687:12)] {
  killed: false,
  code: 127,
  signal: null,
  cmd: 'C:\\Users\\IMRRO\\AppData\\Local\\Microsoft\\WindowsApps\\python3.10.exe -c "import sys;print(sys.executable)"'
}
> C:\Users\IMRRO\AppData\Local\Microsoft\WindowsApps\python3.10.exe -c "import sys;print(sys.executable)"
[ERROR 2022-6-12 18:50:44.754]: [Error: Command failed: C:\Users\IMRRO\AppData\Local\Microsoft\WindowsApps\python3.10.exe -c "import sys;print(sys.executable)"
/bin/sh: 1: C:UsersIMRROAppDataLocalMicrosoftWindowsAppspython3.10.exe: Permission denied

	at ChildProcess.exithandler (node:child_process:397:12)
	at ChildProcess.emit (node:events:390:28)
	at maybeClose (node:internal/child_process:1064:16)
	at Socket.<anonymous> (node:internal/child_process:450:11)
	at Socket.emit (node:events:390:28)
	at Pipe.<anonymous> (node:net:687:12)] {
  killed: false,
  code: 127,
  signal: null,
  cmd: 'C:\\Users\\IMRRO\\AppData\\Local\\Microsoft\\WindowsApps\\python3.10.exe -c "import sys;print(sys.executable)"'
}
> C:\Users\IMRRO\AppData\Local\Microsoft\WindowsApps\python3.10.exe -c "import sys;print(sys.executable)"
[ERROR 2022-6-12 18:50:57.305]: [Error: Command failed: C:\Users\IMRRO\AppData\Local\Microsoft\WindowsApps\python3.10.exe -c "import sys;print(sys.executable)"
/bin/sh: 1: C:UsersIMRROAppDataLocalMicrosoftWindowsAppspython3.10.exe: Permission denied

	at ChildProcess.exithandler (node:child_process:397:12)
	at ChildProcess.emit (node:events:390:28)
	at maybeClose (node:internal/child_process:1064:16)
	at Socket.<anonymous> (node:internal/child_process:450:11)
	at Socket.emit (node:events:390:28)
	at Pipe.<anonymous> (node:net:687:12)] {
  killed: false,
  code: 127,
  signal: null,
  cmd: 'C:\\Users\\IMRRO\\AppData\\Local\\Microsoft\\WindowsApps\\python3.10.exe -c "import sys;print(sys.executable)"'
}
> C:\Users\IMRRO\AppData\Local\Microsoft\WindowsApps\python3.10.exe -c "import sys;print(sys.executable)"
[ERROR 2022-6-12 18:52:18.700]: [Error: Command failed: C:\Users\IMRRO\AppData\Local\Microsoft\WindowsApps\python3.10.exe -c "import sys;print(sys.executable)"
/bin/sh: 1: C:UsersIMRROAppDataLocalMicrosoftWindowsAppspython3.10.exe: Permission denied

	at ChildProcess.exithandler (node:child_process:397:12)
	at ChildProcess.emit (node:events:390:28)
	at maybeClose (node:internal/child_process:1064:16)
	at Socket.<anonymous> (node:internal/child_process:450:11)
	at Socket.emit (node:events:390:28)
	at Pipe.<anonymous> (node:net:687:12)] {
  killed: false,
  code: 127,
  signal: null,
  cmd: 'C:\\Users\\IMRRO\\AppData\\Local\\Microsoft\\WindowsApps\\python3.10.exe -c "import sys;print(sys.executable)"'
}
