[2022-06-12 23:33:13.869] [exthost] [info] Extension host with pid 2386 started
[2022-06-12 23:33:14.148] [exthost] [info] ExtensionService#_doActivateExtension vscode.debug-auto-launch, startup: true, activationEvent: '*'
[2022-06-12 23:33:14.152] [exthost] [info] ExtensionService#_doActivateExtension vscode.git-base, startup: true, activationEvent: '*', root cause: vscode.git
[2022-06-12 23:33:14.155] [exthost] [info] ExtensionService#_doActivateExtension vscode.ipynb, startup: true, activationEvent: '*'
[2022-06-12 23:33:14.179] [exthost] [info] ExtensionService#_doActivateExtension vscode.git, startup: true, activationEvent: '*'
[2022-06-12 23:33:14.227] [exthost] [info] ExtensionService#_doActivateExtension vscode.github, startup: true, activationEvent: '*'
[2022-06-12 23:33:14.342] [exthost] [info] ExtensionService#_doActivateExtension vscode.emmet, startup: false, activationEvent: 'onStartupFinished'
[2022-06-12 23:33:14.359] [exthost] [info] ExtensionService#_doActivateExtension vscode.merge-conflict, startup: false, activationEvent: 'onStartupFinished'
[2022-06-12 23:33:14.363] [exthost] [info] Eager extensions activated
[2022-06-13 23:41:39.648] [exthost] [info] Extension host terminating: renderer disconnected for too long (1)
[2022-06-13 23:41:39.652] [exthost] [info] Extension host with pid 2386 exiting with code 0
[2022-06-14 10:24:18.730] [exthost] [info] Extension host with pid 2426 started
[2022-06-14 10:24:18.812] [exthost] [info] ExtensionService#_doActivateExtension vscode.debug-auto-launch, startup: true, activationEvent: '*'
[2022-06-14 10:24:18.816] [exthost] [info] ExtensionService#_doActivateExtension vscode.git-base, startup: true, activationEvent: '*', root cause: vscode.git
[2022-06-14 10:24:18.818] [exthost] [info] ExtensionService#_doActivateExtension vscode.ipynb, startup: true, activationEvent: '*'
[2022-06-14 10:24:18.834] [exthost] [info] ExtensionService#_doActivateExtension vscode.git, startup: true, activationEvent: '*'
[2022-06-14 10:24:18.879] [exthost] [info] ExtensionService#_doActivateExtension vscode.github, startup: true, activationEvent: '*'
[2022-06-14 10:24:18.914] [exthost] [info] ExtensionService#_doActivateExtension vscode.emmet, startup: false, activationEvent: 'onStartupFinished'
[2022-06-14 10:24:18.925] [exthost] [info] ExtensionService#_doActivateExtension vscode.merge-conflict, startup: false, activationEvent: 'onStartupFinished'
[2022-06-14 10:24:18.927] [exthost] [info] Eager extensions activated
[2022-06-14 10:25:19.031] [exthost] [info] Extension host terminating: received terminate message from renderer
[2022-06-14 10:25:19.037] [exthost] [info] Extension host with pid 2426 exiting with code 0
