[2022-07-12 11:16:11.437] [exthost] [info] Extension host with pid 143 started
[2022-07-12 11:16:11.455] [exthost] [info] Lock '/home/htmhqi/.vscode-server/data/User/workspaceStorage/b8b0059f5e879175db10163d2663be81/vscode.lock': Lock acquired.
[2022-07-12 11:16:11.517] [exthost] [info] ExtensionService#_doActivateExtension ms-python.python, startup: false, activationEvent: 'onLanguage:python'
[2022-07-12 11:16:11.742] [exthost] [info] ExtensionService#_doActivateExtension ms-toolsai.jupyter, startup: false, activationEvent: 'onLanguage:python'
[2022-07-12 11:16:11.988] [exthost] [info] ExtensionService#_doActivateExtension vscode.debug-auto-launch, startup: true, activationEvent: '*'
[2022-07-12 11:16:11.991] [exthost] [info] ExtensionService#_doActivateExtension vscode.git-base, startup: true, activationEvent: '*', root cause: vscode.git
[2022-07-12 11:16:11.998] [exthost] [info] ExtensionService#_doActivateExtension vscode.ipynb, startup: true, activationEvent: '*'
[2022-07-12 11:16:12.131] [exthost] [info] ExtensionService#_doActivateExtension vscode.git, startup: true, activationEvent: '*'
[2022-07-12 11:16:12.199] [exthost] [info] ExtensionService#_doActivateExtension vscode.github, startup: true, activationEvent: '*'
[2022-07-12 11:16:12.471] [exthost] [info] ExtensionService#_doActivateExtension ms-toolsai.jupyter-renderers, startup: false, activationEvent: 'api', root cause: ms-toolsai.jupyter
[2022-07-12 11:16:12.587] [exthost] [info] ExtensionService#_doActivateExtension ms-python.vscode-pylance, startup: false, activationEvent: 'onLanguage:python'
[2022-07-12 11:16:12.755] [exthost] [info] ExtensionService#_doActivateExtension vscode.emmet, startup: false, activationEvent: 'onStartupFinished'
[2022-07-12 11:16:12.769] [exthost] [info] ExtensionService#_doActivateExtension vscode.merge-conflict, startup: false, activationEvent: 'onStartupFinished'
[2022-07-12 11:16:12.772] [exthost] [info] Eager extensions activated
[2022-07-12 11:16:12.942] [exthost] [warning] [Decorations] CAPPING events from decorations provider vscode.git 546
[2022-07-12 11:16:12.952] [exthost] [info] ExtensionService#_doActivateExtension vscode.configuration-editing, startup: false, activationEvent: 'onLanguage:jsonc'
[2022-07-12 11:16:12.957] [exthost] [info] ExtensionService#_doActivateExtension vscode.json-language-features, startup: false, activationEvent: 'onLanguage:jsonc'
[2022-07-12 11:16:13.006] [exthost] [info] ExtensionService#_doActivateExtension vscode.typescript-language-features, startup: false, activationEvent: 'onLanguage:jsonc'
[2022-07-12 11:16:13.267] [exthost] [warning] [Decorations] CAPPING events from decorations provider vscode.git 546
[2022-07-12 11:16:16.641] [exthost] [warning] [Decorations] CAPPING events from decorations provider vscode.git 548
[2022-07-12 11:16:21.700] [exthost] [warning] [Decorations] CAPPING events from decorations provider vscode.git 556
[2022-07-12 11:16:26.864] [exthost] [warning] [Decorations] CAPPING events from decorations provider vscode.git 556
[2022-07-12 12:25:34.694] [exthost] [warning] [Decorations] CAPPING events from decorations provider vscode.git 556
[2022-07-12 12:25:39.773] [exthost] [warning] [Decorations] CAPPING events from decorations provider vscode.git 556
[2022-07-12 12:25:44.856] [exthost] [warning] [Decorations] CAPPING events from decorations provider vscode.git 556
[2022-07-12 12:25:49.929] [exthost] [warning] [Decorations] CAPPING events from decorations provider vscode.git 556
[2022-07-12 12:25:55.004] [exthost] [warning] [Decorations] CAPPING events from decorations provider vscode.git 556
[2022-07-12 12:26:00.070] [exthost] [warning] [Decorations] CAPPING events from decorations provider vscode.git 556
[2022-07-12 12:26:05.143] [exthost] [warning] [Decorations] CAPPING events from decorations provider vscode.git 556
[2022-07-12 12:26:10.224] [exthost] [warning] [Decorations] CAPPING events from decorations provider vscode.git 556
[2022-07-12 12:26:15.288] [exthost] [warning] [Decorations] CAPPING events from decorations provider vscode.git 556
[2022-07-12 12:26:23.559] [exthost] [warning] [Decorations] CAPPING events from decorations provider vscode.git 556
[2022-07-12 12:26:28.625] [exthost] [warning] [Decorations] CAPPING events from decorations provider vscode.git 556
[2022-07-12 12:26:33.685] [exthost] [warning] [Decorations] CAPPING events from decorations provider vscode.git 556
[2022-07-12 12:26:38.738] [exthost] [warning] [Decorations] CAPPING events from decorations provider vscode.git 556
[2022-07-12 12:26:43.787] [exthost] [warning] [Decorations] CAPPING events from decorations provider vscode.git 556
[2022-07-12 12:26:48.840] [exthost] [warning] [Decorations] CAPPING events from decorations provider vscode.git 556
[2022-07-12 12:26:53.899] [exthost] [warning] [Decorations] CAPPING events from decorations provider vscode.git 556
[2022-07-12 12:26:58.957] [exthost] [warning] [Decorations] CAPPING events from decorations provider vscode.git 556
[2022-07-12 12:27:04.023] [exthost] [warning] [Decorations] CAPPING events from decorations provider vscode.git 556
[2022-07-12 12:27:09.099] [exthost] [warning] [Decorations] CAPPING events from decorations provider vscode.git 556
[2022-07-12 12:27:14.151] [exthost] [warning] [Decorations] CAPPING events from decorations provider vscode.git 556
[2022-07-12 12:27:19.648] [exthost] [warning] [Decorations] CAPPING events from decorations provider vscode.git 556
[2022-07-12 12:27:24.708] [exthost] [warning] [Decorations] CAPPING events from decorations provider vscode.git 556
[2022-07-12 12:27:29.764] [exthost] [warning] [Decorations] CAPPING events from decorations provider vscode.git 556
[2022-07-12 12:27:34.818] [exthost] [warning] [Decorations] CAPPING events from decorations provider vscode.git 556
[2022-07-12 12:27:39.872] [exthost] [warning] [Decorations] CAPPING events from decorations provider vscode.git 556
[2022-07-12 12:27:44.937] [exthost] [warning] [Decorations] CAPPING events from decorations provider vscode.git 559
[2022-07-12 12:27:49.992] [exthost] [warning] [Decorations] CAPPING events from decorations provider vscode.git 559
[2022-07-12 12:27:55.049] [exthost] [warning] [Decorations] CAPPING events from decorations provider vscode.git 559
[2022-07-12 12:32:00.872] [exthost] [warning] [Decorations] CAPPING events from decorations provider vscode.git 559
[2022-07-12 12:32:05.920] [exthost] [warning] [Decorations] CAPPING events from decorations provider vscode.git 559
[2022-07-12 12:32:10.974] [exthost] [warning] [Decorations] CAPPING events from decorations provider vscode.git 559
[2022-07-12 12:32:16.031] [exthost] [warning] [Decorations] CAPPING events from decorations provider vscode.git 559
[2022-07-12 12:32:21.098] [exthost] [warning] [Decorations] CAPPING events from decorations provider vscode.git 559
[2022-07-12 12:32:26.168] [exthost] [warning] [Decorations] CAPPING events from decorations provider vscode.git 559
[2022-07-12 12:32:32.055] [exthost] [warning] [Decorations] CAPPING events from decorations provider vscode.git 559
[2022-07-12 12:32:37.128] [exthost] [warning] [Decorations] CAPPING events from decorations provider vscode.git 559
[2022-07-12 12:32:42.184] [exthost] [warning] [Decorations] CAPPING events from decorations provider vscode.git 559
[2022-07-12 12:32:47.242] [exthost] [warning] [Decorations] CAPPING events from decorations provider vscode.git 559
[2022-07-12 12:32:52.941] [exthost] [warning] [Decorations] CAPPING events from decorations provider vscode.git 559
[2022-07-12 12:32:58.001] [exthost] [warning] [Decorations] CAPPING events from decorations provider vscode.git 559
[2022-07-12 12:33:03.059] [exthost] [warning] [Decorations] CAPPING events from decorations provider vscode.git 559
[2022-07-12 12:33:08.157] [exthost] [warning] [Decorations] CAPPING events from decorations provider vscode.git 559
[2022-07-12 12:33:13.217] [exthost] [warning] [Decorations] CAPPING events from decorations provider vscode.git 559
[2022-07-12 12:33:18.276] [exthost] [warning] [Decorations] CAPPING events from decorations provider vscode.git 559
[2022-07-12 12:33:23.356] [exthost] [warning] [Decorations] CAPPING events from decorations provider vscode.git 559
[2022-07-12 12:33:28.424] [exthost] [warning] [Decorations] CAPPING events from decorations provider vscode.git 559
[2022-07-12 12:33:33.486] [exthost] [warning] [Decorations] CAPPING events from decorations provider vscode.git 559
[2022-07-12 12:33:38.548] [exthost] [warning] [Decorations] CAPPING events from decorations provider vscode.git 559
[2022-07-12 12:33:43.613] [exthost] [warning] [Decorations] CAPPING events from decorations provider vscode.git 559
[2022-07-12 12:33:48.674] [exthost] [warning] [Decorations] CAPPING events from decorations provider vscode.git 559
[2022-07-12 12:33:53.735] [exthost] [warning] [Decorations] CAPPING events from decorations provider vscode.git 559
[2022-07-12 12:33:58.791] [exthost] [warning] [Decorations] CAPPING events from decorations provider vscode.git 559
[2022-07-12 12:34:03.862] [exthost] [warning] [Decorations] CAPPING events from decorations provider vscode.git 559
[2022-07-12 12:34:08.935] [exthost] [warning] [Decorations] CAPPING events from decorations provider vscode.git 559
[2022-07-12 12:34:13.994] [exthost] [warning] [Decorations] CAPPING events from decorations provider vscode.git 559
[2022-07-12 12:34:28.766] [exthost] [warning] [Decorations] CAPPING events from decorations provider vscode.git 559
[2022-07-12 12:34:33.820] [exthost] [warning] [Decorations] CAPPING events from decorations provider vscode.git 559
[2022-07-12 12:34:38.880] [exthost] [warning] [Decorations] CAPPING events from decorations provider vscode.git 559
[2022-07-12 12:34:46.183] [exthost] [warning] [Decorations] CAPPING events from decorations provider vscode.git 559
[2022-07-12 12:34:51.232] [exthost] [warning] [Decorations] CAPPING events from decorations provider vscode.git 559
[2022-07-12 12:34:59.462] [exthost] [warning] [Decorations] CAPPING events from decorations provider vscode.git 559
[2022-07-12 12:35:04.518] [exthost] [warning] [Decorations] CAPPING events from decorations provider vscode.git 559
[2022-07-12 12:35:16.479] [exthost] [warning] [Decorations] CAPPING events from decorations provider vscode.git 559
[2022-07-12 12:35:21.531] [exthost] [warning] [Decorations] CAPPING events from decorations provider vscode.git 559
[2022-07-12 12:35:26.585] [exthost] [warning] [Decorations] CAPPING events from decorations provider vscode.git 559
[2022-07-12 12:35:31.636] [exthost] [warning] [Decorations] CAPPING events from decorations provider vscode.git 559
[2022-07-12 12:35:36.684] [exthost] [warning] [Decorations] CAPPING events from decorations provider vscode.git 559
[2022-07-12 12:35:41.737] [exthost] [warning] [Decorations] CAPPING events from decorations provider vscode.git 559
[2022-07-12 12:36:08.021] [exthost] [warning] [Decorations] CAPPING events from decorations provider vscode.git 559
[2022-07-12 12:36:13.085] [exthost] [warning] [Decorations] CAPPING events from decorations provider vscode.git 559
[2022-07-12 12:36:18.144] [exthost] [warning] [Decorations] CAPPING events from decorations provider vscode.git 559
[2022-07-12 12:36:23.204] [exthost] [warning] [Decorations] CAPPING events from decorations provider vscode.git 559
[2022-07-12 12:36:28.266] [exthost] [warning] [Decorations] CAPPING events from decorations provider vscode.git 559
[2022-07-12 12:36:33.324] [exthost] [warning] [Decorations] CAPPING events from decorations provider vscode.git 559
[2022-07-12 12:36:38.386] [exthost] [warning] [Decorations] CAPPING events from decorations provider vscode.git 559
[2022-07-12 12:36:43.453] [exthost] [warning] [Decorations] CAPPING events from decorations provider vscode.git 559
[2022-07-12 12:36:48.515] [exthost] [warning] [Decorations] CAPPING events from decorations provider vscode.git 559
[2022-07-12 12:36:53.572] [exthost] [warning] [Decorations] CAPPING events from decorations provider vscode.git 559
[2022-07-12 12:36:58.632] [exthost] [warning] [Decorations] CAPPING events from decorations provider vscode.git 559
[2022-07-12 12:37:03.693] [exthost] [warning] [Decorations] CAPPING events from decorations provider vscode.git 559
[2022-07-12 12:37:08.752] [exthost] [warning] [Decorations] CAPPING events from decorations provider vscode.git 559
[2022-07-12 12:37:13.815] [exthost] [warning] [Decorations] CAPPING events from decorations provider vscode.git 559
[2022-07-12 12:37:18.873] [exthost] [warning] [Decorations] CAPPING events from decorations provider vscode.git 559
[2022-07-12 12:37:23.939] [exthost] [warning] [Decorations] CAPPING events from decorations provider vscode.git 559
[2022-07-12 12:37:29.004] [exthost] [warning] [Decorations] CAPPING events from decorations provider vscode.git 559
[2022-07-12 12:37:34.070] [exthost] [warning] [Decorations] CAPPING events from decorations provider vscode.git 559
[2022-07-12 12:37:39.144] [exthost] [warning] [Decorations] CAPPING events from decorations provider vscode.git 559
[2022-07-12 12:39:02.927] [exthost] [warning] [Decorations] CAPPING events from decorations provider vscode.git 559
[2022-07-12 12:39:07.989] [exthost] [warning] [Decorations] CAPPING events from decorations provider vscode.git 559
[2022-07-12 12:39:13.039] [exthost] [warning] [Decorations] CAPPING events from decorations provider vscode.git 559
[2022-07-12 12:39:18.091] [exthost] [warning] [Decorations] CAPPING events from decorations provider vscode.git 559
[2022-07-12 12:40:02.252] [exthost] [warning] [Decorations] CAPPING events from decorations provider vscode.git 559
[2022-07-12 12:40:07.309] [exthost] [warning] [Decorations] CAPPING events from decorations provider vscode.git 559
[2022-07-12 12:40:12.362] [exthost] [warning] [Decorations] CAPPING events from decorations provider vscode.git 559
[2022-07-12 12:40:17.416] [exthost] [warning] [Decorations] CAPPING events from decorations provider vscode.git 559
[2022-07-12 12:40:22.480] [exthost] [warning] [Decorations] CAPPING events from decorations provider vscode.git 559
[2022-07-12 12:40:27.539] [exthost] [warning] [Decorations] CAPPING events from decorations provider vscode.git 559
[2022-07-12 12:40:32.642] [exthost] [warning] [Decorations] CAPPING events from decorations provider vscode.git 559
[2022-07-12 12:40:37.708] [exthost] [warning] [Decorations] CAPPING events from decorations provider vscode.git 559
[2022-07-12 12:40:42.784] [exthost] [warning] [Decorations] CAPPING events from decorations provider vscode.git 559
[2022-07-12 12:40:47.838] [exthost] [warning] [Decorations] CAPPING events from decorations provider vscode.git 559
[2022-07-12 12:40:52.899] [exthost] [warning] [Decorations] CAPPING events from decorations provider vscode.git 559
[2022-07-12 12:40:57.955] [exthost] [warning] [Decorations] CAPPING events from decorations provider vscode.git 559
[2022-07-12 12:41:03.015] [exthost] [warning] [Decorations] CAPPING events from decorations provider vscode.git 559
[2022-07-12 12:41:08.073] [exthost] [warning] [Decorations] CAPPING events from decorations provider vscode.git 559
[2022-07-12 12:41:13.136] [exthost] [warning] [Decorations] CAPPING events from decorations provider vscode.git 559
[2022-07-12 12:41:18.198] [exthost] [warning] [Decorations] CAPPING events from decorations provider vscode.git 559
[2022-07-12 12:41:23.270] [exthost] [warning] [Decorations] CAPPING events from decorations provider vscode.git 559
[2022-07-12 12:41:28.328] [exthost] [warning] [Decorations] CAPPING events from decorations provider vscode.git 559
[2022-07-12 12:41:33.376] [exthost] [warning] [Decorations] CAPPING events from decorations provider vscode.git 559
[2022-07-12 12:41:38.438] [exthost] [warning] [Decorations] CAPPING events from decorations provider vscode.git 559
[2022-07-12 12:41:43.495] [exthost] [warning] [Decorations] CAPPING events from decorations provider vscode.git 559
[2022-07-12 12:41:48.553] [exthost] [warning] [Decorations] CAPPING events from decorations provider vscode.git 559
[2022-07-12 12:41:53.620] [exthost] [warning] [Decorations] CAPPING events from decorations provider vscode.git 559
[2022-07-12 12:41:58.685] [exthost] [warning] [Decorations] CAPPING events from decorations provider vscode.git 559
[2022-07-12 12:42:03.751] [exthost] [warning] [Decorations] CAPPING events from decorations provider vscode.git 559
[2022-07-12 12:42:08.813] [exthost] [warning] [Decorations] CAPPING events from decorations provider vscode.git 559
[2022-07-12 12:42:13.875] [exthost] [warning] [Decorations] CAPPING events from decorations provider vscode.git 559
[2022-07-12 12:42:18.931] [exthost] [warning] [Decorations] CAPPING events from decorations provider vscode.git 559
[2022-07-12 12:42:23.988] [exthost] [warning] [Decorations] CAPPING events from decorations provider vscode.git 559
[2022-07-12 12:42:29.047] [exthost] [warning] [Decorations] CAPPING events from decorations provider vscode.git 559
[2022-07-12 12:42:34.112] [exthost] [warning] [Decorations] CAPPING events from decorations provider vscode.git 559
[2022-07-12 12:42:39.177] [exthost] [warning] [Decorations] CAPPING events from decorations provider vscode.git 559
[2022-07-12 12:42:44.242] [exthost] [warning] [Decorations] CAPPING events from decorations provider vscode.git 559
[2022-07-12 12:42:49.299] [exthost] [warning] [Decorations] CAPPING events from decorations provider vscode.git 559
[2022-07-12 12:42:54.366] [exthost] [warning] [Decorations] CAPPING events from decorations provider vscode.git 559
[2022-07-12 12:42:59.434] [exthost] [warning] [Decorations] CAPPING events from decorations provider vscode.git 559
[2022-07-12 12:43:04.497] [exthost] [warning] [Decorations] CAPPING events from decorations provider vscode.git 559
[2022-07-12 12:43:09.561] [exthost] [warning] [Decorations] CAPPING events from decorations provider vscode.git 559
[2022-07-12 12:43:14.632] [exthost] [warning] [Decorations] CAPPING events from decorations provider vscode.git 559
[2022-07-12 12:43:19.697] [exthost] [warning] [Decorations] CAPPING events from decorations provider vscode.git 559
[2022-07-12 12:43:24.757] [exthost] [warning] [Decorations] CAPPING events from decorations provider vscode.git 559
[2022-07-12 12:43:29.819] [exthost] [warning] [Decorations] CAPPING events from decorations provider vscode.git 559
[2022-07-12 12:43:34.886] [exthost] [warning] [Decorations] CAPPING events from decorations provider vscode.git 559
[2022-07-12 12:43:39.948] [exthost] [warning] [Decorations] CAPPING events from decorations provider vscode.git 559
[2022-07-12 12:45:11.460] [exthost] [warning] [Decorations] CAPPING events from decorations provider vscode.git 559
[2022-07-12 12:45:16.518] [exthost] [warning] [Decorations] CAPPING events from decorations provider vscode.git 559
[2022-07-12 12:45:21.579] [exthost] [warning] [Decorations] CAPPING events from decorations provider vscode.git 559
[2022-07-12 12:45:26.636] [exthost] [warning] [Decorations] CAPPING events from decorations provider vscode.git 559
[2022-07-12 12:45:31.699] [exthost] [warning] [Decorations] CAPPING events from decorations provider vscode.git 559
[2022-07-12 12:45:36.767] [exthost] [warning] [Decorations] CAPPING events from decorations provider vscode.git 559
[2022-07-12 12:45:41.823] [exthost] [warning] [Decorations] CAPPING events from decorations provider vscode.git 559
[2022-07-12 12:53:44.332] [exthost] [warning] [Decorations] CAPPING events from decorations provider vscode.git 559
[2022-07-12 12:53:49.390] [exthost] [warning] [Decorations] CAPPING events from decorations provider vscode.git 559
[2022-07-12 12:53:54.452] [exthost] [warning] [Decorations] CAPPING events from decorations provider vscode.git 559
[2022-07-12 12:53:59.505] [exthost] [warning] [Decorations] CAPPING events from decorations provider vscode.git 559
[2022-07-12 12:54:04.564] [exthost] [warning] [Decorations] CAPPING events from decorations provider vscode.git 559
[2022-07-12 12:57:31.620] [exthost] [warning] [Decorations] CAPPING events from decorations provider vscode.git 559
[2022-07-12 12:57:36.677] [exthost] [warning] [Decorations] CAPPING events from decorations provider vscode.git 559
[2022-07-12 12:57:41.726] [exthost] [warning] [Decorations] CAPPING events from decorations provider vscode.git 559
[2022-07-12 12:57:46.780] [exthost] [warning] [Decorations] CAPPING events from decorations provider vscode.git 559
[2022-07-12 12:57:51.839] [exthost] [warning] [Decorations] CAPPING events from decorations provider vscode.git 559
[2022-07-12 12:57:56.908] [exthost] [warning] [Decorations] CAPPING events from decorations provider vscode.git 559
[2022-07-12 12:58:58.130] [exthost] [warning] [Decorations] CAPPING events from decorations provider vscode.git 559
[2022-07-12 13:00:00.040] [exthost] [warning] [Decorations] CAPPING events from decorations provider vscode.git 559
[2022-07-12 13:00:05.106] [exthost] [warning] [Decorations] CAPPING events from decorations provider vscode.git 559
[2022-07-12 13:00:10.165] [exthost] [warning] [Decorations] CAPPING events from decorations provider vscode.git 559
[2022-07-12 13:00:15.228] [exthost] [warning] [Decorations] CAPPING events from decorations provider vscode.git 559
[2022-07-12 13:00:20.281] [exthost] [warning] [Decorations] CAPPING events from decorations provider vscode.git 559
[2022-07-12 13:00:25.342] [exthost] [warning] [Decorations] CAPPING events from decorations provider vscode.git 559
[2022-07-12 13:00:30.399] [exthost] [warning] [Decorations] CAPPING events from decorations provider vscode.git 559
[2022-07-12 13:00:35.462] [exthost] [warning] [Decorations] CAPPING events from decorations provider vscode.git 559
[2022-07-12 13:00:40.520] [exthost] [warning] [Decorations] CAPPING events from decorations provider vscode.git 559
[2022-07-12 13:00:45.583] [exthost] [warning] [Decorations] CAPPING events from decorations provider vscode.git 559
[2022-07-12 13:00:50.646] [exthost] [warning] [Decorations] CAPPING events from decorations provider vscode.git 559
[2022-07-12 13:00:55.712] [exthost] [warning] [Decorations] CAPPING events from decorations provider vscode.git 559
[2022-07-12 13:01:00.785] [exthost] [warning] [Decorations] CAPPING events from decorations provider vscode.git 559
[2022-07-12 13:01:05.844] [exthost] [warning] [Decorations] CAPPING events from decorations provider vscode.git 559
[2022-07-12 13:01:10.901] [exthost] [warning] [Decorations] CAPPING events from decorations provider vscode.git 559
[2022-07-12 13:01:15.985] [exthost] [warning] [Decorations] CAPPING events from decorations provider vscode.git 559
[2022-07-12 13:01:21.049] [exthost] [warning] [Decorations] CAPPING events from decorations provider vscode.git 559
[2022-07-12 13:01:26.115] [exthost] [warning] [Decorations] CAPPING events from decorations provider vscode.git 559
[2022-07-12 13:01:31.171] [exthost] [warning] [Decorations] CAPPING events from decorations provider vscode.git 559
[2022-07-12 13:01:36.224] [exthost] [warning] [Decorations] CAPPING events from decorations provider vscode.git 559
[2022-07-12 13:01:41.295] [exthost] [warning] [Decorations] CAPPING events from decorations provider vscode.git 559
[2022-07-12 13:01:46.377] [exthost] [warning] [Decorations] CAPPING events from decorations provider vscode.git 559
[2022-07-12 13:01:51.436] [exthost] [warning] [Decorations] CAPPING events from decorations provider vscode.git 559
[2022-07-12 13:01:56.496] [exthost] [warning] [Decorations] CAPPING events from decorations provider vscode.git 559
[2022-07-12 13:02:01.553] [exthost] [warning] [Decorations] CAPPING events from decorations provider vscode.git 559
[2022-07-12 13:02:06.604] [exthost] [warning] [Decorations] CAPPING events from decorations provider vscode.git 559
[2022-07-12 13:02:11.666] [exthost] [warning] [Decorations] CAPPING events from decorations provider vscode.git 559
[2022-07-12 13:02:16.723] [exthost] [warning] [Decorations] CAPPING events from decorations provider vscode.git 559
[2022-07-12 13:02:21.783] [exthost] [warning] [Decorations] CAPPING events from decorations provider vscode.git 559
[2022-07-12 13:02:26.835] [exthost] [warning] [Decorations] CAPPING events from decorations provider vscode.git 559
[2022-07-12 13:02:31.889] [exthost] [warning] [Decorations] CAPPING events from decorations provider vscode.git 559
[2022-07-12 13:02:36.947] [exthost] [warning] [Decorations] CAPPING events from decorations provider vscode.git 559
[2022-07-12 13:02:42.000] [exthost] [warning] [Decorations] CAPPING events from decorations provider vscode.git 559
[2022-07-12 13:02:47.050] [exthost] [warning] [Decorations] CAPPING events from decorations provider vscode.git 559
[2022-07-12 13:02:52.113] [exthost] [warning] [Decorations] CAPPING events from decorations provider vscode.git 559
[2022-07-12 13:02:57.175] [exthost] [warning] [Decorations] CAPPING events from decorations provider vscode.git 559
[2022-07-12 13:03:02.236] [exthost] [warning] [Decorations] CAPPING events from decorations provider vscode.git 559
[2022-07-12 13:03:07.296] [exthost] [warning] [Decorations] CAPPING events from decorations provider vscode.git 560
[2022-07-12 13:03:12.364] [exthost] [warning] [Decorations] CAPPING events from decorations provider vscode.git 560
[2022-07-12 13:03:17.434] [exthost] [warning] [Decorations] CAPPING events from decorations provider vscode.git 560
[2022-07-12 13:03:22.504] [exthost] [warning] [Decorations] CAPPING events from decorations provider vscode.git 560
[2022-07-12 13:03:27.573] [exthost] [warning] [Decorations] CAPPING events from decorations provider vscode.git 560
[2022-07-12 13:03:32.639] [exthost] [warning] [Decorations] CAPPING events from decorations provider vscode.git 560
[2022-07-12 13:03:37.702] [exthost] [warning] [Decorations] CAPPING events from decorations provider vscode.git 560
[2022-07-12 13:03:42.761] [exthost] [warning] [Decorations] CAPPING events from decorations provider vscode.git 560
[2022-07-12 13:03:47.829] [exthost] [warning] [Decorations] CAPPING events from decorations provider vscode.git 560
[2022-07-12 13:03:52.895] [exthost] [warning] [Decorations] CAPPING events from decorations provider vscode.git 560
[2022-07-12 13:03:57.956] [exthost] [warning] [Decorations] CAPPING events from decorations provider vscode.git 560
[2022-07-12 13:04:03.023] [exthost] [warning] [Decorations] CAPPING events from decorations provider vscode.git 560
[2022-07-12 13:04:08.087] [exthost] [warning] [Decorations] CAPPING events from decorations provider vscode.git 560
[2022-07-12 13:04:13.152] [exthost] [warning] [Decorations] CAPPING events from decorations provider vscode.git 560
[2022-07-12 13:04:18.223] [exthost] [warning] [Decorations] CAPPING events from decorations provider vscode.git 560
[2022-07-12 13:04:23.288] [exthost] [warning] [Decorations] CAPPING events from decorations provider vscode.git 560
[2022-07-12 13:04:28.359] [exthost] [warning] [Decorations] CAPPING events from decorations provider vscode.git 560
[2022-07-12 13:04:33.424] [exthost] [warning] [Decorations] CAPPING events from decorations provider vscode.git 560
[2022-07-12 13:04:38.487] [exthost] [warning] [Decorations] CAPPING events from decorations provider vscode.git 560
[2022-07-12 13:04:43.549] [exthost] [warning] [Decorations] CAPPING events from decorations provider vscode.git 560
[2022-07-12 13:04:48.602] [exthost] [warning] [Decorations] CAPPING events from decorations provider vscode.git 560
[2022-07-12 13:04:53.663] [exthost] [warning] [Decorations] CAPPING events from decorations provider vscode.git 560
[2022-07-12 13:04:58.722] [exthost] [warning] [Decorations] CAPPING events from decorations provider vscode.git 560
[2022-07-12 13:05:03.780] [exthost] [warning] [Decorations] CAPPING events from decorations provider vscode.git 560
[2022-07-12 13:05:08.843] [exthost] [warning] [Decorations] CAPPING events from decorations provider vscode.git 560
[2022-07-12 13:05:13.910] [exthost] [warning] [Decorations] CAPPING events from decorations provider vscode.git 560
[2022-07-12 13:05:19.232] [exthost] [warning] [Decorations] CAPPING events from decorations provider vscode.git 560
[2022-07-12 13:05:24.295] [exthost] [warning] [Decorations] CAPPING events from decorations provider vscode.git 560
[2022-07-12 13:05:29.347] [exthost] [warning] [Decorations] CAPPING events from decorations provider vscode.git 560
[2022-07-12 13:05:34.405] [exthost] [warning] [Decorations] CAPPING events from decorations provider vscode.git 560
[2022-07-12 13:05:39.471] [exthost] [warning] [Decorations] CAPPING events from decorations provider vscode.git 560
[2022-07-12 13:05:44.529] [exthost] [warning] [Decorations] CAPPING events from decorations provider vscode.git 560
[2022-07-12 13:05:49.594] [exthost] [warning] [Decorations] CAPPING events from decorations provider vscode.git 561
[2022-07-12 13:05:54.666] [exthost] [warning] [Decorations] CAPPING events from decorations provider vscode.git 561
[2022-07-12 13:05:59.726] [exthost] [warning] [Decorations] CAPPING events from decorations provider vscode.git 561
[2022-07-12 13:06:04.789] [exthost] [warning] [Decorations] CAPPING events from decorations provider vscode.git 561
[2022-07-12 13:06:09.849] [exthost] [warning] [Decorations] CAPPING events from decorations provider vscode.git 561
[2022-07-12 13:06:14.911] [exthost] [warning] [Decorations] CAPPING events from decorations provider vscode.git 561
[2022-07-12 13:06:19.973] [exthost] [warning] [Decorations] CAPPING events from decorations provider vscode.git 561
[2022-07-12 13:06:25.047] [exthost] [warning] [Decorations] CAPPING events from decorations provider vscode.git 561
[2022-07-12 13:06:30.117] [exthost] [warning] [Decorations] CAPPING events from decorations provider vscode.git 561
[2022-07-12 13:06:35.179] [exthost] [warning] [Decorations] CAPPING events from decorations provider vscode.git 561
[2022-07-12 13:06:40.252] [exthost] [warning] [Decorations] CAPPING events from decorations provider vscode.git 561
[2022-07-12 13:06:45.318] [exthost] [warning] [Decorations] CAPPING events from decorations provider vscode.git 561
[2022-07-12 13:06:50.381] [exthost] [warning] [Decorations] CAPPING events from decorations provider vscode.git 561
[2022-07-12 13:06:55.445] [exthost] [warning] [Decorations] CAPPING events from decorations provider vscode.git 561
[2022-07-12 13:07:00.509] [exthost] [warning] [Decorations] CAPPING events from decorations provider vscode.git 562
[2022-07-12 13:07:05.575] [exthost] [warning] [Decorations] CAPPING events from decorations provider vscode.git 561
[2022-07-12 13:07:10.642] [exthost] [warning] [Decorations] CAPPING events from decorations provider vscode.git 561
[2022-07-12 13:07:15.695] [exthost] [warning] [Decorations] CAPPING events from decorations provider vscode.git 561
[2022-07-12 13:07:20.744] [exthost] [warning] [Decorations] CAPPING events from decorations provider vscode.git 561
[2022-07-12 13:07:25.809] [exthost] [warning] [Decorations] CAPPING events from decorations provider vscode.git 561
[2022-07-12 13:07:30.927] [exthost] [warning] [Decorations] CAPPING events from decorations provider vscode.git 561
[2022-07-12 13:07:35.997] [exthost] [warning] [Decorations] CAPPING events from decorations provider vscode.git 561
[2022-07-12 13:07:41.064] [exthost] [warning] [Decorations] CAPPING events from decorations provider vscode.git 561
[2022-07-12 13:07:46.125] [exthost] [warning] [Decorations] CAPPING events from decorations provider vscode.git 561
[2022-07-12 13:07:51.186] [exthost] [warning] [Decorations] CAPPING events from decorations provider vscode.git 561
[2022-07-12 13:07:56.243] [exthost] [warning] [Decorations] CAPPING events from decorations provider vscode.git 562
[2022-07-12 13:08:01.307] [exthost] [warning] [Decorations] CAPPING events from decorations provider vscode.git 561
[2022-07-12 13:08:06.383] [exthost] [warning] [Decorations] CAPPING events from decorations provider vscode.git 561
[2022-07-12 13:08:40.230] [exthost] [warning] [Decorations] CAPPING events from decorations provider vscode.git 561
[2022-07-12 13:10:32.179] [exthost] [warning] [Decorations] CAPPING events from decorations provider vscode.git 561
[2022-07-12 13:10:37.229] [exthost] [warning] [Decorations] CAPPING events from decorations provider vscode.git 561
[2022-07-12 13:10:42.283] [exthost] [warning] [Decorations] CAPPING events from decorations provider vscode.git 561
[2022-07-12 13:10:47.335] [exthost] [warning] [Decorations] CAPPING events from decorations provider vscode.git 561
[2022-07-12 13:11:01.332] [exthost] [warning] [Decorations] CAPPING events from decorations provider vscode.git 561
[2022-07-12 13:11:06.384] [exthost] [warning] [Decorations] CAPPING events from decorations provider vscode.git 562
[2022-07-12 13:11:11.439] [exthost] [warning] [Decorations] CAPPING events from decorations provider vscode.git 562
[2022-07-12 13:11:16.502] [exthost] [warning] [Decorations] CAPPING events from decorations provider vscode.git 562
[2022-07-12 13:11:21.569] [exthost] [warning] [Decorations] CAPPING events from decorations provider vscode.git 562
[2022-07-12 13:11:26.635] [exthost] [warning] [Decorations] CAPPING events from decorations provider vscode.git 562
[2022-07-12 13:11:31.704] [exthost] [warning] [Decorations] CAPPING events from decorations provider vscode.git 562
[2022-07-12 13:11:36.768] [exthost] [warning] [Decorations] CAPPING events from decorations provider vscode.git 562
[2022-07-12 13:11:41.827] [exthost] [warning] [Decorations] CAPPING events from decorations provider vscode.git 562
[2022-07-12 13:11:46.887] [exthost] [warning] [Decorations] CAPPING events from decorations provider vscode.git 562
[2022-07-12 13:11:51.941] [exthost] [warning] [Decorations] CAPPING events from decorations provider vscode.git 562
[2022-07-12 13:11:57.284] [exthost] [warning] [Decorations] CAPPING events from decorations provider vscode.git 562
[2022-07-12 13:12:02.346] [exthost] [warning] [Decorations] CAPPING events from decorations provider vscode.git 562
[2022-07-12 13:12:07.399] [exthost] [warning] [Decorations] CAPPING events from decorations provider vscode.git 562
[2022-07-12 13:12:12.451] [exthost] [warning] [Decorations] CAPPING events from decorations provider vscode.git 562
[2022-07-12 13:12:17.512] [exthost] [warning] [Decorations] CAPPING events from decorations provider vscode.git 562
[2022-07-12 13:12:22.572] [exthost] [warning] [Decorations] CAPPING events from decorations provider vscode.git 562
[2022-07-12 13:12:27.633] [exthost] [warning] [Decorations] CAPPING events from decorations provider vscode.git 562
[2022-07-12 13:12:32.694] [exthost] [warning] [Decorations] CAPPING events from decorations provider vscode.git 562
[2022-07-12 13:12:37.749] [exthost] [warning] [Decorations] CAPPING events from decorations provider vscode.git 562
[2022-07-12 13:12:42.808] [exthost] [warning] [Decorations] CAPPING events from decorations provider vscode.git 562
[2022-07-12 13:12:47.871] [exthost] [warning] [Decorations] CAPPING events from decorations provider vscode.git 562
[2022-07-12 13:12:52.929] [exthost] [warning] [Decorations] CAPPING events from decorations provider vscode.git 562
[2022-07-12 13:12:57.992] [exthost] [warning] [Decorations] CAPPING events from decorations provider vscode.git 562
[2022-07-12 13:13:03.045] [exthost] [warning] [Decorations] CAPPING events from decorations provider vscode.git 562
[2022-07-12 13:13:08.154] [exthost] [warning] [Decorations] CAPPING events from decorations provider vscode.git 562
[2022-07-12 13:13:13.211] [exthost] [warning] [Decorations] CAPPING events from decorations provider vscode.git 562
[2022-07-12 13:13:18.270] [exthost] [warning] [Decorations] CAPPING events from decorations provider vscode.git 562
[2022-07-12 13:13:23.322] [exthost] [warning] [Decorations] CAPPING events from decorations provider vscode.git 562
[2022-07-12 13:13:28.373] [exthost] [warning] [Decorations] CAPPING events from decorations provider vscode.git 562
[2022-07-12 13:13:33.430] [exthost] [warning] [Decorations] CAPPING events from decorations provider vscode.git 562
[2022-07-12 13:13:38.489] [exthost] [warning] [Decorations] CAPPING events from decorations provider vscode.git 562
[2022-07-12 13:13:43.546] [exthost] [warning] [Decorations] CAPPING events from decorations provider vscode.git 562
[2022-07-12 13:13:44.274] [exthost] [warning] ms-python.python - Code actions of kind 'quickfix 'requested but returned code action is of kind 'refactor.extract'. Code action will be dropped. Please check 'CodeActionContext.only' to only return requested code actions.
[2022-07-12 13:13:44.274] [exthost] [warning] ms-python.python - Code actions of kind 'quickfix 'requested but returned code action is of kind 'refactor.extract'. Code action will be dropped. Please check 'CodeActionContext.only' to only return requested code actions.
[2022-07-12 13:13:48.623] [exthost] [warning] [Decorations] CAPPING events from decorations provider vscode.git 562
[2022-07-12 13:13:53.683] [exthost] [warning] [Decorations] CAPPING events from decorations provider vscode.git 563
[2022-07-12 13:13:58.749] [exthost] [warning] [Decorations] CAPPING events from decorations provider vscode.git 565
[2022-07-12 13:14:03.816] [exthost] [warning] [Decorations] CAPPING events from decorations provider vscode.git 565
[2022-07-12 13:14:08.890] [exthost] [warning] [Decorations] CAPPING events from decorations provider vscode.git 565
[2022-07-12 13:14:13.968] [exthost] [warning] [Decorations] CAPPING events from decorations provider vscode.git 565
[2022-07-12 13:14:19.037] [exthost] [warning] [Decorations] CAPPING events from decorations provider vscode.git 565
[2022-07-12 13:14:24.101] [exthost] [warning] [Decorations] CAPPING events from decorations provider vscode.git 565
[2022-07-12 13:14:29.170] [exthost] [warning] [Decorations] CAPPING events from decorations provider vscode.git 565
[2022-07-12 13:14:34.243] [exthost] [warning] [Decorations] CAPPING events from decorations provider vscode.git 565
[2022-07-12 13:14:39.312] [exthost] [warning] [Decorations] CAPPING events from decorations provider vscode.git 565
[2022-07-12 13:14:44.376] [exthost] [warning] [Decorations] CAPPING events from decorations provider vscode.git 565
[2022-07-12 13:14:49.440] [exthost] [warning] [Decorations] CAPPING events from decorations provider vscode.git 565
[2022-07-12 13:14:54.502] [exthost] [warning] [Decorations] CAPPING events from decorations provider vscode.git 565
[2022-07-12 13:14:59.580] [exthost] [warning] [Decorations] CAPPING events from decorations provider vscode.git 565
[2022-07-12 13:15:04.652] [exthost] [warning] [Decorations] CAPPING events from decorations provider vscode.git 565
[2022-07-12 13:15:09.717] [exthost] [warning] [Decorations] CAPPING events from decorations provider vscode.git 565
[2022-07-12 13:15:14.782] [exthost] [warning] [Decorations] CAPPING events from decorations provider vscode.git 565
[2022-07-12 13:15:19.849] [exthost] [warning] [Decorations] CAPPING events from decorations provider vscode.git 565
[2022-07-12 13:15:24.910] [exthost] [warning] [Decorations] CAPPING events from decorations provider vscode.git 565
[2022-07-12 13:15:29.982] [exthost] [warning] [Decorations] CAPPING events from decorations provider vscode.git 565
[2022-07-12 13:15:35.053] [exthost] [warning] [Decorations] CAPPING events from decorations provider vscode.git 565
[2022-07-12 13:15:40.117] [exthost] [warning] [Decorations] CAPPING events from decorations provider vscode.git 565
[2022-07-12 13:15:45.185] [exthost] [warning] [Decorations] CAPPING events from decorations provider vscode.git 565
[2022-07-12 13:15:50.248] [exthost] [warning] [Decorations] CAPPING events from decorations provider vscode.git 565
[2022-07-12 13:15:55.309] [exthost] [warning] [Decorations] CAPPING events from decorations provider vscode.git 565
[2022-07-12 13:16:00.369] [exthost] [warning] [Decorations] CAPPING events from decorations provider vscode.git 565
[2022-07-12 13:16:05.428] [exthost] [warning] [Decorations] CAPPING events from decorations provider vscode.git 565
[2022-07-12 13:16:10.493] [exthost] [warning] [Decorations] CAPPING events from decorations provider vscode.git 565
[2022-07-12 13:16:15.552] [exthost] [warning] [Decorations] CAPPING events from decorations provider vscode.git 565
[2022-07-12 13:16:20.613] [exthost] [warning] [Decorations] CAPPING events from decorations provider vscode.git 566
[2022-07-12 13:17:09.997] [exthost] [warning] [Decorations] CAPPING events from decorations provider vscode.git 566
[2022-07-12 13:17:15.053] [exthost] [warning] [Decorations] CAPPING events from decorations provider vscode.git 566
[2022-07-12 13:17:20.131] [exthost] [warning] [Decorations] CAPPING events from decorations provider vscode.git 566
[2022-07-12 13:17:25.200] [exthost] [warning] [Decorations] CAPPING events from decorations provider vscode.git 566
[2022-07-12 13:17:30.260] [exthost] [warning] [Decorations] CAPPING events from decorations provider vscode.git 566
[2022-07-12 13:17:35.327] [exthost] [warning] [Decorations] CAPPING events from decorations provider vscode.git 566
[2022-07-12 13:17:35.804] [exthost] [info] Extension host terminating: received terminate message from renderer
[2022-07-12 13:17:35.804] [exthost] [info] Lock '/home/htmhqi/.vscode-server/data/User/workspaceStorage/b8b0059f5e879175db10163d2663be81/vscode.lock': Marking the lockfile as scheduled to be released in 6000 ms.
[2022-07-12 13:17:35.837] [exthost] [info] Extension host with pid 143 exiting with code 0
