[2022-06-26 11:22:40.972] [exthost] [info] Extension host with pid 146 started
[2022-06-26 11:22:40.985] [exthost] [info] Lock '/home/htmhqi/.vscode-server/data/User/workspaceStorage/b8b0059f5e879175db10163d2663be81/vscode.lock': Lock acquired.
[2022-06-26 11:22:41.025] [exthost] [info] ExtensionService#_doActivateExtension ms-python.python, startup: false, activationEvent: 'onLanguage:python'
[2022-06-26 11:22:41.263] [exthost] [info] ExtensionService#_doActivateExtension ms-toolsai.jupyter, startup: false, activationEvent: 'onLanguage:python'
[2022-06-26 11:22:41.507] [exthost] [info] ExtensionService#_doActivateExtension vscode.debug-auto-launch, startup: true, activationEvent: '*'
[2022-06-26 11:22:41.510] [exthost] [info] ExtensionService#_doActivateExtension vscode.git-base, startup: true, activationEvent: '*', root cause: vscode.git
[2022-06-26 11:22:41.514] [exthost] [info] ExtensionService#_doActivateExtension vscode.ipynb, startup: true, activationEvent: '*'
[2022-06-26 11:22:41.636] [exthost] [info] ExtensionService#_doActivateExtension vscode.git, startup: true, activationEvent: '*'
[2022-06-26 11:22:41.690] [exthost] [info] ExtensionService#_doActivateExtension vscode.github, startup: true, activationEvent: '*'
[2022-06-26 11:22:41.959] [exthost] [info] ExtensionService#_doActivateExtension ms-toolsai.jupyter-renderers, startup: false, activationEvent: 'api', root cause: ms-toolsai.jupyter
[2022-06-26 11:22:41.992] [exthost] [info] ExtensionService#_doActivateExtension vscode.emmet, startup: false, activationEvent: 'onStartupFinished'
[2022-06-26 11:22:42.005] [exthost] [info] ExtensionService#_doActivateExtension vscode.merge-conflict, startup: false, activationEvent: 'onStartupFinished'
[2022-06-26 11:22:42.008] [exthost] [info] Eager extensions activated
[2022-06-26 11:22:42.035] [exthost] [info] ExtensionService#_doActivateExtension ms-python.vscode-pylance, startup: false, activationEvent: 'onLanguage:python'
[2022-06-26 11:22:42.276] [exthost] [info] ExtensionService#_doActivateExtension vscode.configuration-editing, startup: false, activationEvent: 'onLanguage:jsonc'
[2022-06-26 11:22:42.282] [exthost] [info] ExtensionService#_doActivateExtension vscode.json-language-features, startup: false, activationEvent: 'onLanguage:jsonc'
[2022-06-26 11:22:42.325] [exthost] [info] ExtensionService#_doActivateExtension vscode.typescript-language-features, startup: false, activationEvent: 'onLanguage:jsonc'
[2022-06-26 11:22:42.492] [exthost] [warning] [Decorations] CAPPING events from decorations provider vscode.git 8739
[2022-06-26 11:22:46.825] [exthost] [warning] [Decorations] CAPPING events from decorations provider vscode.git 8741
[2022-06-26 11:22:51.933] [exthost] [warning] [Decorations] CAPPING events from decorations provider vscode.git 8741
[2022-06-26 11:22:57.040] [exthost] [warning] [Decorations] CAPPING events from decorations provider vscode.git 8741
[2022-06-26 11:23:02.137] [exthost] [warning] [Decorations] CAPPING events from decorations provider vscode.git 8741
[2022-06-26 11:23:07.307] [exthost] [warning] [Decorations] CAPPING events from decorations provider vscode.git 8741
[2022-06-26 11:23:12.407] [exthost] [warning] [Decorations] CAPPING events from decorations provider vscode.git 8741
[2022-06-26 11:23:17.506] [exthost] [warning] [Decorations] CAPPING events from decorations provider vscode.git 8741
[2022-06-26 11:23:22.608] [exthost] [warning] [Decorations] CAPPING events from decorations provider vscode.git 8741
[2022-06-26 11:23:27.716] [exthost] [warning] [Decorations] CAPPING events from decorations provider vscode.git 8741
[2022-06-26 11:23:32.825] [exthost] [warning] [Decorations] CAPPING events from decorations provider vscode.git 8741
[2022-06-26 11:23:37.995] [exthost] [warning] [Decorations] CAPPING events from decorations provider vscode.git 8741
[2022-06-26 11:23:43.095] [exthost] [warning] [Decorations] CAPPING events from decorations provider vscode.git 8741
[2022-06-26 11:23:48.204] [exthost] [warning] [Decorations] CAPPING events from decorations provider vscode.git 8741
[2022-06-26 11:23:53.319] [exthost] [warning] [Decorations] CAPPING events from decorations provider vscode.git 8741
[2022-06-26 11:23:58.430] [exthost] [warning] [Decorations] CAPPING events from decorations provider vscode.git 8741
[2022-06-26 11:24:03.539] [exthost] [warning] [Decorations] CAPPING events from decorations provider vscode.git 8741
[2022-06-26 11:24:08.642] [exthost] [warning] [Decorations] CAPPING events from decorations provider vscode.git 8741
[2022-06-26 11:24:13.745] [exthost] [warning] [Decorations] CAPPING events from decorations provider vscode.git 8741
[2022-06-26 11:24:18.860] [exthost] [warning] [Decorations] CAPPING events from decorations provider vscode.git 8741
[2022-06-26 11:24:23.970] [exthost] [warning] [Decorations] CAPPING events from decorations provider vscode.git 8741
[2022-06-26 11:24:29.080] [exthost] [warning] [Decorations] CAPPING events from decorations provider vscode.git 8741
[2022-06-26 11:24:34.180] [exthost] [warning] [Decorations] CAPPING events from decorations provider vscode.git 8741
[2022-06-26 11:24:39.282] [exthost] [warning] [Decorations] CAPPING events from decorations provider vscode.git 8741
[2022-06-26 11:24:44.387] [exthost] [warning] [Decorations] CAPPING events from decorations provider vscode.git 8741
[2022-06-26 11:24:49.504] [exthost] [warning] [Decorations] CAPPING events from decorations provider vscode.git 8741
[2022-06-26 11:24:54.612] [exthost] [warning] [Decorations] CAPPING events from decorations provider vscode.git 8741
[2022-06-26 11:24:59.722] [exthost] [warning] [Decorations] CAPPING events from decorations provider vscode.git 8741
[2022-06-26 11:25:04.833] [exthost] [warning] [Decorations] CAPPING events from decorations provider vscode.git 8741
[2022-06-26 11:25:09.938] [exthost] [warning] [Decorations] CAPPING events from decorations provider vscode.git 8741
[2022-06-26 11:25:15.049] [exthost] [warning] [Decorations] CAPPING events from decorations provider vscode.git 8741
[2022-06-26 11:25:20.160] [exthost] [warning] [Decorations] CAPPING events from decorations provider vscode.git 8741
[2022-06-26 11:25:25.271] [exthost] [warning] [Decorations] CAPPING events from decorations provider vscode.git 8741
[2022-06-26 11:25:30.378] [exthost] [warning] [Decorations] CAPPING events from decorations provider vscode.git 8741
[2022-06-26 11:25:35.483] [exthost] [warning] [Decorations] CAPPING events from decorations provider vscode.git 8741
[2022-06-26 11:25:40.588] [exthost] [warning] [Decorations] CAPPING events from decorations provider vscode.git 8741
[2022-06-26 11:25:45.698] [exthost] [warning] [Decorations] CAPPING events from decorations provider vscode.git 8741
[2022-06-26 11:25:50.809] [exthost] [warning] [Decorations] CAPPING events from decorations provider vscode.git 8741
[2022-06-26 11:25:55.912] [exthost] [warning] [Decorations] CAPPING events from decorations provider vscode.git 8741
[2022-06-26 11:26:01.019] [exthost] [warning] [Decorations] CAPPING events from decorations provider vscode.git 8741
[2022-06-26 11:26:06.124] [exthost] [warning] [Decorations] CAPPING events from decorations provider vscode.git 8741
[2022-06-26 11:26:11.230] [exthost] [warning] [Decorations] CAPPING events from decorations provider vscode.git 8741
[2022-06-26 11:26:16.338] [exthost] [warning] [Decorations] CAPPING events from decorations provider vscode.git 8741
[2022-06-26 11:26:21.442] [exthost] [warning] [Decorations] CAPPING events from decorations provider vscode.git 8741
[2022-06-26 11:26:26.543] [exthost] [warning] [Decorations] CAPPING events from decorations provider vscode.git 8741
[2022-06-26 11:26:31.649] [exthost] [warning] [Decorations] CAPPING events from decorations provider vscode.git 8741
[2022-06-26 11:26:36.755] [exthost] [warning] [Decorations] CAPPING events from decorations provider vscode.git 8741
[2022-06-26 11:26:41.863] [exthost] [warning] [Decorations] CAPPING events from decorations provider vscode.git 8741
[2022-06-26 11:26:46.965] [exthost] [warning] [Decorations] CAPPING events from decorations provider vscode.git 8741
[2022-06-26 11:26:52.066] [exthost] [warning] [Decorations] CAPPING events from decorations provider vscode.git 8741
[2022-06-26 11:26:57.178] [exthost] [warning] [Decorations] CAPPING events from decorations provider vscode.git 8741
[2022-06-26 11:27:02.289] [exthost] [warning] [Decorations] CAPPING events from decorations provider vscode.git 8741
[2022-06-26 11:27:07.400] [exthost] [warning] [Decorations] CAPPING events from decorations provider vscode.git 8741
[2022-06-26 11:27:09.738] [exthost] [info] ExtensionService#_doActivateExtension vscode.extension-editing, startup: false, activationEvent: 'onLanguage:json'
[2022-06-26 11:27:09.753] [exthost] [info] ExtensionService#_doActivateExtension vscode.npm, startup: false, activationEvent: 'onLanguage:json'
[2022-06-26 11:27:12.507] [exthost] [warning] [Decorations] CAPPING events from decorations provider vscode.git 8741
[2022-06-26 11:27:17.616] [exthost] [warning] [Decorations] CAPPING events from decorations provider vscode.git 8741
[2022-06-26 11:27:22.726] [exthost] [warning] [Decorations] CAPPING events from decorations provider vscode.git 8741
[2022-06-26 11:27:27.843] [exthost] [warning] [Decorations] CAPPING events from decorations provider vscode.git 8741
[2022-06-26 11:27:31.197] [exthost] [info] ExtensionService#_doActivateExtension vscode.markdown-language-features, startup: false, activationEvent: 'onLanguage:markdown'
[2022-06-26 11:27:31.285] [exthost] [warning] DiagnosticCollection with name 'markdown' does already exist.
[2022-06-26 11:27:31.463] [exthost] [info] ExtensionService#_doActivateExtension vscode.markdown-math, startup: false, activationEvent: 'api', root cause: vscode.markdown-language-features
[2022-06-26 11:27:32.960] [exthost] [warning] [Decorations] CAPPING events from decorations provider vscode.git 8741
[2022-06-26 11:27:38.071] [exthost] [warning] [Decorations] CAPPING events from decorations provider vscode.git 8741
[2022-06-26 11:27:43.183] [exthost] [warning] [Decorations] CAPPING events from decorations provider vscode.git 8741
[2022-06-26 11:27:48.292] [exthost] [warning] [Decorations] CAPPING events from decorations provider vscode.git 8741
[2022-06-26 11:27:53.400] [exthost] [warning] [Decorations] CAPPING events from decorations provider vscode.git 8741
[2022-06-26 11:27:58.508] [exthost] [warning] [Decorations] CAPPING events from decorations provider vscode.git 8741
[2022-06-26 11:28:03.606] [exthost] [warning] [Decorations] CAPPING events from decorations provider vscode.git 8741
[2022-06-26 11:28:08.711] [exthost] [warning] [Decorations] CAPPING events from decorations provider vscode.git 8741
[2022-06-26 11:28:13.823] [exthost] [warning] [Decorations] CAPPING events from decorations provider vscode.git 8741
[2022-06-26 11:28:18.933] [exthost] [warning] [Decorations] CAPPING events from decorations provider vscode.git 8741
[2022-06-26 11:28:24.040] [exthost] [warning] [Decorations] CAPPING events from decorations provider vscode.git 8741
[2022-06-26 11:28:29.146] [exthost] [warning] [Decorations] CAPPING events from decorations provider vscode.git 8741
[2022-06-26 11:28:34.295] [exthost] [warning] [Decorations] CAPPING events from decorations provider vscode.git 8741
[2022-06-26 11:28:39.453] [exthost] [warning] [Decorations] CAPPING events from decorations provider vscode.git 8741
[2022-06-26 11:28:44.629] [exthost] [warning] [Decorations] CAPPING events from decorations provider vscode.git 8741
[2022-06-26 11:28:49.741] [exthost] [warning] [Decorations] CAPPING events from decorations provider vscode.git 8741
[2022-06-26 11:28:54.857] [exthost] [warning] [Decorations] CAPPING events from decorations provider vscode.git 8741
[2022-06-26 11:28:59.978] [exthost] [warning] [Decorations] CAPPING events from decorations provider vscode.git 8741
[2022-06-26 11:29:25.233] [exthost] [warning] [Decorations] CAPPING events from decorations provider vscode.git 8741
[2022-06-26 11:29:30.476] [exthost] [warning] [Decorations] CAPPING events from decorations provider vscode.git 8741
[2022-06-26 11:29:35.588] [exthost] [warning] [Decorations] CAPPING events from decorations provider vscode.git 8741
[2022-06-26 11:29:40.700] [exthost] [warning] [Decorations] CAPPING events from decorations provider vscode.git 8741
[2022-06-26 11:29:45.824] [exthost] [warning] [Decorations] CAPPING events from decorations provider vscode.git 8741
[2022-06-26 11:29:50.940] [exthost] [warning] [Decorations] CAPPING events from decorations provider vscode.git 8741
[2022-06-26 11:29:56.060] [exthost] [warning] [Decorations] CAPPING events from decorations provider vscode.git 8741
[2022-06-26 11:30:01.181] [exthost] [warning] [Decorations] CAPPING events from decorations provider vscode.git 8741
[2022-06-26 11:30:06.291] [exthost] [warning] [Decorations] CAPPING events from decorations provider vscode.git 8741
[2022-06-26 11:30:11.409] [exthost] [warning] [Decorations] CAPPING events from decorations provider vscode.git 8741
[2022-06-26 11:30:16.525] [exthost] [warning] [Decorations] CAPPING events from decorations provider vscode.git 8741
[2022-06-26 11:30:21.634] [exthost] [warning] [Decorations] CAPPING events from decorations provider vscode.git 8741
[2022-06-26 11:30:26.753] [exthost] [warning] [Decorations] CAPPING events from decorations provider vscode.git 8741
[2022-06-26 11:30:31.874] [exthost] [warning] [Decorations] CAPPING events from decorations provider vscode.git 8741
[2022-06-26 11:30:36.986] [exthost] [warning] [Decorations] CAPPING events from decorations provider vscode.git 8741
[2022-06-26 11:30:42.103] [exthost] [warning] [Decorations] CAPPING events from decorations provider vscode.git 8741
[2022-06-26 11:30:47.214] [exthost] [warning] [Decorations] CAPPING events from decorations provider vscode.git 8741
[2022-06-26 11:30:52.328] [exthost] [warning] [Decorations] CAPPING events from decorations provider vscode.git 8741
[2022-06-26 11:30:57.444] [exthost] [warning] [Decorations] CAPPING events from decorations provider vscode.git 8741
[2022-06-26 11:31:02.560] [exthost] [warning] [Decorations] CAPPING events from decorations provider vscode.git 8741
[2022-06-26 11:31:07.678] [exthost] [warning] [Decorations] CAPPING events from decorations provider vscode.git 8741
[2022-06-26 11:31:12.795] [exthost] [warning] [Decorations] CAPPING events from decorations provider vscode.git 8741
[2022-06-26 11:31:17.919] [exthost] [warning] [Decorations] CAPPING events from decorations provider vscode.git 8741
[2022-06-26 11:31:23.043] [exthost] [warning] [Decorations] CAPPING events from decorations provider vscode.git 8741
[2022-06-26 11:31:25.248] [exthost] [warning] [Decorations] CAPPING events from decorations provider vscode.git 8741
[2022-06-26 11:31:28.164] [exthost] [warning] [Decorations] CAPPING events from decorations provider vscode.git 8741
[2022-06-26 11:31:33.409] [exthost] [warning] [Decorations] CAPPING events from decorations provider vscode.git 8741
[2022-06-26 11:31:38.641] [exthost] [warning] [Decorations] CAPPING events from decorations provider vscode.git 8741
[2022-06-26 11:31:43.756] [exthost] [warning] [Decorations] CAPPING events from decorations provider vscode.git 8741
[2022-06-26 11:31:48.877] [exthost] [warning] [Decorations] CAPPING events from decorations provider vscode.git 8741
[2022-06-26 11:31:53.997] [exthost] [warning] [Decorations] CAPPING events from decorations provider vscode.git 8741
[2022-06-26 11:32:05.612] [exthost] [warning] [Decorations] CAPPING events from decorations provider vscode.git 8741
[2022-06-26 11:32:05.800] [exthost] [warning] [Decorations] CAPPING events from decorations provider vscode.git 8741
[2022-06-26 11:32:10.925] [exthost] [warning] [Decorations] CAPPING events from decorations provider vscode.git 8741
[2022-06-26 11:32:16.042] [exthost] [warning] [Decorations] CAPPING events from decorations provider vscode.git 8741
[2022-06-26 11:32:21.162] [exthost] [warning] [Decorations] CAPPING events from decorations provider vscode.git 8741
[2022-06-26 11:32:26.281] [exthost] [warning] [Decorations] CAPPING events from decorations provider vscode.git 8741
[2022-06-26 11:32:31.391] [exthost] [warning] [Decorations] CAPPING events from decorations provider vscode.git 8741
[2022-06-26 11:52:13.986] [exthost] [warning] [Decorations] CAPPING events from decorations provider vscode.git 8741
[2022-06-26 11:52:19.100] [exthost] [warning] [Decorations] CAPPING events from decorations provider vscode.git 8741
[2022-06-26 11:52:24.221] [exthost] [warning] [Decorations] CAPPING events from decorations provider vscode.git 8741
[2022-06-26 11:52:29.339] [exthost] [warning] [Decorations] CAPPING events from decorations provider vscode.git 8741
[2022-06-26 11:52:34.457] [exthost] [warning] [Decorations] CAPPING events from decorations provider vscode.git 8741
[2022-06-26 11:52:39.570] [exthost] [warning] [Decorations] CAPPING events from decorations provider vscode.git 8741
[2022-06-26 11:52:44.695] [exthost] [warning] [Decorations] CAPPING events from decorations provider vscode.git 8741
[2022-06-26 11:52:49.812] [exthost] [warning] [Decorations] CAPPING events from decorations provider vscode.git 8741
[2022-06-26 11:52:54.931] [exthost] [warning] [Decorations] CAPPING events from decorations provider vscode.git 8741
[2022-06-26 11:53:00.049] [exthost] [warning] [Decorations] CAPPING events from decorations provider vscode.git 8741
[2022-06-26 11:53:05.159] [exthost] [warning] [Decorations] CAPPING events from decorations provider vscode.git 8741
[2022-06-26 11:53:10.270] [exthost] [warning] [Decorations] CAPPING events from decorations provider vscode.git 8741
[2022-06-26 11:53:12.480] [exthost] [warning] ms-python.python - Code actions of kind 'quickfix 'requested but returned code action is of kind 'refactor.extract'. Code action will be dropped. Please check 'CodeActionContext.only' to only return requested code actions.
[2022-06-26 11:53:12.480] [exthost] [warning] ms-python.python - Code actions of kind 'quickfix 'requested but returned code action is of kind 'refactor.extract'. Code action will be dropped. Please check 'CodeActionContext.only' to only return requested code actions.
[2022-06-26 11:53:15.381] [exthost] [warning] [Decorations] CAPPING events from decorations provider vscode.git 8741
[2022-06-26 11:53:20.499] [exthost] [warning] [Decorations] CAPPING events from decorations provider vscode.git 8744
[2022-06-26 11:53:25.615] [exthost] [warning] [Decorations] CAPPING events from decorations provider vscode.git 8744
[2022-06-26 11:53:30.728] [exthost] [warning] [Decorations] CAPPING events from decorations provider vscode.git 8744
[2022-06-26 11:53:35.845] [exthost] [warning] [Decorations] CAPPING events from decorations provider vscode.git 8746
[2022-06-26 11:53:40.967] [exthost] [warning] [Decorations] CAPPING events from decorations provider vscode.git 8746
[2022-06-26 11:53:46.095] [exthost] [warning] [Decorations] CAPPING events from decorations provider vscode.git 8746
[2022-06-26 11:53:49.805] [exthost] [info] Extension host terminating: received terminate message from renderer
[2022-06-26 11:53:49.806] [exthost] [info] Lock '/home/htmhqi/.vscode-server/data/User/workspaceStorage/b8b0059f5e879175db10163d2663be81/vscode.lock': Marking the lockfile as scheduled to be released in 6000 ms.
[2022-06-26 11:53:49.831] [exthost] [info] Extension host with pid 146 exiting with code 0
