[2022-07-12 13:17:38.396] [exthost] [info] Extension host with pid 8945 started
[2022-07-12 13:17:38.408] [exthost] [info] Lock '/home/htmhqi/.vscode-server/data/User/workspaceStorage/553eb68704783c3890033cee72b19be7/vscode.lock': Lock acquired.
[2022-07-12 13:17:38.458] [exthost] [info] ExtensionService#_doActivateExtension vscode.debug-auto-launch, startup: true, activationEvent: '*'
[2022-07-12 13:17:38.464] [exthost] [info] ExtensionService#_doActivateExtension vscode.git-base, startup: true, activationEvent: '*', root cause: vscode.git
[2022-07-12 13:17:38.468] [exthost] [info] ExtensionService#_doActivateExtension vscode.ipynb, startup: true, activationEvent: '*'
[2022-07-12 13:17:38.500] [exthost] [info] ExtensionService#_doActivateExtension vscode.git, startup: true, activationEvent: '*'
[2022-07-12 13:17:38.595] [exthost] [info] ExtensionService#_doActivateExtension vscode.github, startup: true, activationEvent: '*'
[2022-07-12 13:17:38.657] [exthost] [info] ExtensionService#_doActivateExtension vscode.emmet, startup: false, activationEvent: 'onStartupFinished'
[2022-07-12 13:17:38.670] [exthost] [info] ExtensionService#_doActivateExtension vscode.merge-conflict, startup: false, activationEvent: 'onStartupFinished'
[2022-07-12 13:17:38.674] [exthost] [info] Eager extensions activated
[2022-07-12 13:17:38.788] [exthost] [warning] [Decorations] CAPPING events from decorations provider vscode.git 569
[2022-07-12 13:17:39.043] [exthost] [warning] [Decorations] CAPPING events from decorations provider vscode.git 569
[2022-07-12 13:17:40.512] [exthost] [warning] [Decorations] CAPPING events from decorations provider vscode.git 569
[2022-07-12 13:17:45.567] [exthost] [warning] [Decorations] CAPPING events from decorations provider vscode.git 569
[2022-07-12 13:17:50.637] [exthost] [warning] [Decorations] CAPPING events from decorations provider vscode.git 569
[2022-07-12 13:17:55.695] [exthost] [warning] [Decorations] CAPPING events from decorations provider vscode.git 569
[2022-07-12 13:18:00.748] [exthost] [warning] [Decorations] CAPPING events from decorations provider vscode.git 569
[2022-07-12 13:18:05.798] [exthost] [warning] [Decorations] CAPPING events from decorations provider vscode.git 569
[2022-07-12 13:18:07.990] [exthost] [info] Extension host terminating: received terminate message from renderer
[2022-07-12 13:18:07.991] [exthost] [info] Lock '/home/htmhqi/.vscode-server/data/User/workspaceStorage/553eb68704783c3890033cee72b19be7/vscode.lock': Marking the lockfile as scheduled to be released in 6000 ms.
[2022-07-12 13:18:07.998] [exthost] [info] Extension host with pid 8945 exiting with code 0
