[2022-07-02T03:39:09.805Z] Log level: Info
[2022-07-02T03:39:09.807Z] [info] Validating found git in: git
[2022-07-02T03:39:09.827Z] [info] Using git 2.25.1 from git
[2022-07-02T03:39:09.857Z] > git rev-parse --show-toplevel [23ms]
[2022-07-02T03:39:09.877Z] > git rev-parse --git-dir --git-common-dir [14ms]
[2022-07-02T03:39:09.881Z] [info] Open repository: /home/htmhqi
[2022-07-02T03:39:09.946Z] > git status -z -uall [61ms]
[2022-07-02T03:39:09.951Z] > git symbolic-ref --short HEAD [1ms]
[2022-07-02T03:39:09.956Z] > git for-each-ref --format=%(refname)%00%(upstream:short)%00%(objectname)%00%(upstream:track)%00%(upstream:remotename)%00%(upstream:remoteref) refs/heads/test_skills refs/remotes/test_skills [2ms]
[2022-07-02T03:39:09.963Z] > git remote --verbose [1ms]
[2022-07-02T03:39:09.963Z] > git for-each-ref --sort -committerdate --format %(refname) %(objectname) %(*objectname) [4ms]
[2022-07-02T03:39:09.969Z] > git config --get commit.template [1ms]
[2022-07-02T03:39:14.697Z] > git status -z -uall [17ms]
[2022-07-02T03:39:14.699Z] > git symbolic-ref --short HEAD [0ms]
[2022-07-02T03:39:14.702Z] > git for-each-ref --format=%(refname)%00%(upstream:short)%00%(objectname)%00%(upstream:track)%00%(upstream:remotename)%00%(upstream:remoteref) refs/heads/test_skills refs/remotes/test_skills [0ms]
[2022-07-02T03:39:14.707Z] > git remote --verbose [0ms]
[2022-07-02T03:39:14.708Z] > git for-each-ref --sort -committerdate --format %(refname) %(objectname) %(*objectname) [4ms]
[2022-07-02T03:39:14.711Z] > git config --get commit.template [1ms]
[2022-07-02T03:39:15.278Z] > git check-ignore -v -z --stdin [2ms]
[2022-07-02T03:39:19.731Z] > git status -z -uall [17ms]
[2022-07-02T03:39:19.733Z] > git symbolic-ref --short HEAD [0ms]
[2022-07-02T03:39:19.736Z] > git for-each-ref --format=%(refname)%00%(upstream:short)%00%(objectname)%00%(upstream:track)%00%(upstream:remotename)%00%(upstream:remoteref) refs/heads/test_skills refs/remotes/test_skills [1ms]
[2022-07-02T03:39:19.740Z] > git remote --verbose [1ms]
[2022-07-02T03:39:19.740Z] > git for-each-ref --sort -committerdate --format %(refname) %(objectname) %(*objectname) [2ms]
[2022-07-02T03:39:19.743Z] > git config --get commit.template [0ms]
[2022-07-02T03:39:24.763Z] > git status -z -uall [17ms]
[2022-07-02T03:39:24.765Z] > git symbolic-ref --short HEAD [0ms]
[2022-07-02T03:39:24.768Z] > git for-each-ref --format=%(refname)%00%(upstream:short)%00%(objectname)%00%(upstream:track)%00%(upstream:remotename)%00%(upstream:remoteref) refs/heads/test_skills refs/remotes/test_skills [1ms]
[2022-07-02T03:39:24.772Z] > git remote --verbose [1ms]
[2022-07-02T03:39:24.772Z] > git for-each-ref --sort -committerdate --format %(refname) %(objectname) %(*objectname) [2ms]
[2022-07-02T03:39:24.776Z] > git config --get commit.template [1ms]
[2022-07-02T03:39:26.178Z] > git check-ignore -v -z --stdin [5ms]
