Experiment 'pythonaacf' is active
Experiment 'pythonTensorboardExperiment' is active
Experiment 'PythonPyTorchProfiler' is active
LSP Notebooks experiment is disabled -- not in treatment group
> conda info --json
> C:\Users\IMRRO\AppData\Local\Microsoft\WindowsApps\python3.10.exe -c "import sys;print(sys.executable)"
> C:\Users\IMRRO\AppData\Local\Microsoft\WindowsApps\python3.10.exe -c "import sys;print(sys.executable)"
> C:\Users\IMRRO\AppData\Local\Microsoft\WindowsApps\python3.10.exe -c "import sys;print(sys.executable)"
[ERROR 2022-5-23 19:30:13.151]: [Error: Command failed: C:\Users\IMRRO\AppData\Local\Microsoft\WindowsApps\python3.10.exe -c "import sys;print(sys.executable)"
/bin/sh: 1: C:UsersIMRROAppDataLocalMicrosoftWindowsAppspython3.10.exe: Permission denied

	at ChildProcess.exithandler (node:child_process:397:12)
	at ChildProcess.emit (node:events:390:28)
	at maybeClose (node:internal/child_process:1064:16)
	at Socket.<anonymous> (node:internal/child_process:450:11)
	at Socket.emit (node:events:390:28)
	at Pipe.<anonymous> (node:net:687:12)] {
  killed: false,
  code: 127,
  signal: null,
  cmd: 'C:\\Users\\IMRRO\\AppData\\Local\\Microsoft\\WindowsApps\\python3.10.exe -c "import sys;print(sys.executable)"'
}
[ERROR 2022-5-23 19:30:13.154]: [Error: Command failed: C:\Users\IMRRO\AppData\Local\Microsoft\WindowsApps\python3.10.exe -c "import sys;print(sys.executable)"
/bin/sh: 1: C:UsersIMRROAppDataLocalMicrosoftWindowsAppspython3.10.exe: Permission denied

	at ChildProcess.exithandler (node:child_process:397:12)
	at ChildProcess.emit (node:events:390:28)
	at maybeClose (node:internal/child_process:1064:16)
	at Socket.<anonymous> (node:internal/child_process:450:11)
	at Socket.emit (node:events:390:28)
	at Pipe.<anonymous> (node:net:687:12)] {
  killed: false,
  code: 127,
  signal: null,
  cmd: 'C:\\Users\\IMRRO\\AppData\\Local\\Microsoft\\WindowsApps\\python3.10.exe -c "import sys;print(sys.executable)"'
}
[ERROR 2022-5-23 19:30:13.155]: [Error: Command failed: C:\Users\IMRRO\AppData\Local\Microsoft\WindowsApps\python3.10.exe -c "import sys;print(sys.executable)"
/bin/sh: 1: C:UsersIMRROAppDataLocalMicrosoftWindowsAppspython3.10.exe: Permission denied

	at ChildProcess.exithandler (node:child_process:397:12)
	at ChildProcess.emit (node:events:390:28)
	at maybeClose (node:internal/child_process:1064:16)
	at Socket.<anonymous> (node:internal/child_process:450:11)
	at Socket.emit (node:events:390:28)
	at Pipe.<anonymous> (node:net:687:12)] {
  killed: false,
  code: 127,
  signal: null,
  cmd: 'C:\\Users\\IMRRO\\AppData\\Local\\Microsoft\\WindowsApps\\python3.10.exe -c "import sys;print(sys.executable)"'
}
> C:\Users\IMRRO\AppData\Local\Microsoft\WindowsApps\python3.10.exe -c "import sys;print(sys.executable)"
[ERROR 2022-5-23 19:30:14.290]: [Error: Command failed: C:\Users\IMRRO\AppData\Local\Microsoft\WindowsApps\python3.10.exe -c "import sys;print(sys.executable)"
/bin/sh: 1: C:UsersIMRROAppDataLocalMicrosoftWindowsAppspython3.10.exe: Permission denied

	at ChildProcess.exithandler (node:child_process:397:12)
	at ChildProcess.emit (node:events:390:28)
	at maybeClose (node:internal/child_process:1064:16)
	at Socket.<anonymous> (node:internal/child_process:450:11)
	at Socket.emit (node:events:390:28)
	at Pipe.<anonymous> (node:net:687:12)] {
  killed: false,
  code: 127,
  signal: null,
  cmd: 'C:\\Users\\IMRRO\\AppData\\Local\\Microsoft\\WindowsApps\\python3.10.exe -c "import sys;print(sys.executable)"'
}
> C:\Users\IMRRO\AppData\Local\Microsoft\WindowsApps\python3.10.exe -c "import sys;print(sys.executable)"
> C:\Users\IMRRO\AppData\Local\Microsoft\WindowsApps\python3.10.exe -c "import sys;print(sys.executable)"
[ERROR 2022-5-23 19:30:14.371]: [Error: Command failed: C:\Users\IMRRO\AppData\Local\Microsoft\WindowsApps\python3.10.exe -c "import sys;print(sys.executable)"
/bin/sh: 1: C:UsersIMRROAppDataLocalMicrosoftWindowsAppspython3.10.exe: Permission denied

	at ChildProcess.exithandler (node:child_process:397:12)
	at ChildProcess.emit (node:events:390:28)
	at maybeClose (node:internal/child_process:1064:16)
	at Socket.<anonymous> (node:internal/child_process:450:11)
	at Socket.emit (node:events:390:28)
	at Pipe.<anonymous> (node:net:687:12)] {
  killed: false,
  code: 127,
  signal: null,
  cmd: 'C:\\Users\\IMRRO\\AppData\\Local\\Microsoft\\WindowsApps\\python3.10.exe -c "import sys;print(sys.executable)"'
}
[ERROR 2022-5-23 19:30:14.378]: [Error: Command failed: C:\Users\IMRRO\AppData\Local\Microsoft\WindowsApps\python3.10.exe -c "import sys;print(sys.executable)"
/bin/sh: 1: C:UsersIMRROAppDataLocalMicrosoftWindowsAppspython3.10.exe: Permission denied

	at ChildProcess.exithandler (node:child_process:397:12)
	at ChildProcess.emit (node:events:390:28)
	at maybeClose (node:internal/child_process:1064:16)
	at Socket.<anonymous> (node:internal/child_process:450:11)
	at Socket.emit (node:events:390:28)
	at Pipe.<anonymous> (node:net:687:12)] {
  killed: false,
  code: 127,
  signal: null,
  cmd: 'C:\\Users\\IMRRO\\AppData\\Local\\Microsoft\\WindowsApps\\python3.10.exe -c "import sys;print(sys.executable)"'
}
> C:\Users\IMRRO\AppData\Local\Microsoft\WindowsApps\python3.10.exe -c "import sys;print(sys.executable)"
[ERROR 2022-5-23 19:30:14.423]: [Error: Command failed: C:\Users\IMRRO\AppData\Local\Microsoft\WindowsApps\python3.10.exe -c "import sys;print(sys.executable)"
/bin/sh: 1: C:UsersIMRROAppDataLocalMicrosoftWindowsAppspython3.10.exe: Permission denied

	at ChildProcess.exithandler (node:child_process:397:12)
	at ChildProcess.emit (node:events:390:28)
	at maybeClose (node:internal/child_process:1064:16)
	at Socket.<anonymous> (node:internal/child_process:450:11)
	at Socket.emit (node:events:390:28)
	at Pipe.<anonymous> (node:net:687:12)] {
  killed: false,
  code: 127,
  signal: null,
  cmd: 'C:\\Users\\IMRRO\\AppData\\Local\\Microsoft\\WindowsApps\\python3.10.exe -c "import sys;print(sys.executable)"'
}
> C:\Users\IMRRO\AppData\Local\Microsoft\WindowsApps\python3.10.exe ~/.vscode-server/extensions/ms-python.python-2022.8.0/pythonFiles/get_output_via_markers.py ~/.vscode-server/extensions/ms-python.python-2022.8.0/pythonFiles/interpreterInfo.py
[ERROR 2022-5-23 19:30:14.496]: [Error: Command failed: C:\Users\IMRRO\AppData\Local\Microsoft\WindowsApps\python3.10.exe /home/htmhqi/.vscode-server/extensions/ms-python.python-2022.8.0/pythonFiles/get_output_via_markers.py /home/htmhqi/.vscode-server/extensions/ms-python.python-2022.8.0/pythonFiles/interpreterInfo.py
/bin/sh: 1: C:UsersIMRROAppDataLocalMicrosoftWindowsAppspython3.10.exe: Permission denied

	at ChildProcess.exithandler (node:child_process:397:12)
	at ChildProcess.emit (node:events:390:28)
	at maybeClose (node:internal/child_process:1064:16)
	at Socket.<anonymous> (node:internal/child_process:450:11)
	at Socket.emit (node:events:390:28)
	at Pipe.<anonymous> (node:net:687:12)] {
  killed: false,
  code: 127,
  signal: null,
  cmd: 'C:\\Users\\IMRRO\\AppData\\Local\\Microsoft\\WindowsApps\\python3.10.exe /home/htmhqi/.vscode-server/extensions/ms-python.python-2022.8.0/pythonFiles/get_output_via_markers.py /home/htmhqi/.vscode-server/extensions/ms-python.python-2022.8.0/pythonFiles/interpreterInfo.py'
}
Starting Pylance language server.
Diagnostic Code: NoPythonInterpretersDiagnostic, Message: Python is not installed. Please download and install Python before using the extension.
