[2022-06-23T23:30:12.303Z] Log level: Info
[2022-06-23T23:30:12.305Z] [info] Validating found git in: git
[2022-06-23T23:30:12.538Z] [info] Using git 2.25.1 from git
[2022-06-23T23:30:12.686Z] > git rev-parse --show-toplevel [139ms]
[2022-06-23T23:30:12.695Z] > git rev-parse --git-dir --git-common-dir [0ms]
[2022-06-23T23:30:12.699Z] [info] Open repository: /home/htmhqi
[2022-06-23T23:30:12.987Z] > git status -z -uall [281ms]
[2022-06-23T23:30:12.994Z] > git symbolic-ref --short HEAD [3ms]
[2022-06-23T23:30:13.031Z] > git for-each-ref --format=%(refname)%00%(upstream:short)%00%(objectname)%00%(upstream:track)%00%(upstream:remotename)%00%(upstream:remoteref) refs/heads/test_skills refs/remotes/test_skills [33ms]
[2022-06-23T23:30:13.048Z] > git remote --verbose [6ms]
[2022-06-23T23:30:13.048Z] > git for-each-ref --sort -committerdate --format %(refname) %(objectname) %(*objectname) [11ms]
[2022-06-23T23:30:13.181Z] > git config --get commit.template [47ms]
[2022-06-23T23:30:14.284Z] > git show --textconv :scripts/Unit_Test.py [1112ms]
[2022-06-23T23:30:14.284Z] > git ls-files --stage -- /home/htmhqi/scripts/Unit_Test.py [1106ms]
[2022-06-23T23:30:14.317Z] > git cat-file -s ea1fa653abd5be89ccf8d7691a1d57d76ba41c38 [28ms]
[2022-06-23T23:30:14.319Z] > git check-ignore -v -z --stdin [8ms]
[2022-06-23T23:30:17.399Z] > git status -z -uall [23ms]
[2022-06-23T23:30:17.405Z] > git symbolic-ref --short HEAD [1ms]
[2022-06-23T23:30:17.410Z] > git for-each-ref --format=%(refname)%00%(upstream:short)%00%(objectname)%00%(upstream:track)%00%(upstream:remotename)%00%(upstream:remoteref) refs/heads/test_skills refs/remotes/test_skills [1ms]
[2022-06-23T23:30:17.420Z] > git remote --verbose [1ms]
[2022-06-23T23:30:17.420Z] > git for-each-ref --sort -committerdate --format %(refname) %(objectname) %(*objectname) [6ms]
[2022-06-23T23:30:17.484Z] > git config --get commit.template [0ms]
[2022-06-23T23:30:22.687Z] > git status -z -uall [22ms]
[2022-06-23T23:30:22.692Z] > git symbolic-ref --short HEAD [1ms]
[2022-06-23T23:30:22.696Z] > git for-each-ref --format=%(refname)%00%(upstream:short)%00%(objectname)%00%(upstream:track)%00%(upstream:remotename)%00%(upstream:remoteref) refs/heads/test_skills refs/remotes/test_skills [0ms]
[2022-06-23T23:30:22.704Z] > git remote --verbose [1ms]
[2022-06-23T23:30:22.704Z] > git for-each-ref --sort -committerdate --format %(refname) %(objectname) %(*objectname) [4ms]
[2022-06-23T23:30:22.771Z] > git config --get commit.template [1ms]
[2022-06-23T23:30:27.804Z] > git status -z -uall [23ms]
[2022-06-23T23:30:27.810Z] > git symbolic-ref --short HEAD [1ms]
[2022-06-23T23:30:27.815Z] > git for-each-ref --format=%(refname)%00%(upstream:short)%00%(objectname)%00%(upstream:track)%00%(upstream:remotename)%00%(upstream:remoteref) refs/heads/test_skills refs/remotes/test_skills [0ms]
[2022-06-23T23:30:27.825Z] > git remote --verbose [1ms]
[2022-06-23T23:30:27.825Z] > git for-each-ref --sort -committerdate --format %(refname) %(objectname) %(*objectname) [5ms]
[2022-06-23T23:30:27.886Z] > git config --get commit.template [5ms]
[2022-06-23T23:30:37.921Z] > git status -z -uall [27ms]
[2022-06-23T23:30:37.927Z] > git symbolic-ref --short HEAD [1ms]
[2022-06-23T23:30:37.932Z] > git for-each-ref --format=%(refname)%00%(upstream:short)%00%(objectname)%00%(upstream:track)%00%(upstream:remotename)%00%(upstream:remoteref) refs/heads/test_skills refs/remotes/test_skills [1ms]
[2022-06-23T23:30:37.941Z] > git remote --verbose [1ms]
[2022-06-23T23:30:37.941Z] > git for-each-ref --sort -committerdate --format %(refname) %(objectname) %(*objectname) [5ms]
[2022-06-23T23:30:38.062Z] > git config --get commit.template [2ms]
