[2022-07-01T01:32:09.385Z] Log level: Info
[2022-07-01T01:32:09.386Z] [info] Validating found git in: git
[2022-07-01T01:32:09.792Z] [info] Using git 2.25.1 from git
[2022-07-01T01:32:09.872Z] > git rev-parse --show-toplevel [70ms]
[2022-07-01T01:32:09.899Z] > git rev-parse --git-dir --git-common-dir [21ms]
[2022-07-01T01:32:09.904Z] [info] Open repository: /home/htmhqi
[2022-07-01T01:32:09.959Z] > git status -z -uall [47ms]
[2022-07-01T01:32:09.968Z] > git symbolic-ref --short HEAD [4ms]
[2022-07-01T01:32:09.975Z] > git for-each-ref --format=%(refname)%00%(upstream:short)%00%(objectname)%00%(upstream:track)%00%(upstream:remotename)%00%(upstream:remoteref) refs/heads/test_skills refs/remotes/test_skills [2ms]
[2022-07-01T01:32:09.990Z] > git remote --verbose [1ms]
[2022-07-01T01:32:09.991Z] > git for-each-ref --sort -committerdate --format %(refname) %(objectname) %(*objectname) [10ms]
[2022-07-01T01:32:10.509Z] > git config --get commit.template [94ms]
[2022-07-01T01:32:10.510Z] > git check-ignore -v -z --stdin [6ms]
[2022-07-01T01:32:10.564Z] > git show --textconv :scripts/test.py [13ms]
[2022-07-01T01:32:10.564Z] > git ls-files --stage -- /home/htmhqi/scripts/test.py [7ms]
[2022-07-01T01:32:10.572Z] > git cat-file -s 16d09fac193fdf168b6cb93bc878e287c222eb89 [1ms]
[2022-07-01T01:32:13.540Z] > git branch [2ms]
[2022-07-01T01:32:13.564Z] > git reset -q HEAD -- . [18ms]
[2022-07-01T01:32:13.594Z] > git status -z -uall [23ms]
[2022-07-01T01:32:13.601Z] > git symbolic-ref --short HEAD [0ms]
[2022-07-01T01:32:13.607Z] > git for-each-ref --format=%(refname)%00%(upstream:short)%00%(objectname)%00%(upstream:track)%00%(upstream:remotename)%00%(upstream:remoteref) refs/heads/test_skills refs/remotes/test_skills [0ms]
[2022-07-01T01:32:13.620Z] > git remote --verbose [2ms]
[2022-07-01T01:32:13.620Z] > git for-each-ref --sort -committerdate --format %(refname) %(objectname) %(*objectname) [7ms]
[2022-07-01T01:32:13.654Z] > git config --get commit.template [4ms]
[2022-07-01T01:32:14.080Z] > git status -z -uall [351ms]
[2022-07-01T01:32:14.088Z] > git symbolic-ref --short HEAD [0ms]
[2022-07-01T01:32:14.095Z] > git for-each-ref --format=%(refname)%00%(upstream:short)%00%(objectname)%00%(upstream:track)%00%(upstream:remotename)%00%(upstream:remoteref) refs/heads/test_skills refs/remotes/test_skills [1ms]
[2022-07-01T01:32:14.107Z] > git remote --verbose [1ms]
[2022-07-01T01:32:14.107Z] > git for-each-ref --sort -committerdate --format %(refname) %(objectname) %(*objectname) [6ms]
[2022-07-01T01:32:14.136Z] > git config --get commit.template [0ms]
[2022-07-01T01:32:14.934Z] > git ls-files --stage -- /home/htmhqi/scripts/test.py [2ms]
[2022-07-01T01:32:14.941Z] > git cat-file -s 16d09fac193fdf168b6cb93bc878e287c222eb89 [1ms]
[2022-07-01T01:32:14.955Z] > git show --textconv :scripts/test.py [1ms]
[2022-07-01T01:32:17.505Z] > git check-ignore -v -z --stdin [7ms]
[2022-07-01T01:32:19.168Z] > git status -z -uall [24ms]
[2022-07-01T01:32:19.174Z] > git symbolic-ref --short HEAD [0ms]
[2022-07-01T01:32:19.182Z] > git for-each-ref --format=%(refname)%00%(upstream:short)%00%(objectname)%00%(upstream:track)%00%(upstream:remotename)%00%(upstream:remoteref) refs/heads/test_skills refs/remotes/test_skills [3ms]
[2022-07-01T01:32:19.196Z] > git remote --verbose [1ms]
[2022-07-01T01:32:19.196Z] > git for-each-ref --sort -committerdate --format %(refname) %(objectname) %(*objectname) [8ms]
[2022-07-01T01:32:19.267Z] > git config --get commit.template [20ms]
[2022-07-01T01:32:25.120Z] > git status -z -uall [26ms]
[2022-07-01T01:32:25.125Z] > git symbolic-ref --short HEAD [1ms]
[2022-07-01T01:32:25.130Z] > git for-each-ref --format=%(refname)%00%(upstream:short)%00%(objectname)%00%(upstream:track)%00%(upstream:remotename)%00%(upstream:remoteref) refs/heads/test_skills refs/remotes/test_skills [1ms]
[2022-07-01T01:32:25.138Z] > git remote --verbose [1ms]
[2022-07-01T01:32:25.138Z] > git for-each-ref --sort -committerdate --format %(refname) %(objectname) %(*objectname) [4ms]
[2022-07-01T01:32:25.162Z] > git config --get commit.template [1ms]
[2022-07-01T01:32:30.198Z] > git status -z -uall [30ms]
[2022-07-01T01:32:30.203Z] > git symbolic-ref --short HEAD [0ms]
[2022-07-01T01:32:30.209Z] > git for-each-ref --format=%(refname)%00%(upstream:short)%00%(objectname)%00%(upstream:track)%00%(upstream:remotename)%00%(upstream:remoteref) refs/heads/test_skills refs/remotes/test_skills [1ms]
[2022-07-01T01:32:30.218Z] > git remote --verbose [1ms]
[2022-07-01T01:32:30.218Z] > git for-each-ref --sort -committerdate --format %(refname) %(objectname) %(*objectname) [5ms]
[2022-07-01T01:32:30.242Z] > git config --get commit.template [3ms]
