Experiment 'pythonaacf' is active
Experiment 'pythonTensorboardExperiment' is active
Experiment 'PythonPyTorchProfiler' is active
LSP Notebooks experiment is disabled -- not in treatment group
> conda info --json
> C:\Users\IMRRO\AppData\Local\Microsoft\WindowsApps\python3.10.exe -c "import sys;print(sys.executable)"
> C:\Users\IMRRO\AppData\Local\Microsoft\WindowsApps\python3.10.exe -c "import sys;print(sys.executable)"
[ERROR 2022-6-12 11:16:13.283]: [Error: Command failed: C:\Users\IMRRO\AppData\Local\Microsoft\WindowsApps\python3.10.exe -c "import sys;print(sys.executable)"
/bin/sh: 1: C:UsersIMRROAppDataLocalMicrosoftWindowsAppspython3.10.exe: Permission denied

	at ChildProcess.exithandler (node:child_process:397:12)
	at ChildProcess.emit (node:events:390:28)
	at maybeClose (node:internal/child_process:1064:16)
	at Socket.<anonymous> (node:internal/child_process:450:11)
	at Socket.emit (node:events:390:28)
	at Pipe.<anonymous> (node:net:687:12)] {
  killed: false,
  code: 127,
  signal: null,
  cmd: 'C:\\Users\\IMRRO\\AppData\\Local\\Microsoft\\WindowsApps\\python3.10.exe -c "import sys;print(sys.executable)"'
}
> C:\Users\IMRRO\AppData\Local\Microsoft\WindowsApps\python3.10.exe -c "import sys;print(sys.executable)"
[ERROR 2022-6-12 11:16:13.318]: [Error: Command failed: C:\Users\IMRRO\AppData\Local\Microsoft\WindowsApps\python3.10.exe -c "import sys;print(sys.executable)"
/bin/sh: 1: C:UsersIMRROAppDataLocalMicrosoftWindowsAppspython3.10.exe: Permission denied

	at ChildProcess.exithandler (node:child_process:397:12)
	at ChildProcess.emit (node:events:390:28)
	at maybeClose (node:internal/child_process:1064:16)
	at Socket.<anonymous> (node:internal/child_process:450:11)
	at Socket.emit (node:events:390:28)
	at Pipe.<anonymous> (node:net:687:12)] {
  killed: false,
  code: 127,
  signal: null,
  cmd: 'C:\\Users\\IMRRO\\AppData\\Local\\Microsoft\\WindowsApps\\python3.10.exe -c "import sys;print(sys.executable)"'
}
> C:\Users\IMRRO\AppData\Local\Microsoft\WindowsApps\python3.10.exe -c "import sys;print(sys.executable)"
[ERROR 2022-6-12 11:16:13.342]: [Error: Command failed: C:\Users\IMRRO\AppData\Local\Microsoft\WindowsApps\python3.10.exe -c "import sys;print(sys.executable)"
/bin/sh: 1: C:UsersIMRROAppDataLocalMicrosoftWindowsAppspython3.10.exe: Permission denied

	at ChildProcess.exithandler (node:child_process:397:12)
	at ChildProcess.emit (node:events:390:28)
	at maybeClose (node:internal/child_process:1064:16)
	at Socket.<anonymous> (node:internal/child_process:450:11)
	at Socket.emit (node:events:390:28)
	at Pipe.<anonymous> (node:net:687:12)] {
  killed: false,
  code: 127,
  signal: null,
  cmd: 'C:\\Users\\IMRRO\\AppData\\Local\\Microsoft\\WindowsApps\\python3.10.exe -c "import sys;print(sys.executable)"'
}
[ERROR 2022-6-12 11:16:13.533]: [Error: Command failed: C:\Users\IMRRO\AppData\Local\Microsoft\WindowsApps\python3.10.exe -c "import sys;print(sys.executable)"
/bin/sh: 1: C:UsersIMRROAppDataLocalMicrosoftWindowsAppspython3.10.exe: Permission denied

	at ChildProcess.exithandler (node:child_process:397:12)
	at ChildProcess.emit (node:events:390:28)
	at maybeClose (node:internal/child_process:1064:16)
	at Socket.<anonymous> (node:internal/child_process:450:11)
	at Socket.emit (node:events:390:28)
	at Pipe.<anonymous> (node:net:687:12)] {
  killed: false,
  code: 127,
  signal: null,
  cmd: 'C:\\Users\\IMRRO\\AppData\\Local\\Microsoft\\WindowsApps\\python3.10.exe -c "import sys;print(sys.executable)"'
}
Starting Pylance language server.
Diagnostic Code: NoPythonInterpretersDiagnostic, Message: Python is not installed. Please download and install Python before using the extension.
> C:\Users\IMRRO\AppData\Local\Microsoft\WindowsApps\python3.10.exe -c "import sys;print(sys.executable)"
[ERROR 2022-6-12 12:25:38.620]: [Error: Command failed: C:\Users\IMRRO\AppData\Local\Microsoft\WindowsApps\python3.10.exe -c "import sys;print(sys.executable)"
/bin/sh: 1: C:UsersIMRROAppDataLocalMicrosoftWindowsAppspython3.10.exe: Permission denied

	at ChildProcess.exithandler (node:child_process:397:12)
	at ChildProcess.emit (node:events:390:28)
	at maybeClose (node:internal/child_process:1064:16)
	at Socket.<anonymous> (node:internal/child_process:450:11)
	at Socket.emit (node:events:390:28)
	at Pipe.<anonymous> (node:net:687:12)] {
  killed: false,
  code: 127,
  signal: null,
  cmd: 'C:\\Users\\IMRRO\\AppData\\Local\\Microsoft\\WindowsApps\\python3.10.exe -c "import sys;print(sys.executable)"'
}
> C:\Users\IMRRO\AppData\Local\Microsoft\WindowsApps\python3.10.exe -c "import sys;print(sys.executable)"
[ERROR 2022-6-12 12:25:41.89]: [Error: Command failed: C:\Users\IMRRO\AppData\Local\Microsoft\WindowsApps\python3.10.exe -c "import sys;print(sys.executable)"
/bin/sh: 1: C:UsersIMRROAppDataLocalMicrosoftWindowsAppspython3.10.exe: Permission denied

	at ChildProcess.exithandler (node:child_process:397:12)
	at ChildProcess.emit (node:events:390:28)
	at maybeClose (node:internal/child_process:1064:16)
	at Socket.<anonymous> (node:internal/child_process:450:11)
	at Socket.emit (node:events:390:28)
	at Pipe.<anonymous> (node:net:687:12)] {
  killed: false,
  code: 127,
  signal: null,
  cmd: 'C:\\Users\\IMRRO\\AppData\\Local\\Microsoft\\WindowsApps\\python3.10.exe -c "import sys;print(sys.executable)"'
}
> C:\Users\IMRRO\AppData\Local\Microsoft\WindowsApps\python3.10.exe -c "import sys;print(sys.executable)"
[ERROR 2022-6-12 12:25:51.86]: [Error: Command failed: C:\Users\IMRRO\AppData\Local\Microsoft\WindowsApps\python3.10.exe -c "import sys;print(sys.executable)"
/bin/sh: 1: C:UsersIMRROAppDataLocalMicrosoftWindowsAppspython3.10.exe: Permission denied

	at ChildProcess.exithandler (node:child_process:397:12)
	at ChildProcess.emit (node:events:390:28)
	at maybeClose (node:internal/child_process:1064:16)
	at Socket.<anonymous> (node:internal/child_process:450:11)
	at Socket.emit (node:events:390:28)
	at Pipe.<anonymous> (node:net:687:12)] {
  killed: false,
  code: 127,
  signal: null,
  cmd: 'C:\\Users\\IMRRO\\AppData\\Local\\Microsoft\\WindowsApps\\python3.10.exe -c "import sys;print(sys.executable)"'
}
> C:\Users\IMRRO\AppData\Local\Microsoft\WindowsApps\python3.10.exe -c "import sys;print(sys.executable)"
[ERROR 2022-6-12 12:27:43.226]: [Error: Command failed: C:\Users\IMRRO\AppData\Local\Microsoft\WindowsApps\python3.10.exe -c "import sys;print(sys.executable)"
/bin/sh: 1: C:UsersIMRROAppDataLocalMicrosoftWindowsAppspython3.10.exe: Permission denied

	at ChildProcess.exithandler (node:child_process:397:12)
	at ChildProcess.emit (node:events:390:28)
	at maybeClose (node:internal/child_process:1064:16)
	at Socket.<anonymous> (node:internal/child_process:450:11)
	at Socket.emit (node:events:390:28)
	at Pipe.<anonymous> (node:net:687:12)] {
  killed: false,
  code: 127,
  signal: null,
  cmd: 'C:\\Users\\IMRRO\\AppData\\Local\\Microsoft\\WindowsApps\\python3.10.exe -c "import sys;print(sys.executable)"'
}
> C:\Users\IMRRO\AppData\Local\Microsoft\WindowsApps\python3.10.exe -c "import sys;print(sys.executable)"
[ERROR 2022-6-12 12:32:33.394]: [Error: Command failed: C:\Users\IMRRO\AppData\Local\Microsoft\WindowsApps\python3.10.exe -c "import sys;print(sys.executable)"
/bin/sh: 1: C:UsersIMRROAppDataLocalMicrosoftWindowsAppspython3.10.exe: Permission denied

	at ChildProcess.exithandler (node:child_process:397:12)
	at ChildProcess.emit (node:events:390:28)
	at maybeClose (node:internal/child_process:1064:16)
	at Socket.<anonymous> (node:internal/child_process:450:11)
	at Socket.emit (node:events:390:28)
	at Pipe.<anonymous> (node:net:687:12)] {
  killed: false,
  code: 127,
  signal: null,
  cmd: 'C:\\Users\\IMRRO\\AppData\\Local\\Microsoft\\WindowsApps\\python3.10.exe -c "import sys;print(sys.executable)"'
}
> C:\Users\IMRRO\AppData\Local\Microsoft\WindowsApps\python3.10.exe -c "import sys;print(sys.executable)"
[ERROR 2022-6-12 12:32:47.727]: [Error: Command failed: C:\Users\IMRRO\AppData\Local\Microsoft\WindowsApps\python3.10.exe -c "import sys;print(sys.executable)"
/bin/sh: 1: C:UsersIMRROAppDataLocalMicrosoftWindowsAppspython3.10.exe: Permission denied

	at ChildProcess.exithandler (node:child_process:397:12)
	at ChildProcess.emit (node:events:390:28)
	at maybeClose (node:internal/child_process:1064:16)
	at Socket.<anonymous> (node:internal/child_process:450:11)
	at Socket.emit (node:events:390:28)
	at Pipe.<anonymous> (node:net:687:12)] {
  killed: false,
  code: 127,
  signal: null,
  cmd: 'C:\\Users\\IMRRO\\AppData\\Local\\Microsoft\\WindowsApps\\python3.10.exe -c "import sys;print(sys.executable)"'
}
> C:\Users\IMRRO\AppData\Local\Microsoft\WindowsApps\python3.10.exe -c "import sys;print(sys.executable)"
> C:\Users\IMRRO\AppData\Local\Microsoft\WindowsApps\python3.10.exe -c "import sys;print(sys.executable)"
[ERROR 2022-6-12 12:42:49.592]: [Error: Command failed: C:\Users\IMRRO\AppData\Local\Microsoft\WindowsApps\python3.10.exe -c "import sys;print(sys.executable)"
/bin/sh: 1: C:UsersIMRROAppDataLocalMicrosoftWindowsAppspython3.10.exe: Permission denied

	at ChildProcess.exithandler (node:child_process:397:12)
	at ChildProcess.emit (node:events:390:28)
	at maybeClose (node:internal/child_process:1064:16)
	at Socket.<anonymous> (node:internal/child_process:450:11)
	at Socket.emit (node:events:390:28)
	at Pipe.<anonymous> (node:net:687:12)] {
  killed: false,
  code: 127,
  signal: null,
  cmd: 'C:\\Users\\IMRRO\\AppData\\Local\\Microsoft\\WindowsApps\\python3.10.exe -c "import sys;print(sys.executable)"'
}
[ERROR 2022-6-12 12:42:49.595]: [Error: Command failed: C:\Users\IMRRO\AppData\Local\Microsoft\WindowsApps\python3.10.exe -c "import sys;print(sys.executable)"
/bin/sh: 1: C:UsersIMRROAppDataLocalMicrosoftWindowsAppspython3.10.exe: Permission denied

	at ChildProcess.exithandler (node:child_process:397:12)
	at ChildProcess.emit (node:events:390:28)
	at maybeClose (node:internal/child_process:1064:16)
	at Socket.<anonymous> (node:internal/child_process:450:11)
	at Socket.emit (node:events:390:28)
	at Pipe.<anonymous> (node:net:687:12)] {
  killed: false,
  code: 127,
  signal: null,
  cmd: 'C:\\Users\\IMRRO\\AppData\\Local\\Microsoft\\WindowsApps\\python3.10.exe -c "import sys;print(sys.executable)"'
}
> C:\Users\IMRRO\AppData\Local\Microsoft\WindowsApps\python3.10.exe -c "import sys;print(sys.executable)"
[ERROR 2022-6-12 13:7:18.352]: [Error: Command failed: C:\Users\IMRRO\AppData\Local\Microsoft\WindowsApps\python3.10.exe -c "import sys;print(sys.executable)"
/bin/sh: 1: C:UsersIMRROAppDataLocalMicrosoftWindowsAppspython3.10.exe: Permission denied

	at ChildProcess.exithandler (node:child_process:397:12)
	at ChildProcess.emit (node:events:390:28)
	at maybeClose (node:internal/child_process:1064:16)
	at Socket.<anonymous> (node:internal/child_process:450:11)
	at Socket.emit (node:events:390:28)
	at Pipe.<anonymous> (node:net:687:12)] {
  killed: false,
  code: 127,
  signal: null,
  cmd: 'C:\\Users\\IMRRO\\AppData\\Local\\Microsoft\\WindowsApps\\python3.10.exe -c "import sys;print(sys.executable)"'
}
> C:\Users\IMRRO\AppData\Local\Microsoft\WindowsApps\python3.10.exe -c "import sys;print(sys.executable)"
[ERROR 2022-6-12 13:11:1.683]: [Error: Command failed: C:\Users\IMRRO\AppData\Local\Microsoft\WindowsApps\python3.10.exe -c "import sys;print(sys.executable)"
/bin/sh: 1: C:UsersIMRROAppDataLocalMicrosoftWindowsAppspython3.10.exe: Permission denied

	at ChildProcess.exithandler (node:child_process:397:12)
	at ChildProcess.emit (node:events:390:28)
	at maybeClose (node:internal/child_process:1064:16)
	at Socket.<anonymous> (node:internal/child_process:450:11)
	at Socket.emit (node:events:390:28)
	at Pipe.<anonymous> (node:net:687:12)] {
  killed: false,
  code: 127,
  signal: null,
  cmd: 'C:\\Users\\IMRRO\\AppData\\Local\\Microsoft\\WindowsApps\\python3.10.exe -c "import sys;print(sys.executable)"'
}
> C:\Users\IMRRO\AppData\Local\Microsoft\WindowsApps\python3.10.exe -c "import sys;print(sys.executable)"
[ERROR 2022-6-12 13:11:42.832]: [Error: Command failed: C:\Users\IMRRO\AppData\Local\Microsoft\WindowsApps\python3.10.exe -c "import sys;print(sys.executable)"
/bin/sh: 1: C:UsersIMRROAppDataLocalMicrosoftWindowsAppspython3.10.exe: Permission denied

	at ChildProcess.exithandler (node:child_process:397:12)
	at ChildProcess.emit (node:events:390:28)
	at maybeClose (node:internal/child_process:1064:16)
	at Socket.<anonymous> (node:internal/child_process:450:11)
	at Socket.emit (node:events:390:28)
	at Pipe.<anonymous> (node:net:687:12)] {
  killed: false,
  code: 127,
  signal: null,
  cmd: 'C:\\Users\\IMRRO\\AppData\\Local\\Microsoft\\WindowsApps\\python3.10.exe -c "import sys;print(sys.executable)"'
}
> C:\Users\IMRRO\AppData\Local\Microsoft\WindowsApps\python3.10.exe -c "import sys;print(sys.executable)"
[ERROR 2022-6-12 13:13:55.255]: [Error: Command failed: C:\Users\IMRRO\AppData\Local\Microsoft\WindowsApps\python3.10.exe -c "import sys;print(sys.executable)"
/bin/sh: 1: C:UsersIMRROAppDataLocalMicrosoftWindowsAppspython3.10.exe: Permission denied

	at ChildProcess.exithandler (node:child_process:397:12)
	at ChildProcess.emit (node:events:390:28)
	at maybeClose (node:internal/child_process:1064:16)
	at Socket.<anonymous> (node:internal/child_process:450:11)
	at Socket.emit (node:events:390:28)
	at Pipe.<anonymous> (node:net:687:12)] {
  killed: false,
  code: 127,
  signal: null,
  cmd: 'C:\\Users\\IMRRO\\AppData\\Local\\Microsoft\\WindowsApps\\python3.10.exe -c "import sys;print(sys.executable)"'
}
