[Info  - 11:16:13 AM] (254) Pylance language server 2022.7.20 (pyright 7cadfb74) starting
[Info  - 11:16:13 AM] (254) Server root directory: /home/htmhqi/.vscode-server/extensions/ms-python.vscode-pylance-2022.7.20/dist
Notebook support: Legacy
[Info  - 11:16:13 AM] (254) No configuration file found.
[Info  - 11:16:13 AM] (254) No pyproject.toml file found.
[Info  - 11:16:13 AM] (254) Setting pythonPath for service "scripts": "C:/Users/IMRRO/AppData/Local/Microsoft/WindowsApps/python3.10.exe"
[Warn  - 11:16:13 AM] (254) stubPath /home/htmhqi/scripts/typings is not a valid directory.
[Info  - 11:16:13 AM] (254) Unable to get Python version from interpreter
[Info  - 11:16:13 AM] (254) Assuming Python platform Linux
[Info  - 11:16:13 AM] (254) Searching for source files
[Info  - 11:16:13 AM] (254) Found 4 source files
[Info  - 11:16:14 AM] (254) Background analysis(1) root directory: /home/htmhqi/.vscode-server/extensions/ms-python.vscode-pylance-2022.7.20/dist
[Info  - 11:16:14 AM] (254) Background analysis(1) started
[Info  - 11:16:14 AM] (254) Indexer background runner(2) root directory: /home/htmhqi/.vscode-server/extensions/ms-python.vscode-pylance-2022.7.20/dist (index)
[Info  - 11:16:14 AM] (254) Indexing(2) started
[Info  - 11:16:14 AM] (254) Indexer done(2). indexed 423 files
[Info  - 12:27:43 PM] (254) Searching for source files
[Info  - 12:27:43 PM] (254) Found 5 source files
[Info  - 1:07:53 PM] (254) Searching for source files
[Info  - 1:07:53 PM] (254) Found 5 source files
