[2022-07-07 13:13:41.421] [exthost] [info] Extension host with pid 5944 started
[2022-07-07 13:13:41.430] [exthost] [info] Lock '/home/htmhqi/.vscode-server/data/User/workspaceStorage/b8b0059f5e879175db10163d2663be81/vscode.lock': Lock acquired.
[2022-07-07 13:13:41.622] [exthost] [info] ExtensionService#_doActivateExtension ms-python.python, startup: false, activationEvent: 'onLanguage:python'
[2022-07-07 13:13:41.868] [exthost] [info] ExtensionService#_doActivateExtension ms-toolsai.jupyter, startup: false, activationEvent: 'onLanguage:python'
[2022-07-07 13:13:42.160] [exthost] [info] ExtensionService#_doActivateExtension vscode.debug-auto-launch, startup: true, activationEvent: '*'
[2022-07-07 13:13:42.164] [exthost] [info] ExtensionService#_doActivateExtension vscode.git-base, startup: true, activationEvent: '*', root cause: vscode.git
[2022-07-07 13:13:42.168] [exthost] [info] ExtensionService#_doActivateExtension vscode.ipynb, startup: true, activationEvent: '*'
[2022-07-07 13:13:42.328] [exthost] [info] ExtensionService#_doActivateExtension vscode.git, startup: true, activationEvent: '*'
[2022-07-07 13:13:42.377] [exthost] [info] ExtensionService#_doActivateExtension vscode.github, startup: true, activationEvent: '*'
[2022-07-07 13:13:42.600] [exthost] [info] ExtensionService#_doActivateExtension ms-toolsai.jupyter-renderers, startup: false, activationEvent: 'api', root cause: ms-toolsai.jupyter
[2022-07-07 13:13:42.645] [exthost] [info] ExtensionService#_doActivateExtension ms-python.vscode-pylance, startup: false, activationEvent: 'onLanguage:python'
[2022-07-07 13:13:42.737] [exthost] [info] ExtensionService#_doActivateExtension vscode.emmet, startup: false, activationEvent: 'onStartupFinished'
[2022-07-07 13:13:42.750] [exthost] [info] ExtensionService#_doActivateExtension vscode.merge-conflict, startup: false, activationEvent: 'onStartupFinished'
[2022-07-07 13:13:42.753] [exthost] [info] Eager extensions activated
[2022-07-07 13:13:43.066] [exthost] [info] ExtensionService#_doActivateExtension vscode.configuration-editing, startup: false, activationEvent: 'onLanguage:jsonc'
[2022-07-07 13:13:43.071] [exthost] [info] ExtensionService#_doActivateExtension vscode.json-language-features, startup: false, activationEvent: 'onLanguage:jsonc'
[2022-07-07 13:13:43.113] [exthost] [info] ExtensionService#_doActivateExtension vscode.typescript-language-features, startup: false, activationEvent: 'onLanguage:jsonc'
[2022-07-07 13:13:53.925] [exthost] [warning] [Decorations] CAPPING events from decorations provider vscode.git 4127
[2022-07-07 13:13:59.008] [exthost] [warning] [Decorations] CAPPING events from decorations provider vscode.git 4126
[2022-07-07 13:14:04.085] [exthost] [warning] [Decorations] CAPPING events from decorations provider vscode.git 4126
[2022-07-07 13:14:13.637] [exthost] [warning] [Decorations] CAPPING events from decorations provider vscode.git 4127
[2022-07-07 13:14:18.761] [exthost] [warning] [Decorations] CAPPING events from decorations provider vscode.git 4127
[2022-07-07 13:14:23.852] [exthost] [warning] [Decorations] CAPPING events from decorations provider vscode.git 4129
[2022-07-07 13:14:28.929] [exthost] [warning] [Decorations] CAPPING events from decorations provider vscode.git 4129
[2022-07-07 13:14:34.002] [exthost] [warning] [Decorations] CAPPING events from decorations provider vscode.git 4129
[2022-07-07 13:14:39.127] [exthost] [warning] [Decorations] CAPPING events from decorations provider vscode.git 4129
[2022-07-07 13:14:44.220] [exthost] [warning] [Decorations] CAPPING events from decorations provider vscode.git 4129
[2022-07-07 13:14:49.297] [exthost] [warning] [Decorations] CAPPING events from decorations provider vscode.git 4129
[2022-07-07 13:14:55.467] [exthost] [warning] [Decorations] CAPPING events from decorations provider vscode.git 4129
[2022-07-07 13:14:58.743] [exthost] [warning] [Decorations] CAPPING events from decorations provider vscode.git 4129
[2022-07-07 13:15:00.658] [exthost] [warning] [Decorations] CAPPING events from decorations provider vscode.git 4129
[2022-07-07 13:15:05.835] [exthost] [warning] [Decorations] CAPPING events from decorations provider vscode.git 4129
[2022-07-07 13:15:09.714] [exthost] [warning] [Decorations] CAPPING events from decorations provider vscode.git 4129
[2022-07-07 16:34:12.459] [exthost] [info] Extension host terminating: received terminate message from renderer
[2022-07-07 16:34:12.460] [exthost] [info] Lock '/home/htmhqi/.vscode-server/data/User/workspaceStorage/b8b0059f5e879175db10163d2663be81/vscode.lock': Marking the lockfile as scheduled to be released in 6000 ms.
[2022-07-07 16:34:12.506] [exthost] [info] Extension host with pid 5944 exiting with code 0
