[2022-07-12T17:17:38.616Z] Log level: Info
[2022-07-12T17:17:38.619Z] [info] Validating found git in: git
[2022-07-12T17:17:38.644Z] [info] Using git 2.25.1 from git
[2022-07-12T17:17:38.677Z] > git rev-parse --show-toplevel [23ms]
[2022-07-12T17:17:38.701Z] > git rev-parse --git-dir --git-common-dir [18ms]
[2022-07-12T17:17:38.706Z] [info] Open repository: /home/htmhqi
[2022-07-12T17:17:38.748Z] > git status -z -uall [35ms]
[2022-07-12T17:17:38.754Z] > git symbolic-ref --short HEAD [2ms]
[2022-07-12T17:17:38.758Z] > git for-each-ref --format=%(refname)%00%(upstream:short)%00%(objectname)%00%(upstream:track)%00%(upstream:remotename)%00%(upstream:remoteref) refs/heads/test_skills refs/remotes/test_skills [1ms]
[2022-07-12T17:17:38.768Z] > git remote --verbose [1ms]
[2022-07-12T17:17:38.769Z] > git for-each-ref --sort -committerdate --format %(refname) %(objectname) %(*objectname) [7ms]
[2022-07-12T17:17:38.798Z] > git config --get commit.template [1ms]
[2022-07-12T17:17:39.008Z] > git status -z -uall [205ms]
[2022-07-12T17:17:39.016Z] > git symbolic-ref --short HEAD [2ms]
[2022-07-12T17:17:39.024Z] > git for-each-ref --format=%(refname)%00%(upstream:short)%00%(objectname)%00%(upstream:track)%00%(upstream:remotename)%00%(upstream:remoteref) refs/heads/test_skills refs/remotes/test_skills [1ms]
[2022-07-12T17:17:39.034Z] > git remote --verbose [1ms]
[2022-07-12T17:17:39.034Z] > git for-each-ref --sort -committerdate --format %(refname) %(objectname) %(*objectname) [5ms]
[2022-07-12T17:17:39.053Z] > git config --get commit.template [2ms]
[2022-07-12T17:17:40.493Z] > git status -z -uall [23ms]
[2022-07-12T17:17:40.497Z] > git symbolic-ref --short HEAD [0ms]
[2022-07-12T17:17:40.501Z] > git for-each-ref --format=%(refname)%00%(upstream:short)%00%(objectname)%00%(upstream:track)%00%(upstream:remotename)%00%(upstream:remoteref) refs/heads/test_skills refs/remotes/test_skills [1ms]
[2022-07-12T17:17:40.506Z] > git remote --verbose [0ms]
[2022-07-12T17:17:40.507Z] > git for-each-ref --sort -committerdate --format %(refname) %(objectname) %(*objectname) [3ms]
[2022-07-12T17:17:40.517Z] > git config --get commit.template [0ms]
[2022-07-12T17:17:45.545Z] > git status -z -uall [22ms]
[2022-07-12T17:17:45.549Z] > git symbolic-ref --short HEAD [0ms]
[2022-07-12T17:17:45.553Z] > git for-each-ref --format=%(refname)%00%(upstream:short)%00%(objectname)%00%(upstream:track)%00%(upstream:remotename)%00%(upstream:remoteref) refs/heads/test_skills refs/remotes/test_skills [0ms]
[2022-07-12T17:17:45.561Z] > git for-each-ref --sort -committerdate --format %(refname) %(objectname) %(*objectname) [3ms]
[2022-07-12T17:17:45.561Z] > git remote --verbose [1ms]
[2022-07-12T17:17:45.575Z] > git config --get commit.template [0ms]
[2022-07-12T17:17:50.617Z] > git status -z -uall [28ms]
[2022-07-12T17:17:50.622Z] > git symbolic-ref --short HEAD [1ms]
[2022-07-12T17:17:50.626Z] > git for-each-ref --format=%(refname)%00%(upstream:short)%00%(objectname)%00%(upstream:track)%00%(upstream:remotename)%00%(upstream:remoteref) refs/heads/test_skills refs/remotes/test_skills [1ms]
[2022-07-12T17:17:50.632Z] > git remote --verbose [1ms]
[2022-07-12T17:17:50.632Z] > git for-each-ref --sort -committerdate --format %(refname) %(objectname) %(*objectname) [3ms]
[2022-07-12T17:17:50.643Z] > git config --get commit.template [0ms]
[2022-07-12T17:17:55.675Z] > git status -z -uall [26ms]
[2022-07-12T17:17:55.680Z] > git symbolic-ref --short HEAD [1ms]
[2022-07-12T17:17:55.684Z] > git for-each-ref --format=%(refname)%00%(upstream:short)%00%(objectname)%00%(upstream:track)%00%(upstream:remotename)%00%(upstream:remoteref) refs/heads/test_skills refs/remotes/test_skills [0ms]
[2022-07-12T17:17:55.691Z] > git remote --verbose [1ms]
[2022-07-12T17:17:55.691Z] > git for-each-ref --sort -committerdate --format %(refname) %(objectname) %(*objectname) [4ms]
[2022-07-12T17:17:55.702Z] > git config --get commit.template [1ms]
[2022-07-12T17:18:00.733Z] > git status -z -uall [26ms]
[2022-07-12T17:18:00.737Z] > git symbolic-ref --short HEAD [1ms]
[2022-07-12T17:18:00.740Z] > git for-each-ref --format=%(refname)%00%(upstream:short)%00%(objectname)%00%(upstream:track)%00%(upstream:remotename)%00%(upstream:remoteref) refs/heads/test_skills refs/remotes/test_skills [0ms]
[2022-07-12T17:18:00.745Z] > git remote --verbose [1ms]
[2022-07-12T17:18:00.745Z] > git for-each-ref --sort -committerdate --format %(refname) %(objectname) %(*objectname) [3ms]
[2022-07-12T17:18:00.754Z] > git config --get commit.template [0ms]
[2022-07-12T17:18:05.784Z] > git status -z -uall [22ms]
[2022-07-12T17:18:05.788Z] > git symbolic-ref --short HEAD [1ms]
[2022-07-12T17:18:05.791Z] > git for-each-ref --format=%(refname)%00%(upstream:short)%00%(objectname)%00%(upstream:track)%00%(upstream:remotename)%00%(upstream:remoteref) refs/heads/test_skills refs/remotes/test_skills [1ms]
[2022-07-12T17:18:05.795Z] > git remote --verbose [0ms]
[2022-07-12T17:18:05.795Z] > git for-each-ref --sort -committerdate --format %(refname) %(objectname) %(*objectname) [2ms]
[2022-07-12T17:18:05.803Z] > git config --get commit.template [0ms]
