[2022-06-23 19:30:11.433] [exthost] [info] Extension host with pid 98 started
[2022-06-23 19:30:11.447] [exthost] [info] Lock '/home/htmhqi/.vscode-server/data/User/workspaceStorage/b8b0059f5e879175db10163d2663be81/vscode.lock': Lock acquired.
[2022-06-23 19:30:11.515] [exthost] [info] ExtensionService#_doActivateExtension ms-python.python, startup: false, activationEvent: 'onLanguage:python'
[2022-06-23 19:30:11.809] [exthost] [info] ExtensionService#_doActivateExtension ms-toolsai.jupyter, startup: false, activationEvent: 'onLanguage:python'
[2022-06-23 19:30:12.074] [exthost] [info] ExtensionService#_doActivateExtension vscode.debug-auto-launch, startup: true, activationEvent: '*'
[2022-06-23 19:30:12.077] [exthost] [info] ExtensionService#_doActivateExtension vscode.git-base, startup: true, activationEvent: '*', root cause: vscode.git
[2022-06-23 19:30:12.081] [exthost] [info] ExtensionService#_doActivateExtension vscode.ipynb, startup: true, activationEvent: '*'
[2022-06-23 19:30:12.234] [exthost] [info] ExtensionService#_doActivateExtension vscode.git, startup: true, activationEvent: '*'
[2022-06-23 19:30:12.283] [exthost] [info] ExtensionService#_doActivateExtension vscode.github, startup: true, activationEvent: '*'
[2022-06-23 19:30:12.517] [exthost] [info] ExtensionService#_doActivateExtension ms-toolsai.jupyter-renderers, startup: false, activationEvent: 'api', root cause: ms-toolsai.jupyter
[2022-06-23 19:30:12.549] [exthost] [info] ExtensionService#_doActivateExtension vscode.emmet, startup: false, activationEvent: 'onStartupFinished'
[2022-06-23 19:30:12.563] [exthost] [info] ExtensionService#_doActivateExtension vscode.merge-conflict, startup: false, activationEvent: 'onStartupFinished'
[2022-06-23 19:30:12.566] [exthost] [info] Eager extensions activated
[2022-06-23 19:30:12.598] [exthost] [info] ExtensionService#_doActivateExtension ms-python.vscode-pylance, startup: false, activationEvent: 'onLanguage:python'
[2022-06-23 19:30:12.874] [exthost] [info] ExtensionService#_doActivateExtension vscode.configuration-editing, startup: false, activationEvent: 'onLanguage:jsonc'
[2022-06-23 19:30:12.878] [exthost] [info] ExtensionService#_doActivateExtension vscode.json-language-features, startup: false, activationEvent: 'onLanguage:jsonc'
[2022-06-23 19:30:12.922] [exthost] [info] ExtensionService#_doActivateExtension vscode.typescript-language-features, startup: false, activationEvent: 'onLanguage:jsonc'
[2022-06-23 19:30:13.116] [exthost] [warning] [Decorations] CAPPING events from decorations provider vscode.git 8725
[2022-06-23 19:30:17.467] [exthost] [warning] [Decorations] CAPPING events from decorations provider vscode.git 8731
[2022-06-23 19:30:22.750] [exthost] [warning] [Decorations] CAPPING events from decorations provider vscode.git 8731
[2022-06-23 19:30:27.867] [exthost] [warning] [Decorations] CAPPING events from decorations provider vscode.git 8731
[2022-06-23 19:30:38.042] [exthost] [warning] [Decorations] CAPPING events from decorations provider vscode.git 8731
[2022-06-23 19:30:40.234] [exthost] [info] Extension host terminating: received terminate message from renderer
[2022-06-23 19:30:40.235] [exthost] [info] Lock '/home/htmhqi/.vscode-server/data/User/workspaceStorage/b8b0059f5e879175db10163d2663be81/vscode.lock': Marking the lockfile as scheduled to be released in 6000 ms.
[2022-06-23 19:30:40.258] [exthost] [info] Extension host with pid 98 exiting with code 0
