[2022-07-04T03:37:56.765Z] Log level: Info
[2022-07-04T03:37:56.767Z] [info] Validating found git in: git
[2022-07-04T03:37:57.014Z] [info] Using git 2.25.1 from git
[2022-07-04T03:37:57.161Z] > git rev-parse --show-toplevel [138ms]
[2022-07-04T03:37:57.169Z] > git rev-parse --git-dir --git-common-dir [1ms]
[2022-07-04T03:37:57.173Z] [info] Open repository: /home/htmhqi
[2022-07-04T03:37:57.291Z] > git status -z -uall [111ms]
[2022-07-04T03:37:57.305Z] > git symbolic-ref --short HEAD [9ms]
[2022-07-04T03:37:57.310Z] > git for-each-ref --format=%(refname)%00%(upstream:short)%00%(objectname)%00%(upstream:track)%00%(upstream:remotename)%00%(upstream:remoteref) refs/heads/test_skills refs/remotes/test_skills [1ms]
[2022-07-04T03:37:57.321Z] > git remote --verbose [3ms]
[2022-07-04T03:37:57.321Z] > git for-each-ref --sort -committerdate --format %(refname) %(objectname) %(*objectname) [6ms]
[2022-07-04T03:37:57.330Z] > git config --get commit.template [1ms]
[2022-07-04T03:37:57.742Z] > git show --textconv :scripts/test.py [6ms]
[2022-07-04T03:37:57.743Z] > git ls-files --stage -- /home/htmhqi/scripts/test.py [2ms]
[2022-07-04T03:37:57.753Z] > git cat-file -s 16d09fac193fdf168b6cb93bc878e287c222eb89 [5ms]
[2022-07-04T03:37:57.756Z] > git check-ignore -v -z --stdin [3ms]
[2022-07-04T03:38:00.091Z] > git status -z -uall [15ms]
[2022-07-04T03:38:00.096Z] > git symbolic-ref --short HEAD [1ms]
[2022-07-04T03:38:00.100Z] > git for-each-ref --format=%(refname)%00%(upstream:short)%00%(objectname)%00%(upstream:track)%00%(upstream:remotename)%00%(upstream:remoteref) refs/heads/test_skills refs/remotes/test_skills [1ms]
[2022-07-04T03:38:00.108Z] > git remote --verbose [1ms]
[2022-07-04T03:38:00.108Z] > git for-each-ref --sort -committerdate --format %(refname) %(objectname) %(*objectname) [5ms]
[2022-07-04T03:38:00.114Z] > git config --get commit.template [1ms]
[2022-07-04T03:38:06.091Z] > git status -z -uall [16ms]
[2022-07-04T03:38:06.095Z] > git symbolic-ref --short HEAD [0ms]
[2022-07-04T03:38:06.100Z] > git for-each-ref --format=%(refname)%00%(upstream:short)%00%(objectname)%00%(upstream:track)%00%(upstream:remotename)%00%(upstream:remoteref) refs/heads/test_skills refs/remotes/test_skills [1ms]
[2022-07-04T03:38:06.107Z] > git remote --verbose [1ms]
[2022-07-04T03:38:06.107Z] > git for-each-ref --sort -committerdate --format %(refname) %(objectname) %(*objectname) [4ms]
[2022-07-04T03:38:06.112Z] > git config --get commit.template [0ms]
[2022-07-04T03:38:12.581Z] > git status -z -uall [17ms]
[2022-07-04T03:38:12.586Z] > git symbolic-ref --short HEAD [1ms]
[2022-07-04T03:38:12.589Z] > git for-each-ref --format=%(refname)%00%(upstream:short)%00%(objectname)%00%(upstream:track)%00%(upstream:remotename)%00%(upstream:remoteref) refs/heads/test_skills refs/remotes/test_skills [1ms]
[2022-07-04T03:38:12.594Z] > git remote --verbose [0ms]
[2022-07-04T03:38:12.595Z] > git for-each-ref --sort -committerdate --format %(refname) %(objectname) %(*objectname) [3ms]
[2022-07-04T03:38:12.600Z] > git config --get commit.template [1ms]
[2022-07-04T03:38:17.623Z] > git status -z -uall [17ms]
[2022-07-04T03:38:17.626Z] > git symbolic-ref --short HEAD [0ms]
[2022-07-04T03:38:17.629Z] > git for-each-ref --format=%(refname)%00%(upstream:short)%00%(objectname)%00%(upstream:track)%00%(upstream:remotename)%00%(upstream:remoteref) refs/heads/test_skills refs/remotes/test_skills [0ms]
[2022-07-04T03:38:17.633Z] > git for-each-ref --sort -committerdate --format %(refname) %(objectname) %(*objectname) [2ms]
[2022-07-04T03:38:17.634Z] > git remote --verbose [1ms]
[2022-07-04T03:38:17.638Z] > git config --get commit.template [1ms]
[2022-07-04T03:38:22.659Z] > git status -z -uall [16ms]
[2022-07-04T03:38:22.663Z] > git symbolic-ref --short HEAD [1ms]
[2022-07-04T03:38:22.665Z] > git for-each-ref --format=%(refname)%00%(upstream:short)%00%(objectname)%00%(upstream:track)%00%(upstream:remotename)%00%(upstream:remoteref) refs/heads/test_skills refs/remotes/test_skills [0ms]
[2022-07-04T03:38:22.671Z] > git remote --verbose [1ms]
[2022-07-04T03:38:22.671Z] > git for-each-ref --sort -committerdate --format %(refname) %(objectname) %(*objectname) [3ms]
[2022-07-04T03:38:22.676Z] > git config --get commit.template [0ms]
[2022-07-04T03:38:27.699Z] > git status -z -uall [17ms]
[2022-07-04T03:38:27.702Z] > git symbolic-ref --short HEAD [1ms]
[2022-07-04T03:38:27.705Z] > git for-each-ref --format=%(refname)%00%(upstream:short)%00%(objectname)%00%(upstream:track)%00%(upstream:remotename)%00%(upstream:remoteref) refs/heads/test_skills refs/remotes/test_skills [1ms]
[2022-07-04T03:38:27.709Z] > git for-each-ref --sort -committerdate --format %(refname) %(objectname) %(*objectname) [2ms]
[2022-07-04T03:38:27.709Z] > git remote --verbose [1ms]
[2022-07-04T03:38:27.713Z] > git config --get commit.template [1ms]
[2022-07-04T03:38:32.734Z] > git status -z -uall [16ms]
[2022-07-04T03:38:32.737Z] > git symbolic-ref --short HEAD [0ms]
[2022-07-04T03:38:32.740Z] > git for-each-ref --format=%(refname)%00%(upstream:short)%00%(objectname)%00%(upstream:track)%00%(upstream:remotename)%00%(upstream:remoteref) refs/heads/test_skills refs/remotes/test_skills [1ms]
[2022-07-04T03:38:32.744Z] > git remote --verbose [1ms]
[2022-07-04T03:38:32.744Z] > git for-each-ref --sort -committerdate --format %(refname) %(objectname) %(*objectname) [3ms]
[2022-07-04T03:38:32.748Z] > git config --get commit.template [1ms]
[2022-07-04T03:38:37.768Z] > git status -z -uall [15ms]
[2022-07-04T03:38:37.772Z] > git symbolic-ref --short HEAD [1ms]
[2022-07-04T03:38:37.774Z] > git for-each-ref --format=%(refname)%00%(upstream:short)%00%(objectname)%00%(upstream:track)%00%(upstream:remotename)%00%(upstream:remoteref) refs/heads/test_skills refs/remotes/test_skills [0ms]
[2022-07-04T03:38:37.779Z] > git remote --verbose [1ms]
[2022-07-04T03:38:37.779Z] > git for-each-ref --sort -committerdate --format %(refname) %(objectname) %(*objectname) [2ms]
[2022-07-04T03:38:37.784Z] > git config --get commit.template [1ms]
[2022-07-04T03:40:43.364Z] > git status -z -uall [20ms]
[2022-07-04T03:40:43.368Z] > git symbolic-ref --short HEAD [1ms]
[2022-07-04T03:40:43.371Z] > git for-each-ref --format=%(refname)%00%(upstream:short)%00%(objectname)%00%(upstream:track)%00%(upstream:remotename)%00%(upstream:remoteref) refs/heads/test_skills refs/remotes/test_skills [0ms]
[2022-07-04T03:40:43.376Z] > git remote --verbose [0ms]
[2022-07-04T03:40:43.377Z] > git for-each-ref --sort -committerdate --format %(refname) %(objectname) %(*objectname) [3ms]
[2022-07-04T03:40:43.382Z] > git config --get commit.template [0ms]
[2022-07-04T03:42:53.738Z] > git status -z -uall [16ms]
[2022-07-04T03:42:53.741Z] > git symbolic-ref --short HEAD [1ms]
[2022-07-04T03:42:53.744Z] > git for-each-ref --format=%(refname)%00%(upstream:short)%00%(objectname)%00%(upstream:track)%00%(upstream:remotename)%00%(upstream:remoteref) refs/heads/test_skills refs/remotes/test_skills [1ms]
[2022-07-04T03:42:53.748Z] > git remote --verbose [0ms]
[2022-07-04T03:42:53.749Z] > git for-each-ref --sort -committerdate --format %(refname) %(objectname) %(*objectname) [3ms]
[2022-07-04T03:42:53.753Z] > git config --get commit.template [0ms]
[2022-07-04T03:42:58.773Z] > git status -z -uall [16ms]
[2022-07-04T03:42:58.776Z] > git symbolic-ref --short HEAD [1ms]
[2022-07-04T03:42:58.778Z] > git for-each-ref --format=%(refname)%00%(upstream:short)%00%(objectname)%00%(upstream:track)%00%(upstream:remotename)%00%(upstream:remoteref) refs/heads/test_skills refs/remotes/test_skills [1ms]
[2022-07-04T03:42:58.782Z] > git remote --verbose [0ms]
[2022-07-04T03:42:58.782Z] > git for-each-ref --sort -committerdate --format %(refname) %(objectname) %(*objectname) [2ms]
[2022-07-04T03:42:58.786Z] > git config --get commit.template [0ms]
[2022-07-04T03:43:03.807Z] > git status -z -uall [17ms]
[2022-07-04T03:43:03.810Z] > git symbolic-ref --short HEAD [0ms]
[2022-07-04T03:43:03.813Z] > git for-each-ref --format=%(refname)%00%(upstream:short)%00%(objectname)%00%(upstream:track)%00%(upstream:remotename)%00%(upstream:remoteref) refs/heads/test_skills refs/remotes/test_skills [1ms]
[2022-07-04T03:43:03.817Z] > git for-each-ref --sort -committerdate --format %(refname) %(objectname) %(*objectname) [2ms]
[2022-07-04T03:43:03.817Z] > git remote --verbose [0ms]
[2022-07-04T03:43:03.821Z] > git config --get commit.template [1ms]
[2022-07-04T03:43:08.840Z] > git status -z -uall [16ms]
[2022-07-04T03:43:08.843Z] > git symbolic-ref --short HEAD [0ms]
[2022-07-04T03:43:08.846Z] > git for-each-ref --format=%(refname)%00%(upstream:short)%00%(objectname)%00%(upstream:track)%00%(upstream:remotename)%00%(upstream:remoteref) refs/heads/test_skills refs/remotes/test_skills [1ms]
[2022-07-04T03:43:08.850Z] > git remote --verbose [1ms]
[2022-07-04T03:43:08.850Z] > git for-each-ref --sort -committerdate --format %(refname) %(objectname) %(*objectname) [2ms]
[2022-07-04T03:43:08.854Z] > git config --get commit.template [1ms]
[2022-07-04T03:43:13.874Z] > git status -z -uall [16ms]
[2022-07-04T03:43:13.877Z] > git symbolic-ref --short HEAD [0ms]
[2022-07-04T03:43:13.880Z] > git for-each-ref --format=%(refname)%00%(upstream:short)%00%(objectname)%00%(upstream:track)%00%(upstream:remotename)%00%(upstream:remoteref) refs/heads/test_skills refs/remotes/test_skills [1ms]
[2022-07-04T03:43:13.884Z] > git for-each-ref --sort -committerdate --format %(refname) %(objectname) %(*objectname) [3ms]
[2022-07-04T03:43:13.884Z] > git remote --verbose [1ms]
[2022-07-04T03:43:13.887Z] > git config --get commit.template [1ms]
[2022-07-04T03:43:18.909Z] > git status -z -uall [17ms]
[2022-07-04T03:43:18.912Z] > git symbolic-ref --short HEAD [1ms]
[2022-07-04T03:43:18.915Z] > git for-each-ref --format=%(refname)%00%(upstream:short)%00%(objectname)%00%(upstream:track)%00%(upstream:remotename)%00%(upstream:remoteref) refs/heads/test_skills refs/remotes/test_skills [1ms]
[2022-07-04T03:43:18.920Z] > git remote --verbose [1ms]
[2022-07-04T03:43:18.920Z] > git for-each-ref --sort -committerdate --format %(refname) %(objectname) %(*objectname) [3ms]
[2022-07-04T03:43:18.923Z] > git config --get commit.template [1ms]
[2022-07-04T03:43:23.943Z] > git status -z -uall [16ms]
[2022-07-04T03:43:23.947Z] > git symbolic-ref --short HEAD [1ms]
[2022-07-04T03:43:23.951Z] > git for-each-ref --format=%(refname)%00%(upstream:short)%00%(objectname)%00%(upstream:track)%00%(upstream:remotename)%00%(upstream:remoteref) refs/heads/test_skills refs/remotes/test_skills [0ms]
[2022-07-04T03:43:23.956Z] > git remote --verbose [1ms]
[2022-07-04T03:43:23.956Z] > git for-each-ref --sort -committerdate --format %(refname) %(objectname) %(*objectname) [3ms]
[2022-07-04T03:43:23.960Z] > git config --get commit.template [1ms]
[2022-07-04T03:43:28.981Z] > git status -z -uall [17ms]
[2022-07-04T03:43:28.984Z] > git symbolic-ref --short HEAD [0ms]
[2022-07-04T03:43:28.989Z] > git for-each-ref --format=%(refname)%00%(upstream:short)%00%(objectname)%00%(upstream:track)%00%(upstream:remotename)%00%(upstream:remoteref) refs/heads/test_skills refs/remotes/test_skills [1ms]
[2022-07-04T03:43:28.993Z] > git remote --verbose [0ms]
[2022-07-04T03:43:28.994Z] > git for-each-ref --sort -committerdate --format %(refname) %(objectname) %(*objectname) [3ms]
[2022-07-04T03:43:28.998Z] > git config --get commit.template [1ms]
[2022-07-04T03:43:34.018Z] > git status -z -uall [16ms]
[2022-07-04T03:43:34.022Z] > git symbolic-ref --short HEAD [1ms]
[2022-07-04T03:43:34.024Z] > git for-each-ref --format=%(refname)%00%(upstream:short)%00%(objectname)%00%(upstream:track)%00%(upstream:remotename)%00%(upstream:remoteref) refs/heads/test_skills refs/remotes/test_skills [0ms]
[2022-07-04T03:43:34.028Z] > git for-each-ref --sort -committerdate --format %(refname) %(objectname) %(*objectname) [2ms]
[2022-07-04T03:43:34.028Z] > git remote --verbose [0ms]
[2022-07-04T03:43:34.031Z] > git config --get commit.template [0ms]
[2022-07-04T03:43:39.053Z] > git status -z -uall [17ms]
[2022-07-04T03:43:39.056Z] > git symbolic-ref --short HEAD [0ms]
[2022-07-04T03:43:39.059Z] > git for-each-ref --format=%(refname)%00%(upstream:short)%00%(objectname)%00%(upstream:track)%00%(upstream:remotename)%00%(upstream:remoteref) refs/heads/test_skills refs/remotes/test_skills [1ms]
[2022-07-04T03:43:39.064Z] > git remote --verbose [1ms]
[2022-07-04T03:43:39.064Z] > git for-each-ref --sort -committerdate --format %(refname) %(objectname) %(*objectname) [2ms]
[2022-07-04T03:43:39.068Z] > git config --get commit.template [1ms]
[2022-07-04T03:43:44.088Z] > git status -z -uall [16ms]
[2022-07-04T03:43:44.092Z] > git symbolic-ref --short HEAD [1ms]
[2022-07-04T03:43:44.095Z] > git for-each-ref --format=%(refname)%00%(upstream:short)%00%(objectname)%00%(upstream:track)%00%(upstream:remotename)%00%(upstream:remoteref) refs/heads/test_skills refs/remotes/test_skills [1ms]
[2022-07-04T03:43:44.100Z] > git remote --verbose [0ms]
[2022-07-04T03:43:44.100Z] > git for-each-ref --sort -committerdate --format %(refname) %(objectname) %(*objectname) [2ms]
[2022-07-04T03:43:44.105Z] > git config --get commit.template [1ms]
[2022-07-04T03:43:49.125Z] > git status -z -uall [16ms]
[2022-07-04T03:43:49.128Z] > git symbolic-ref --short HEAD [0ms]
[2022-07-04T03:43:49.131Z] > git for-each-ref --format=%(refname)%00%(upstream:short)%00%(objectname)%00%(upstream:track)%00%(upstream:remotename)%00%(upstream:remoteref) refs/heads/test_skills refs/remotes/test_skills [0ms]
[2022-07-04T03:43:49.136Z] > git remote --verbose [1ms]
[2022-07-04T03:43:49.136Z] > git for-each-ref --sort -committerdate --format %(refname) %(objectname) %(*objectname) [3ms]
[2022-07-04T03:43:49.139Z] > git config --get commit.template [0ms]
[2022-07-04T03:43:54.160Z] > git status -z -uall [16ms]
[2022-07-04T03:43:54.163Z] > git symbolic-ref --short HEAD [1ms]
[2022-07-04T03:43:54.165Z] > git for-each-ref --format=%(refname)%00%(upstream:short)%00%(objectname)%00%(upstream:track)%00%(upstream:remotename)%00%(upstream:remoteref) refs/heads/test_skills refs/remotes/test_skills [1ms]
[2022-07-04T03:43:54.169Z] > git for-each-ref --sort -committerdate --format %(refname) %(objectname) %(*objectname) [2ms]
[2022-07-04T03:43:54.170Z] > git remote --verbose [0ms]
[2022-07-04T03:43:54.173Z] > git config --get commit.template [0ms]
[2022-07-04T03:43:59.193Z] > git status -z -uall [17ms]
[2022-07-04T03:43:59.197Z] > git symbolic-ref --short HEAD [1ms]
[2022-07-04T03:43:59.200Z] > git for-each-ref --format=%(refname)%00%(upstream:short)%00%(objectname)%00%(upstream:track)%00%(upstream:remotename)%00%(upstream:remoteref) refs/heads/test_skills refs/remotes/test_skills [1ms]
[2022-07-04T03:43:59.205Z] > git remote --verbose [1ms]
[2022-07-04T03:43:59.205Z] > git for-each-ref --sort -committerdate --format %(refname) %(objectname) %(*objectname) [3ms]
[2022-07-04T03:43:59.210Z] > git config --get commit.template [0ms]
[2022-07-04T03:44:04.230Z] > git status -z -uall [16ms]
[2022-07-04T03:44:04.233Z] > git symbolic-ref --short HEAD [0ms]
[2022-07-04T03:44:04.236Z] > git for-each-ref --format=%(refname)%00%(upstream:short)%00%(objectname)%00%(upstream:track)%00%(upstream:remotename)%00%(upstream:remoteref) refs/heads/test_skills refs/remotes/test_skills [1ms]
[2022-07-04T03:44:04.240Z] > git remote --verbose [1ms]
[2022-07-04T03:44:04.240Z] > git for-each-ref --sort -committerdate --format %(refname) %(objectname) %(*objectname) [2ms]
[2022-07-04T03:44:04.243Z] > git config --get commit.template [0ms]
[2022-07-04T03:44:09.263Z] > git status -z -uall [16ms]
[2022-07-04T03:44:09.267Z] > git symbolic-ref --short HEAD [1ms]
[2022-07-04T03:44:09.270Z] > git for-each-ref --format=%(refname)%00%(upstream:short)%00%(objectname)%00%(upstream:track)%00%(upstream:remotename)%00%(upstream:remoteref) refs/heads/test_skills refs/remotes/test_skills [1ms]
[2022-07-04T03:44:09.274Z] > git remote --verbose [0ms]
[2022-07-04T03:44:09.275Z] > git for-each-ref --sort -committerdate --format %(refname) %(objectname) %(*objectname) [3ms]
[2022-07-04T03:44:09.279Z] > git config --get commit.template [1ms]
[2022-07-04T03:44:14.299Z] > git status -z -uall [17ms]
[2022-07-04T03:44:14.302Z] > git symbolic-ref --short HEAD [0ms]
[2022-07-04T03:44:14.305Z] > git for-each-ref --format=%(refname)%00%(upstream:short)%00%(objectname)%00%(upstream:track)%00%(upstream:remotename)%00%(upstream:remoteref) refs/heads/test_skills refs/remotes/test_skills [0ms]
[2022-07-04T03:44:14.311Z] > git remote --verbose [1ms]
[2022-07-04T03:44:14.311Z] > git for-each-ref --sort -committerdate --format %(refname) %(objectname) %(*objectname) [3ms]
[2022-07-04T03:44:14.314Z] > git config --get commit.template [0ms]
[2022-07-04T03:44:20.216Z] > git status -z -uall [17ms]
[2022-07-04T03:44:20.219Z] > git symbolic-ref --short HEAD [0ms]
[2022-07-04T03:44:20.222Z] > git for-each-ref --format=%(refname)%00%(upstream:short)%00%(objectname)%00%(upstream:track)%00%(upstream:remotename)%00%(upstream:remoteref) refs/heads/test_skills refs/remotes/test_skills [1ms]
[2022-07-04T03:44:20.226Z] > git remote --verbose [1ms]
[2022-07-04T03:44:20.226Z] > git for-each-ref --sort -committerdate --format %(refname) %(objectname) %(*objectname) [3ms]
[2022-07-04T03:44:20.229Z] > git config --get commit.template [0ms]
[2022-07-04T03:44:25.250Z] > git status -z -uall [16ms]
[2022-07-04T03:44:25.254Z] > git symbolic-ref --short HEAD [0ms]
[2022-07-04T03:44:25.256Z] > git for-each-ref --format=%(refname)%00%(upstream:short)%00%(objectname)%00%(upstream:track)%00%(upstream:remotename)%00%(upstream:remoteref) refs/heads/test_skills refs/remotes/test_skills [0ms]
[2022-07-04T03:44:25.261Z] > git remote --verbose [1ms]
[2022-07-04T03:44:25.261Z] > git for-each-ref --sort -committerdate --format %(refname) %(objectname) %(*objectname) [3ms]
[2022-07-04T03:44:25.264Z] > git config --get commit.template [0ms]
[2022-07-04T03:44:30.285Z] > git status -z -uall [17ms]
[2022-07-04T03:44:30.288Z] > git symbolic-ref --short HEAD [1ms]
[2022-07-04T03:44:30.290Z] > git for-each-ref --format=%(refname)%00%(upstream:short)%00%(objectname)%00%(upstream:track)%00%(upstream:remotename)%00%(upstream:remoteref) refs/heads/test_skills refs/remotes/test_skills [0ms]
[2022-07-04T03:44:30.295Z] > git remote --verbose [1ms]
[2022-07-04T03:44:30.295Z] > git for-each-ref --sort -committerdate --format %(refname) %(objectname) %(*objectname) [2ms]
[2022-07-04T03:44:30.299Z] > git config --get commit.template [1ms]
[2022-07-04T03:44:35.319Z] > git status -z -uall [17ms]
[2022-07-04T03:44:35.322Z] > git symbolic-ref --short HEAD [0ms]
[2022-07-04T03:44:35.325Z] > git for-each-ref --format=%(refname)%00%(upstream:short)%00%(objectname)%00%(upstream:track)%00%(upstream:remotename)%00%(upstream:remoteref) refs/heads/test_skills refs/remotes/test_skills [1ms]
[2022-07-04T03:44:35.330Z] > git remote --verbose [1ms]
[2022-07-04T03:44:35.330Z] > git for-each-ref --sort -committerdate --format %(refname) %(objectname) %(*objectname) [3ms]
[2022-07-04T03:44:35.334Z] > git config --get commit.template [0ms]
[2022-07-04T03:44:40.354Z] > git status -z -uall [16ms]
[2022-07-04T03:44:40.358Z] > git symbolic-ref --short HEAD [1ms]
[2022-07-04T03:44:40.361Z] > git for-each-ref --format=%(refname)%00%(upstream:short)%00%(objectname)%00%(upstream:track)%00%(upstream:remotename)%00%(upstream:remoteref) refs/heads/test_skills refs/remotes/test_skills [0ms]
[2022-07-04T03:44:40.366Z] > git remote --verbose [0ms]
[2022-07-04T03:44:40.366Z] > git for-each-ref --sort -committerdate --format %(refname) %(objectname) %(*objectname) [2ms]
[2022-07-04T03:44:40.370Z] > git config --get commit.template [1ms]
[2022-07-04T03:44:45.389Z] > git status -z -uall [16ms]
[2022-07-04T03:44:45.393Z] > git symbolic-ref --short HEAD [1ms]
[2022-07-04T03:44:45.395Z] > git for-each-ref --format=%(refname)%00%(upstream:short)%00%(objectname)%00%(upstream:track)%00%(upstream:remotename)%00%(upstream:remoteref) refs/heads/test_skills refs/remotes/test_skills [0ms]
[2022-07-04T03:44:45.400Z] > git remote --verbose [1ms]
[2022-07-04T03:44:45.400Z] > git for-each-ref --sort -committerdate --format %(refname) %(objectname) %(*objectname) [2ms]
[2022-07-04T03:44:45.403Z] > git config --get commit.template [0ms]
[2022-07-04T03:44:50.422Z] > git status -z -uall [15ms]
[2022-07-04T03:44:50.426Z] > git symbolic-ref --short HEAD [1ms]
[2022-07-04T03:44:50.429Z] > git for-each-ref --format=%(refname)%00%(upstream:short)%00%(objectname)%00%(upstream:track)%00%(upstream:remotename)%00%(upstream:remoteref) refs/heads/test_skills refs/remotes/test_skills [1ms]
[2022-07-04T03:44:50.433Z] > git remote --verbose [1ms]
[2022-07-04T03:44:50.433Z] > git for-each-ref --sort -committerdate --format %(refname) %(objectname) %(*objectname) [2ms]
[2022-07-04T03:44:50.436Z] > git config --get commit.template [0ms]
[2022-07-04T03:44:55.456Z] > git status -z -uall [16ms]
[2022-07-04T03:44:55.460Z] > git symbolic-ref --short HEAD [0ms]
[2022-07-04T03:44:55.463Z] > git for-each-ref --format=%(refname)%00%(upstream:short)%00%(objectname)%00%(upstream:track)%00%(upstream:remotename)%00%(upstream:remoteref) refs/heads/test_skills refs/remotes/test_skills [1ms]
[2022-07-04T03:44:55.467Z] > git for-each-ref --sort -committerdate --format %(refname) %(objectname) %(*objectname) [2ms]
[2022-07-04T03:44:55.467Z] > git remote --verbose [1ms]
[2022-07-04T03:44:55.470Z] > git config --get commit.template [0ms]
[2022-07-04T03:45:00.491Z] > git status -z -uall [17ms]
[2022-07-04T03:45:00.494Z] > git symbolic-ref --short HEAD [1ms]
[2022-07-04T03:45:00.497Z] > git for-each-ref --format=%(refname)%00%(upstream:short)%00%(objectname)%00%(upstream:track)%00%(upstream:remotename)%00%(upstream:remoteref) refs/heads/test_skills refs/remotes/test_skills [1ms]
[2022-07-04T03:45:00.502Z] > git remote --verbose [1ms]
[2022-07-04T03:45:00.502Z] > git for-each-ref --sort -committerdate --format %(refname) %(objectname) %(*objectname) [3ms]
[2022-07-04T03:45:00.505Z] > git config --get commit.template [0ms]
[2022-07-04T03:45:05.526Z] > git status -z -uall [16ms]
[2022-07-04T03:45:05.529Z] > git symbolic-ref --short HEAD [0ms]
[2022-07-04T03:45:05.532Z] > git for-each-ref --format=%(refname)%00%(upstream:short)%00%(objectname)%00%(upstream:track)%00%(upstream:remotename)%00%(upstream:remoteref) refs/heads/test_skills refs/remotes/test_skills [0ms]
[2022-07-04T03:45:05.537Z] > git remote --verbose [0ms]
[2022-07-04T03:45:05.537Z] > git for-each-ref --sort -committerdate --format %(refname) %(objectname) %(*objectname) [3ms]
[2022-07-04T03:45:05.541Z] > git config --get commit.template [1ms]
[2022-07-04T03:45:11.234Z] > git status -z -uall [17ms]
[2022-07-04T03:45:11.237Z] > git symbolic-ref --short HEAD [0ms]
[2022-07-04T03:45:11.240Z] > git for-each-ref --format=%(refname)%00%(upstream:short)%00%(objectname)%00%(upstream:track)%00%(upstream:remotename)%00%(upstream:remoteref) refs/heads/test_skills refs/remotes/test_skills [1ms]
[2022-07-04T03:45:11.244Z] > git for-each-ref --sort -committerdate --format %(refname) %(objectname) %(*objectname) [2ms]
[2022-07-04T03:45:11.244Z] > git remote --verbose [0ms]
[2022-07-04T03:45:11.248Z] > git config --get commit.template [1ms]
[2022-07-04T03:45:16.268Z] > git status -z -uall [17ms]
[2022-07-04T03:45:16.271Z] > git symbolic-ref --short HEAD [0ms]
[2022-07-04T03:45:16.274Z] > git for-each-ref --format=%(refname)%00%(upstream:short)%00%(objectname)%00%(upstream:track)%00%(upstream:remotename)%00%(upstream:remoteref) refs/heads/test_skills refs/remotes/test_skills [1ms]
[2022-07-04T03:45:16.278Z] > git for-each-ref --sort -committerdate --format %(refname) %(objectname) %(*objectname) [2ms]
[2022-07-04T03:45:16.278Z] > git remote --verbose [1ms]
[2022-07-04T03:45:16.282Z] > git config --get commit.template [0ms]
[2022-07-04T03:50:31.597Z] > git status -z -uall [21ms]
[2022-07-04T03:50:31.600Z] > git symbolic-ref --short HEAD [0ms]
[2022-07-04T03:50:31.604Z] > git for-each-ref --format=%(refname)%00%(upstream:short)%00%(objectname)%00%(upstream:track)%00%(upstream:remotename)%00%(upstream:remoteref) refs/heads/test_skills refs/remotes/test_skills [1ms]
[2022-07-04T03:50:31.609Z] > git for-each-ref --sort -committerdate --format %(refname) %(objectname) %(*objectname) [2ms]
[2022-07-04T03:50:31.609Z] > git remote --verbose [0ms]
[2022-07-04T03:50:31.613Z] > git config --get commit.template [0ms]
[2022-07-04T03:50:35.528Z] > git show --textconv :scripts/test2.py [3ms]
[2022-07-04T03:50:35.529Z] > git ls-files --stage -- /home/htmhqi/scripts/test2.py [1ms]
[2022-07-04T03:50:35.533Z] > git cat-file -s cd3e3767df45b74b823be80657438704b8b8b59e [1ms]
[2022-07-04T03:50:36.633Z] > git status -z -uall [16ms]
[2022-07-04T03:50:36.636Z] > git symbolic-ref --short HEAD [0ms]
[2022-07-04T03:50:36.639Z] > git for-each-ref --format=%(refname)%00%(upstream:short)%00%(objectname)%00%(upstream:track)%00%(upstream:remotename)%00%(upstream:remoteref) refs/heads/test_skills refs/remotes/test_skills [1ms]
[2022-07-04T03:50:36.644Z] > git remote --verbose [1ms]
[2022-07-04T03:50:36.645Z] > git for-each-ref --sort -committerdate --format %(refname) %(objectname) %(*objectname) [4ms]
[2022-07-04T03:50:36.650Z] > git config --get commit.template [1ms]
[2022-07-04T03:50:41.671Z] > git status -z -uall [16ms]
[2022-07-04T03:50:41.674Z] > git symbolic-ref --short HEAD [0ms]
[2022-07-04T03:50:41.677Z] > git for-each-ref --format=%(refname)%00%(upstream:short)%00%(objectname)%00%(upstream:track)%00%(upstream:remotename)%00%(upstream:remoteref) refs/heads/test_skills refs/remotes/test_skills [0ms]
[2022-07-04T03:50:41.683Z] > git for-each-ref --sort -committerdate --format %(refname) %(objectname) %(*objectname) [3ms]
[2022-07-04T03:50:41.683Z] > git remote --verbose [1ms]
[2022-07-04T03:50:41.688Z] > git config --get commit.template [0ms]
[2022-07-04T03:50:46.708Z] > git status -z -uall [16ms]
[2022-07-04T03:50:46.712Z] > git symbolic-ref --short HEAD [1ms]
[2022-07-04T03:50:46.714Z] > git for-each-ref --format=%(refname)%00%(upstream:short)%00%(objectname)%00%(upstream:track)%00%(upstream:remotename)%00%(upstream:remoteref) refs/heads/test_skills refs/remotes/test_skills [0ms]
[2022-07-04T03:50:46.719Z] > git remote --verbose [1ms]
[2022-07-04T03:50:46.719Z] > git for-each-ref --sort -committerdate --format %(refname) %(objectname) %(*objectname) [2ms]
[2022-07-04T03:50:46.722Z] > git config --get commit.template [0ms]
[2022-07-04T03:50:51.742Z] > git status -z -uall [15ms]
[2022-07-04T03:50:51.745Z] > git symbolic-ref --short HEAD [0ms]
[2022-07-04T03:50:51.749Z] > git for-each-ref --format=%(refname)%00%(upstream:short)%00%(objectname)%00%(upstream:track)%00%(upstream:remotename)%00%(upstream:remoteref) refs/heads/test_skills refs/remotes/test_skills [1ms]
[2022-07-04T03:50:51.753Z] > git remote --verbose [0ms]
[2022-07-04T03:50:51.754Z] > git for-each-ref --sort -committerdate --format %(refname) %(objectname) %(*objectname) [3ms]
[2022-07-04T03:50:51.757Z] > git config --get commit.template [0ms]
[2022-07-04T03:52:46.763Z] > git status -z -uall [31ms]
[2022-07-04T03:52:46.768Z] > git symbolic-ref --short HEAD [1ms]
[2022-07-04T03:52:46.774Z] > git for-each-ref --format=%(refname)%00%(upstream:short)%00%(objectname)%00%(upstream:track)%00%(upstream:remotename)%00%(upstream:remoteref) refs/heads/test_skills refs/remotes/test_skills [1ms]
[2022-07-04T03:52:46.783Z] > git remote --verbose [0ms]
[2022-07-04T03:52:46.784Z] > git for-each-ref --sort -committerdate --format %(refname) %(objectname) %(*objectname) [5ms]
[2022-07-04T03:52:46.788Z] > git config --get commit.template [1ms]
