[2022-07-03 23:37:55.949] [exthost] [info] Extension host with pid 94 started
[2022-07-03 23:37:55.959] [exthost] [info] Lock '/home/htmhqi/.vscode-server/data/User/workspaceStorage/b8b0059f5e879175db10163d2663be81/vscode.lock': Lock acquired.
[2022-07-03 23:37:56.036] [exthost] [info] ExtensionService#_doActivateExtension ms-python.python, startup: false, activationEvent: 'onLanguage:python'
[2022-07-03 23:37:56.282] [exthost] [info] ExtensionService#_doActivateExtension ms-toolsai.jupyter, startup: false, activationEvent: 'onLanguage:python'
[2022-07-03 23:37:56.565] [exthost] [info] ExtensionService#_doActivateExtension vscode.debug-auto-launch, startup: true, activationEvent: '*'
[2022-07-03 23:37:56.568] [exthost] [info] ExtensionService#_doActivateExtension vscode.git-base, startup: true, activationEvent: '*', root cause: vscode.git
[2022-07-03 23:37:56.571] [exthost] [info] ExtensionService#_doActivateExtension vscode.ipynb, startup: true, activationEvent: '*'
[2022-07-03 23:37:56.688] [exthost] [info] ExtensionService#_doActivateExtension vscode.git, startup: true, activationEvent: '*'
[2022-07-03 23:37:56.739] [exthost] [info] ExtensionService#_doActivateExtension vscode.github, startup: true, activationEvent: '*'
[2022-07-03 23:37:56.992] [exthost] [info] ExtensionService#_doActivateExtension ms-toolsai.jupyter-renderers, startup: false, activationEvent: 'api', root cause: ms-toolsai.jupyter
[2022-07-03 23:37:57.025] [exthost] [info] ExtensionService#_doActivateExtension vscode.emmet, startup: false, activationEvent: 'onStartupFinished'
[2022-07-03 23:37:57.038] [exthost] [info] ExtensionService#_doActivateExtension vscode.merge-conflict, startup: false, activationEvent: 'onStartupFinished'
[2022-07-03 23:37:57.041] [exthost] [info] Eager extensions activated
[2022-07-03 23:37:57.070] [exthost] [info] ExtensionService#_doActivateExtension ms-python.vscode-pylance, startup: false, activationEvent: 'onLanguage:python'
[2022-07-03 23:37:57.393] [exthost] [info] ExtensionService#_doActivateExtension vscode.configuration-editing, startup: false, activationEvent: 'onLanguage:jsonc'
[2022-07-03 23:37:57.399] [exthost] [info] ExtensionService#_doActivateExtension vscode.json-language-features, startup: false, activationEvent: 'onLanguage:jsonc'
[2022-07-03 23:37:57.444] [exthost] [info] ExtensionService#_doActivateExtension vscode.typescript-language-features, startup: false, activationEvent: 'onLanguage:jsonc'
[2022-07-03 23:44:05.861] [exthost] [info] ExtensionService#_doActivateExtension ms-vscode.js-debug, startup: false, activationEvent: 'onDebugInitialConfigurations'
[2022-07-03 23:44:07.270] [exthost] [info] ExtensionService#_doActivateExtension vscode.debug-server-ready, startup: false, activationEvent: 'onDebugResolve'
[2022-07-03 23:52:49.571] [exthost] [info] Extension host terminating: received terminate message from renderer
[2022-07-03 23:52:49.571] [exthost] [info] Lock '/home/htmhqi/.vscode-server/data/User/workspaceStorage/b8b0059f5e879175db10163d2663be81/vscode.lock': Marking the lockfile as scheduled to be released in 6000 ms.
[2022-07-03 23:52:49.595] [exthost] [info] Extension host with pid 94 exiting with code 0
