[2022-07-09 09:00:30.338] [exthost] [info] Extension host with pid 143 started
[2022-07-09 09:00:30.351] [exthost] [info] Lock '/home/htmhqi/.vscode-server/data/User/workspaceStorage/b8b0059f5e879175db10163d2663be81/vscode.lock': Lock acquired.
[2022-07-09 09:00:30.411] [exthost] [info] ExtensionService#_doActivateExtension vscode.debug-auto-launch, startup: true, activationEvent: '*'
[2022-07-09 09:00:30.416] [exthost] [info] ExtensionService#_doActivateExtension vscode.git-base, startup: true, activationEvent: '*', root cause: vscode.git
[2022-07-09 09:00:30.421] [exthost] [info] ExtensionService#_doActivateExtension vscode.ipynb, startup: true, activationEvent: '*'
[2022-07-09 09:00:30.451] [exthost] [info] ExtensionService#_doActivateExtension vscode.git, startup: true, activationEvent: '*'
[2022-07-09 09:00:30.507] [exthost] [info] ExtensionService#_doActivateExtension vscode.github, startup: true, activationEvent: '*'
[2022-07-09 09:00:30.559] [exthost] [info] ExtensionService#_doActivateExtension vscode.emmet, startup: false, activationEvent: 'onStartupFinished'
[2022-07-09 09:00:30.572] [exthost] [info] ExtensionService#_doActivateExtension vscode.merge-conflict, startup: false, activationEvent: 'onStartupFinished'
[2022-07-09 09:00:30.577] [exthost] [info] Eager extensions activated
[2022-07-09 09:00:30.766] [exthost] [warning] [Decorations] CAPPING events from decorations provider vscode.git 2774
[2022-07-09 09:00:31.231] [exthost] [warning] [Decorations] CAPPING events from decorations provider vscode.git 2774
[2022-07-09 09:01:08.396] [exthost] [warning] [Decorations] CAPPING events from decorations provider vscode.git 2782
[2022-07-09 09:01:10.648] [exthost] [info] ExtensionService#_doActivateExtension ms-python.python, startup: false, activationEvent: 'onLanguage:python'
[2022-07-09 09:01:10.865] [exthost] [info] ExtensionService#_doActivateExtension ms-toolsai.jupyter, startup: false, activationEvent: 'onLanguage:python'
[2022-07-09 09:01:11.497] [exthost] [info] ExtensionService#_doActivateExtension ms-toolsai.jupyter-renderers, startup: false, activationEvent: 'api', root cause: ms-toolsai.jupyter
[2022-07-09 09:01:11.669] [exthost] [info] ExtensionService#_doActivateExtension ms-python.vscode-pylance, startup: false, activationEvent: 'onLanguage:python'
[2022-07-09 09:01:11.925] [exthost] [info] ExtensionService#_doActivateExtension vscode.configuration-editing, startup: false, activationEvent: 'onLanguage:jsonc'
[2022-07-09 09:01:11.929] [exthost] [info] ExtensionService#_doActivateExtension vscode.json-language-features, startup: false, activationEvent: 'onLanguage:jsonc'
[2022-07-09 09:01:11.977] [exthost] [info] ExtensionService#_doActivateExtension vscode.typescript-language-features, startup: false, activationEvent: 'onLanguage:jsonc'
[2022-07-09 09:01:13.483] [exthost] [warning] [Decorations] CAPPING events from decorations provider vscode.git 2787
[2022-07-09 09:01:18.562] [exthost] [warning] [Decorations] CAPPING events from decorations provider vscode.git 2788
[2022-07-09 09:01:23.634] [exthost] [warning] [Decorations] CAPPING events from decorations provider vscode.git 2788
[2022-07-09 09:01:28.705] [exthost] [warning] [Decorations] CAPPING events from decorations provider vscode.git 2788
[2022-07-09 09:01:33.780] [exthost] [warning] [Decorations] CAPPING events from decorations provider vscode.git 2788
[2022-07-09 09:01:38.860] [exthost] [warning] [Decorations] CAPPING events from decorations provider vscode.git 2788
[2022-07-09 09:01:43.950] [exthost] [warning] [Decorations] CAPPING events from decorations provider vscode.git 2788
[2022-07-09 09:01:49.031] [exthost] [warning] [Decorations] CAPPING events from decorations provider vscode.git 2788
[2022-07-09 09:01:54.113] [exthost] [warning] [Decorations] CAPPING events from decorations provider vscode.git 2788
[2022-07-09 09:01:59.198] [exthost] [warning] [Decorations] CAPPING events from decorations provider vscode.git 2788
[2022-07-09 09:02:45.067] [exthost] [warning] [Decorations] CAPPING events from decorations provider vscode.git 2788
[2022-07-09 09:02:50.139] [exthost] [warning] [Decorations] CAPPING events from decorations provider vscode.git 2788
[2022-07-09 09:02:55.201] [exthost] [warning] [Decorations] CAPPING events from decorations provider vscode.git 2788
[2022-07-09 09:03:00.271] [exthost] [warning] [Decorations] CAPPING events from decorations provider vscode.git 2788
[2022-07-09 09:03:05.336] [exthost] [warning] [Decorations] CAPPING events from decorations provider vscode.git 2788
[2022-07-09 09:03:10.404] [exthost] [warning] [Decorations] CAPPING events from decorations provider vscode.git 2788
[2022-07-09 09:06:14.168] [exthost] [warning] [Decorations] CAPPING events from decorations provider vscode.git 2788
[2022-07-09 09:06:19.229] [exthost] [warning] [Decorations] CAPPING events from decorations provider vscode.git 2788
[2022-07-09 09:06:50.844] [exthost] [warning] [Decorations] CAPPING events from decorations provider vscode.git 2788
[2022-07-09 09:06:55.907] [exthost] [warning] [Decorations] CAPPING events from decorations provider vscode.git 2788
[2022-07-09 09:07:00.970] [exthost] [warning] [Decorations] CAPPING events from decorations provider vscode.git 2788
[2022-07-09 09:07:06.046] [exthost] [warning] [Decorations] CAPPING events from decorations provider vscode.git 2788
[2022-07-09 09:11:34.266] [exthost] [warning] [Decorations] CAPPING events from decorations provider vscode.git 2788
[2022-07-09 09:11:39.329] [exthost] [warning] [Decorations] CAPPING events from decorations provider vscode.git 2788
[2022-07-09 09:11:44.392] [exthost] [warning] [Decorations] CAPPING events from decorations provider vscode.git 2788
[2022-07-09 09:11:49.453] [exthost] [warning] [Decorations] CAPPING events from decorations provider vscode.git 2788
[2022-07-09 09:11:54.514] [exthost] [warning] [Decorations] CAPPING events from decorations provider vscode.git 2788
[2022-07-09 09:11:59.580] [exthost] [warning] [Decorations] CAPPING events from decorations provider vscode.git 2788
[2022-07-09 09:12:04.644] [exthost] [warning] [Decorations] CAPPING events from decorations provider vscode.git 2788
[2022-07-09 09:12:09.710] [exthost] [warning] [Decorations] CAPPING events from decorations provider vscode.git 2788
[2022-07-09 09:12:14.772] [exthost] [warning] [Decorations] CAPPING events from decorations provider vscode.git 2788
[2022-07-09 09:12:19.847] [exthost] [warning] [Decorations] CAPPING events from decorations provider vscode.git 2788
[2022-07-09 09:12:24.912] [exthost] [warning] [Decorations] CAPPING events from decorations provider vscode.git 2788
[2022-07-09 09:13:02.567] [exthost] [warning] [Decorations] CAPPING events from decorations provider vscode.git 2788
[2022-07-09 09:17:34.316] [exthost] [warning] [Decorations] CAPPING events from decorations provider vscode.git 2788
[2022-07-09 09:17:39.379] [exthost] [warning] [Decorations] CAPPING events from decorations provider vscode.git 2788
[2022-07-09 09:18:04.057] [exthost] [warning] [Decorations] CAPPING events from decorations provider vscode.git 2788
[2022-07-09 09:18:06.792] [exthost] [info] Extension host terminating: received terminate message from renderer
[2022-07-09 09:18:06.792] [exthost] [info] Lock '/home/htmhqi/.vscode-server/data/User/workspaceStorage/b8b0059f5e879175db10163d2663be81/vscode.lock': Marking the lockfile as scheduled to be released in 6000 ms.
[2022-07-09 09:18:06.820] [exthost] [info] Extension host with pid 143 exiting with code 0
