[2022-07-07 19:07:08.594] [exthost] [info] Extension host with pid 115 started
[2022-07-07 19:07:08.609] [exthost] [info] Lock '/home/htmhqi/.vscode-server/data/User/workspaceStorage/b8b0059f5e879175db10163d2663be81/vscode.lock': Lock acquired.
[2022-07-07 19:07:08.671] [exthost] [info] ExtensionService#_doActivateExtension ms-python.python, startup: false, activationEvent: 'onLanguage:python'
[2022-07-07 19:07:08.951] [exthost] [info] ExtensionService#_doActivateExtension ms-toolsai.jupyter, startup: false, activationEvent: 'onLanguage:python'
[2022-07-07 19:07:09.330] [exthost] [info] ExtensionService#_doActivateExtension vscode.debug-auto-launch, startup: true, activationEvent: '*'
[2022-07-07 19:07:09.333] [exthost] [info] ExtensionService#_doActivateExtension vscode.git-base, startup: true, activationEvent: '*', root cause: vscode.git
[2022-07-07 19:07:09.337] [exthost] [info] ExtensionService#_doActivateExtension vscode.ipynb, startup: true, activationEvent: '*'
[2022-07-07 19:07:09.482] [exthost] [info] ExtensionService#_doActivateExtension vscode.git, startup: true, activationEvent: '*'
[2022-07-07 19:07:09.552] [exthost] [info] ExtensionService#_doActivateExtension vscode.github, startup: true, activationEvent: '*'
[2022-07-07 19:07:09.841] [exthost] [info] ExtensionService#_doActivateExtension ms-toolsai.jupyter-renderers, startup: false, activationEvent: 'api', root cause: ms-toolsai.jupyter
[2022-07-07 19:07:09.895] [exthost] [info] ExtensionService#_doActivateExtension ms-python.vscode-pylance, startup: false, activationEvent: 'onLanguage:python'
[2022-07-07 19:07:10.012] [exthost] [info] ExtensionService#_doActivateExtension vscode.emmet, startup: false, activationEvent: 'onStartupFinished'
[2022-07-07 19:07:10.027] [exthost] [info] ExtensionService#_doActivateExtension vscode.merge-conflict, startup: false, activationEvent: 'onStartupFinished'
[2022-07-07 19:07:10.029] [exthost] [info] Eager extensions activated
[2022-07-07 19:07:10.263] [exthost] [info] ExtensionService#_doActivateExtension vscode.configuration-editing, startup: false, activationEvent: 'onLanguage:jsonc'
[2022-07-07 19:07:10.267] [exthost] [info] ExtensionService#_doActivateExtension vscode.json-language-features, startup: false, activationEvent: 'onLanguage:jsonc'
[2022-07-07 19:07:10.331] [exthost] [info] ExtensionService#_doActivateExtension vscode.typescript-language-features, startup: false, activationEvent: 'onLanguage:jsonc'
[2022-07-07 19:07:10.459] [exthost] [warning] [Decorations] CAPPING events from decorations provider vscode.git 8050
[2022-07-07 19:07:11.740] [exthost] [warning] [Decorations] CAPPING events from decorations provider vscode.git 8050
[2022-07-07 19:07:50.170] [exthost] [warning] [Decorations] CAPPING events from decorations provider vscode.git 10004
[2022-07-07 19:08:14.287] [exthost] [warning] [Decorations] CAPPING events from decorations provider vscode.git 10866
[2022-07-07 19:08:19.067] [exthost] [warning] [Decorations] CAPPING events from decorations provider vscode.git 10866
[2022-07-07 19:08:21.938] [exthost] [warning] [Decorations] CAPPING events from decorations provider vscode.git 10866
[2022-07-07 19:08:26.895] [exthost] [warning] [Decorations] CAPPING events from decorations provider vscode.git 868
[2022-07-07 19:08:28.239] [exthost] [warning] [Decorations] CAPPING events from decorations provider vscode.git 868
[2022-07-07 19:08:31.986] [exthost] [warning] [Decorations] CAPPING events from decorations provider vscode.git 868
[2022-07-07 19:08:33.669] [exthost] [warning] [Decorations] CAPPING events from decorations provider vscode.git 868
[2022-07-07 22:58:10.512] [exthost] [info] Extension host terminating: received terminate message from renderer
[2022-07-07 22:58:10.512] [exthost] [info] Lock '/home/htmhqi/.vscode-server/data/User/workspaceStorage/b8b0059f5e879175db10163d2663be81/vscode.lock': Marking the lockfile as scheduled to be released in 6000 ms.
[2022-07-07 22:58:10.536] [exthost] [error] Canceled: Canceled
	at Object.L [as canceled] (/home/htmhqi/.vscode-server/bin/92d25e35d9bf1a6b16f7d0758f25d48ace11e5b9/out/vs/workbench/api/node/extensionHostProcess.js:7:1204)
	at /home/htmhqi/.vscode-server/bin/92d25e35d9bf1a6b16f7d0758f25d48ace11e5b9/out/vs/workbench/api/node/extensionHostProcess.js:95:9099
	at Array.forEach (<anonymous>)
	at s.dispose (/home/htmhqi/.vscode-server/bin/92d25e35d9bf1a6b16f7d0758f25d48ace11e5b9/out/vs/workbench/api/node/extensionHostProcess.js:95:9047)
	at b.terminate (/home/htmhqi/.vscode-server/bin/92d25e35d9bf1a6b16f7d0758f25d48ace11e5b9/out/vs/workbench/api/node/extensionHostProcess.js:97:10990)
	at b.terminate (/home/htmhqi/.vscode-server/bin/92d25e35d9bf1a6b16f7d0758f25d48ace11e5b9/out/vs/workbench/api/node/extensionHostProcess.js:101:620)
	at m (/home/htmhqi/.vscode-server/bin/92d25e35d9bf1a6b16f7d0758f25d48ace11e5b9/out/vs/workbench/api/node/extensionHostProcess.js:111:36671)
	at /home/htmhqi/.vscode-server/bin/92d25e35d9bf1a6b16f7d0758f25d48ace11e5b9/out/vs/workbench/api/node/extensionHostProcess.js:111:34616
	at b.invoke (/home/htmhqi/.vscode-server/bin/92d25e35d9bf1a6b16f7d0758f25d48ace11e5b9/out/vs/workbench/api/node/extensionHostProcess.js:61:145)
	at v.deliver (/home/htmhqi/.vscode-server/bin/92d25e35d9bf1a6b16f7d0758f25d48ace11e5b9/out/vs/workbench/api/node/extensionHostProcess.js:61:2266)
	at p.fire (/home/htmhqi/.vscode-server/bin/92d25e35d9bf1a6b16f7d0758f25d48ace11e5b9/out/vs/workbench/api/node/extensionHostProcess.js:61:1844)
	at a.fire (/home/htmhqi/.vscode-server/bin/92d25e35d9bf1a6b16f7d0758f25d48ace11e5b9/out/vs/workbench/api/node/extensionHostProcess.js:69:18976)
	at r._receiveMessage (/home/htmhqi/.vscode-server/bin/92d25e35d9bf1a6b16f7d0758f25d48ace11e5b9/out/vs/workbench/api/node/extensionHostProcess.js:69:23563)
	at /home/htmhqi/.vscode-server/bin/92d25e35d9bf1a6b16f7d0758f25d48ace11e5b9/out/vs/workbench/api/node/extensionHostProcess.js:69:22583
	at b.invoke (/home/htmhqi/.vscode-server/bin/92d25e35d9bf1a6b16f7d0758f25d48ace11e5b9/out/vs/workbench/api/node/extensionHostProcess.js:61:145)
	at v.deliver (/home/htmhqi/.vscode-server/bin/92d25e35d9bf1a6b16f7d0758f25d48ace11e5b9/out/vs/workbench/api/node/extensionHostProcess.js:61:2266)
	at p.fire (/home/htmhqi/.vscode-server/bin/92d25e35d9bf1a6b16f7d0758f25d48ace11e5b9/out/vs/workbench/api/node/extensionHostProcess.js:61:1844)
	at p.acceptChunk (/home/htmhqi/.vscode-server/bin/92d25e35d9bf1a6b16f7d0758f25d48ace11e5b9/out/vs/workbench/api/node/extensionHostProcess.js:69:15807)
	at /home/htmhqi/.vscode-server/bin/92d25e35d9bf1a6b16f7d0758f25d48ace11e5b9/out/vs/workbench/api/node/extensionHostProcess.js:69:14937
	at b.invoke (/home/htmhqi/.vscode-server/bin/92d25e35d9bf1a6b16f7d0758f25d48ace11e5b9/out/vs/workbench/api/node/extensionHostProcess.js:61:145)
	at v.deliver (/home/htmhqi/.vscode-server/bin/92d25e35d9bf1a6b16f7d0758f25d48ace11e5b9/out/vs/workbench/api/node/extensionHostProcess.js:61:2266)
	at p.fire (/home/htmhqi/.vscode-server/bin/92d25e35d9bf1a6b16f7d0758f25d48ace11e5b9/out/vs/workbench/api/node/extensionHostProcess.js:61:1844)
	at f._processReadQueue (/home/htmhqi/.vscode-server/bin/92d25e35d9bf1a6b16f7d0758f25d48ace11e5b9/out/vs/workbench/api/node/extensionHostProcess.js:111:21271)
	at f.acceptFrame (/home/htmhqi/.vscode-server/bin/92d25e35d9bf1a6b16f7d0758f25d48ace11e5b9/out/vs/workbench/api/node/extensionHostProcess.js:111:20927)
	at v._acceptChunk (/home/htmhqi/.vscode-server/bin/92d25e35d9bf1a6b16f7d0758f25d48ace11e5b9/out/vs/workbench/api/node/extensionHostProcess.js:111:18891)
	at /home/htmhqi/.vscode-server/bin/92d25e35d9bf1a6b16f7d0758f25d48ace11e5b9/out/vs/workbench/api/node/extensionHostProcess.js:111:15880
	at Socket.R (/home/htmhqi/.vscode-server/bin/92d25e35d9bf1a6b16f7d0758f25d48ace11e5b9/out/vs/workbench/api/node/extensionHostProcess.js:111:13763)
	at Socket.emit (node:events:390:28)
	at addChunk (node:internal/streams/readable:315:12)
	at readableAddChunk (node:internal/streams/readable:289:9)
	at Socket.Readable.push (node:internal/streams/readable:228:10)
	at TCP.onStreamRead (node:internal/stream_base_commons:199:23) git.commit {"value":"vscode.git","_lower":"vscode.git"}
[2022-07-07 22:58:10.537] [exthost] [error] Canceled: Canceled
	at Object.L [as canceled] (/home/htmhqi/.vscode-server/bin/92d25e35d9bf1a6b16f7d0758f25d48ace11e5b9/out/vs/workbench/api/node/extensionHostProcess.js:7:1204)
	at /home/htmhqi/.vscode-server/bin/92d25e35d9bf1a6b16f7d0758f25d48ace11e5b9/out/vs/workbench/api/node/extensionHostProcess.js:95:9099
	at Array.forEach (<anonymous>)
	at s.dispose (/home/htmhqi/.vscode-server/bin/92d25e35d9bf1a6b16f7d0758f25d48ace11e5b9/out/vs/workbench/api/node/extensionHostProcess.js:95:9047)
	at b.terminate (/home/htmhqi/.vscode-server/bin/92d25e35d9bf1a6b16f7d0758f25d48ace11e5b9/out/vs/workbench/api/node/extensionHostProcess.js:97:10990)
	at b.terminate (/home/htmhqi/.vscode-server/bin/92d25e35d9bf1a6b16f7d0758f25d48ace11e5b9/out/vs/workbench/api/node/extensionHostProcess.js:101:620)
	at m (/home/htmhqi/.vscode-server/bin/92d25e35d9bf1a6b16f7d0758f25d48ace11e5b9/out/vs/workbench/api/node/extensionHostProcess.js:111:36671)
	at /home/htmhqi/.vscode-server/bin/92d25e35d9bf1a6b16f7d0758f25d48ace11e5b9/out/vs/workbench/api/node/extensionHostProcess.js:111:34616
	at b.invoke (/home/htmhqi/.vscode-server/bin/92d25e35d9bf1a6b16f7d0758f25d48ace11e5b9/out/vs/workbench/api/node/extensionHostProcess.js:61:145)
	at v.deliver (/home/htmhqi/.vscode-server/bin/92d25e35d9bf1a6b16f7d0758f25d48ace11e5b9/out/vs/workbench/api/node/extensionHostProcess.js:61:2266)
	at p.fire (/home/htmhqi/.vscode-server/bin/92d25e35d9bf1a6b16f7d0758f25d48ace11e5b9/out/vs/workbench/api/node/extensionHostProcess.js:61:1844)
	at a.fire (/home/htmhqi/.vscode-server/bin/92d25e35d9bf1a6b16f7d0758f25d48ace11e5b9/out/vs/workbench/api/node/extensionHostProcess.js:69:18976)
	at r._receiveMessage (/home/htmhqi/.vscode-server/bin/92d25e35d9bf1a6b16f7d0758f25d48ace11e5b9/out/vs/workbench/api/node/extensionHostProcess.js:69:23563)
	at /home/htmhqi/.vscode-server/bin/92d25e35d9bf1a6b16f7d0758f25d48ace11e5b9/out/vs/workbench/api/node/extensionHostProcess.js:69:22583
	at b.invoke (/home/htmhqi/.vscode-server/bin/92d25e35d9bf1a6b16f7d0758f25d48ace11e5b9/out/vs/workbench/api/node/extensionHostProcess.js:61:145)
	at v.deliver (/home/htmhqi/.vscode-server/bin/92d25e35d9bf1a6b16f7d0758f25d48ace11e5b9/out/vs/workbench/api/node/extensionHostProcess.js:61:2266)
	at p.fire (/home/htmhqi/.vscode-server/bin/92d25e35d9bf1a6b16f7d0758f25d48ace11e5b9/out/vs/workbench/api/node/extensionHostProcess.js:61:1844)
	at p.acceptChunk (/home/htmhqi/.vscode-server/bin/92d25e35d9bf1a6b16f7d0758f25d48ace11e5b9/out/vs/workbench/api/node/extensionHostProcess.js:69:15807)
	at /home/htmhqi/.vscode-server/bin/92d25e35d9bf1a6b16f7d0758f25d48ace11e5b9/out/vs/workbench/api/node/extensionHostProcess.js:69:14937
	at b.invoke (/home/htmhqi/.vscode-server/bin/92d25e35d9bf1a6b16f7d0758f25d48ace11e5b9/out/vs/workbench/api/node/extensionHostProcess.js:61:145)
	at v.deliver (/home/htmhqi/.vscode-server/bin/92d25e35d9bf1a6b16f7d0758f25d48ace11e5b9/out/vs/workbench/api/node/extensionHostProcess.js:61:2266)
	at p.fire (/home/htmhqi/.vscode-server/bin/92d25e35d9bf1a6b16f7d0758f25d48ace11e5b9/out/vs/workbench/api/node/extensionHostProcess.js:61:1844)
	at f._processReadQueue (/home/htmhqi/.vscode-server/bin/92d25e35d9bf1a6b16f7d0758f25d48ace11e5b9/out/vs/workbench/api/node/extensionHostProcess.js:111:21271)
	at f.acceptFrame (/home/htmhqi/.vscode-server/bin/92d25e35d9bf1a6b16f7d0758f25d48ace11e5b9/out/vs/workbench/api/node/extensionHostProcess.js:111:20927)
	at v._acceptChunk (/home/htmhqi/.vscode-server/bin/92d25e35d9bf1a6b16f7d0758f25d48ace11e5b9/out/vs/workbench/api/node/extensionHostProcess.js:111:18891)
	at /home/htmhqi/.vscode-server/bin/92d25e35d9bf1a6b16f7d0758f25d48ace11e5b9/out/vs/workbench/api/node/extensionHostProcess.js:111:15880
	at Socket.R (/home/htmhqi/.vscode-server/bin/92d25e35d9bf1a6b16f7d0758f25d48ace11e5b9/out/vs/workbench/api/node/extensionHostProcess.js:111:13763)
	at Socket.emit (node:events:390:28)
	at addChunk (node:internal/streams/readable:315:12)
	at readableAddChunk (node:internal/streams/readable:289:9)
	at Socket.Readable.push (node:internal/streams/readable:228:10)
	at TCP.onStreamRead (node:internal/stream_base_commons:199:23) _vscode_delegate_cmd_l5bn2e95 undefined
[2022-07-07 22:58:10.540] [exthost] [info] Extension host with pid 115 exiting with code 0
