[2022-07-10T17:57:24.355Z] Log level: Info
[2022-07-10T17:57:24.356Z] [info] Validating found git in: git
[2022-07-10T17:57:24.382Z] [info] Using git  from git
[2022-07-10T17:57:24.534Z] > git rev-parse --show-toplevel [141ms]
[2022-07-10T17:57:24.570Z] > git rev-parse --git-dir --git-common-dir [25ms]
[2022-07-10T17:57:24.574Z] [info] Open repository: /home/htmhqi
[2022-07-10T17:57:24.680Z] > git status -z -uall [98ms]
[2022-07-10T17:57:24.689Z] > git symbolic-ref --short HEAD [4ms]
[2022-07-10T17:57:24.696Z] > git for-each-ref --format=%(refname)%00%(upstream:short)%00%(objectname)%00%(upstream:track)%00%(upstream:remotename)%00%(upstream:remoteref) refs/heads/test_skills refs/remotes/test_skills [2ms]
[2022-07-10T17:57:24.708Z] > git remote --verbose [2ms]
[2022-07-10T17:57:24.709Z] > git for-each-ref --sort -committerdate --format %(refname) %(objectname) %(*objectname) [8ms]
[2022-07-10T17:57:24.722Z] > git config --get commit.template [5ms]
[2022-07-10T17:57:24.848Z] > git status -z -uall [120ms]
[2022-07-10T17:57:24.855Z] > git symbolic-ref --short HEAD [2ms]
[2022-07-10T17:57:24.862Z] > git for-each-ref --format=%(refname)%00%(upstream:short)%00%(objectname)%00%(upstream:track)%00%(upstream:remotename)%00%(upstream:remoteref) refs/heads/test_skills refs/remotes/test_skills [1ms]
[2022-07-10T17:57:24.873Z] > git remote --verbose [2ms]
[2022-07-10T17:57:24.873Z] > git for-each-ref --sort -committerdate --format %(refname) %(objectname) %(*objectname) [6ms]
[2022-07-10T17:57:24.894Z] > git config --get commit.template [8ms]
[2022-07-10T17:57:25.160Z] > git check-ignore -v -z --stdin [2ms]
[2022-07-10T17:57:25.234Z] > git show --textconv :scripts/image-Graber.py [8ms]
[2022-07-10T17:57:25.236Z] > git ls-files --stage -- /home/htmhqi/scripts/image-Graber.py [2ms]
[2022-07-10T17:57:25.244Z] > git cat-file -s 3195bb101ae6b2cd791f2196ca486ac9fe727dc0 [2ms]
[2022-07-10T17:57:28.456Z] > git status -z -uall [16ms]
[2022-07-10T17:57:28.460Z] > git symbolic-ref --short HEAD [0ms]
[2022-07-10T17:57:28.465Z] > git for-each-ref --format=%(refname)%00%(upstream:short)%00%(objectname)%00%(upstream:track)%00%(upstream:remotename)%00%(upstream:remoteref) refs/heads/test_skills refs/remotes/test_skills [1ms]
[2022-07-10T17:57:28.472Z] > git remote --verbose [1ms]
[2022-07-10T17:57:28.472Z] > git for-each-ref --sort -committerdate --format %(refname) %(objectname) %(*objectname) [4ms]
[2022-07-10T17:57:28.478Z] > git config --get commit.template [0ms]
[2022-07-10T17:57:33.500Z] > git status -z -uall [17ms]
[2022-07-10T17:57:33.505Z] > git symbolic-ref --short HEAD [1ms]
[2022-07-10T17:57:33.509Z] > git for-each-ref --format=%(refname)%00%(upstream:short)%00%(objectname)%00%(upstream:track)%00%(upstream:remotename)%00%(upstream:remoteref) refs/heads/test_skills refs/remotes/test_skills [0ms]
[2022-07-10T17:57:33.517Z] > git remote --verbose [1ms]
[2022-07-10T17:57:33.517Z] > git for-each-ref --sort -committerdate --format %(refname) %(objectname) %(*objectname) [4ms]
[2022-07-10T17:57:33.523Z] > git config --get commit.template [1ms]
[2022-07-10T17:57:38.545Z] > git status -z -uall [16ms]
[2022-07-10T17:57:38.550Z] > git symbolic-ref --short HEAD [0ms]
[2022-07-10T17:57:38.555Z] > git for-each-ref --format=%(refname)%00%(upstream:short)%00%(objectname)%00%(upstream:track)%00%(upstream:remotename)%00%(upstream:remoteref) refs/heads/test_skills refs/remotes/test_skills [0ms]
[2022-07-10T17:57:38.563Z] > git remote --verbose [1ms]
[2022-07-10T17:57:38.563Z] > git for-each-ref --sort -committerdate --format %(refname) %(objectname) %(*objectname) [4ms]
[2022-07-10T17:57:38.568Z] > git config --get commit.template [0ms]
[2022-07-10T17:57:43.589Z] > git status -z -uall [17ms]
[2022-07-10T17:57:43.592Z] > git symbolic-ref --short HEAD [1ms]
[2022-07-10T17:57:43.594Z] > git for-each-ref --format=%(refname)%00%(upstream:short)%00%(objectname)%00%(upstream:track)%00%(upstream:remotename)%00%(upstream:remoteref) refs/heads/test_skills refs/remotes/test_skills [0ms]
[2022-07-10T17:57:43.599Z] > git remote --verbose [1ms]
[2022-07-10T17:57:43.599Z] > git for-each-ref --sort -committerdate --format %(refname) %(objectname) %(*objectname) [2ms]
[2022-07-10T17:57:43.603Z] > git config --get commit.template [1ms]
[2022-07-10T18:16:58.911Z] > git status -z -uall [58ms]
[2022-07-10T18:16:58.916Z] > git symbolic-ref --short HEAD [1ms]
[2022-07-10T18:16:58.920Z] > git for-each-ref --format=%(refname)%00%(upstream:short)%00%(objectname)%00%(upstream:track)%00%(upstream:remotename)%00%(upstream:remoteref) refs/heads/test_skills refs/remotes/test_skills [1ms]
[2022-07-10T18:16:58.926Z] > git remote --verbose [0ms]
[2022-07-10T18:16:58.927Z] > git for-each-ref --sort -committerdate --format %(refname) %(objectname) %(*objectname) [5ms]
[2022-07-10T18:16:58.932Z] > git config --get commit.template [0ms]
[2022-07-10T18:17:03.962Z] > git status -z -uall [23ms]
[2022-07-10T18:17:03.966Z] > git symbolic-ref --short HEAD [1ms]
[2022-07-10T18:17:03.970Z] > git for-each-ref --format=%(refname)%00%(upstream:short)%00%(objectname)%00%(upstream:track)%00%(upstream:remotename)%00%(upstream:remoteref) refs/heads/test_skills refs/remotes/test_skills [1ms]
[2022-07-10T18:17:03.975Z] > git remote --verbose [0ms]
[2022-07-10T18:17:03.975Z] > git for-each-ref --sort -committerdate --format %(refname) %(objectname) %(*objectname) [3ms]
[2022-07-10T18:17:03.980Z] > git config --get commit.template [1ms]
[2022-07-10T18:17:09.007Z] > git status -z -uall [21ms]
[2022-07-10T18:17:09.011Z] > git symbolic-ref --short HEAD [1ms]
[2022-07-10T18:17:09.013Z] > git for-each-ref --format=%(refname)%00%(upstream:short)%00%(objectname)%00%(upstream:track)%00%(upstream:remotename)%00%(upstream:remoteref) refs/heads/test_skills refs/remotes/test_skills [0ms]
[2022-07-10T18:17:09.018Z] > git remote --verbose [1ms]
[2022-07-10T18:17:09.018Z] > git for-each-ref --sort -committerdate --format %(refname) %(objectname) %(*objectname) [3ms]
[2022-07-10T18:17:09.021Z] > git config --get commit.template [0ms]
[2022-07-10T18:17:14.051Z] > git status -z -uall [25ms]
[2022-07-10T18:17:14.054Z] > git symbolic-ref --short HEAD [0ms]
[2022-07-10T18:17:14.057Z] > git for-each-ref --format=%(refname)%00%(upstream:short)%00%(objectname)%00%(upstream:track)%00%(upstream:remotename)%00%(upstream:remoteref) refs/heads/test_skills refs/remotes/test_skills [0ms]
[2022-07-10T18:17:14.064Z] > git remote --verbose [2ms]
[2022-07-10T18:17:14.064Z] > git for-each-ref --sort -committerdate --format %(refname) %(objectname) %(*objectname) [4ms]
[2022-07-10T18:17:14.070Z] > git config --get commit.template [1ms]
[2022-07-10T18:30:41.108Z] > git status -z -uall [61ms]
[2022-07-10T18:30:41.112Z] > git symbolic-ref --short HEAD [1ms]
[2022-07-10T18:30:41.115Z] > git for-each-ref --format=%(refname)%00%(upstream:short)%00%(objectname)%00%(upstream:track)%00%(upstream:remotename)%00%(upstream:remoteref) refs/heads/test_skills refs/remotes/test_skills [0ms]
[2022-07-10T18:30:41.120Z] > git remote --verbose [1ms]
[2022-07-10T18:30:41.120Z] > git for-each-ref --sort -committerdate --format %(refname) %(objectname) %(*objectname) [2ms]
[2022-07-10T18:30:41.125Z] > git config --get commit.template [1ms]
[2022-07-10T18:30:46.152Z] > git status -z -uall [24ms]
[2022-07-10T18:30:46.155Z] > git symbolic-ref --short HEAD [1ms]
[2022-07-10T18:30:46.158Z] > git for-each-ref --format=%(refname)%00%(upstream:short)%00%(objectname)%00%(upstream:track)%00%(upstream:remotename)%00%(upstream:remoteref) refs/heads/test_skills refs/remotes/test_skills [1ms]
[2022-07-10T18:30:46.162Z] > git remote --verbose [1ms]
[2022-07-10T18:30:46.162Z] > git for-each-ref --sort -committerdate --format %(refname) %(objectname) %(*objectname) [2ms]
[2022-07-10T18:30:46.166Z] > git config --get commit.template [0ms]
[2022-07-10T18:30:51.192Z] > git status -z -uall [21ms]
[2022-07-10T18:30:51.196Z] > git symbolic-ref --short HEAD [1ms]
[2022-07-10T18:30:51.198Z] > git for-each-ref --format=%(refname)%00%(upstream:short)%00%(objectname)%00%(upstream:track)%00%(upstream:remotename)%00%(upstream:remoteref) refs/heads/test_skills refs/remotes/test_skills [0ms]
[2022-07-10T18:30:51.204Z] > git remote --verbose [1ms]
[2022-07-10T18:30:51.204Z] > git for-each-ref --sort -committerdate --format %(refname) %(objectname) %(*objectname) [3ms]
[2022-07-10T18:30:51.208Z] > git config --get commit.template [1ms]
[2022-07-10T18:30:56.079Z] > git show --textconv :scripts/image-Graber.py [2ms]
[2022-07-10T18:30:56.081Z] > git ls-files --stage -- /home/htmhqi/scripts/image-Graber.py [2ms]
[2022-07-10T18:30:56.084Z] > git cat-file -s 3195bb101ae6b2cd791f2196ca486ac9fe727dc0 [1ms]
[2022-07-10T18:30:56.231Z] > git status -z -uall [19ms]
[2022-07-10T18:30:56.235Z] > git symbolic-ref --short HEAD [0ms]
[2022-07-10T18:30:56.238Z] > git for-each-ref --format=%(refname)%00%(upstream:short)%00%(objectname)%00%(upstream:track)%00%(upstream:remotename)%00%(upstream:remoteref) refs/heads/test_skills refs/remotes/test_skills [0ms]
[2022-07-10T18:30:56.243Z] > git for-each-ref --sort -committerdate --format %(refname) %(objectname) %(*objectname) [3ms]
[2022-07-10T18:30:56.243Z] > git remote --verbose [1ms]
[2022-07-10T18:30:56.248Z] > git config --get commit.template [1ms]
[2022-07-10T18:31:01.274Z] > git status -z -uall [22ms]
[2022-07-10T18:31:01.278Z] > git symbolic-ref --short HEAD [1ms]
[2022-07-10T18:31:01.282Z] > git for-each-ref --format=%(refname)%00%(upstream:short)%00%(objectname)%00%(upstream:track)%00%(upstream:remotename)%00%(upstream:remoteref) refs/heads/test_skills refs/remotes/test_skills [0ms]
[2022-07-10T18:31:01.287Z] > git for-each-ref --sort -committerdate --format %(refname) %(objectname) %(*objectname) [3ms]
[2022-07-10T18:31:01.287Z] > git remote --verbose [0ms]
[2022-07-10T18:31:01.291Z] > git config --get commit.template [0ms]
[2022-07-10T18:31:06.335Z] > git status -z -uall [39ms]
[2022-07-10T18:31:06.340Z] > git symbolic-ref --short HEAD [1ms]
[2022-07-10T18:31:06.344Z] > git for-each-ref --format=%(refname)%00%(upstream:short)%00%(objectname)%00%(upstream:track)%00%(upstream:remotename)%00%(upstream:remoteref) refs/heads/test_skills refs/remotes/test_skills [1ms]
[2022-07-10T18:31:06.356Z] > git remote --verbose [1ms]
[2022-07-10T18:31:06.356Z] > git for-each-ref --sort -committerdate --format %(refname) %(objectname) %(*objectname) [4ms]
[2022-07-10T18:31:06.361Z] > git config --get commit.template [1ms]
[2022-07-10T18:31:11.401Z] > git status -z -uall [35ms]
[2022-07-10T18:31:11.405Z] > git symbolic-ref --short HEAD [1ms]
[2022-07-10T18:31:11.409Z] > git for-each-ref --format=%(refname)%00%(upstream:short)%00%(objectname)%00%(upstream:track)%00%(upstream:remotename)%00%(upstream:remoteref) refs/heads/test_skills refs/remotes/test_skills [1ms]
[2022-07-10T18:31:11.419Z] > git for-each-ref --sort -committerdate --format %(refname) %(objectname) %(*objectname) [6ms]
[2022-07-10T18:31:11.419Z] > git remote --verbose [1ms]
[2022-07-10T18:31:11.427Z] > git config --get commit.template [0ms]
[2022-07-10T18:31:16.455Z] > git status -z -uall [24ms]
[2022-07-10T18:31:16.459Z] > git symbolic-ref --short HEAD [1ms]
[2022-07-10T18:31:16.462Z] > git for-each-ref --format=%(refname)%00%(upstream:short)%00%(objectname)%00%(upstream:track)%00%(upstream:remotename)%00%(upstream:remoteref) refs/heads/test_skills refs/remotes/test_skills [1ms]
[2022-07-10T18:31:16.468Z] > git for-each-ref --sort -committerdate --format %(refname) %(objectname) %(*objectname) [3ms]
[2022-07-10T18:31:16.468Z] > git remote --verbose [1ms]
[2022-07-10T18:31:16.479Z] > git config --get commit.template [1ms]
