[2022-07-07T17:13:42.395Z] Log level: Info
[2022-07-07T17:13:42.397Z] [info] Validating found git in: git
[2022-07-07T17:13:42.726Z] [info] Using git 2.25.1 from git
[2022-07-07T17:13:42.814Z] > git rev-parse --show-toplevel [78ms]
[2022-07-07T17:13:42.841Z] > git rev-parse --git-dir --git-common-dir [21ms]
[2022-07-07T17:13:42.845Z] [info] Open repository: /home/htmhqi
[2022-07-07T17:13:42.917Z] > git status -z -uall [66ms]
[2022-07-07T17:13:42.924Z] > git symbolic-ref --short HEAD [2ms]
[2022-07-07T17:13:42.930Z] > git for-each-ref --format=%(refname)%00%(upstream:short)%00%(objectname)%00%(upstream:track)%00%(upstream:remotename)%00%(upstream:remoteref) refs/heads/test_skills refs/remotes/test_skills [1ms]
[2022-07-07T17:13:42.950Z] > git remote --verbose [10ms]
[2022-07-07T17:13:42.950Z] > git for-each-ref --sort -committerdate --format %(refname) %(objectname) %(*objectname) [15ms]
[2022-07-07T17:13:42.968Z] > git config --get commit.template [1ms]
[2022-07-07T17:13:43.458Z] > git check-ignore -v -z --stdin [3ms]
[2022-07-07T17:13:48.823Z] > git status -z -uall [16ms]
[2022-07-07T17:13:48.827Z] > git symbolic-ref --short HEAD [1ms]
[2022-07-07T17:13:48.831Z] > git for-each-ref --format=%(refname)%00%(upstream:short)%00%(objectname)%00%(upstream:track)%00%(upstream:remotename)%00%(upstream:remoteref) refs/heads/test_skills refs/remotes/test_skills [0ms]
[2022-07-07T17:13:48.838Z] > git remote --verbose [1ms]
[2022-07-07T17:13:48.838Z] > git for-each-ref --sort -committerdate --format %(refname) %(objectname) %(*objectname) [3ms]
[2022-07-07T17:13:48.844Z] > git config --get commit.template [1ms]
[2022-07-07T17:13:53.877Z] > git status -z -uall [27ms]
[2022-07-07T17:13:53.881Z] > git symbolic-ref --short HEAD [0ms]
[2022-07-07T17:13:53.886Z] > git for-each-ref --format=%(refname)%00%(upstream:short)%00%(objectname)%00%(upstream:track)%00%(upstream:remotename)%00%(upstream:remoteref) refs/heads/test_skills refs/remotes/test_skills [1ms]
[2022-07-07T17:13:53.893Z] > git remote --verbose [0ms]
[2022-07-07T17:13:53.893Z] > git for-each-ref --sort -committerdate --format %(refname) %(objectname) %(*objectname) [4ms]
[2022-07-07T17:13:53.937Z] > git config --get commit.template [0ms]
[2022-07-07T17:13:58.967Z] > git status -z -uall [25ms]
[2022-07-07T17:13:58.971Z] > git symbolic-ref --short HEAD [0ms]
[2022-07-07T17:13:58.974Z] > git for-each-ref --format=%(refname)%00%(upstream:short)%00%(objectname)%00%(upstream:track)%00%(upstream:remotename)%00%(upstream:remoteref) refs/heads/test_skills refs/remotes/test_skills [0ms]
[2022-07-07T17:13:58.980Z] > git remote --verbose [1ms]
[2022-07-07T17:13:58.980Z] > git for-each-ref --sort -committerdate --format %(refname) %(objectname) %(*objectname) [3ms]
[2022-07-07T17:13:59.023Z] > git config --get commit.template [7ms]
[2022-07-07T17:14:04.053Z] > git status -z -uall [25ms]
[2022-07-07T17:14:04.057Z] > git symbolic-ref --short HEAD [0ms]
[2022-07-07T17:14:04.060Z] > git for-each-ref --format=%(refname)%00%(upstream:short)%00%(objectname)%00%(upstream:track)%00%(upstream:remotename)%00%(upstream:remoteref) refs/heads/test_skills refs/remotes/test_skills [1ms]
[2022-07-07T17:14:04.065Z] > git remote --verbose [0ms]
[2022-07-07T17:14:04.066Z] > git for-each-ref --sort -committerdate --format %(refname) %(objectname) %(*objectname) [3ms]
[2022-07-07T17:14:04.097Z] > git config --get commit.template [4ms]
[2022-07-07T17:14:05.697Z] > git show --textconv :scripts/image-Graber.py [9ms]
[2022-07-07T17:14:05.697Z] > git ls-files --stage -- /home/htmhqi/scripts/image-Graber.py [5ms]
[2022-07-07T17:14:05.944Z] > git check-ignore -v -z --stdin [2ms]
[2022-07-07T17:14:13.602Z] > git status -z -uall [29ms]
[2022-07-07T17:14:13.606Z] > git symbolic-ref --short HEAD [0ms]
[2022-07-07T17:14:13.610Z] > git for-each-ref --format=%(refname)%00%(upstream:short)%00%(objectname)%00%(upstream:track)%00%(upstream:remotename)%00%(upstream:remoteref) refs/heads/test_skills refs/remotes/test_skills [0ms]
[2022-07-07T17:14:13.616Z] > git remote --verbose [1ms]
[2022-07-07T17:14:13.617Z] > git for-each-ref --sort -committerdate --format %(refname) %(objectname) %(*objectname) [4ms]
[2022-07-07T17:14:13.645Z] > git config --get commit.template [0ms]
[2022-07-07T17:14:18.677Z] > git status -z -uall [27ms]
[2022-07-07T17:14:18.681Z] > git symbolic-ref --short HEAD [1ms]
[2022-07-07T17:14:18.685Z] > git for-each-ref --format=%(refname)%00%(upstream:short)%00%(objectname)%00%(upstream:track)%00%(upstream:remotename)%00%(upstream:remoteref) refs/heads/test_skills refs/remotes/test_skills [1ms]
[2022-07-07T17:14:18.694Z] > git remote --verbose [2ms]
[2022-07-07T17:14:18.694Z] > git for-each-ref --sort -committerdate --format %(refname) %(objectname) %(*objectname) [6ms]
[2022-07-07T17:14:18.788Z] > git config --get commit.template [14ms]
[2022-07-07T17:14:23.817Z] > git status -z -uall [25ms]
[2022-07-07T17:14:23.823Z] > git symbolic-ref --short HEAD [3ms]
[2022-07-07T17:14:23.827Z] > git for-each-ref --format=%(refname)%00%(upstream:short)%00%(objectname)%00%(upstream:track)%00%(upstream:remotename)%00%(upstream:remoteref) refs/heads/test_skills refs/remotes/test_skills [1ms]
[2022-07-07T17:14:23.832Z] > git remote --verbose [1ms]
[2022-07-07T17:14:23.832Z] > git for-each-ref --sort -committerdate --format %(refname) %(objectname) %(*objectname) [3ms]
[2022-07-07T17:14:23.865Z] > git config --get commit.template [3ms]
[2022-07-07T17:14:28.896Z] > git status -z -uall [25ms]
[2022-07-07T17:14:28.900Z] > git symbolic-ref --short HEAD [1ms]
[2022-07-07T17:14:28.904Z] > git for-each-ref --format=%(refname)%00%(upstream:short)%00%(objectname)%00%(upstream:track)%00%(upstream:remotename)%00%(upstream:remoteref) refs/heads/test_skills refs/remotes/test_skills [1ms]
[2022-07-07T17:14:28.909Z] > git remote --verbose [0ms]
[2022-07-07T17:14:28.909Z] > git for-each-ref --sort -committerdate --format %(refname) %(objectname) %(*objectname) [3ms]
[2022-07-07T17:14:28.941Z] > git config --get commit.template [4ms]
[2022-07-07T17:14:33.971Z] > git status -z -uall [25ms]
[2022-07-07T17:14:33.975Z] > git symbolic-ref --short HEAD [1ms]
[2022-07-07T17:14:33.978Z] > git for-each-ref --format=%(refname)%00%(upstream:short)%00%(objectname)%00%(upstream:track)%00%(upstream:remotename)%00%(upstream:remoteref) refs/heads/test_skills refs/remotes/test_skills [0ms]
[2022-07-07T17:14:33.984Z] > git remote --verbose [1ms]
[2022-07-07T17:14:33.984Z] > git for-each-ref --sort -committerdate --format %(refname) %(objectname) %(*objectname) [3ms]
[2022-07-07T17:14:34.010Z] > git config --get commit.template [0ms]
[2022-07-07T17:14:39.042Z] > git status -z -uall [27ms]
[2022-07-07T17:14:39.046Z] > git symbolic-ref --short HEAD [1ms]
[2022-07-07T17:14:39.051Z] > git for-each-ref --format=%(refname)%00%(upstream:short)%00%(objectname)%00%(upstream:track)%00%(upstream:remotename)%00%(upstream:remoteref) refs/heads/test_skills refs/remotes/test_skills [1ms]
[2022-07-07T17:14:39.059Z] > git remote --verbose [2ms]
[2022-07-07T17:14:39.059Z] > git for-each-ref --sort -committerdate --format %(refname) %(objectname) %(*objectname) [5ms]
[2022-07-07T17:14:39.156Z] > git config --get commit.template [15ms]
[2022-07-07T17:14:41.432Z] > git check-ignore -v -z --stdin [11ms]
[2022-07-07T17:14:44.060Z] > git check-ignore -v -z --stdin [8ms]
[2022-07-07T17:14:44.184Z] > git status -z -uall [24ms]
[2022-07-07T17:14:44.188Z] > git symbolic-ref --short HEAD [0ms]
[2022-07-07T17:14:44.192Z] > git for-each-ref --format=%(refname)%00%(upstream:short)%00%(objectname)%00%(upstream:track)%00%(upstream:remotename)%00%(upstream:remoteref) refs/heads/test_skills refs/remotes/test_skills [0ms]
[2022-07-07T17:14:44.199Z] > git remote --verbose [0ms]
[2022-07-07T17:14:44.199Z] > git for-each-ref --sort -committerdate --format %(refname) %(objectname) %(*objectname) [4ms]
[2022-07-07T17:14:44.233Z] > git config --get commit.template [1ms]
[2022-07-07T17:14:48.384Z] > git check-ignore -v -z --stdin [85ms]
[2022-07-07T17:14:49.263Z] > git status -z -uall [26ms]
[2022-07-07T17:14:49.266Z] > git symbolic-ref --short HEAD [0ms]
[2022-07-07T17:14:49.270Z] > git for-each-ref --format=%(refname)%00%(upstream:short)%00%(objectname)%00%(upstream:track)%00%(upstream:remotename)%00%(upstream:remoteref) refs/heads/test_skills refs/remotes/test_skills [1ms]
[2022-07-07T17:14:49.276Z] > git remote --verbose [1ms]
[2022-07-07T17:14:49.276Z] > git for-each-ref --sort -committerdate --format %(refname) %(objectname) %(*objectname) [3ms]
[2022-07-07T17:14:49.308Z] > git config --get commit.template [1ms]
[2022-07-07T17:14:55.434Z] > git status -z -uall [25ms]
[2022-07-07T17:14:55.438Z] > git symbolic-ref --short HEAD [1ms]
[2022-07-07T17:14:55.441Z] > git for-each-ref --format=%(refname)%00%(upstream:short)%00%(objectname)%00%(upstream:track)%00%(upstream:remotename)%00%(upstream:remoteref) refs/heads/test_skills refs/remotes/test_skills [0ms]
[2022-07-07T17:14:55.447Z] > git remote --verbose [0ms]
[2022-07-07T17:14:55.447Z] > git for-each-ref --sort -committerdate --format %(refname) %(objectname) %(*objectname) [3ms]
[2022-07-07T17:14:55.481Z] > git config --get commit.template [4ms]
