[Info  - 6:36:26 PM] (201) Pylance language server 2022.7.20 (pyright 7cadfb74) starting
[Info  - 6:36:26 PM] (201) Server root directory: /home/htmhqi/.vscode-server/extensions/ms-python.vscode-pylance-2022.7.20/dist
Notebook support: Legacy
[Info  - 6:36:26 PM] (201) No configuration file found.
[Info  - 6:36:26 PM] (201) No pyproject.toml file found.
[Info  - 6:36:26 PM] (201) Setting pythonPath for service "scripts": "C:/Users/IMRRO/AppData/Local/Microsoft/WindowsApps/python3.10.exe"
[Warn  - 6:36:26 PM] (201) stubPath /home/htmhqi/scripts/typings is not a valid directory.
[Info  - 6:36:26 PM] (201) Unable to get Python version from interpreter
[Info  - 6:36:26 PM] (201) Assuming Python platform Linux
[Info  - 6:36:26 PM] (201) Searching for source files
[Info  - 6:36:26 PM] (201) Found 4 source files
[Info  - 6:36:26 PM] (201) Background analysis(1) root directory: /home/htmhqi/.vscode-server/extensions/ms-python.vscode-pylance-2022.7.20/dist
[Info  - 6:36:26 PM] (201) Background analysis(1) started
[Info  - 6:36:26 PM] (201) Indexer background runner(2) root directory: /home/htmhqi/.vscode-server/extensions/ms-python.vscode-pylance-2022.7.20/dist (index)
[Info  - 6:36:26 PM] (201) Indexing(2) started
[Info  - 6:36:27 PM] (201) Indexer done(2). indexed 423 files
[Info  - 7:55:38 PM] (201) Searching for source files
[Info  - 7:55:38 PM] (201) Found 4 source files
[Info  - 7:59:45 PM] (201) Searching for source files
[Info  - 7:59:45 PM] (201) Found 4 source files
