[2022-07-12T02:42:42.733Z] Log level: Info
[2022-07-12T02:42:42.734Z] [info] Validating found git in: git
[2022-07-12T02:42:42.923Z] [info] Using git 2.25.1 from git
[2022-07-12T02:42:42.969Z] > git rev-parse --show-toplevel [33ms]
[2022-07-12T02:42:42.980Z] > git rev-parse --git-dir --git-common-dir [3ms]
[2022-07-12T02:42:42.984Z] [info] Open repository: /home/htmhqi
[2022-07-12T02:42:43.065Z] > git status -z -uall [74ms]
[2022-07-12T02:42:43.074Z] > git symbolic-ref --short HEAD [2ms]
[2022-07-12T02:42:43.083Z] > git for-each-ref --format=%(refname)%00%(upstream:short)%00%(objectname)%00%(upstream:track)%00%(upstream:remotename)%00%(upstream:remoteref) refs/heads/test_skills refs/remotes/test_skills [3ms]
[2022-07-12T02:42:43.097Z] > git remote --verbose [2ms]
[2022-07-12T02:42:43.098Z] > git for-each-ref --sort -committerdate --format %(refname) %(objectname) %(*objectname) [9ms]
[2022-07-12T02:42:43.114Z] > git config --get commit.template [5ms]
[2022-07-12T02:42:43.266Z] > git status -z -uall [145ms]
[2022-07-12T02:42:43.274Z] > git symbolic-ref --short HEAD [1ms]
[2022-07-12T02:42:43.282Z] > git for-each-ref --format=%(refname)%00%(upstream:short)%00%(objectname)%00%(upstream:track)%00%(upstream:remotename)%00%(upstream:remoteref) refs/heads/test_skills refs/remotes/test_skills [1ms]
[2022-07-12T02:42:43.304Z] > git remote --verbose [9ms]
[2022-07-12T02:42:43.305Z] > git for-each-ref --sort -committerdate --format %(refname) %(objectname) %(*objectname) [16ms]
[2022-07-12T02:42:43.329Z] > git config --get commit.template [11ms]
[2022-07-12T02:42:43.515Z] > git check-ignore -v -z --stdin [10ms]
[2022-07-12T02:42:43.655Z] > git show --textconv :scripts/images/image-Graber.py [6ms]
[2022-07-12T02:42:43.656Z] > git ls-files --stage -- /home/htmhqi/scripts/images/image-Graber.py [2ms]
[2022-07-12T02:42:43.663Z] > git cat-file -s aaf1ce9e15a18f42809ad65c2335c2a02021c2e5 [2ms]
[2022-07-12T02:42:50.684Z] > git status -z -uall [39ms]
[2022-07-12T02:42:50.691Z] > git symbolic-ref --short HEAD [1ms]
[2022-07-12T02:42:50.698Z] > git for-each-ref --format=%(refname)%00%(upstream:short)%00%(objectname)%00%(upstream:track)%00%(upstream:remotename)%00%(upstream:remoteref) refs/heads/test_skills refs/remotes/test_skills [1ms]
[2022-07-12T02:42:50.710Z] > git remote --verbose [1ms]
[2022-07-12T02:42:50.710Z] > git for-each-ref --sort -committerdate --format %(refname) %(objectname) %(*objectname) [6ms]
[2022-07-12T02:42:50.718Z] > git config --get commit.template [0ms]
[2022-07-12T02:42:55.759Z] > git status -z -uall [32ms]
[2022-07-12T02:42:55.767Z] > git symbolic-ref --short HEAD [1ms]
[2022-07-12T02:42:55.775Z] > git for-each-ref --format=%(refname)%00%(upstream:short)%00%(objectname)%00%(upstream:track)%00%(upstream:remotename)%00%(upstream:remoteref) refs/heads/test_skills refs/remotes/test_skills [1ms]
[2022-07-12T02:42:55.793Z] > git remote --verbose [1ms]
[2022-07-12T02:42:55.793Z] > git for-each-ref --sort -committerdate --format %(refname) %(objectname) %(*objectname) [11ms]
[2022-07-12T02:42:55.814Z] > git config --get commit.template [3ms]
[2022-07-12T02:43:00.843Z] > git status -z -uall [23ms]
[2022-07-12T02:43:00.847Z] > git symbolic-ref --short HEAD [1ms]
[2022-07-12T02:43:00.851Z] > git for-each-ref --format=%(refname)%00%(upstream:short)%00%(objectname)%00%(upstream:track)%00%(upstream:remotename)%00%(upstream:remoteref) refs/heads/test_skills refs/remotes/test_skills [1ms]
[2022-07-12T02:43:00.855Z] > git remote --verbose [1ms]
[2022-07-12T02:43:00.855Z] > git for-each-ref --sort -committerdate --format %(refname) %(objectname) %(*objectname) [2ms]
[2022-07-12T02:43:00.866Z] > git config --get commit.template [1ms]
[2022-07-12T02:43:05.895Z] > git status -z -uall [23ms]
[2022-07-12T02:43:05.899Z] > git symbolic-ref --short HEAD [1ms]
[2022-07-12T02:43:05.902Z] > git for-each-ref --format=%(refname)%00%(upstream:short)%00%(objectname)%00%(upstream:track)%00%(upstream:remotename)%00%(upstream:remoteref) refs/heads/test_skills refs/remotes/test_skills [0ms]
[2022-07-12T02:43:05.908Z] > git remote --verbose [1ms]
[2022-07-12T02:43:05.908Z] > git for-each-ref --sort -committerdate --format %(refname) %(objectname) %(*objectname) [3ms]
[2022-07-12T02:43:05.917Z] > git config --get commit.template [1ms]
[2022-07-12T02:43:10.953Z] > git status -z -uall [28ms]
[2022-07-12T02:43:10.957Z] > git symbolic-ref --short HEAD [1ms]
[2022-07-12T02:43:10.961Z] > git for-each-ref --format=%(refname)%00%(upstream:short)%00%(objectname)%00%(upstream:track)%00%(upstream:remotename)%00%(upstream:remoteref) refs/heads/test_skills refs/remotes/test_skills [1ms]
[2022-07-12T02:43:10.965Z] > git for-each-ref --sort -committerdate --format %(refname) %(objectname) %(*objectname) [2ms]
[2022-07-12T02:43:10.965Z] > git remote --verbose [0ms]
[2022-07-12T02:43:10.976Z] > git config --get commit.template [0ms]
[2022-07-12T02:43:16.010Z] > git status -z -uall [28ms]
[2022-07-12T02:43:16.014Z] > git symbolic-ref --short HEAD [1ms]
[2022-07-12T02:43:16.018Z] > git for-each-ref --format=%(refname)%00%(upstream:short)%00%(objectname)%00%(upstream:track)%00%(upstream:remotename)%00%(upstream:remoteref) refs/heads/test_skills refs/remotes/test_skills [0ms]
[2022-07-12T02:43:16.023Z] > git remote --verbose [1ms]
[2022-07-12T02:43:16.023Z] > git for-each-ref --sort -committerdate --format %(refname) %(objectname) %(*objectname) [3ms]
[2022-07-12T02:43:16.037Z] > git config --get commit.template [0ms]
[2022-07-12T02:43:21.064Z] > git status -z -uall [22ms]
[2022-07-12T02:43:21.067Z] > git symbolic-ref --short HEAD [1ms]
[2022-07-12T02:43:21.070Z] > git for-each-ref --format=%(refname)%00%(upstream:short)%00%(objectname)%00%(upstream:track)%00%(upstream:remotename)%00%(upstream:remoteref) refs/heads/test_skills refs/remotes/test_skills [1ms]
[2022-07-12T02:43:21.075Z] > git remote --verbose [0ms]
[2022-07-12T02:43:21.075Z] > git for-each-ref --sort -committerdate --format %(refname) %(objectname) %(*objectname) [3ms]
[2022-07-12T02:43:21.081Z] > git config --get commit.template [0ms]
[2022-07-12T02:43:26.115Z] > git status -z -uall [28ms]
[2022-07-12T02:43:26.119Z] > git symbolic-ref --short HEAD [1ms]
[2022-07-12T02:43:26.122Z] > git for-each-ref --format=%(refname)%00%(upstream:short)%00%(objectname)%00%(upstream:track)%00%(upstream:remotename)%00%(upstream:remoteref) refs/heads/test_skills refs/remotes/test_skills [1ms]
[2022-07-12T02:43:26.127Z] > git remote --verbose [1ms]
[2022-07-12T02:43:26.128Z] > git for-each-ref --sort -committerdate --format %(refname) %(objectname) %(*objectname) [4ms]
[2022-07-12T02:43:26.139Z] > git config --get commit.template [1ms]
[2022-07-12T02:43:31.178Z] > git status -z -uall [30ms]
[2022-07-12T02:43:31.181Z] > git symbolic-ref --short HEAD [0ms]
[2022-07-12T02:43:31.185Z] > git for-each-ref --format=%(refname)%00%(upstream:short)%00%(objectname)%00%(upstream:track)%00%(upstream:remotename)%00%(upstream:remoteref) refs/heads/test_skills refs/remotes/test_skills [0ms]
[2022-07-12T02:43:31.191Z] > git remote --verbose [1ms]
[2022-07-12T02:43:31.191Z] > git for-each-ref --sort -committerdate --format %(refname) %(objectname) %(*objectname) [4ms]
[2022-07-12T02:43:31.198Z] > git config --get commit.template [1ms]
[2022-07-12T02:43:36.227Z] > git status -z -uall [23ms]
[2022-07-12T02:43:36.231Z] > git symbolic-ref --short HEAD [1ms]
[2022-07-12T02:43:36.234Z] > git for-each-ref --format=%(refname)%00%(upstream:short)%00%(objectname)%00%(upstream:track)%00%(upstream:remotename)%00%(upstream:remoteref) refs/heads/test_skills refs/remotes/test_skills [1ms]
[2022-07-12T02:43:36.238Z] > git remote --verbose [1ms]
[2022-07-12T02:43:36.238Z] > git for-each-ref --sort -committerdate --format %(refname) %(objectname) %(*objectname) [2ms]
[2022-07-12T02:43:36.247Z] > git config --get commit.template [1ms]
[2022-07-12T02:43:41.285Z] > git status -z -uall [31ms]
[2022-07-12T02:43:41.289Z] > git symbolic-ref --short HEAD [1ms]
[2022-07-12T02:43:41.293Z] > git for-each-ref --format=%(refname)%00%(upstream:short)%00%(objectname)%00%(upstream:track)%00%(upstream:remotename)%00%(upstream:remoteref) refs/heads/test_skills refs/remotes/test_skills [1ms]
[2022-07-12T02:43:41.299Z] > git remote --verbose [1ms]
[2022-07-12T02:43:41.299Z] > git for-each-ref --sort -committerdate --format %(refname) %(objectname) %(*objectname) [3ms]
[2022-07-12T02:43:41.308Z] > git config --get commit.template [0ms]
[2022-07-12T02:43:46.348Z] > git status -z -uall [29ms]
[2022-07-12T02:43:46.352Z] > git symbolic-ref --short HEAD [1ms]
[2022-07-12T02:43:46.356Z] > git for-each-ref --format=%(refname)%00%(upstream:short)%00%(objectname)%00%(upstream:track)%00%(upstream:remotename)%00%(upstream:remoteref) refs/heads/test_skills refs/remotes/test_skills [1ms]
[2022-07-12T02:43:46.362Z] > git remote --verbose [1ms]
[2022-07-12T02:43:46.362Z] > git for-each-ref --sort -committerdate --format %(refname) %(objectname) %(*objectname) [3ms]
[2022-07-12T02:43:46.372Z] > git config --get commit.template [1ms]
[2022-07-12T02:43:51.412Z] > git status -z -uall [35ms]
[2022-07-12T02:43:51.416Z] > git symbolic-ref --short HEAD [1ms]
[2022-07-12T02:43:51.419Z] > git for-each-ref --format=%(refname)%00%(upstream:short)%00%(objectname)%00%(upstream:track)%00%(upstream:remotename)%00%(upstream:remoteref) refs/heads/test_skills refs/remotes/test_skills [1ms]
[2022-07-12T02:43:51.429Z] > git remote --verbose [2ms]
[2022-07-12T02:43:51.429Z] > git for-each-ref --sort -committerdate --format %(refname) %(objectname) %(*objectname) [5ms]
[2022-07-12T02:43:51.450Z] > git config --get commit.template [1ms]
[2022-07-12T02:43:56.486Z] > git status -z -uall [31ms]
[2022-07-12T02:43:56.490Z] > git symbolic-ref --short HEAD [1ms]
[2022-07-12T02:43:56.494Z] > git for-each-ref --format=%(refname)%00%(upstream:short)%00%(objectname)%00%(upstream:track)%00%(upstream:remotename)%00%(upstream:remoteref) refs/heads/test_skills refs/remotes/test_skills [1ms]
[2022-07-12T02:43:56.499Z] > git remote --verbose [1ms]
[2022-07-12T02:43:56.500Z] > git for-each-ref --sort -committerdate --format %(refname) %(objectname) %(*objectname) [4ms]
[2022-07-12T02:43:56.510Z] > git config --get commit.template [1ms]
[2022-07-12T02:44:01.544Z] > git status -z -uall [27ms]
[2022-07-12T02:44:01.548Z] > git symbolic-ref --short HEAD [0ms]
[2022-07-12T02:44:01.552Z] > git for-each-ref --format=%(refname)%00%(upstream:short)%00%(objectname)%00%(upstream:track)%00%(upstream:remotename)%00%(upstream:remoteref) refs/heads/test_skills refs/remotes/test_skills [1ms]
[2022-07-12T02:44:01.557Z] > git remote --verbose [1ms]
[2022-07-12T02:44:01.557Z] > git for-each-ref --sort -committerdate --format %(refname) %(objectname) %(*objectname) [3ms]
[2022-07-12T02:44:01.564Z] > git config --get commit.template [0ms]
[2022-07-12T02:44:06.604Z] > git status -z -uall [31ms]
[2022-07-12T02:44:06.608Z] > git symbolic-ref --short HEAD [1ms]
[2022-07-12T02:44:06.612Z] > git for-each-ref --format=%(refname)%00%(upstream:short)%00%(objectname)%00%(upstream:track)%00%(upstream:remotename)%00%(upstream:remoteref) refs/heads/test_skills refs/remotes/test_skills [1ms]
[2022-07-12T02:44:06.618Z] > git remote --verbose [1ms]
[2022-07-12T02:44:06.618Z] > git for-each-ref --sort -committerdate --format %(refname) %(objectname) %(*objectname) [3ms]
[2022-07-12T02:44:06.627Z] > git config --get commit.template [1ms]
[2022-07-12T02:44:11.661Z] > git status -z -uall [27ms]
[2022-07-12T02:44:11.665Z] > git symbolic-ref --short HEAD [1ms]
[2022-07-12T02:44:11.668Z] > git for-each-ref --format=%(refname)%00%(upstream:short)%00%(objectname)%00%(upstream:track)%00%(upstream:remotename)%00%(upstream:remoteref) refs/heads/test_skills refs/remotes/test_skills [0ms]
[2022-07-12T02:44:11.674Z] > git remote --verbose [1ms]
[2022-07-12T02:44:11.674Z] > git for-each-ref --sort -committerdate --format %(refname) %(objectname) %(*objectname) [3ms]
[2022-07-12T02:44:11.688Z] > git config --get commit.template [2ms]
[2022-07-12T02:44:16.721Z] > git status -z -uall [27ms]
[2022-07-12T02:44:16.725Z] > git symbolic-ref --short HEAD [0ms]
[2022-07-12T02:44:16.729Z] > git for-each-ref --format=%(refname)%00%(upstream:short)%00%(objectname)%00%(upstream:track)%00%(upstream:remotename)%00%(upstream:remoteref) refs/heads/test_skills refs/remotes/test_skills [1ms]
[2022-07-12T02:44:16.735Z] > git remote --verbose [1ms]
[2022-07-12T02:44:16.735Z] > git for-each-ref --sort -committerdate --format %(refname) %(objectname) %(*objectname) [3ms]
[2022-07-12T02:44:16.746Z] > git config --get commit.template [1ms]
[2022-07-12T02:44:23.024Z] > git status -z -uall [34ms]
[2022-07-12T02:44:23.027Z] > git symbolic-ref --short HEAD [0ms]
[2022-07-12T02:44:23.031Z] > git for-each-ref --format=%(refname)%00%(upstream:short)%00%(objectname)%00%(upstream:track)%00%(upstream:remotename)%00%(upstream:remoteref) refs/heads/test_skills refs/remotes/test_skills [1ms]
[2022-07-12T02:44:23.038Z] > git remote --verbose [1ms]
[2022-07-12T02:44:23.038Z] > git for-each-ref --sort -committerdate --format %(refname) %(objectname) %(*objectname) [3ms]
[2022-07-12T02:44:23.052Z] > git config --get commit.template [7ms]
[2022-07-12T02:44:28.119Z] > git status -z -uall [60ms]
[2022-07-12T02:44:28.124Z] > git symbolic-ref --short HEAD [0ms]
[2022-07-12T02:44:28.127Z] > git for-each-ref --format=%(refname)%00%(upstream:short)%00%(objectname)%00%(upstream:track)%00%(upstream:remotename)%00%(upstream:remoteref) refs/heads/test_skills refs/remotes/test_skills [0ms]
[2022-07-12T02:44:28.132Z] > git for-each-ref --sort -committerdate --format %(refname) %(objectname) %(*objectname) [3ms]
[2022-07-12T02:44:28.132Z] > git remote --verbose [1ms]
[2022-07-12T02:44:28.140Z] > git config --get commit.template [1ms]
[2022-07-12T02:44:33.177Z] > git status -z -uall [30ms]
[2022-07-12T02:44:33.182Z] > git symbolic-ref --short HEAD [1ms]
[2022-07-12T02:44:33.185Z] > git for-each-ref --format=%(refname)%00%(upstream:short)%00%(objectname)%00%(upstream:track)%00%(upstream:remotename)%00%(upstream:remoteref) refs/heads/test_skills refs/remotes/test_skills [0ms]
[2022-07-12T02:44:33.192Z] > git remote --verbose [1ms]
[2022-07-12T02:44:33.192Z] > git for-each-ref --sort -committerdate --format %(refname) %(objectname) %(*objectname) [3ms]
[2022-07-12T02:44:33.201Z] > git config --get commit.template [0ms]
[2022-07-12T02:44:38.238Z] > git status -z -uall [31ms]
[2022-07-12T02:44:38.242Z] > git symbolic-ref --short HEAD [0ms]
[2022-07-12T02:44:38.246Z] > git for-each-ref --format=%(refname)%00%(upstream:short)%00%(objectname)%00%(upstream:track)%00%(upstream:remotename)%00%(upstream:remoteref) refs/heads/test_skills refs/remotes/test_skills [1ms]
[2022-07-12T02:44:38.251Z] > git remote --verbose [1ms]
[2022-07-12T02:44:38.251Z] > git for-each-ref --sort -committerdate --format %(refname) %(objectname) %(*objectname) [3ms]
[2022-07-12T02:44:38.260Z] > git config --get commit.template [0ms]
[2022-07-12T02:44:43.288Z] > git status -z -uall [21ms]
[2022-07-12T02:44:43.293Z] > git symbolic-ref --short HEAD [1ms]
[2022-07-12T02:44:43.296Z] > git for-each-ref --format=%(refname)%00%(upstream:short)%00%(objectname)%00%(upstream:track)%00%(upstream:remotename)%00%(upstream:remoteref) refs/heads/test_skills refs/remotes/test_skills [0ms]
[2022-07-12T02:44:43.303Z] > git remote --verbose [1ms]
[2022-07-12T02:44:43.303Z] > git for-each-ref --sort -committerdate --format %(refname) %(objectname) %(*objectname) [4ms]
[2022-07-12T02:44:43.310Z] > git config --get commit.template [2ms]
[2022-07-12T02:44:48.338Z] > git status -z -uall [23ms]
[2022-07-12T02:44:48.344Z] > git symbolic-ref --short HEAD [1ms]
[2022-07-12T02:44:48.347Z] > git for-each-ref --format=%(refname)%00%(upstream:short)%00%(objectname)%00%(upstream:track)%00%(upstream:remotename)%00%(upstream:remoteref) refs/heads/test_skills refs/remotes/test_skills [1ms]
[2022-07-12T02:44:48.355Z] > git remote --verbose [1ms]
[2022-07-12T02:44:48.355Z] > git for-each-ref --sort -committerdate --format %(refname) %(objectname) %(*objectname) [4ms]
[2022-07-12T02:44:48.362Z] > git config --get commit.template [0ms]
[2022-07-12T02:44:53.399Z] > git status -z -uall [29ms]
[2022-07-12T02:44:53.403Z] > git symbolic-ref --short HEAD [1ms]
[2022-07-12T02:44:53.406Z] > git for-each-ref --format=%(refname)%00%(upstream:short)%00%(objectname)%00%(upstream:track)%00%(upstream:remotename)%00%(upstream:remoteref) refs/heads/test_skills refs/remotes/test_skills [1ms]
[2022-07-12T02:44:53.412Z] > git remote --verbose [1ms]
[2022-07-12T02:44:53.412Z] > git for-each-ref --sort -committerdate --format %(refname) %(objectname) %(*objectname) [3ms]
[2022-07-12T02:44:53.429Z] > git config --get commit.template [2ms]
[2022-07-12T02:44:58.463Z] > git status -z -uall [28ms]
[2022-07-12T02:44:58.469Z] > git symbolic-ref --short HEAD [0ms]
[2022-07-12T02:44:58.473Z] > git for-each-ref --format=%(refname)%00%(upstream:short)%00%(objectname)%00%(upstream:track)%00%(upstream:remotename)%00%(upstream:remoteref) refs/heads/test_skills refs/remotes/test_skills [0ms]
[2022-07-12T02:44:58.479Z] > git remote --verbose [1ms]
[2022-07-12T02:44:58.479Z] > git for-each-ref --sort -committerdate --format %(refname) %(objectname) %(*objectname) [3ms]
[2022-07-12T02:44:58.490Z] > git config --get commit.template [0ms]
[2022-07-12T02:45:03.522Z] > git status -z -uall [26ms]
[2022-07-12T02:45:03.527Z] > git symbolic-ref --short HEAD [1ms]
[2022-07-12T02:45:03.530Z] > git for-each-ref --format=%(refname)%00%(upstream:short)%00%(objectname)%00%(upstream:track)%00%(upstream:remotename)%00%(upstream:remoteref) refs/heads/test_skills refs/remotes/test_skills [0ms]
[2022-07-12T02:45:03.535Z] > git remote --verbose [0ms]
[2022-07-12T02:45:03.536Z] > git for-each-ref --sort -committerdate --format %(refname) %(objectname) %(*objectname) [3ms]
[2022-07-12T02:45:03.543Z] > git config --get commit.template [0ms]
[2022-07-12T02:45:08.579Z] > git status -z -uall [26ms]
[2022-07-12T02:45:08.584Z] > git symbolic-ref --short HEAD [1ms]
[2022-07-12T02:45:08.588Z] > git for-each-ref --format=%(refname)%00%(upstream:short)%00%(objectname)%00%(upstream:track)%00%(upstream:remotename)%00%(upstream:remoteref) refs/heads/test_skills refs/remotes/test_skills [1ms]
[2022-07-12T02:45:08.593Z] > git remote --verbose [1ms]
[2022-07-12T02:45:08.593Z] > git for-each-ref --sort -committerdate --format %(refname) %(objectname) %(*objectname) [3ms]
[2022-07-12T02:45:08.601Z] > git config --get commit.template [1ms]
[2022-07-12T02:45:13.631Z] > git status -z -uall [25ms]
[2022-07-12T02:45:13.636Z] > git symbolic-ref --short HEAD [1ms]
[2022-07-12T02:45:13.643Z] > git for-each-ref --format=%(refname)%00%(upstream:short)%00%(objectname)%00%(upstream:track)%00%(upstream:remotename)%00%(upstream:remoteref) refs/heads/test_skills refs/remotes/test_skills [1ms]
[2022-07-12T02:45:13.656Z] > git remote --verbose [1ms]
[2022-07-12T02:45:13.656Z] > git for-each-ref --sort -committerdate --format %(refname) %(objectname) %(*objectname) [8ms]
[2022-07-12T02:45:13.665Z] > git config --get commit.template [1ms]
[2022-07-12T02:45:19.024Z] > git status -z -uall [21ms]
[2022-07-12T02:45:19.028Z] > git symbolic-ref --short HEAD [1ms]
[2022-07-12T02:45:19.031Z] > git for-each-ref --format=%(refname)%00%(upstream:short)%00%(objectname)%00%(upstream:track)%00%(upstream:remotename)%00%(upstream:remoteref) refs/heads/test_skills refs/remotes/test_skills [1ms]
[2022-07-12T02:45:19.035Z] > git remote --verbose [0ms]
[2022-07-12T02:45:19.036Z] > git for-each-ref --sort -committerdate --format %(refname) %(objectname) %(*objectname) [3ms]
[2022-07-12T02:45:19.042Z] > git config --get commit.template [0ms]
[2022-07-12T02:45:24.069Z] > git status -z -uall [22ms]
[2022-07-12T02:45:24.074Z] > git symbolic-ref --short HEAD [1ms]
[2022-07-12T02:45:24.078Z] > git for-each-ref --format=%(refname)%00%(upstream:short)%00%(objectname)%00%(upstream:track)%00%(upstream:remotename)%00%(upstream:remoteref) refs/heads/test_skills refs/remotes/test_skills [0ms]
[2022-07-12T02:45:24.083Z] > git remote --verbose [0ms]
[2022-07-12T02:45:24.083Z] > git for-each-ref --sort -committerdate --format %(refname) %(objectname) %(*objectname) [2ms]
[2022-07-12T02:45:24.089Z] > git config --get commit.template [0ms]
[2022-07-12T02:45:29.122Z] > git status -z -uall [27ms]
[2022-07-12T02:45:29.125Z] > git symbolic-ref --short HEAD [0ms]
[2022-07-12T02:45:29.129Z] > git for-each-ref --format=%(refname)%00%(upstream:short)%00%(objectname)%00%(upstream:track)%00%(upstream:remotename)%00%(upstream:remoteref) refs/heads/test_skills refs/remotes/test_skills [1ms]
[2022-07-12T02:45:29.134Z] > git remote --verbose [1ms]
[2022-07-12T02:45:29.134Z] > git for-each-ref --sort -committerdate --format %(refname) %(objectname) %(*objectname) [3ms]
[2022-07-12T02:45:29.143Z] > git config --get commit.template [0ms]
[2022-07-12T02:45:34.171Z] > git status -z -uall [21ms]
[2022-07-12T02:45:34.176Z] > git symbolic-ref --short HEAD [1ms]
[2022-07-12T02:45:34.179Z] > git for-each-ref --format=%(refname)%00%(upstream:short)%00%(objectname)%00%(upstream:track)%00%(upstream:remotename)%00%(upstream:remoteref) refs/heads/test_skills refs/remotes/test_skills [1ms]
[2022-07-12T02:45:34.183Z] > git remote --verbose [0ms]
[2022-07-12T02:45:34.184Z] > git for-each-ref --sort -committerdate --format %(refname) %(objectname) %(*objectname) [3ms]
[2022-07-12T02:45:34.190Z] > git config --get commit.template [1ms]
[2022-07-12T02:45:39.219Z] > git status -z -uall [22ms]
[2022-07-12T02:45:39.225Z] > git symbolic-ref --short HEAD [0ms]
[2022-07-12T02:45:39.230Z] > git for-each-ref --format=%(refname)%00%(upstream:short)%00%(objectname)%00%(upstream:track)%00%(upstream:remotename)%00%(upstream:remoteref) refs/heads/test_skills refs/remotes/test_skills [1ms]
[2022-07-12T02:45:39.235Z] > git for-each-ref --sort -committerdate --format %(refname) %(objectname) %(*objectname) [3ms]
[2022-07-12T02:45:39.235Z] > git remote --verbose [0ms]
[2022-07-12T02:45:39.242Z] > git config --get commit.template [1ms]
[2022-07-12T02:45:44.270Z] > git status -z -uall [22ms]
[2022-07-12T02:45:44.274Z] > git symbolic-ref --short HEAD [1ms]
[2022-07-12T02:45:44.278Z] > git for-each-ref --format=%(refname)%00%(upstream:short)%00%(objectname)%00%(upstream:track)%00%(upstream:remotename)%00%(upstream:remoteref) refs/heads/test_skills refs/remotes/test_skills [0ms]
[2022-07-12T02:45:44.283Z] > git for-each-ref --sort -committerdate --format %(refname) %(objectname) %(*objectname) [3ms]
[2022-07-12T02:45:44.283Z] > git remote --verbose [1ms]
[2022-07-12T02:45:44.290Z] > git config --get commit.template [0ms]
[2022-07-12T02:45:49.331Z] > git status -z -uall [32ms]
[2022-07-12T02:45:49.339Z] > git symbolic-ref --short HEAD [1ms]
[2022-07-12T02:45:49.343Z] > git for-each-ref --format=%(refname)%00%(upstream:short)%00%(objectname)%00%(upstream:track)%00%(upstream:remotename)%00%(upstream:remoteref) refs/heads/test_skills refs/remotes/test_skills [1ms]
[2022-07-12T02:45:49.348Z] > git remote --verbose [0ms]
[2022-07-12T02:45:49.348Z] > git for-each-ref --sort -committerdate --format %(refname) %(objectname) %(*objectname) [3ms]
[2022-07-12T02:45:49.357Z] > git config --get commit.template [1ms]
[2022-07-12T02:45:54.382Z] > git status -z -uall [21ms]
[2022-07-12T02:45:54.387Z] > git symbolic-ref --short HEAD [1ms]
[2022-07-12T02:45:54.390Z] > git for-each-ref --format=%(refname)%00%(upstream:short)%00%(objectname)%00%(upstream:track)%00%(upstream:remotename)%00%(upstream:remoteref) refs/heads/test_skills refs/remotes/test_skills [1ms]
[2022-07-12T02:45:54.396Z] > git remote --verbose [1ms]
[2022-07-12T02:45:54.396Z] > git for-each-ref --sort -committerdate --format %(refname) %(objectname) %(*objectname) [3ms]
[2022-07-12T02:45:54.403Z] > git config --get commit.template [0ms]
[2022-07-12T02:45:59.433Z] > git status -z -uall [23ms]
[2022-07-12T02:45:59.437Z] > git symbolic-ref --short HEAD [1ms]
[2022-07-12T02:45:59.441Z] > git for-each-ref --format=%(refname)%00%(upstream:short)%00%(objectname)%00%(upstream:track)%00%(upstream:remotename)%00%(upstream:remoteref) refs/heads/test_skills refs/remotes/test_skills [1ms]
[2022-07-12T02:45:59.447Z] > git remote --verbose [1ms]
[2022-07-12T02:45:59.447Z] > git for-each-ref --sort -committerdate --format %(refname) %(objectname) %(*objectname) [4ms]
[2022-07-12T02:45:59.455Z] > git config --get commit.template [1ms]
[2022-07-12T02:46:04.483Z] > git status -z -uall [22ms]
[2022-07-12T02:46:04.487Z] > git symbolic-ref --short HEAD [1ms]
[2022-07-12T02:46:04.491Z] > git for-each-ref --format=%(refname)%00%(upstream:short)%00%(objectname)%00%(upstream:track)%00%(upstream:remotename)%00%(upstream:remoteref) refs/heads/test_skills refs/remotes/test_skills [1ms]
[2022-07-12T02:46:04.494Z] > git remote --verbose [0ms]
[2022-07-12T02:46:04.495Z] > git for-each-ref --sort -committerdate --format %(refname) %(objectname) %(*objectname) [3ms]
[2022-07-12T02:46:04.500Z] > git config --get commit.template [0ms]
[2022-07-12T02:46:10.035Z] > git status -z -uall [24ms]
[2022-07-12T02:46:10.039Z] > git symbolic-ref --short HEAD [0ms]
[2022-07-12T02:46:10.043Z] > git for-each-ref --format=%(refname)%00%(upstream:short)%00%(objectname)%00%(upstream:track)%00%(upstream:remotename)%00%(upstream:remoteref) refs/heads/test_skills refs/remotes/test_skills [1ms]
[2022-07-12T02:46:10.048Z] > git for-each-ref --sort -committerdate --format %(refname) %(objectname) %(*objectname) [2ms]
[2022-07-12T02:46:10.048Z] > git remote --verbose [0ms]
[2022-07-12T02:46:10.055Z] > git config --get commit.template [0ms]
[2022-07-12T02:46:15.141Z] > git status -z -uall [80ms]
[2022-07-12T02:46:15.144Z] > git symbolic-ref --short HEAD [0ms]
[2022-07-12T02:46:15.147Z] > git for-each-ref --format=%(refname)%00%(upstream:short)%00%(objectname)%00%(upstream:track)%00%(upstream:remotename)%00%(upstream:remoteref) refs/heads/test_skills refs/remotes/test_skills [1ms]
[2022-07-12T02:46:15.152Z] > git for-each-ref --sort -committerdate --format %(refname) %(objectname) %(*objectname) [3ms]
[2022-07-12T02:46:15.152Z] > git remote --verbose [1ms]
[2022-07-12T02:46:15.158Z] > git config --get commit.template [0ms]
[2022-07-12T02:46:20.191Z] > git status -z -uall [28ms]
[2022-07-12T02:46:20.194Z] > git symbolic-ref --short HEAD [0ms]
[2022-07-12T02:46:20.198Z] > git for-each-ref --format=%(refname)%00%(upstream:short)%00%(objectname)%00%(upstream:track)%00%(upstream:remotename)%00%(upstream:remoteref) refs/heads/test_skills refs/remotes/test_skills [0ms]
[2022-07-12T02:46:20.205Z] > git remote --verbose [1ms]
[2022-07-12T02:46:20.205Z] > git for-each-ref --sort -committerdate --format %(refname) %(objectname) %(*objectname) [4ms]
[2022-07-12T02:46:20.214Z] > git config --get commit.template [0ms]
[2022-07-12T02:46:25.242Z] > git status -z -uall [22ms]
[2022-07-12T02:46:25.246Z] > git symbolic-ref --short HEAD [1ms]
[2022-07-12T02:46:25.249Z] > git for-each-ref --format=%(refname)%00%(upstream:short)%00%(objectname)%00%(upstream:track)%00%(upstream:remotename)%00%(upstream:remoteref) refs/heads/test_skills refs/remotes/test_skills [0ms]
[2022-07-12T02:46:25.253Z] > git for-each-ref --sort -committerdate --format %(refname) %(objectname) %(*objectname) [2ms]
[2022-07-12T02:46:25.254Z] > git remote --verbose [1ms]
[2022-07-12T02:46:25.259Z] > git config --get commit.template [0ms]
[2022-07-12T02:46:30.286Z] > git status -z -uall [22ms]
[2022-07-12T02:46:30.290Z] > git symbolic-ref --short HEAD [1ms]
[2022-07-12T02:46:30.294Z] > git for-each-ref --format=%(refname)%00%(upstream:short)%00%(objectname)%00%(upstream:track)%00%(upstream:remotename)%00%(upstream:remoteref) refs/heads/test_skills refs/remotes/test_skills [1ms]
[2022-07-12T02:46:30.301Z] > git remote --verbose [1ms]
[2022-07-12T02:46:30.301Z] > git for-each-ref --sort -committerdate --format %(refname) %(objectname) %(*objectname) [4ms]
[2022-07-12T02:46:30.311Z] > git config --get commit.template [0ms]
[2022-07-12T02:46:35.360Z] > git status -z -uall [40ms]
[2022-07-12T02:46:35.364Z] > git symbolic-ref --short HEAD [1ms]
[2022-07-12T02:46:35.368Z] > git for-each-ref --format=%(refname)%00%(upstream:short)%00%(objectname)%00%(upstream:track)%00%(upstream:remotename)%00%(upstream:remoteref) refs/heads/test_skills refs/remotes/test_skills [0ms]
[2022-07-12T02:46:35.374Z] > git remote --verbose [1ms]
[2022-07-12T02:46:35.374Z] > git for-each-ref --sort -committerdate --format %(refname) %(objectname) %(*objectname) [3ms]
[2022-07-12T02:46:35.386Z] > git config --get commit.template [0ms]
[2022-07-12T02:46:40.414Z] > git status -z -uall [21ms]
[2022-07-12T02:46:40.418Z] > git symbolic-ref --short HEAD [1ms]
[2022-07-12T02:46:40.421Z] > git for-each-ref --format=%(refname)%00%(upstream:short)%00%(objectname)%00%(upstream:track)%00%(upstream:remotename)%00%(upstream:remoteref) refs/heads/test_skills refs/remotes/test_skills [1ms]
[2022-07-12T02:46:40.426Z] > git remote --verbose [1ms]
[2022-07-12T02:46:40.426Z] > git for-each-ref --sort -committerdate --format %(refname) %(objectname) %(*objectname) [3ms]
[2022-07-12T02:46:40.433Z] > git config --get commit.template [1ms]
[2022-07-12T02:46:45.461Z] > git status -z -uall [24ms]
[2022-07-12T02:46:45.465Z] > git symbolic-ref --short HEAD [1ms]
[2022-07-12T02:46:45.469Z] > git for-each-ref --format=%(refname)%00%(upstream:short)%00%(objectname)%00%(upstream:track)%00%(upstream:remotename)%00%(upstream:remoteref) refs/heads/test_skills refs/remotes/test_skills [1ms]
[2022-07-12T02:46:45.476Z] > git remote --verbose [1ms]
[2022-07-12T02:46:45.476Z] > git for-each-ref --sort -committerdate --format %(refname) %(objectname) %(*objectname) [4ms]
[2022-07-12T02:46:45.484Z] > git config --get commit.template [1ms]
[2022-07-12T02:46:50.517Z] > git status -z -uall [27ms]
[2022-07-12T02:46:50.521Z] > git symbolic-ref --short HEAD [1ms]
[2022-07-12T02:46:50.524Z] > git for-each-ref --format=%(refname)%00%(upstream:short)%00%(objectname)%00%(upstream:track)%00%(upstream:remotename)%00%(upstream:remoteref) refs/heads/test_skills refs/remotes/test_skills [1ms]
[2022-07-12T02:46:50.529Z] > git remote --verbose [1ms]
[2022-07-12T02:46:50.529Z] > git for-each-ref --sort -committerdate --format %(refname) %(objectname) %(*objectname) [3ms]
[2022-07-12T02:46:50.536Z] > git config --get commit.template [0ms]
[2022-07-12T02:46:55.566Z] > git status -z -uall [23ms]
[2022-07-12T02:46:55.569Z] > git symbolic-ref --short HEAD [1ms]
[2022-07-12T02:46:55.573Z] > git for-each-ref --format=%(refname)%00%(upstream:short)%00%(objectname)%00%(upstream:track)%00%(upstream:remotename)%00%(upstream:remoteref) refs/heads/test_skills refs/remotes/test_skills [1ms]
[2022-07-12T02:46:55.578Z] > git remote --verbose [0ms]
[2022-07-12T02:46:55.579Z] > git for-each-ref --sort -committerdate --format %(refname) %(objectname) %(*objectname) [4ms]
[2022-07-12T02:46:55.586Z] > git config --get commit.template [1ms]
[2022-07-12T02:47:00.613Z] > git status -z -uall [22ms]
[2022-07-12T02:47:00.617Z] > git symbolic-ref --short HEAD [1ms]
[2022-07-12T02:47:00.620Z] > git for-each-ref --format=%(refname)%00%(upstream:short)%00%(objectname)%00%(upstream:track)%00%(upstream:remotename)%00%(upstream:remoteref) refs/heads/test_skills refs/remotes/test_skills [0ms]
[2022-07-12T02:47:00.624Z] > git for-each-ref --sort -committerdate --format %(refname) %(objectname) %(*objectname) [2ms]
[2022-07-12T02:47:00.625Z] > git remote --verbose [1ms]
[2022-07-12T02:47:00.634Z] > git config --get commit.template [1ms]
[2022-07-12T02:47:05.662Z] > git status -z -uall [23ms]
[2022-07-12T02:47:05.665Z] > git symbolic-ref --short HEAD [0ms]
[2022-07-12T02:47:05.670Z] > git for-each-ref --format=%(refname)%00%(upstream:short)%00%(objectname)%00%(upstream:track)%00%(upstream:remotename)%00%(upstream:remoteref) refs/heads/test_skills refs/remotes/test_skills [0ms]
[2022-07-12T02:47:05.676Z] > git remote --verbose [1ms]
[2022-07-12T02:47:05.676Z] > git for-each-ref --sort -committerdate --format %(refname) %(objectname) %(*objectname) [3ms]
[2022-07-12T02:47:05.683Z] > git config --get commit.template [1ms]
[2022-07-12T02:47:10.711Z] > git status -z -uall [23ms]
[2022-07-12T02:47:10.715Z] > git symbolic-ref --short HEAD [1ms]
[2022-07-12T02:47:10.719Z] > git for-each-ref --format=%(refname)%00%(upstream:short)%00%(objectname)%00%(upstream:track)%00%(upstream:remotename)%00%(upstream:remoteref) refs/heads/test_skills refs/remotes/test_skills [1ms]
[2022-07-12T02:47:10.724Z] > git remote --verbose [0ms]
[2022-07-12T02:47:10.725Z] > git for-each-ref --sort -committerdate --format %(refname) %(objectname) %(*objectname) [3ms]
[2022-07-12T02:47:10.731Z] > git config --get commit.template [1ms]
[2022-07-12T02:47:15.761Z] > git status -z -uall [23ms]
[2022-07-12T02:47:15.766Z] > git symbolic-ref --short HEAD [0ms]
[2022-07-12T02:47:15.771Z] > git for-each-ref --format=%(refname)%00%(upstream:short)%00%(objectname)%00%(upstream:track)%00%(upstream:remotename)%00%(upstream:remoteref) refs/heads/test_skills refs/remotes/test_skills [1ms]
[2022-07-12T02:47:15.777Z] > git remote --verbose [1ms]
[2022-07-12T02:47:15.777Z] > git for-each-ref --sort -committerdate --format %(refname) %(objectname) %(*objectname) [4ms]
[2022-07-12T02:47:15.785Z] > git config --get commit.template [1ms]
[2022-07-12T02:47:21.047Z] > git status -z -uall [23ms]
[2022-07-12T02:47:21.051Z] > git symbolic-ref --short HEAD [1ms]
[2022-07-12T02:47:21.054Z] > git for-each-ref --format=%(refname)%00%(upstream:short)%00%(objectname)%00%(upstream:track)%00%(upstream:remotename)%00%(upstream:remoteref) refs/heads/test_skills refs/remotes/test_skills [0ms]
[2022-07-12T02:47:21.059Z] > git remote --verbose [0ms]
[2022-07-12T02:47:21.059Z] > git for-each-ref --sort -committerdate --format %(refname) %(objectname) %(*objectname) [2ms]
[2022-07-12T02:47:21.065Z] > git config --get commit.template [0ms]
[2022-07-12T02:47:26.089Z] > git status -z -uall [18ms]
[2022-07-12T02:47:26.092Z] > git symbolic-ref --short HEAD [0ms]
[2022-07-12T02:47:26.095Z] > git for-each-ref --format=%(refname)%00%(upstream:short)%00%(objectname)%00%(upstream:track)%00%(upstream:remotename)%00%(upstream:remoteref) refs/heads/test_skills refs/remotes/test_skills [1ms]
[2022-07-12T02:47:26.099Z] > git remote --verbose [0ms]
[2022-07-12T02:47:26.100Z] > git for-each-ref --sort -committerdate --format %(refname) %(objectname) %(*objectname) [3ms]
[2022-07-12T02:47:26.105Z] > git config --get commit.template [0ms]
[2022-07-12T02:47:31.131Z] > git status -z -uall [20ms]
[2022-07-12T02:47:31.135Z] > git symbolic-ref --short HEAD [1ms]
[2022-07-12T02:47:31.139Z] > git for-each-ref --format=%(refname)%00%(upstream:short)%00%(objectname)%00%(upstream:track)%00%(upstream:remotename)%00%(upstream:remoteref) refs/heads/test_skills refs/remotes/test_skills [1ms]
[2022-07-12T02:47:31.144Z] > git remote --verbose [1ms]
[2022-07-12T02:47:31.144Z] > git for-each-ref --sort -committerdate --format %(refname) %(objectname) %(*objectname) [3ms]
[2022-07-12T02:47:31.151Z] > git config --get commit.template [1ms]
[2022-07-12T02:47:36.173Z] > git status -z -uall [18ms]
[2022-07-12T02:47:36.177Z] > git symbolic-ref --short HEAD [0ms]
[2022-07-12T02:47:36.180Z] > git for-each-ref --format=%(refname)%00%(upstream:short)%00%(objectname)%00%(upstream:track)%00%(upstream:remotename)%00%(upstream:remoteref) refs/heads/test_skills refs/remotes/test_skills [0ms]
[2022-07-12T02:47:36.185Z] > git remote --verbose [1ms]
[2022-07-12T02:47:36.185Z] > git for-each-ref --sort -committerdate --format %(refname) %(objectname) %(*objectname) [3ms]
[2022-07-12T02:47:36.191Z] > git config --get commit.template [0ms]
[2022-07-12T02:47:41.220Z] > git status -z -uall [22ms]
[2022-07-12T02:47:41.224Z] > git symbolic-ref --short HEAD [1ms]
[2022-07-12T02:47:41.227Z] > git for-each-ref --format=%(refname)%00%(upstream:short)%00%(objectname)%00%(upstream:track)%00%(upstream:remotename)%00%(upstream:remoteref) refs/heads/test_skills refs/remotes/test_skills [1ms]
[2022-07-12T02:47:41.231Z] > git for-each-ref --sort -committerdate --format %(refname) %(objectname) %(*objectname) [2ms]
[2022-07-12T02:47:41.232Z] > git remote --verbose [1ms]
[2022-07-12T02:47:41.239Z] > git config --get commit.template [0ms]
[2022-07-12T02:47:46.274Z] > git status -z -uall [27ms]
[2022-07-12T02:47:46.279Z] > git symbolic-ref --short HEAD [1ms]
[2022-07-12T02:47:46.282Z] > git for-each-ref --format=%(refname)%00%(upstream:short)%00%(objectname)%00%(upstream:track)%00%(upstream:remotename)%00%(upstream:remoteref) refs/heads/test_skills refs/remotes/test_skills [0ms]
[2022-07-12T02:47:46.288Z] > git remote --verbose [0ms]
[2022-07-12T02:47:46.288Z] > git for-each-ref --sort -committerdate --format %(refname) %(objectname) %(*objectname) [3ms]
[2022-07-12T02:47:46.297Z] > git config --get commit.template [0ms]
[2022-07-12T02:47:51.331Z] > git status -z -uall [28ms]
[2022-07-12T02:47:51.335Z] > git symbolic-ref --short HEAD [1ms]
[2022-07-12T02:47:51.339Z] > git for-each-ref --format=%(refname)%00%(upstream:short)%00%(objectname)%00%(upstream:track)%00%(upstream:remotename)%00%(upstream:remoteref) refs/heads/test_skills refs/remotes/test_skills [1ms]
[2022-07-12T02:47:51.344Z] > git remote --verbose [1ms]
[2022-07-12T02:47:51.344Z] > git for-each-ref --sort -committerdate --format %(refname) %(objectname) %(*objectname) [3ms]
[2022-07-12T02:47:51.351Z] > git config --get commit.template [0ms]
[2022-07-12T02:47:56.381Z] > git status -z -uall [23ms]
[2022-07-12T02:47:56.385Z] > git symbolic-ref --short HEAD [0ms]
[2022-07-12T02:47:56.389Z] > git for-each-ref --format=%(refname)%00%(upstream:short)%00%(objectname)%00%(upstream:track)%00%(upstream:remotename)%00%(upstream:remoteref) refs/heads/test_skills refs/remotes/test_skills [1ms]
[2022-07-12T02:47:56.394Z] > git remote --verbose [0ms]
[2022-07-12T02:47:56.394Z] > git for-each-ref --sort -committerdate --format %(refname) %(objectname) %(*objectname) [2ms]
[2022-07-12T02:47:56.401Z] > git config --get commit.template [0ms]
[2022-07-12T02:48:01.437Z] > git status -z -uall [28ms]
[2022-07-12T02:48:01.440Z] > git symbolic-ref --short HEAD [0ms]
[2022-07-12T02:48:01.443Z] > git for-each-ref --format=%(refname)%00%(upstream:short)%00%(objectname)%00%(upstream:track)%00%(upstream:remotename)%00%(upstream:remoteref) refs/heads/test_skills refs/remotes/test_skills [0ms]
[2022-07-12T02:48:01.449Z] > git remote --verbose [1ms]
[2022-07-12T02:48:01.449Z] > git for-each-ref --sort -committerdate --format %(refname) %(objectname) %(*objectname) [3ms]
[2022-07-12T02:48:01.464Z] > git config --get commit.template [1ms]
[2022-07-12T02:48:06.494Z] > git status -z -uall [23ms]
[2022-07-12T02:48:06.498Z] > git symbolic-ref --short HEAD [1ms]
[2022-07-12T02:48:06.501Z] > git for-each-ref --format=%(refname)%00%(upstream:short)%00%(objectname)%00%(upstream:track)%00%(upstream:remotename)%00%(upstream:remoteref) refs/heads/test_skills refs/remotes/test_skills [0ms]
[2022-07-12T02:48:06.506Z] > git for-each-ref --sort -committerdate --format %(refname) %(objectname) %(*objectname) [3ms]
[2022-07-12T02:48:06.506Z] > git remote --verbose [1ms]
[2022-07-12T02:48:06.512Z] > git config --get commit.template [0ms]
[2022-07-12T02:48:11.541Z] > git status -z -uall [23ms]
[2022-07-12T02:48:11.547Z] > git symbolic-ref --short HEAD [1ms]
[2022-07-12T02:48:11.551Z] > git for-each-ref --format=%(refname)%00%(upstream:short)%00%(objectname)%00%(upstream:track)%00%(upstream:remotename)%00%(upstream:remoteref) refs/heads/test_skills refs/remotes/test_skills [0ms]
[2022-07-12T02:48:11.557Z] > git remote --verbose [0ms]
[2022-07-12T02:48:11.558Z] > git for-each-ref --sort -committerdate --format %(refname) %(objectname) %(*objectname) [4ms]
[2022-07-12T02:48:11.564Z] > git config --get commit.template [1ms]
[2022-07-12T02:48:16.598Z] > git status -z -uall [27ms]
[2022-07-12T02:48:16.603Z] > git symbolic-ref --short HEAD [0ms]
[2022-07-12T02:48:16.607Z] > git for-each-ref --format=%(refname)%00%(upstream:short)%00%(objectname)%00%(upstream:track)%00%(upstream:remotename)%00%(upstream:remoteref) refs/heads/test_skills refs/remotes/test_skills [1ms]
[2022-07-12T02:48:16.613Z] > git for-each-ref --sort -committerdate --format %(refname) %(objectname) %(*objectname) [3ms]
[2022-07-12T02:48:16.613Z] > git remote --verbose [1ms]
[2022-07-12T02:48:16.623Z] > git config --get commit.template [0ms]
[2022-07-12T02:48:21.650Z] > git status -z -uall [21ms]
[2022-07-12T02:48:21.654Z] > git symbolic-ref --short HEAD [0ms]
[2022-07-12T02:48:21.658Z] > git for-each-ref --format=%(refname)%00%(upstream:short)%00%(objectname)%00%(upstream:track)%00%(upstream:remotename)%00%(upstream:remoteref) refs/heads/test_skills refs/remotes/test_skills [1ms]
[2022-07-12T02:48:21.663Z] > git remote --verbose [1ms]
[2022-07-12T02:48:21.663Z] > git for-each-ref --sort -committerdate --format %(refname) %(objectname) %(*objectname) [3ms]
[2022-07-12T02:48:21.670Z] > git config --get commit.template [0ms]
[2022-07-12T02:48:26.706Z] > git status -z -uall [28ms]
[2022-07-12T02:48:26.711Z] > git symbolic-ref --short HEAD [1ms]
[2022-07-12T02:48:26.714Z] > git for-each-ref --format=%(refname)%00%(upstream:short)%00%(objectname)%00%(upstream:track)%00%(upstream:remotename)%00%(upstream:remoteref) refs/heads/test_skills refs/remotes/test_skills [0ms]
[2022-07-12T02:48:26.720Z] > git for-each-ref --sort -committerdate --format %(refname) %(objectname) %(*objectname) [3ms]
[2022-07-12T02:48:26.720Z] > git remote --verbose [0ms]
[2022-07-12T02:48:26.735Z] > git config --get commit.template [0ms]
[2022-07-12T02:48:31.772Z] > git status -z -uall [30ms]
[2022-07-12T02:48:31.776Z] > git symbolic-ref --short HEAD [1ms]
[2022-07-12T02:48:31.779Z] > git for-each-ref --format=%(refname)%00%(upstream:short)%00%(objectname)%00%(upstream:track)%00%(upstream:remotename)%00%(upstream:remoteref) refs/heads/test_skills refs/remotes/test_skills [1ms]
[2022-07-12T02:48:31.784Z] > git remote --verbose [1ms]
[2022-07-12T02:48:31.784Z] > git for-each-ref --sort -committerdate --format %(refname) %(objectname) %(*objectname) [3ms]
[2022-07-12T02:48:31.796Z] > git config --get commit.template [5ms]
[2022-07-12T02:48:31.798Z] > git check-ignore -v -z --stdin [3ms]
[2022-07-12T02:48:36.831Z] > git status -z -uall [27ms]
[2022-07-12T02:48:36.835Z] > git symbolic-ref --short HEAD [1ms]
[2022-07-12T02:48:36.838Z] > git for-each-ref --format=%(refname)%00%(upstream:short)%00%(objectname)%00%(upstream:track)%00%(upstream:remotename)%00%(upstream:remoteref) refs/heads/test_skills refs/remotes/test_skills [0ms]
[2022-07-12T02:48:36.843Z] > git remote --verbose [0ms]
[2022-07-12T02:48:36.843Z] > git for-each-ref --sort -committerdate --format %(refname) %(objectname) %(*objectname) [2ms]
[2022-07-12T02:48:36.852Z] > git config --get commit.template [0ms]
[2022-07-12T02:48:41.880Z] > git status -z -uall [21ms]
[2022-07-12T02:48:41.885Z] > git symbolic-ref --short HEAD [1ms]
[2022-07-12T02:48:41.888Z] > git for-each-ref --format=%(refname)%00%(upstream:short)%00%(objectname)%00%(upstream:track)%00%(upstream:remotename)%00%(upstream:remoteref) refs/heads/test_skills refs/remotes/test_skills [0ms]
[2022-07-12T02:48:41.893Z] > git for-each-ref --sort -committerdate --format %(refname) %(objectname) %(*objectname) [3ms]
[2022-07-12T02:48:41.893Z] > git remote --verbose [1ms]
[2022-07-12T02:48:41.899Z] > git config --get commit.template [0ms]
[2022-07-12T02:48:46.929Z] > git status -z -uall [24ms]
[2022-07-12T02:48:46.932Z] > git symbolic-ref --short HEAD [0ms]
[2022-07-12T02:48:46.935Z] > git for-each-ref --format=%(refname)%00%(upstream:short)%00%(objectname)%00%(upstream:track)%00%(upstream:remotename)%00%(upstream:remoteref) refs/heads/test_skills refs/remotes/test_skills [0ms]
[2022-07-12T02:48:46.940Z] > git for-each-ref --sort -committerdate --format %(refname) %(objectname) %(*objectname) [2ms]
[2022-07-12T02:48:46.940Z] > git remote --verbose [0ms]
[2022-07-12T02:48:46.948Z] > git config --get commit.template [1ms]
[2022-07-12T02:48:51.981Z] > git status -z -uall [27ms]
[2022-07-12T02:48:51.984Z] > git symbolic-ref --short HEAD [0ms]
[2022-07-12T02:48:51.989Z] > git for-each-ref --format=%(refname)%00%(upstream:short)%00%(objectname)%00%(upstream:track)%00%(upstream:remotename)%00%(upstream:remoteref) refs/heads/test_skills refs/remotes/test_skills [1ms]
[2022-07-12T02:48:51.994Z] > git remote --verbose [1ms]
[2022-07-12T02:48:51.994Z] > git for-each-ref --sort -committerdate --format %(refname) %(objectname) %(*objectname) [3ms]
[2022-07-12T02:48:52.004Z] > git config --get commit.template [1ms]
[2022-07-12T02:48:57.040Z] > git status -z -uall [28ms]
[2022-07-12T02:48:57.044Z] > git symbolic-ref --short HEAD [1ms]
[2022-07-12T02:48:57.048Z] > git for-each-ref --format=%(refname)%00%(upstream:short)%00%(objectname)%00%(upstream:track)%00%(upstream:remotename)%00%(upstream:remoteref) refs/heads/test_skills refs/remotes/test_skills [1ms]
[2022-07-12T02:48:57.054Z] > git for-each-ref --sort -committerdate --format %(refname) %(objectname) %(*objectname) [3ms]
[2022-07-12T02:48:57.054Z] > git remote --verbose [1ms]
[2022-07-12T02:48:57.066Z] > git config --get commit.template [0ms]
[2022-07-12T02:49:02.107Z] > git status -z -uall [33ms]
[2022-07-12T02:49:02.112Z] > git symbolic-ref --short HEAD [1ms]
[2022-07-12T02:49:02.116Z] > git for-each-ref --format=%(refname)%00%(upstream:short)%00%(objectname)%00%(upstream:track)%00%(upstream:remotename)%00%(upstream:remoteref) refs/heads/test_skills refs/remotes/test_skills [1ms]
[2022-07-12T02:49:02.122Z] > git remote --verbose [1ms]
[2022-07-12T02:49:02.122Z] > git for-each-ref --sort -committerdate --format %(refname) %(objectname) %(*objectname) [3ms]
[2022-07-12T02:49:02.128Z] > git config --get commit.template [0ms]
[2022-07-12T02:49:07.162Z] > git status -z -uall [27ms]
[2022-07-12T02:49:07.166Z] > git symbolic-ref --short HEAD [1ms]
[2022-07-12T02:49:07.170Z] > git for-each-ref --format=%(refname)%00%(upstream:short)%00%(objectname)%00%(upstream:track)%00%(upstream:remotename)%00%(upstream:remoteref) refs/heads/test_skills refs/remotes/test_skills [0ms]
[2022-07-12T02:49:07.175Z] > git remote --verbose [1ms]
[2022-07-12T02:49:07.175Z] > git for-each-ref --sort -committerdate --format %(refname) %(objectname) %(*objectname) [3ms]
[2022-07-12T02:49:07.185Z] > git config --get commit.template [1ms]
[2022-07-12T02:49:12.220Z] > git status -z -uall [27ms]
[2022-07-12T02:49:12.224Z] > git symbolic-ref --short HEAD [0ms]
[2022-07-12T02:49:12.228Z] > git for-each-ref --format=%(refname)%00%(upstream:short)%00%(objectname)%00%(upstream:track)%00%(upstream:remotename)%00%(upstream:remoteref) refs/heads/test_skills refs/remotes/test_skills [0ms]
[2022-07-12T02:49:12.234Z] > git remote --verbose [1ms]
[2022-07-12T02:49:12.234Z] > git for-each-ref --sort -committerdate --format %(refname) %(objectname) %(*objectname) [3ms]
[2022-07-12T02:49:12.242Z] > git config --get commit.template [0ms]
