[2022-07-09T13:31:01.730Z] Log level: Info
[2022-07-09T13:31:01.731Z] [info] Validating found git in: git
[2022-07-09T13:31:01.920Z] [info] Using git 2.25.1 from git
[2022-07-09T13:31:01.957Z] > git rev-parse --show-toplevel [28ms]
[2022-07-09T13:31:01.985Z] > git rev-parse --git-dir --git-common-dir [21ms]
[2022-07-09T13:31:01.989Z] [info] Open repository: /home/htmhqi
[2022-07-09T13:31:02.065Z] > git status -z -uall [70ms]
[2022-07-09T13:31:02.075Z] > git symbolic-ref --short HEAD [5ms]
[2022-07-09T13:31:02.082Z] > git for-each-ref --format=%(refname)%00%(upstream:short)%00%(objectname)%00%(upstream:track)%00%(upstream:remotename)%00%(upstream:remoteref) refs/heads/test_skills refs/remotes/test_skills [2ms]
[2022-07-09T13:31:02.096Z] > git remote --verbose [4ms]
[2022-07-09T13:31:02.096Z] > git for-each-ref --sort -committerdate --format %(refname) %(objectname) %(*objectname) [8ms]
[2022-07-09T13:31:02.596Z] > git config --get commit.template [460ms]
[2022-07-09T13:31:02.620Z] > git check-ignore -v -z --stdin [7ms]
[2022-07-09T13:31:02.694Z] > git status -z -uall [89ms]
[2022-07-09T13:31:02.700Z] > git show --textconv :scripts/image-Graber.py [15ms]
[2022-07-09T13:31:02.718Z] > git symbolic-ref --short HEAD [18ms]
[2022-07-09T13:31:02.724Z] > git ls-files --stage -- /home/htmhqi/scripts/image-Graber.py [32ms]
[2022-07-09T13:31:02.754Z] > git cat-file -s 924ee2e96c2e1047b40f78e72b32b626c47686cc [24ms]
[2022-07-09T13:31:02.755Z] > git for-each-ref --format=%(refname)%00%(upstream:short)%00%(objectname)%00%(upstream:track)%00%(upstream:remotename)%00%(upstream:remoteref) refs/heads/test_skills refs/remotes/test_skills [31ms]
[2022-07-09T13:31:02.770Z] > git remote --verbose [5ms]
[2022-07-09T13:31:02.771Z] > git for-each-ref --sort -committerdate --format %(refname) %(objectname) %(*objectname) [11ms]
[2022-07-09T13:31:02.863Z] > git config --get commit.template [32ms]
[2022-07-09T13:31:07.813Z] > git status -z -uall [22ms]
[2022-07-09T13:31:07.817Z] > git symbolic-ref --short HEAD [0ms]
[2022-07-09T13:31:07.821Z] > git for-each-ref --format=%(refname)%00%(upstream:short)%00%(objectname)%00%(upstream:track)%00%(upstream:remotename)%00%(upstream:remoteref) refs/heads/test_skills refs/remotes/test_skills [1ms]
[2022-07-09T13:31:07.827Z] > git remote --verbose [1ms]
[2022-07-09T13:31:07.827Z] > git for-each-ref --sort -committerdate --format %(refname) %(objectname) %(*objectname) [3ms]
[2022-07-09T13:31:07.854Z] > git config --get commit.template [0ms]
[2022-07-09T13:31:12.881Z] > git status -z -uall [21ms]
[2022-07-09T13:31:12.885Z] > git symbolic-ref --short HEAD [0ms]
[2022-07-09T13:31:12.889Z] > git for-each-ref --format=%(refname)%00%(upstream:short)%00%(objectname)%00%(upstream:track)%00%(upstream:remotename)%00%(upstream:remoteref) refs/heads/test_skills refs/remotes/test_skills [1ms]
[2022-07-09T13:31:12.895Z] > git remote --verbose [1ms]
[2022-07-09T13:31:12.895Z] > git for-each-ref --sort -committerdate --format %(refname) %(objectname) %(*objectname) [3ms]
[2022-07-09T13:31:12.917Z] > git config --get commit.template [0ms]
[2022-07-09T13:31:17.943Z] > git status -z -uall [20ms]
[2022-07-09T13:31:17.949Z] > git symbolic-ref --short HEAD [1ms]
[2022-07-09T13:31:17.953Z] > git for-each-ref --format=%(refname)%00%(upstream:short)%00%(objectname)%00%(upstream:track)%00%(upstream:remotename)%00%(upstream:remoteref) refs/heads/test_skills refs/remotes/test_skills [0ms]
[2022-07-09T13:31:17.960Z] > git remote --verbose [0ms]
[2022-07-09T13:31:17.960Z] > git for-each-ref --sort -committerdate --format %(refname) %(objectname) %(*objectname) [3ms]
[2022-07-09T13:31:17.983Z] > git config --get commit.template [0ms]
[2022-07-09T13:31:23.009Z] > git status -z -uall [20ms]
[2022-07-09T13:31:23.013Z] > git symbolic-ref --short HEAD [0ms]
[2022-07-09T13:31:23.017Z] > git for-each-ref --format=%(refname)%00%(upstream:short)%00%(objectname)%00%(upstream:track)%00%(upstream:remotename)%00%(upstream:remoteref) refs/heads/test_skills refs/remotes/test_skills [1ms]
[2022-07-09T13:31:23.022Z] > git remote --verbose [1ms]
[2022-07-09T13:31:23.022Z] > git for-each-ref --sort -committerdate --format %(refname) %(objectname) %(*objectname) [3ms]
[2022-07-09T13:31:23.045Z] > git config --get commit.template [1ms]
[2022-07-09T13:31:28.071Z] > git status -z -uall [21ms]
[2022-07-09T13:31:28.075Z] > git symbolic-ref --short HEAD [0ms]
[2022-07-09T13:31:28.079Z] > git for-each-ref --format=%(refname)%00%(upstream:short)%00%(objectname)%00%(upstream:track)%00%(upstream:remotename)%00%(upstream:remoteref) refs/heads/test_skills refs/remotes/test_skills [1ms]
[2022-07-09T13:31:28.084Z] > git remote --verbose [1ms]
[2022-07-09T13:31:28.084Z] > git for-each-ref --sort -committerdate --format %(refname) %(objectname) %(*objectname) [3ms]
[2022-07-09T13:31:28.108Z] > git config --get commit.template [2ms]
[2022-07-09T13:31:33.135Z] > git status -z -uall [21ms]
[2022-07-09T13:31:33.138Z] > git symbolic-ref --short HEAD [0ms]
[2022-07-09T13:31:33.142Z] > git for-each-ref --format=%(refname)%00%(upstream:short)%00%(objectname)%00%(upstream:track)%00%(upstream:remotename)%00%(upstream:remoteref) refs/heads/test_skills refs/remotes/test_skills [1ms]
[2022-07-09T13:31:33.147Z] > git for-each-ref --sort -committerdate --format %(refname) %(objectname) %(*objectname) [2ms]
[2022-07-09T13:31:33.148Z] > git remote --verbose [1ms]
[2022-07-09T13:31:33.171Z] > git config --get commit.template [1ms]
[2022-07-09T13:31:38.198Z] > git status -z -uall [20ms]
[2022-07-09T13:31:38.202Z] > git symbolic-ref --short HEAD [0ms]
[2022-07-09T13:31:38.206Z] > git for-each-ref --format=%(refname)%00%(upstream:short)%00%(objectname)%00%(upstream:track)%00%(upstream:remotename)%00%(upstream:remoteref) refs/heads/test_skills refs/remotes/test_skills [1ms]
[2022-07-09T13:31:38.212Z] > git remote --verbose [1ms]
[2022-07-09T13:31:38.212Z] > git for-each-ref --sort -committerdate --format %(refname) %(objectname) %(*objectname) [3ms]
[2022-07-09T13:31:38.234Z] > git config --get commit.template [1ms]
[2022-07-09T13:31:43.259Z] > git status -z -uall [21ms]
[2022-07-09T13:31:43.263Z] > git symbolic-ref --short HEAD [0ms]
[2022-07-09T13:31:43.267Z] > git for-each-ref --format=%(refname)%00%(upstream:short)%00%(objectname)%00%(upstream:track)%00%(upstream:remotename)%00%(upstream:remoteref) refs/heads/test_skills refs/remotes/test_skills [0ms]
[2022-07-09T13:31:43.274Z] > git remote --verbose [1ms]
[2022-07-09T13:31:43.274Z] > git for-each-ref --sort -committerdate --format %(refname) %(objectname) %(*objectname) [4ms]
[2022-07-09T13:31:43.295Z] > git config --get commit.template [1ms]
[2022-07-09T13:31:48.321Z] > git status -z -uall [21ms]
[2022-07-09T13:31:48.326Z] > git symbolic-ref --short HEAD [0ms]
[2022-07-09T13:31:48.330Z] > git for-each-ref --format=%(refname)%00%(upstream:short)%00%(objectname)%00%(upstream:track)%00%(upstream:remotename)%00%(upstream:remoteref) refs/heads/test_skills refs/remotes/test_skills [0ms]
[2022-07-09T13:31:48.338Z] > git remote --verbose [1ms]
[2022-07-09T13:31:48.338Z] > git for-each-ref --sort -committerdate --format %(refname) %(objectname) %(*objectname) [4ms]
[2022-07-09T13:31:48.406Z] > git config --get commit.template [13ms]
[2022-07-09T13:31:53.432Z] > git status -z -uall [21ms]
[2022-07-09T13:31:53.436Z] > git symbolic-ref --short HEAD [1ms]
[2022-07-09T13:31:53.440Z] > git for-each-ref --format=%(refname)%00%(upstream:short)%00%(objectname)%00%(upstream:track)%00%(upstream:remotename)%00%(upstream:remoteref) refs/heads/test_skills refs/remotes/test_skills [0ms]
[2022-07-09T13:31:53.445Z] > git remote --verbose [1ms]
[2022-07-09T13:31:53.445Z] > git for-each-ref --sort -committerdate --format %(refname) %(objectname) %(*objectname) [3ms]
[2022-07-09T13:31:53.467Z] > git config --get commit.template [1ms]
[2022-07-09T13:31:58.493Z] > git status -z -uall [20ms]
[2022-07-09T13:31:58.497Z] > git symbolic-ref --short HEAD [1ms]
[2022-07-09T13:31:58.500Z] > git for-each-ref --format=%(refname)%00%(upstream:short)%00%(objectname)%00%(upstream:track)%00%(upstream:remotename)%00%(upstream:remoteref) refs/heads/test_skills refs/remotes/test_skills [0ms]
[2022-07-09T13:31:58.505Z] > git remote --verbose [0ms]
[2022-07-09T13:31:58.505Z] > git for-each-ref --sort -committerdate --format %(refname) %(objectname) %(*objectname) [2ms]
[2022-07-09T13:31:58.528Z] > git config --get commit.template [0ms]
[2022-07-09T13:32:03.553Z] > git status -z -uall [20ms]
[2022-07-09T13:32:03.557Z] > git symbolic-ref --short HEAD [0ms]
[2022-07-09T13:32:03.561Z] > git for-each-ref --format=%(refname)%00%(upstream:short)%00%(objectname)%00%(upstream:track)%00%(upstream:remotename)%00%(upstream:remoteref) refs/heads/test_skills refs/remotes/test_skills [1ms]
[2022-07-09T13:32:03.566Z] > git remote --verbose [0ms]
[2022-07-09T13:32:03.566Z] > git for-each-ref --sort -committerdate --format %(refname) %(objectname) %(*objectname) [3ms]
[2022-07-09T13:32:03.589Z] > git config --get commit.template [2ms]
[2022-07-09T13:32:08.615Z] > git status -z -uall [20ms]
[2022-07-09T13:32:08.620Z] > git symbolic-ref --short HEAD [2ms]
[2022-07-09T13:32:08.623Z] > git for-each-ref --format=%(refname)%00%(upstream:short)%00%(objectname)%00%(upstream:track)%00%(upstream:remotename)%00%(upstream:remoteref) refs/heads/test_skills refs/remotes/test_skills [0ms]
[2022-07-09T13:32:08.628Z] > git remote --verbose [0ms]
[2022-07-09T13:32:08.628Z] > git for-each-ref --sort -committerdate --format %(refname) %(objectname) %(*objectname) [2ms]
[2022-07-09T13:32:08.651Z] > git config --get commit.template [1ms]
[2022-07-09T13:32:13.677Z] > git status -z -uall [22ms]
[2022-07-09T13:32:13.681Z] > git symbolic-ref --short HEAD [1ms]
[2022-07-09T13:32:13.684Z] > git for-each-ref --format=%(refname)%00%(upstream:short)%00%(objectname)%00%(upstream:track)%00%(upstream:remotename)%00%(upstream:remoteref) refs/heads/test_skills refs/remotes/test_skills [0ms]
[2022-07-09T13:32:13.690Z] > git remote --verbose [0ms]
[2022-07-09T13:32:13.690Z] > git for-each-ref --sort -committerdate --format %(refname) %(objectname) %(*objectname) [3ms]
[2022-07-09T13:32:13.712Z] > git config --get commit.template [2ms]
[2022-07-09T13:32:18.738Z] > git status -z -uall [22ms]
[2022-07-09T13:32:18.742Z] > git symbolic-ref --short HEAD [0ms]
[2022-07-09T13:32:18.746Z] > git for-each-ref --format=%(refname)%00%(upstream:short)%00%(objectname)%00%(upstream:track)%00%(upstream:remotename)%00%(upstream:remoteref) refs/heads/test_skills refs/remotes/test_skills [1ms]
[2022-07-09T13:32:18.751Z] > git for-each-ref --sort -committerdate --format %(refname) %(objectname) %(*objectname) [3ms]
[2022-07-09T13:32:18.751Z] > git remote --verbose [0ms]
[2022-07-09T13:32:18.774Z] > git config --get commit.template [1ms]
[2022-07-09T13:32:23.801Z] > git status -z -uall [22ms]
[2022-07-09T13:32:23.805Z] > git symbolic-ref --short HEAD [0ms]
[2022-07-09T13:32:23.809Z] > git for-each-ref --format=%(refname)%00%(upstream:short)%00%(objectname)%00%(upstream:track)%00%(upstream:remotename)%00%(upstream:remoteref) refs/heads/test_skills refs/remotes/test_skills [1ms]
[2022-07-09T13:32:23.815Z] > git remote --verbose [1ms]
[2022-07-09T13:32:23.815Z] > git for-each-ref --sort -committerdate --format %(refname) %(objectname) %(*objectname) [3ms]
[2022-07-09T13:32:23.837Z] > git config --get commit.template [2ms]
[2022-07-09T13:32:28.866Z] > git status -z -uall [23ms]
[2022-07-09T13:32:28.870Z] > git symbolic-ref --short HEAD [0ms]
[2022-07-09T13:32:28.874Z] > git for-each-ref --format=%(refname)%00%(upstream:short)%00%(objectname)%00%(upstream:track)%00%(upstream:remotename)%00%(upstream:remoteref) refs/heads/test_skills refs/remotes/test_skills [1ms]
[2022-07-09T13:32:28.880Z] > git remote --verbose [1ms]
[2022-07-09T13:32:28.880Z] > git for-each-ref --sort -committerdate --format %(refname) %(objectname) %(*objectname) [4ms]
[2022-07-09T13:32:28.950Z] > git config --get commit.template [5ms]
[2022-07-09T13:32:33.978Z] > git status -z -uall [23ms]
[2022-07-09T13:32:33.982Z] > git symbolic-ref --short HEAD [0ms]
[2022-07-09T13:32:33.986Z] > git for-each-ref --format=%(refname)%00%(upstream:short)%00%(objectname)%00%(upstream:track)%00%(upstream:remotename)%00%(upstream:remoteref) refs/heads/test_skills refs/remotes/test_skills [1ms]
[2022-07-09T13:32:33.993Z] > git remote --verbose [1ms]
[2022-07-09T13:32:33.993Z] > git for-each-ref --sort -committerdate --format %(refname) %(objectname) %(*objectname) [3ms]
[2022-07-09T13:32:34.015Z] > git config --get commit.template [0ms]
[2022-07-09T13:32:39.043Z] > git status -z -uall [23ms]
[2022-07-09T13:32:39.047Z] > git symbolic-ref --short HEAD [0ms]
[2022-07-09T13:32:39.051Z] > git for-each-ref --format=%(refname)%00%(upstream:short)%00%(objectname)%00%(upstream:track)%00%(upstream:remotename)%00%(upstream:remoteref) refs/heads/test_skills refs/remotes/test_skills [1ms]
[2022-07-09T13:32:39.057Z] > git remote --verbose [1ms]
[2022-07-09T13:32:39.057Z] > git for-each-ref --sort -committerdate --format %(refname) %(objectname) %(*objectname) [3ms]
[2022-07-09T13:32:39.079Z] > git config --get commit.template [3ms]
[2022-07-09T13:32:44.106Z] > git status -z -uall [23ms]
[2022-07-09T13:32:44.110Z] > git symbolic-ref --short HEAD [1ms]
[2022-07-09T13:32:44.113Z] > git for-each-ref --format=%(refname)%00%(upstream:short)%00%(objectname)%00%(upstream:track)%00%(upstream:remotename)%00%(upstream:remoteref) refs/heads/test_skills refs/remotes/test_skills [0ms]
[2022-07-09T13:32:44.119Z] > git remote --verbose [1ms]
[2022-07-09T13:32:44.119Z] > git for-each-ref --sort -committerdate --format %(refname) %(objectname) %(*objectname) [3ms]
[2022-07-09T13:32:44.140Z] > git config --get commit.template [0ms]
[2022-07-09T13:32:49.169Z] > git status -z -uall [22ms]
[2022-07-09T13:32:49.173Z] > git symbolic-ref --short HEAD [0ms]
[2022-07-09T13:32:49.177Z] > git for-each-ref --format=%(refname)%00%(upstream:short)%00%(objectname)%00%(upstream:track)%00%(upstream:remotename)%00%(upstream:remoteref) refs/heads/test_skills refs/remotes/test_skills [1ms]
[2022-07-09T13:32:49.183Z] > git remote --verbose [1ms]
[2022-07-09T13:32:49.183Z] > git for-each-ref --sort -committerdate --format %(refname) %(objectname) %(*objectname) [3ms]
[2022-07-09T13:32:49.205Z] > git config --get commit.template [0ms]
[2022-07-09T13:32:54.233Z] > git status -z -uall [22ms]
[2022-07-09T13:32:54.237Z] > git symbolic-ref --short HEAD [1ms]
[2022-07-09T13:32:54.241Z] > git for-each-ref --format=%(refname)%00%(upstream:short)%00%(objectname)%00%(upstream:track)%00%(upstream:remotename)%00%(upstream:remoteref) refs/heads/test_skills refs/remotes/test_skills [1ms]
[2022-07-09T13:32:54.247Z] > git remote --verbose [1ms]
[2022-07-09T13:32:54.247Z] > git for-each-ref --sort -committerdate --format %(refname) %(objectname) %(*objectname) [3ms]
[2022-07-09T13:32:54.268Z] > git config --get commit.template [1ms]
[2022-07-09T13:32:59.297Z] > git status -z -uall [23ms]
[2022-07-09T13:32:59.300Z] > git symbolic-ref --short HEAD [0ms]
[2022-07-09T13:32:59.304Z] > git for-each-ref --format=%(refname)%00%(upstream:short)%00%(objectname)%00%(upstream:track)%00%(upstream:remotename)%00%(upstream:remoteref) refs/heads/test_skills refs/remotes/test_skills [1ms]
[2022-07-09T13:32:59.309Z] > git remote --verbose [0ms]
[2022-07-09T13:32:59.309Z] > git for-each-ref --sort -committerdate --format %(refname) %(objectname) %(*objectname) [3ms]
[2022-07-09T13:32:59.331Z] > git config --get commit.template [1ms]
[2022-07-09T13:33:04.358Z] > git status -z -uall [22ms]
[2022-07-09T13:33:04.362Z] > git symbolic-ref --short HEAD [0ms]
[2022-07-09T13:33:04.365Z] > git for-each-ref --format=%(refname)%00%(upstream:short)%00%(objectname)%00%(upstream:track)%00%(upstream:remotename)%00%(upstream:remoteref) refs/heads/test_skills refs/remotes/test_skills [0ms]
[2022-07-09T13:33:04.371Z] > git remote --verbose [1ms]
[2022-07-09T13:33:04.371Z] > git for-each-ref --sort -committerdate --format %(refname) %(objectname) %(*objectname) [3ms]
[2022-07-09T13:33:04.393Z] > git config --get commit.template [2ms]
[2022-07-09T13:33:09.422Z] > git status -z -uall [23ms]
[2022-07-09T13:33:09.426Z] > git symbolic-ref --short HEAD [1ms]
[2022-07-09T13:33:09.429Z] > git for-each-ref --format=%(refname)%00%(upstream:short)%00%(objectname)%00%(upstream:track)%00%(upstream:remotename)%00%(upstream:remoteref) refs/heads/test_skills refs/remotes/test_skills [0ms]
[2022-07-09T13:33:09.435Z] > git remote --verbose [1ms]
[2022-07-09T13:33:09.435Z] > git for-each-ref --sort -committerdate --format %(refname) %(objectname) %(*objectname) [3ms]
[2022-07-09T13:33:09.457Z] > git config --get commit.template [0ms]
[2022-07-09T13:33:14.486Z] > git status -z -uall [23ms]
[2022-07-09T13:33:14.489Z] > git symbolic-ref --short HEAD [0ms]
[2022-07-09T13:33:14.493Z] > git for-each-ref --format=%(refname)%00%(upstream:short)%00%(objectname)%00%(upstream:track)%00%(upstream:remotename)%00%(upstream:remoteref) refs/heads/test_skills refs/remotes/test_skills [1ms]
[2022-07-09T13:33:14.499Z] > git remote --verbose [1ms]
[2022-07-09T13:33:14.499Z] > git for-each-ref --sort -committerdate --format %(refname) %(objectname) %(*objectname) [3ms]
[2022-07-09T13:33:14.521Z] > git config --get commit.template [2ms]
[2022-07-09T13:33:19.550Z] > git status -z -uall [23ms]
[2022-07-09T13:33:19.554Z] > git symbolic-ref --short HEAD [0ms]
[2022-07-09T13:33:19.558Z] > git for-each-ref --format=%(refname)%00%(upstream:short)%00%(objectname)%00%(upstream:track)%00%(upstream:remotename)%00%(upstream:remoteref) refs/heads/test_skills refs/remotes/test_skills [1ms]
[2022-07-09T13:33:19.563Z] > git remote --verbose [0ms]
[2022-07-09T13:33:19.564Z] > git for-each-ref --sort -committerdate --format %(refname) %(objectname) %(*objectname) [3ms]
[2022-07-09T13:33:19.586Z] > git config --get commit.template [1ms]
[2022-07-09T13:33:24.613Z] > git status -z -uall [21ms]
[2022-07-09T13:33:24.618Z] > git symbolic-ref --short HEAD [1ms]
[2022-07-09T13:33:24.622Z] > git for-each-ref --format=%(refname)%00%(upstream:short)%00%(objectname)%00%(upstream:track)%00%(upstream:remotename)%00%(upstream:remoteref) refs/heads/test_skills refs/remotes/test_skills [1ms]
[2022-07-09T13:33:24.629Z] > git remote --verbose [1ms]
[2022-07-09T13:33:24.629Z] > git for-each-ref --sort -committerdate --format %(refname) %(objectname) %(*objectname) [4ms]
[2022-07-09T13:33:24.653Z] > git config --get commit.template [3ms]
[2022-07-09T13:33:29.681Z] > git status -z -uall [23ms]
[2022-07-09T13:33:29.685Z] > git symbolic-ref --short HEAD [1ms]
[2022-07-09T13:33:29.688Z] > git for-each-ref --format=%(refname)%00%(upstream:short)%00%(objectname)%00%(upstream:track)%00%(upstream:remotename)%00%(upstream:remoteref) refs/heads/test_skills refs/remotes/test_skills [1ms]
[2022-07-09T13:33:29.695Z] > git remote --verbose [2ms]
[2022-07-09T13:33:29.695Z] > git for-each-ref --sort -committerdate --format %(refname) %(objectname) %(*objectname) [5ms]
[2022-07-09T13:33:29.718Z] > git config --get commit.template [1ms]
[2022-07-09T13:33:34.745Z] > git status -z -uall [23ms]
[2022-07-09T13:33:34.749Z] > git symbolic-ref --short HEAD [1ms]
[2022-07-09T13:33:34.752Z] > git for-each-ref --format=%(refname)%00%(upstream:short)%00%(objectname)%00%(upstream:track)%00%(upstream:remotename)%00%(upstream:remoteref) refs/heads/test_skills refs/remotes/test_skills [0ms]
[2022-07-09T13:33:34.758Z] > git remote --verbose [1ms]
[2022-07-09T13:33:34.758Z] > git for-each-ref --sort -committerdate --format %(refname) %(objectname) %(*objectname) [3ms]
[2022-07-09T13:33:34.780Z] > git config --get commit.template [3ms]
[2022-07-09T13:33:39.809Z] > git status -z -uall [24ms]
[2022-07-09T13:33:39.813Z] > git symbolic-ref --short HEAD [1ms]
[2022-07-09T13:33:39.817Z] > git for-each-ref --format=%(refname)%00%(upstream:short)%00%(objectname)%00%(upstream:track)%00%(upstream:remotename)%00%(upstream:remoteref) refs/heads/test_skills refs/remotes/test_skills [1ms]
[2022-07-09T13:33:39.824Z] > git remote --verbose [1ms]
[2022-07-09T13:33:39.824Z] > git for-each-ref --sort -committerdate --format %(refname) %(objectname) %(*objectname) [4ms]
[2022-07-09T13:33:39.848Z] > git config --get commit.template [1ms]
[2022-07-09T13:33:44.875Z] > git status -z -uall [23ms]
[2022-07-09T13:33:44.879Z] > git symbolic-ref --short HEAD [0ms]
[2022-07-09T13:33:44.883Z] > git for-each-ref --format=%(refname)%00%(upstream:short)%00%(objectname)%00%(upstream:track)%00%(upstream:remotename)%00%(upstream:remoteref) refs/heads/test_skills refs/remotes/test_skills [0ms]
[2022-07-09T13:33:44.888Z] > git remote --verbose [0ms]
[2022-07-09T13:33:44.888Z] > git for-each-ref --sort -committerdate --format %(refname) %(objectname) %(*objectname) [3ms]
[2022-07-09T13:33:44.911Z] > git config --get commit.template [0ms]
[2022-07-09T13:33:49.939Z] > git status -z -uall [23ms]
[2022-07-09T13:33:49.943Z] > git symbolic-ref --short HEAD [1ms]
[2022-07-09T13:33:49.946Z] > git for-each-ref --format=%(refname)%00%(upstream:short)%00%(objectname)%00%(upstream:track)%00%(upstream:remotename)%00%(upstream:remoteref) refs/heads/test_skills refs/remotes/test_skills [1ms]
[2022-07-09T13:33:49.951Z] > git remote --verbose [0ms]
[2022-07-09T13:33:49.951Z] > git for-each-ref --sort -committerdate --format %(refname) %(objectname) %(*objectname) [2ms]
[2022-07-09T13:33:49.974Z] > git config --get commit.template [2ms]
[2022-07-09T13:33:55.003Z] > git status -z -uall [23ms]
[2022-07-09T13:33:55.007Z] > git symbolic-ref --short HEAD [1ms]
[2022-07-09T13:33:55.010Z] > git for-each-ref --format=%(refname)%00%(upstream:short)%00%(objectname)%00%(upstream:track)%00%(upstream:remotename)%00%(upstream:remoteref) refs/heads/test_skills refs/remotes/test_skills [0ms]
[2022-07-09T13:33:55.016Z] > git remote --verbose [0ms]
[2022-07-09T13:33:55.016Z] > git for-each-ref --sort -committerdate --format %(refname) %(objectname) %(*objectname) [3ms]
[2022-07-09T13:33:55.039Z] > git config --get commit.template [0ms]
[2022-07-09T13:34:00.067Z] > git status -z -uall [22ms]
[2022-07-09T13:34:00.071Z] > git symbolic-ref --short HEAD [0ms]
[2022-07-09T13:34:00.075Z] > git for-each-ref --format=%(refname)%00%(upstream:short)%00%(objectname)%00%(upstream:track)%00%(upstream:remotename)%00%(upstream:remoteref) refs/heads/test_skills refs/remotes/test_skills [1ms]
[2022-07-09T13:34:00.082Z] > git remote --verbose [0ms]
[2022-07-09T13:34:00.082Z] > git for-each-ref --sort -committerdate --format %(refname) %(objectname) %(*objectname) [3ms]
[2022-07-09T13:34:00.103Z] > git config --get commit.template [0ms]
[2022-07-09T13:34:05.132Z] > git status -z -uall [23ms]
[2022-07-09T13:34:05.138Z] > git symbolic-ref --short HEAD [2ms]
[2022-07-09T13:34:05.144Z] > git for-each-ref --format=%(refname)%00%(upstream:short)%00%(objectname)%00%(upstream:track)%00%(upstream:remotename)%00%(upstream:remoteref) refs/heads/test_skills refs/remotes/test_skills [2ms]
[2022-07-09T13:34:05.151Z] > git remote --verbose [1ms]
[2022-07-09T13:34:05.151Z] > git for-each-ref --sort -committerdate --format %(refname) %(objectname) %(*objectname) [3ms]
[2022-07-09T13:34:05.214Z] > git config --get commit.template [14ms]
[2022-07-09T13:34:10.242Z] > git status -z -uall [23ms]
[2022-07-09T13:34:10.246Z] > git symbolic-ref --short HEAD [0ms]
[2022-07-09T13:34:10.250Z] > git for-each-ref --format=%(refname)%00%(upstream:short)%00%(objectname)%00%(upstream:track)%00%(upstream:remotename)%00%(upstream:remoteref) refs/heads/test_skills refs/remotes/test_skills [0ms]
[2022-07-09T13:34:10.256Z] > git remote --verbose [1ms]
[2022-07-09T13:34:10.256Z] > git for-each-ref --sort -committerdate --format %(refname) %(objectname) %(*objectname) [3ms]
[2022-07-09T13:34:10.277Z] > git config --get commit.template [0ms]
[2022-07-09T13:34:15.305Z] > git status -z -uall [22ms]
[2022-07-09T13:34:15.309Z] > git symbolic-ref --short HEAD [1ms]
[2022-07-09T13:34:15.312Z] > git for-each-ref --format=%(refname)%00%(upstream:short)%00%(objectname)%00%(upstream:track)%00%(upstream:remotename)%00%(upstream:remoteref) refs/heads/test_skills refs/remotes/test_skills [0ms]
[2022-07-09T13:34:15.318Z] > git remote --verbose [0ms]
[2022-07-09T13:34:15.318Z] > git for-each-ref --sort -committerdate --format %(refname) %(objectname) %(*objectname) [3ms]
[2022-07-09T13:34:15.342Z] > git config --get commit.template [3ms]
[2022-07-09T13:34:20.372Z] > git status -z -uall [24ms]
[2022-07-09T13:34:20.376Z] > git symbolic-ref --short HEAD [1ms]
[2022-07-09T13:34:20.380Z] > git for-each-ref --format=%(refname)%00%(upstream:short)%00%(objectname)%00%(upstream:track)%00%(upstream:remotename)%00%(upstream:remoteref) refs/heads/test_skills refs/remotes/test_skills [1ms]
[2022-07-09T13:34:20.386Z] > git remote --verbose [1ms]
[2022-07-09T13:34:20.386Z] > git for-each-ref --sort -committerdate --format %(refname) %(objectname) %(*objectname) [3ms]
[2022-07-09T13:34:20.436Z] > git config --get commit.template [0ms]
[2022-07-09T13:34:25.465Z] > git status -z -uall [23ms]
[2022-07-09T13:34:25.469Z] > git symbolic-ref --short HEAD [0ms]
[2022-07-09T13:34:25.472Z] > git for-each-ref --format=%(refname)%00%(upstream:short)%00%(objectname)%00%(upstream:track)%00%(upstream:remotename)%00%(upstream:remoteref) refs/heads/test_skills refs/remotes/test_skills [1ms]
[2022-07-09T13:34:25.478Z] > git remote --verbose [1ms]
[2022-07-09T13:34:25.478Z] > git for-each-ref --sort -committerdate --format %(refname) %(objectname) %(*objectname) [3ms]
[2022-07-09T13:34:25.499Z] > git config --get commit.template [0ms]
[2022-07-09T13:34:30.526Z] > git status -z -uall [22ms]
[2022-07-09T13:34:30.530Z] > git symbolic-ref --short HEAD [0ms]
[2022-07-09T13:34:30.534Z] > git for-each-ref --format=%(refname)%00%(upstream:short)%00%(objectname)%00%(upstream:track)%00%(upstream:remotename)%00%(upstream:remoteref) refs/heads/test_skills refs/remotes/test_skills [1ms]
[2022-07-09T13:34:30.539Z] > git remote --verbose [0ms]
[2022-07-09T13:34:30.539Z] > git for-each-ref --sort -committerdate --format %(refname) %(objectname) %(*objectname) [3ms]
[2022-07-09T13:34:30.561Z] > git config --get commit.template [2ms]
[2022-07-09T13:34:35.590Z] > git status -z -uall [24ms]
[2022-07-09T13:34:35.594Z] > git symbolic-ref --short HEAD [0ms]
[2022-07-09T13:34:35.598Z] > git for-each-ref --format=%(refname)%00%(upstream:short)%00%(objectname)%00%(upstream:track)%00%(upstream:remotename)%00%(upstream:remoteref) refs/heads/test_skills refs/remotes/test_skills [1ms]
[2022-07-09T13:34:35.603Z] > git remote --verbose [0ms]
[2022-07-09T13:34:35.604Z] > git for-each-ref --sort -committerdate --format %(refname) %(objectname) %(*objectname) [4ms]
[2022-07-09T13:34:35.626Z] > git config --get commit.template [1ms]
[2022-07-09T13:34:40.654Z] > git status -z -uall [22ms]
[2022-07-09T13:34:40.660Z] > git symbolic-ref --short HEAD [1ms]
[2022-07-09T13:34:40.664Z] > git for-each-ref --format=%(refname)%00%(upstream:short)%00%(objectname)%00%(upstream:track)%00%(upstream:remotename)%00%(upstream:remoteref) refs/heads/test_skills refs/remotes/test_skills [0ms]
[2022-07-09T13:34:40.672Z] > git remote --verbose [0ms]
[2022-07-09T13:34:40.673Z] > git for-each-ref --sort -committerdate --format %(refname) %(objectname) %(*objectname) [5ms]
[2022-07-09T13:34:40.697Z] > git config --get commit.template [0ms]
[2022-07-09T13:34:45.726Z] > git status -z -uall [23ms]
[2022-07-09T13:34:45.730Z] > git symbolic-ref --short HEAD [0ms]
[2022-07-09T13:34:45.734Z] > git for-each-ref --format=%(refname)%00%(upstream:short)%00%(objectname)%00%(upstream:track)%00%(upstream:remotename)%00%(upstream:remoteref) refs/heads/test_skills refs/remotes/test_skills [0ms]
[2022-07-09T13:34:45.740Z] > git remote --verbose [0ms]
[2022-07-09T13:34:45.740Z] > git for-each-ref --sort -committerdate --format %(refname) %(objectname) %(*objectname) [3ms]
[2022-07-09T13:34:45.763Z] > git config --get commit.template [2ms]
[2022-07-09T13:34:50.792Z] > git status -z -uall [24ms]
[2022-07-09T13:34:50.796Z] > git symbolic-ref --short HEAD [1ms]
[2022-07-09T13:34:50.800Z] > git for-each-ref --format=%(refname)%00%(upstream:short)%00%(objectname)%00%(upstream:track)%00%(upstream:remotename)%00%(upstream:remoteref) refs/heads/test_skills refs/remotes/test_skills [1ms]
[2022-07-09T13:34:50.806Z] > git remote --verbose [0ms]
[2022-07-09T13:34:50.806Z] > git for-each-ref --sort -committerdate --format %(refname) %(objectname) %(*objectname) [3ms]
[2022-07-09T13:34:50.829Z] > git config --get commit.template [0ms]
