[2022-07-03T00:08:05.099Z] Log level: Info
[2022-07-03T00:08:05.101Z] [info] Validating found git in: git
[2022-07-03T00:08:05.124Z] [info] Using git 2.25.1 from git
[2022-07-03T00:08:05.159Z] > git rev-parse --show-toplevel [25ms]
[2022-07-03T00:08:05.167Z] > git rev-parse --git-dir --git-common-dir [4ms]
[2022-07-03T00:08:05.172Z] [info] Open repository: /home/htmhqi
[2022-07-03T00:08:05.233Z] > git status -z -uall [57ms]
[2022-07-03T00:08:05.236Z] > git symbolic-ref --short HEAD [1ms]
[2022-07-03T00:08:05.241Z] > git for-each-ref --format=%(refname)%00%(upstream:short)%00%(objectname)%00%(upstream:track)%00%(upstream:remotename)%00%(upstream:remoteref) refs/heads/test_skills refs/remotes/test_skills [2ms]
[2022-07-03T00:08:05.248Z] > git remote --verbose [1ms]
[2022-07-03T00:08:05.248Z] > git for-each-ref --sort -committerdate --format %(refname) %(objectname) %(*objectname) [4ms]
[2022-07-03T00:08:05.254Z] > git config --get commit.template [1ms]
[2022-07-03T00:08:06.999Z] > git status -z -uall [19ms]
[2022-07-03T00:08:07.002Z] > git symbolic-ref --short HEAD [1ms]
[2022-07-03T00:08:07.006Z] > git for-each-ref --format=%(refname)%00%(upstream:short)%00%(objectname)%00%(upstream:track)%00%(upstream:remotename)%00%(upstream:remoteref) refs/heads/test_skills refs/remotes/test_skills [1ms]
[2022-07-03T00:08:07.011Z] > git remote --verbose [0ms]
[2022-07-03T00:08:07.012Z] > git for-each-ref --sort -committerdate --format %(refname) %(objectname) %(*objectname) [3ms]
[2022-07-03T00:08:07.016Z] > git config --get commit.template [1ms]
[2022-07-03T00:08:10.966Z] > git check-ignore -v -z --stdin [2ms]
[2022-07-03T00:08:12.036Z] > git status -z -uall [17ms]
[2022-07-03T00:08:12.039Z] > git symbolic-ref --short HEAD [1ms]
[2022-07-03T00:08:12.041Z] > git for-each-ref --format=%(refname)%00%(upstream:short)%00%(objectname)%00%(upstream:track)%00%(upstream:remotename)%00%(upstream:remoteref) refs/heads/test_skills refs/remotes/test_skills [0ms]
[2022-07-03T00:08:12.045Z] > git remote --verbose [0ms]
[2022-07-03T00:08:12.046Z] > git for-each-ref --sort -committerdate --format %(refname) %(objectname) %(*objectname) [3ms]
[2022-07-03T00:08:12.051Z] > git config --get commit.template [2ms]
[2022-07-03T00:08:14.479Z] > git show --textconv :scripts/test.py [296ms]
[2022-07-03T00:08:14.586Z] > git ls-files --stage -- /home/htmhqi/scripts/test.py [401ms]
[2022-07-03T00:08:14.601Z] > git cat-file -s 16d09fac193fdf168b6cb93bc878e287c222eb89 [10ms]
[2022-07-03T00:08:17.073Z] > git status -z -uall [17ms]
[2022-07-03T00:08:17.078Z] > git symbolic-ref --short HEAD [1ms]
[2022-07-03T00:08:17.082Z] > git for-each-ref --format=%(refname)%00%(upstream:short)%00%(objectname)%00%(upstream:track)%00%(upstream:remotename)%00%(upstream:remoteref) refs/heads/test_skills refs/remotes/test_skills [0ms]
[2022-07-03T00:08:17.090Z] > git remote --verbose [1ms]
[2022-07-03T00:08:17.090Z] > git for-each-ref --sort -committerdate --format %(refname) %(objectname) %(*objectname) [4ms]
[2022-07-03T00:08:17.096Z] > git config --get commit.template [0ms]
[2022-07-03T00:08:22.117Z] > git status -z -uall [16ms]
[2022-07-03T00:08:22.121Z] > git symbolic-ref --short HEAD [0ms]
[2022-07-03T00:08:22.126Z] > git for-each-ref --format=%(refname)%00%(upstream:short)%00%(objectname)%00%(upstream:track)%00%(upstream:remotename)%00%(upstream:remoteref) refs/heads/test_skills refs/remotes/test_skills [1ms]
[2022-07-03T00:08:22.133Z] > git remote --verbose [1ms]
[2022-07-03T00:08:22.133Z] > git for-each-ref --sort -committerdate --format %(refname) %(objectname) %(*objectname) [4ms]
[2022-07-03T00:08:22.139Z] > git config --get commit.template [1ms]
[2022-07-03T00:08:27.160Z] > git status -z -uall [17ms]
[2022-07-03T00:08:27.164Z] > git symbolic-ref --short HEAD [0ms]
[2022-07-03T00:08:27.168Z] > git for-each-ref --format=%(refname)%00%(upstream:short)%00%(objectname)%00%(upstream:track)%00%(upstream:remotename)%00%(upstream:remoteref) refs/heads/test_skills refs/remotes/test_skills [0ms]
[2022-07-03T00:08:27.174Z] > git remote --verbose [0ms]
[2022-07-03T00:08:27.174Z] > git for-each-ref --sort -committerdate --format %(refname) %(objectname) %(*objectname) [3ms]
[2022-07-03T00:08:27.180Z] > git config --get commit.template [1ms]
[2022-07-03T00:08:32.200Z] > git status -z -uall [16ms]
[2022-07-03T00:08:32.203Z] > git symbolic-ref --short HEAD [1ms]
[2022-07-03T00:08:32.205Z] > git for-each-ref --format=%(refname)%00%(upstream:short)%00%(objectname)%00%(upstream:track)%00%(upstream:remotename)%00%(upstream:remoteref) refs/heads/test_skills refs/remotes/test_skills [0ms]
[2022-07-03T00:08:32.210Z] > git remote --verbose [1ms]
[2022-07-03T00:08:32.210Z] > git for-each-ref --sort -committerdate --format %(refname) %(objectname) %(*objectname) [3ms]
[2022-07-03T00:08:32.213Z] > git config --get commit.template [1ms]
[2022-07-03T00:08:37.235Z] > git status -z -uall [17ms]
[2022-07-03T00:08:37.237Z] > git symbolic-ref --short HEAD [0ms]
[2022-07-03T00:08:37.240Z] > git for-each-ref --format=%(refname)%00%(upstream:short)%00%(objectname)%00%(upstream:track)%00%(upstream:remotename)%00%(upstream:remoteref) refs/heads/test_skills refs/remotes/test_skills [0ms]
[2022-07-03T00:08:37.244Z] > git for-each-ref --sort -committerdate --format %(refname) %(objectname) %(*objectname) [2ms]
[2022-07-03T00:08:37.245Z] > git remote --verbose [1ms]
[2022-07-03T00:08:37.248Z] > git config --get commit.template [1ms]
[2022-07-03T00:08:42.268Z] > git status -z -uall [16ms]
[2022-07-03T00:08:42.272Z] > git symbolic-ref --short HEAD [1ms]
[2022-07-03T00:08:42.275Z] > git for-each-ref --format=%(refname)%00%(upstream:short)%00%(objectname)%00%(upstream:track)%00%(upstream:remotename)%00%(upstream:remoteref) refs/heads/test_skills refs/remotes/test_skills [1ms]
[2022-07-03T00:08:42.280Z] > git remote --verbose [1ms]
[2022-07-03T00:08:42.280Z] > git for-each-ref --sort -committerdate --format %(refname) %(objectname) %(*objectname) [3ms]
[2022-07-03T00:08:42.284Z] > git config --get commit.template [1ms]
[2022-07-03T00:08:47.303Z] > git status -z -uall [16ms]
[2022-07-03T00:08:47.307Z] > git symbolic-ref --short HEAD [1ms]
[2022-07-03T00:08:47.310Z] > git for-each-ref --format=%(refname)%00%(upstream:short)%00%(objectname)%00%(upstream:track)%00%(upstream:remotename)%00%(upstream:remoteref) refs/heads/test_skills refs/remotes/test_skills [0ms]
[2022-07-03T00:08:47.315Z] > git remote --verbose [0ms]
[2022-07-03T00:08:47.316Z] > git for-each-ref --sort -committerdate --format %(refname) %(objectname) %(*objectname) [3ms]
[2022-07-03T00:08:47.321Z] > git config --get commit.template [1ms]
[2022-07-03T00:09:42.912Z] > git status -z -uall [23ms]
[2022-07-03T00:09:42.918Z] > git symbolic-ref --short HEAD [1ms]
[2022-07-03T00:09:42.921Z] > git for-each-ref --format=%(refname)%00%(upstream:short)%00%(objectname)%00%(upstream:track)%00%(upstream:remotename)%00%(upstream:remoteref) refs/heads/test_skills refs/remotes/test_skills [0ms]
[2022-07-03T00:09:42.927Z] > git remote --verbose [0ms]
[2022-07-03T00:09:42.928Z] > git for-each-ref --sort -committerdate --format %(refname) %(objectname) %(*objectname) [4ms]
[2022-07-03T00:09:42.932Z] > git config --get commit.template [1ms]
[2022-07-03T00:09:47.953Z] > git status -z -uall [17ms]
[2022-07-03T00:09:47.956Z] > git symbolic-ref --short HEAD [1ms]
[2022-07-03T00:09:47.958Z] > git for-each-ref --format=%(refname)%00%(upstream:short)%00%(objectname)%00%(upstream:track)%00%(upstream:remotename)%00%(upstream:remoteref) refs/heads/test_skills refs/remotes/test_skills [0ms]
[2022-07-03T00:09:47.962Z] > git for-each-ref --sort -committerdate --format %(refname) %(objectname) %(*objectname) [2ms]
[2022-07-03T00:09:47.962Z] > git remote --verbose [0ms]
[2022-07-03T00:09:47.966Z] > git config --get commit.template [0ms]
[2022-07-03T01:31:27.579Z] > git status -z -uall [16ms]
[2022-07-03T01:31:27.583Z] > git symbolic-ref --short HEAD [1ms]
[2022-07-03T01:31:27.586Z] > git for-each-ref --format=%(refname)%00%(upstream:short)%00%(objectname)%00%(upstream:track)%00%(upstream:remotename)%00%(upstream:remoteref) refs/heads/test_skills refs/remotes/test_skills [1ms]
[2022-07-03T01:31:27.593Z] > git remote --verbose [1ms]
[2022-07-03T01:31:27.593Z] > git for-each-ref --sort -committerdate --format %(refname) %(objectname) %(*objectname) [4ms]
[2022-07-03T01:31:27.599Z] > git config --get commit.template [1ms]
[2022-07-03T01:31:32.619Z] > git status -z -uall [17ms]
[2022-07-03T01:31:32.622Z] > git symbolic-ref --short HEAD [0ms]
[2022-07-03T01:31:32.625Z] > git for-each-ref --format=%(refname)%00%(upstream:short)%00%(objectname)%00%(upstream:track)%00%(upstream:remotename)%00%(upstream:remoteref) refs/heads/test_skills refs/remotes/test_skills [0ms]
[2022-07-03T01:31:32.630Z] > git remote --verbose [0ms]
[2022-07-03T01:31:32.630Z] > git for-each-ref --sort -committerdate --format %(refname) %(objectname) %(*objectname) [3ms]
[2022-07-03T01:31:32.633Z] > git config --get commit.template [0ms]
[2022-07-03T01:31:37.653Z] > git status -z -uall [16ms]
[2022-07-03T01:31:37.656Z] > git symbolic-ref --short HEAD [1ms]
[2022-07-03T01:31:37.658Z] > git for-each-ref --format=%(refname)%00%(upstream:short)%00%(objectname)%00%(upstream:track)%00%(upstream:remotename)%00%(upstream:remoteref) refs/heads/test_skills refs/remotes/test_skills [0ms]
[2022-07-03T01:31:37.662Z] > git for-each-ref --sort -committerdate --format %(refname) %(objectname) %(*objectname) [2ms]
[2022-07-03T01:31:37.663Z] > git remote --verbose [1ms]
[2022-07-03T01:31:37.666Z] > git config --get commit.template [0ms]
[2022-07-03T01:31:42.688Z] > git status -z -uall [17ms]
[2022-07-03T01:31:42.691Z] > git symbolic-ref --short HEAD [1ms]
[2022-07-03T01:31:42.693Z] > git for-each-ref --format=%(refname)%00%(upstream:short)%00%(objectname)%00%(upstream:track)%00%(upstream:remotename)%00%(upstream:remoteref) refs/heads/test_skills refs/remotes/test_skills [0ms]
[2022-07-03T01:31:42.698Z] > git for-each-ref --sort -committerdate --format %(refname) %(objectname) %(*objectname) [3ms]
[2022-07-03T01:31:42.698Z] > git remote --verbose [1ms]
[2022-07-03T01:31:42.702Z] > git config --get commit.template [1ms]
[2022-07-03T01:31:47.722Z] > git status -z -uall [16ms]
[2022-07-03T01:31:47.725Z] > git symbolic-ref --short HEAD [1ms]
[2022-07-03T01:31:47.727Z] > git for-each-ref --format=%(refname)%00%(upstream:short)%00%(objectname)%00%(upstream:track)%00%(upstream:remotename)%00%(upstream:remoteref) refs/heads/test_skills refs/remotes/test_skills [0ms]
[2022-07-03T01:31:47.731Z] > git remote --verbose [0ms]
[2022-07-03T01:31:47.731Z] > git for-each-ref --sort -committerdate --format %(refname) %(objectname) %(*objectname) [2ms]
[2022-07-03T01:31:47.735Z] > git config --get commit.template [0ms]
[2022-07-03T01:31:52.756Z] > git status -z -uall [17ms]
[2022-07-03T01:31:52.760Z] > git symbolic-ref --short HEAD [0ms]
[2022-07-03T01:31:52.763Z] > git for-each-ref --format=%(refname)%00%(upstream:short)%00%(objectname)%00%(upstream:track)%00%(upstream:remotename)%00%(upstream:remoteref) refs/heads/test_skills refs/remotes/test_skills [1ms]
[2022-07-03T01:31:52.767Z] > git for-each-ref --sort -committerdate --format %(refname) %(objectname) %(*objectname) [2ms]
[2022-07-03T01:31:52.768Z] > git remote --verbose [1ms]
[2022-07-03T01:31:52.771Z] > git config --get commit.template [0ms]
[2022-07-03T01:31:57.792Z] > git status -z -uall [16ms]
[2022-07-03T01:31:57.795Z] > git symbolic-ref --short HEAD [0ms]
[2022-07-03T01:31:57.798Z] > git for-each-ref --format=%(refname)%00%(upstream:short)%00%(objectname)%00%(upstream:track)%00%(upstream:remotename)%00%(upstream:remoteref) refs/heads/test_skills refs/remotes/test_skills [1ms]
[2022-07-03T01:31:57.802Z] > git remote --verbose [0ms]
[2022-07-03T01:31:57.803Z] > git for-each-ref --sort -committerdate --format %(refname) %(objectname) %(*objectname) [3ms]
[2022-07-03T01:31:57.806Z] > git config --get commit.template [0ms]
[2022-07-03T01:32:02.826Z] > git status -z -uall [16ms]
[2022-07-03T01:32:02.829Z] > git symbolic-ref --short HEAD [0ms]
[2022-07-03T01:32:02.832Z] > git for-each-ref --format=%(refname)%00%(upstream:short)%00%(objectname)%00%(upstream:track)%00%(upstream:remotename)%00%(upstream:remoteref) refs/heads/test_skills refs/remotes/test_skills [1ms]
[2022-07-03T01:32:02.836Z] > git for-each-ref --sort -committerdate --format %(refname) %(objectname) %(*objectname) [2ms]
[2022-07-03T01:32:02.836Z] > git remote --verbose [1ms]
[2022-07-03T01:32:02.840Z] > git config --get commit.template [1ms]
[2022-07-03T01:32:07.860Z] > git status -z -uall [16ms]
[2022-07-03T01:32:07.863Z] > git symbolic-ref --short HEAD [1ms]
[2022-07-03T01:32:07.866Z] > git for-each-ref --format=%(refname)%00%(upstream:short)%00%(objectname)%00%(upstream:track)%00%(upstream:remotename)%00%(upstream:remoteref) refs/heads/test_skills refs/remotes/test_skills [1ms]
[2022-07-03T01:32:07.871Z] > git remote --verbose [0ms]
[2022-07-03T01:32:07.872Z] > git for-each-ref --sort -committerdate --format %(refname) %(objectname) %(*objectname) [3ms]
[2022-07-03T01:32:07.876Z] > git config --get commit.template [0ms]
[2022-07-03T01:32:12.895Z] > git status -z -uall [15ms]
[2022-07-03T01:32:12.899Z] > git symbolic-ref --short HEAD [1ms]
[2022-07-03T01:32:12.902Z] > git for-each-ref --format=%(refname)%00%(upstream:short)%00%(objectname)%00%(upstream:track)%00%(upstream:remotename)%00%(upstream:remoteref) refs/heads/test_skills refs/remotes/test_skills [1ms]
[2022-07-03T01:32:12.907Z] > git remote --verbose [1ms]
[2022-07-03T01:32:12.907Z] > git for-each-ref --sort -committerdate --format %(refname) %(objectname) %(*objectname) [2ms]
[2022-07-03T01:32:12.912Z] > git config --get commit.template [0ms]
[2022-07-03T01:32:17.932Z] > git status -z -uall [16ms]
[2022-07-03T01:32:17.936Z] > git symbolic-ref --short HEAD [1ms]
[2022-07-03T01:32:17.938Z] > git for-each-ref --format=%(refname)%00%(upstream:short)%00%(objectname)%00%(upstream:track)%00%(upstream:remotename)%00%(upstream:remoteref) refs/heads/test_skills refs/remotes/test_skills [0ms]
[2022-07-03T01:32:17.943Z] > git remote --verbose [1ms]
[2022-07-03T01:32:17.943Z] > git for-each-ref --sort -committerdate --format %(refname) %(objectname) %(*objectname) [3ms]
[2022-07-03T01:32:17.947Z] > git config --get commit.template [1ms]
[2022-07-03T01:32:22.967Z] > git status -z -uall [16ms]
[2022-07-03T01:32:22.970Z] > git symbolic-ref --short HEAD [1ms]
[2022-07-03T01:32:22.972Z] > git for-each-ref --format=%(refname)%00%(upstream:short)%00%(objectname)%00%(upstream:track)%00%(upstream:remotename)%00%(upstream:remoteref) refs/heads/test_skills refs/remotes/test_skills [0ms]
[2022-07-03T01:32:22.976Z] > git for-each-ref --sort -committerdate --format %(refname) %(objectname) %(*objectname) [2ms]
[2022-07-03T01:32:22.977Z] > git remote --verbose [1ms]
[2022-07-03T01:32:22.980Z] > git config --get commit.template [0ms]
[2022-07-03T01:32:28.002Z] > git status -z -uall [16ms]
[2022-07-03T01:32:28.006Z] > git symbolic-ref --short HEAD [0ms]
[2022-07-03T01:32:28.009Z] > git for-each-ref --format=%(refname)%00%(upstream:short)%00%(objectname)%00%(upstream:track)%00%(upstream:remotename)%00%(upstream:remoteref) refs/heads/test_skills refs/remotes/test_skills [1ms]
[2022-07-03T01:32:28.013Z] > git for-each-ref --sort -committerdate --format %(refname) %(objectname) %(*objectname) [2ms]
[2022-07-03T01:32:28.013Z] > git remote --verbose [0ms]
[2022-07-03T01:32:28.016Z] > git config --get commit.template [0ms]
[2022-07-03T01:32:33.038Z] > git status -z -uall [16ms]
[2022-07-03T01:32:33.041Z] > git symbolic-ref --short HEAD [0ms]
[2022-07-03T01:32:33.045Z] > git for-each-ref --format=%(refname)%00%(upstream:short)%00%(objectname)%00%(upstream:track)%00%(upstream:remotename)%00%(upstream:remoteref) refs/heads/test_skills refs/remotes/test_skills [2ms]
[2022-07-03T01:32:33.050Z] > git remote --verbose [1ms]
[2022-07-03T01:32:33.050Z] > git for-each-ref --sort -committerdate --format %(refname) %(objectname) %(*objectname) [3ms]
[2022-07-03T01:32:33.053Z] > git config --get commit.template [0ms]
[2022-07-03T01:32:38.074Z] > git status -z -uall [16ms]
[2022-07-03T01:32:38.077Z] > git symbolic-ref --short HEAD [1ms]
[2022-07-03T01:32:38.080Z] > git for-each-ref --format=%(refname)%00%(upstream:short)%00%(objectname)%00%(upstream:track)%00%(upstream:remotename)%00%(upstream:remoteref) refs/heads/test_skills refs/remotes/test_skills [1ms]
[2022-07-03T01:32:38.085Z] > git for-each-ref --sort -committerdate --format %(refname) %(objectname) %(*objectname) [3ms]
[2022-07-03T01:32:38.085Z] > git remote --verbose [1ms]
[2022-07-03T01:32:38.089Z] > git config --get commit.template [0ms]
[2022-07-03T01:32:43.110Z] > git status -z -uall [17ms]
[2022-07-03T01:32:43.115Z] > git symbolic-ref --short HEAD [1ms]
[2022-07-03T01:32:43.118Z] > git for-each-ref --format=%(refname)%00%(upstream:short)%00%(objectname)%00%(upstream:track)%00%(upstream:remotename)%00%(upstream:remoteref) refs/heads/test_skills refs/remotes/test_skills [0ms]
[2022-07-03T01:32:43.126Z] > git remote --verbose [1ms]
[2022-07-03T01:32:43.126Z] > git for-each-ref --sort -committerdate --format %(refname) %(objectname) %(*objectname) [4ms]
[2022-07-03T01:32:43.130Z] > git config --get commit.template [0ms]
[2022-07-03T02:46:32.837Z] > git status -z -uall [19ms]
[2022-07-03T02:46:32.841Z] > git symbolic-ref --short HEAD [0ms]
[2022-07-03T02:46:32.846Z] > git for-each-ref --format=%(refname)%00%(upstream:short)%00%(objectname)%00%(upstream:track)%00%(upstream:remotename)%00%(upstream:remoteref) refs/heads/test_skills refs/remotes/test_skills [1ms]
[2022-07-03T02:46:32.855Z] > git remote --verbose [1ms]
[2022-07-03T02:46:32.855Z] > git for-each-ref --sort -committerdate --format %(refname) %(objectname) %(*objectname) [6ms]
[2022-07-03T02:46:32.862Z] > git config --get commit.template [1ms]
[2022-07-03T02:46:37.882Z] > git status -z -uall [16ms]
[2022-07-03T02:46:37.885Z] > git symbolic-ref --short HEAD [0ms]
[2022-07-03T02:46:37.888Z] > git for-each-ref --format=%(refname)%00%(upstream:short)%00%(objectname)%00%(upstream:track)%00%(upstream:remotename)%00%(upstream:remoteref) refs/heads/test_skills refs/remotes/test_skills [1ms]
[2022-07-03T02:46:37.892Z] > git for-each-ref --sort -committerdate --format %(refname) %(objectname) %(*objectname) [2ms]
[2022-07-03T02:46:37.892Z] > git remote --verbose [0ms]
[2022-07-03T02:46:37.895Z] > git config --get commit.template [0ms]
[2022-07-03T02:46:42.915Z] > git status -z -uall [15ms]
[2022-07-03T02:46:42.918Z] > git symbolic-ref --short HEAD [1ms]
[2022-07-03T02:46:42.920Z] > git for-each-ref --format=%(refname)%00%(upstream:short)%00%(objectname)%00%(upstream:track)%00%(upstream:remotename)%00%(upstream:remoteref) refs/heads/test_skills refs/remotes/test_skills [0ms]
[2022-07-03T02:46:42.924Z] > git for-each-ref --sort -committerdate --format %(refname) %(objectname) %(*objectname) [2ms]
[2022-07-03T02:46:42.924Z] > git remote --verbose [1ms]
[2022-07-03T02:46:42.927Z] > git config --get commit.template [0ms]
[2022-07-03T02:46:47.948Z] > git status -z -uall [16ms]
[2022-07-03T02:46:47.951Z] > git symbolic-ref --short HEAD [0ms]
[2022-07-03T02:46:47.954Z] > git for-each-ref --format=%(refname)%00%(upstream:short)%00%(objectname)%00%(upstream:track)%00%(upstream:remotename)%00%(upstream:remoteref) refs/heads/test_skills refs/remotes/test_skills [1ms]
[2022-07-03T02:46:47.958Z] > git remote --verbose [0ms]
[2022-07-03T02:46:47.958Z] > git for-each-ref --sort -committerdate --format %(refname) %(objectname) %(*objectname) [2ms]
[2022-07-03T02:46:47.962Z] > git config --get commit.template [1ms]
[2022-07-03T02:46:52.981Z] > git status -z -uall [16ms]
[2022-07-03T02:46:52.984Z] > git symbolic-ref --short HEAD [1ms]
[2022-07-03T02:46:52.987Z] > git for-each-ref --format=%(refname)%00%(upstream:short)%00%(objectname)%00%(upstream:track)%00%(upstream:remotename)%00%(upstream:remoteref) refs/heads/test_skills refs/remotes/test_skills [1ms]
[2022-07-03T02:46:52.991Z] > git for-each-ref --sort -committerdate --format %(refname) %(objectname) %(*objectname) [2ms]
[2022-07-03T02:46:52.991Z] > git remote --verbose [0ms]
[2022-07-03T02:46:52.994Z] > git config --get commit.template [1ms]
[2022-07-03T02:46:58.015Z] > git status -z -uall [17ms]
[2022-07-03T02:46:58.018Z] > git symbolic-ref --short HEAD [1ms]
[2022-07-03T02:46:58.020Z] > git for-each-ref --format=%(refname)%00%(upstream:short)%00%(objectname)%00%(upstream:track)%00%(upstream:remotename)%00%(upstream:remoteref) refs/heads/test_skills refs/remotes/test_skills [0ms]
[2022-07-03T02:46:58.024Z] > git for-each-ref --sort -committerdate --format %(refname) %(objectname) %(*objectname) [2ms]
[2022-07-03T02:46:58.024Z] > git remote --verbose [1ms]
[2022-07-03T02:46:58.028Z] > git config --get commit.template [1ms]
[2022-07-03T02:47:03.048Z] > git status -z -uall [17ms]
[2022-07-03T02:47:03.051Z] > git symbolic-ref --short HEAD [1ms]
[2022-07-03T02:47:03.053Z] > git for-each-ref --format=%(refname)%00%(upstream:short)%00%(objectname)%00%(upstream:track)%00%(upstream:remotename)%00%(upstream:remoteref) refs/heads/test_skills refs/remotes/test_skills [0ms]
[2022-07-03T02:47:03.058Z] > git for-each-ref --sort -committerdate --format %(refname) %(objectname) %(*objectname) [3ms]
[2022-07-03T02:47:03.058Z] > git remote --verbose [1ms]
[2022-07-03T02:47:03.062Z] > git config --get commit.template [1ms]
[2022-07-03T02:47:08.081Z] > git status -z -uall [16ms]
[2022-07-03T02:47:08.084Z] > git symbolic-ref --short HEAD [1ms]
[2022-07-03T02:47:08.086Z] > git for-each-ref --format=%(refname)%00%(upstream:short)%00%(objectname)%00%(upstream:track)%00%(upstream:remotename)%00%(upstream:remoteref) refs/heads/test_skills refs/remotes/test_skills [0ms]
[2022-07-03T02:47:08.090Z] > git for-each-ref --sort -committerdate --format %(refname) %(objectname) %(*objectname) [2ms]
[2022-07-03T02:47:08.090Z] > git remote --verbose [0ms]
[2022-07-03T02:47:08.093Z] > git config --get commit.template [0ms]
[2022-07-03T02:47:13.114Z] > git status -z -uall [17ms]
[2022-07-03T02:47:13.117Z] > git symbolic-ref --short HEAD [1ms]
[2022-07-03T02:47:13.119Z] > git for-each-ref --format=%(refname)%00%(upstream:short)%00%(objectname)%00%(upstream:track)%00%(upstream:remotename)%00%(upstream:remoteref) refs/heads/test_skills refs/remotes/test_skills [0ms]
[2022-07-03T02:47:13.123Z] > git for-each-ref --sort -committerdate --format %(refname) %(objectname) %(*objectname) [2ms]
[2022-07-03T02:47:13.123Z] > git remote --verbose [0ms]
[2022-07-03T02:47:13.126Z] > git config --get commit.template [0ms]
[2022-07-03T02:47:18.146Z] > git status -z -uall [16ms]
[2022-07-03T02:47:18.149Z] > git symbolic-ref --short HEAD [0ms]
[2022-07-03T02:47:18.152Z] > git for-each-ref --format=%(refname)%00%(upstream:short)%00%(objectname)%00%(upstream:track)%00%(upstream:remotename)%00%(upstream:remoteref) refs/heads/test_skills refs/remotes/test_skills [1ms]
[2022-07-03T02:47:18.156Z] > git for-each-ref --sort -committerdate --format %(refname) %(objectname) %(*objectname) [2ms]
[2022-07-03T02:47:18.156Z] > git remote --verbose [1ms]
[2022-07-03T02:47:18.159Z] > git config --get commit.template [0ms]
[2022-07-03T02:47:23.179Z] > git status -z -uall [16ms]
[2022-07-03T02:47:23.182Z] > git symbolic-ref --short HEAD [0ms]
[2022-07-03T02:47:23.185Z] > git for-each-ref --format=%(refname)%00%(upstream:short)%00%(objectname)%00%(upstream:track)%00%(upstream:remotename)%00%(upstream:remoteref) refs/heads/test_skills refs/remotes/test_skills [1ms]
[2022-07-03T02:47:23.189Z] > git for-each-ref --sort -committerdate --format %(refname) %(objectname) %(*objectname) [2ms]
[2022-07-03T02:47:23.189Z] > git remote --verbose [1ms]
[2022-07-03T02:47:23.193Z] > git config --get commit.template [0ms]
[2022-07-03T02:47:28.215Z] > git status -z -uall [18ms]
[2022-07-03T02:47:28.218Z] > git symbolic-ref --short HEAD [0ms]
[2022-07-03T02:47:28.221Z] > git for-each-ref --format=%(refname)%00%(upstream:short)%00%(objectname)%00%(upstream:track)%00%(upstream:remotename)%00%(upstream:remoteref) refs/heads/test_skills refs/remotes/test_skills [0ms]
[2022-07-03T02:47:28.226Z] > git for-each-ref --sort -committerdate --format %(refname) %(objectname) %(*objectname) [2ms]
[2022-07-03T02:47:28.226Z] > git remote --verbose [0ms]
[2022-07-03T02:47:28.229Z] > git config --get commit.template [0ms]
[2022-07-03T02:47:33.250Z] > git status -z -uall [17ms]
[2022-07-03T02:47:33.253Z] > git symbolic-ref --short HEAD [1ms]
[2022-07-03T02:47:33.255Z] > git for-each-ref --format=%(refname)%00%(upstream:short)%00%(objectname)%00%(upstream:track)%00%(upstream:remotename)%00%(upstream:remoteref) refs/heads/test_skills refs/remotes/test_skills [0ms]
[2022-07-03T02:47:33.259Z] > git remote --verbose [1ms]
[2022-07-03T02:47:33.259Z] > git for-each-ref --sort -committerdate --format %(refname) %(objectname) %(*objectname) [2ms]
[2022-07-03T02:47:33.263Z] > git config --get commit.template [1ms]
[2022-07-03T02:47:38.283Z] > git status -z -uall [16ms]
[2022-07-03T02:47:38.286Z] > git symbolic-ref --short HEAD [1ms]
[2022-07-03T02:47:38.288Z] > git for-each-ref --format=%(refname)%00%(upstream:short)%00%(objectname)%00%(upstream:track)%00%(upstream:remotename)%00%(upstream:remoteref) refs/heads/test_skills refs/remotes/test_skills [0ms]
[2022-07-03T02:47:38.293Z] > git for-each-ref --sort -committerdate --format %(refname) %(objectname) %(*objectname) [3ms]
[2022-07-03T02:47:38.293Z] > git remote --verbose [1ms]
[2022-07-03T02:47:38.296Z] > git config --get commit.template [0ms]
[2022-07-03T02:47:43.317Z] > git status -z -uall [16ms]
[2022-07-03T02:47:43.320Z] > git symbolic-ref --short HEAD [0ms]
[2022-07-03T02:47:43.323Z] > git for-each-ref --format=%(refname)%00%(upstream:short)%00%(objectname)%00%(upstream:track)%00%(upstream:remotename)%00%(upstream:remoteref) refs/heads/test_skills refs/remotes/test_skills [1ms]
[2022-07-03T02:47:43.327Z] > git for-each-ref --sort -committerdate --format %(refname) %(objectname) %(*objectname) [2ms]
[2022-07-03T02:47:43.327Z] > git remote --verbose [1ms]
[2022-07-03T02:47:43.330Z] > git config --get commit.template [0ms]
[2022-07-03T02:47:48.350Z] > git status -z -uall [16ms]
[2022-07-03T02:47:48.353Z] > git symbolic-ref --short HEAD [0ms]
[2022-07-03T02:47:48.356Z] > git for-each-ref --format=%(refname)%00%(upstream:short)%00%(objectname)%00%(upstream:track)%00%(upstream:remotename)%00%(upstream:remoteref) refs/heads/test_skills refs/remotes/test_skills [1ms]
[2022-07-03T02:47:48.360Z] > git for-each-ref --sort -committerdate --format %(refname) %(objectname) %(*objectname) [2ms]
[2022-07-03T02:47:48.360Z] > git remote --verbose [0ms]
[2022-07-03T02:47:48.363Z] > git config --get commit.template [0ms]
[2022-07-03T02:47:53.384Z] > git status -z -uall [17ms]
[2022-07-03T02:47:53.387Z] > git symbolic-ref --short HEAD [1ms]
[2022-07-03T02:47:53.389Z] > git for-each-ref --format=%(refname)%00%(upstream:short)%00%(objectname)%00%(upstream:track)%00%(upstream:remotename)%00%(upstream:remoteref) refs/heads/test_skills refs/remotes/test_skills [0ms]
[2022-07-03T02:47:53.394Z] > git for-each-ref --sort -committerdate --format %(refname) %(objectname) %(*objectname) [2ms]
[2022-07-03T02:47:53.394Z] > git remote --verbose [1ms]
[2022-07-03T02:47:53.397Z] > git config --get commit.template [0ms]
