[2022-07-02T23:39:18.763Z] Log level: Info
[2022-07-02T23:39:18.765Z] [info] Validating found git in: git
[2022-07-02T23:39:18.791Z] [info] Using git 2.25.1 from git
[2022-07-02T23:39:18.834Z] > git rev-parse --show-toplevel [31ms]
[2022-07-02T23:39:18.866Z] > git rev-parse --git-dir --git-common-dir [25ms]
[2022-07-02T23:39:18.874Z] [info] Open repository: /home/htmhqi
[2022-07-02T23:39:18.965Z] > git status -z -uall [86ms]
[2022-07-02T23:39:18.970Z] > git symbolic-ref --short HEAD [1ms]
[2022-07-02T23:39:18.979Z] > git for-each-ref --format=%(refname)%00%(upstream:short)%00%(objectname)%00%(upstream:track)%00%(upstream:remotename)%00%(upstream:remoteref) refs/heads/test_skills refs/remotes/test_skills [4ms]
[2022-07-02T23:39:18.989Z] > git remote --verbose [1ms]
[2022-07-02T23:39:18.990Z] > git for-each-ref --sort -committerdate --format %(refname) %(objectname) %(*objectname) [6ms]
[2022-07-02T23:39:19.001Z] > git config --get commit.template [2ms]
[2022-07-02T23:39:21.630Z] > git status -z -uall [23ms]
[2022-07-02T23:39:21.644Z] > git symbolic-ref --short HEAD [2ms]
[2022-07-02T23:39:21.647Z] > git for-each-ref --format=%(refname)%00%(upstream:short)%00%(objectname)%00%(upstream:track)%00%(upstream:remotename)%00%(upstream:remoteref) refs/heads/test_skills refs/remotes/test_skills [0ms]
[2022-07-02T23:39:21.654Z] > git for-each-ref --sort -committerdate --format %(refname) %(objectname) %(*objectname) [4ms]
[2022-07-02T23:39:21.655Z] > git remote --verbose [2ms]
[2022-07-02T23:39:21.659Z] > git config --get commit.template [1ms]
[2022-07-02T23:39:26.681Z] > git status -z -uall [18ms]
[2022-07-02T23:39:26.684Z] > git symbolic-ref --short HEAD [0ms]
[2022-07-02T23:39:26.687Z] > git for-each-ref --format=%(refname)%00%(upstream:short)%00%(objectname)%00%(upstream:track)%00%(upstream:remotename)%00%(upstream:remoteref) refs/heads/test_skills refs/remotes/test_skills [1ms]
[2022-07-02T23:39:26.691Z] > git for-each-ref --sort -committerdate --format %(refname) %(objectname) %(*objectname) [2ms]
[2022-07-02T23:39:26.692Z] > git remote --verbose [2ms]
[2022-07-02T23:39:26.697Z] > git config --get commit.template [0ms]
[2022-07-02T23:39:31.719Z] > git status -z -uall [18ms]
[2022-07-02T23:39:31.723Z] > git symbolic-ref --short HEAD [1ms]
[2022-07-02T23:39:31.727Z] > git for-each-ref --format=%(refname)%00%(upstream:short)%00%(objectname)%00%(upstream:track)%00%(upstream:remotename)%00%(upstream:remoteref) refs/heads/test_skills refs/remotes/test_skills [1ms]
[2022-07-02T23:39:31.731Z] > git remote --verbose [1ms]
[2022-07-02T23:39:31.731Z] > git for-each-ref --sort -committerdate --format %(refname) %(objectname) %(*objectname) [2ms]
[2022-07-02T23:39:31.735Z] > git config --get commit.template [1ms]
[2022-07-02T23:39:36.762Z] > git status -z -uall [22ms]
[2022-07-02T23:39:36.768Z] > git symbolic-ref --short HEAD [1ms]
[2022-07-02T23:39:36.771Z] > git for-each-ref --format=%(refname)%00%(upstream:short)%00%(objectname)%00%(upstream:track)%00%(upstream:remotename)%00%(upstream:remoteref) refs/heads/test_skills refs/remotes/test_skills [1ms]
[2022-07-02T23:39:36.776Z] > git for-each-ref --sort -committerdate --format %(refname) %(objectname) %(*objectname) [3ms]
[2022-07-02T23:39:36.776Z] > git remote --verbose [1ms]
[2022-07-02T23:39:36.780Z] > git config --get commit.template [0ms]
[2022-07-02T23:39:41.802Z] > git status -z -uall [18ms]
[2022-07-02T23:39:41.805Z] > git symbolic-ref --short HEAD [0ms]
[2022-07-02T23:39:41.810Z] > git for-each-ref --format=%(refname)%00%(upstream:short)%00%(objectname)%00%(upstream:track)%00%(upstream:remotename)%00%(upstream:remoteref) refs/heads/test_skills refs/remotes/test_skills [1ms]
[2022-07-02T23:39:41.815Z] > git remote --verbose [0ms]
[2022-07-02T23:39:41.816Z] > git for-each-ref --sort -committerdate --format %(refname) %(objectname) %(*objectname) [3ms]
[2022-07-02T23:39:41.819Z] > git config --get commit.template [0ms]
[2022-07-02T23:39:46.843Z] > git status -z -uall [20ms]
[2022-07-02T23:39:46.846Z] > git symbolic-ref --short HEAD [0ms]
[2022-07-02T23:39:46.850Z] > git for-each-ref --format=%(refname)%00%(upstream:short)%00%(objectname)%00%(upstream:track)%00%(upstream:remotename)%00%(upstream:remoteref) refs/heads/test_skills refs/remotes/test_skills [1ms]
[2022-07-02T23:39:46.855Z] > git remote --verbose [0ms]
[2022-07-02T23:39:46.855Z] > git for-each-ref --sort -committerdate --format %(refname) %(objectname) %(*objectname) [2ms]
[2022-07-02T23:39:46.859Z] > git config --get commit.template [1ms]
[2022-07-02T23:39:51.881Z] > git status -z -uall [19ms]
[2022-07-02T23:39:51.884Z] > git symbolic-ref --short HEAD [1ms]
[2022-07-02T23:39:51.886Z] > git for-each-ref --format=%(refname)%00%(upstream:short)%00%(objectname)%00%(upstream:track)%00%(upstream:remotename)%00%(upstream:remoteref) refs/heads/test_skills refs/remotes/test_skills [0ms]
[2022-07-02T23:39:51.891Z] > git for-each-ref --sort -committerdate --format %(refname) %(objectname) %(*objectname) [2ms]
[2022-07-02T23:39:51.891Z] > git remote --verbose [1ms]
[2022-07-02T23:39:51.896Z] > git config --get commit.template [0ms]
[2022-07-02T23:39:56.921Z] > git status -z -uall [20ms]
[2022-07-02T23:39:56.924Z] > git symbolic-ref --short HEAD [0ms]
[2022-07-02T23:39:56.927Z] > git for-each-ref --format=%(refname)%00%(upstream:short)%00%(objectname)%00%(upstream:track)%00%(upstream:remotename)%00%(upstream:remoteref) refs/heads/test_skills refs/remotes/test_skills [1ms]
[2022-07-02T23:39:56.933Z] > git remote --verbose [2ms]
[2022-07-02T23:39:56.934Z] > git for-each-ref --sort -committerdate --format %(refname) %(objectname) %(*objectname) [5ms]
[2022-07-02T23:39:56.940Z] > git config --get commit.template [1ms]
[2022-07-02T23:40:01.965Z] > git status -z -uall [21ms]
[2022-07-02T23:40:01.967Z] > git symbolic-ref --short HEAD [0ms]
[2022-07-02T23:40:01.970Z] > git for-each-ref --format=%(refname)%00%(upstream:short)%00%(objectname)%00%(upstream:track)%00%(upstream:remotename)%00%(upstream:remoteref) refs/heads/test_skills refs/remotes/test_skills [1ms]
[2022-07-02T23:40:01.975Z] > git remote --verbose [1ms]
[2022-07-02T23:40:01.976Z] > git for-each-ref --sort -committerdate --format %(refname) %(objectname) %(*objectname) [4ms]
[2022-07-02T23:40:01.980Z] > git config --get commit.template [0ms]
[2022-07-02T23:40:05.147Z] > git check-ignore -v -z --stdin [8ms]
[2022-07-02T23:40:07.010Z] > git status -z -uall [22ms]
[2022-07-02T23:40:07.013Z] > git symbolic-ref --short HEAD [0ms]
[2022-07-02T23:40:07.017Z] > git for-each-ref --format=%(refname)%00%(upstream:short)%00%(objectname)%00%(upstream:track)%00%(upstream:remotename)%00%(upstream:remoteref) refs/heads/test_skills refs/remotes/test_skills [1ms]
[2022-07-02T23:40:07.024Z] > git remote --verbose [1ms]
[2022-07-02T23:40:07.024Z] > git for-each-ref --sort -committerdate --format %(refname) %(objectname) %(*objectname) [3ms]
[2022-07-02T23:40:07.027Z] > git config --get commit.template [0ms]
[2022-07-02T23:40:09.293Z] > git -c user.useConfigOnly=true commit --quiet --allow-empty-message --file - [31ms]
[2022-07-02T23:40:09.316Z] > git status -z -uall [19ms]
[2022-07-02T23:40:09.319Z] > git symbolic-ref --short HEAD [0ms]
[2022-07-02T23:40:09.322Z] > git for-each-ref --format=%(refname)%00%(upstream:short)%00%(objectname)%00%(upstream:track)%00%(upstream:remotename)%00%(upstream:remoteref) refs/heads/test_skills refs/remotes/test_skills [0ms]
[2022-07-02T23:40:09.327Z] > git for-each-ref --sort -committerdate --format %(refname) %(objectname) %(*objectname) [3ms]
[2022-07-02T23:40:09.327Z] > git remote --verbose [1ms]
[2022-07-02T23:40:09.334Z] > git config --get commit.template [1ms]
[2022-07-02T23:40:12.051Z] > git status -z -uall [20ms]
[2022-07-02T23:40:12.054Z] > git symbolic-ref --short HEAD [1ms]
[2022-07-02T23:40:12.057Z] > git for-each-ref --format=%(refname)%00%(upstream:short)%00%(objectname)%00%(upstream:track)%00%(upstream:remotename)%00%(upstream:remoteref) refs/heads/test_skills refs/remotes/test_skills [1ms]
[2022-07-02T23:40:12.064Z] > git for-each-ref --sort -committerdate --format %(refname) %(objectname) %(*objectname) [4ms]
[2022-07-02T23:40:12.064Z] > git remote --verbose [1ms]
[2022-07-02T23:40:12.069Z] > git config --get commit.template [1ms]
