Experiment 'pythonaacf' is active
Experiment 'pythonTensorboardExperiment' is active
Experiment 'PythonPyTorchProfiler' is active
LSP Notebooks experiment is disabled -- not in treatment group
> conda info --json
> C:\Users\IMRRO\AppData\Local\Microsoft\WindowsApps\python3.10.exe -c "import sys;print(sys.executable)"
> C:\Users\IMRRO\AppData\Local\Microsoft\WindowsApps\python3.10.exe -c "import sys;print(sys.executable)"
[ERROR 2022-6-7 19:7:14.23]: [Error: Command failed: C:\Users\IMRRO\AppData\Local\Microsoft\WindowsApps\python3.10.exe -c "import sys;print(sys.executable)"
/bin/sh: 1: C:UsersIMRROAppDataLocalMicrosoftWindowsAppspython3.10.exe: Permission denied

	at ChildProcess.exithandler (node:child_process:397:12)
	at ChildProcess.emit (node:events:390:28)
	at maybeClose (node:internal/child_process:1064:16)
	at Socket.<anonymous> (node:internal/child_process:450:11)
	at Socket.emit (node:events:390:28)
	at Pipe.<anonymous> (node:net:687:12)] {
  killed: false,
  code: 127,
  signal: null,
  cmd: 'C:\\Users\\IMRRO\\AppData\\Local\\Microsoft\\WindowsApps\\python3.10.exe -c "import sys;print(sys.executable)"'
}
[ERROR 2022-6-7 19:7:14.28]: [Error: Command failed: C:\Users\IMRRO\AppData\Local\Microsoft\WindowsApps\python3.10.exe -c "import sys;print(sys.executable)"
/bin/sh: 1: C:UsersIMRROAppDataLocalMicrosoftWindowsAppspython3.10.exe: Permission denied

	at ChildProcess.exithandler (node:child_process:397:12)
	at ChildProcess.emit (node:events:390:28)
	at maybeClose (node:internal/child_process:1064:16)
	at Socket.<anonymous> (node:internal/child_process:450:11)
	at Socket.emit (node:events:390:28)
	at Pipe.<anonymous> (node:net:687:12)] {
  killed: false,
  code: 127,
  signal: null,
  cmd: 'C:\\Users\\IMRRO\\AppData\\Local\\Microsoft\\WindowsApps\\python3.10.exe -c "import sys;print(sys.executable)"'
}
> C:\Users\IMRRO\AppData\Local\Microsoft\WindowsApps\python3.10.exe -c "import sys;print(sys.executable)"
> C:\Users\IMRRO\AppData\Local\Microsoft\WindowsApps\python3.10.exe -c "import sys;print(sys.executable)"
[ERROR 2022-6-7 19:7:14.126]: [Error: Command failed: C:\Users\IMRRO\AppData\Local\Microsoft\WindowsApps\python3.10.exe -c "import sys;print(sys.executable)"
/bin/sh: 1: C:UsersIMRROAppDataLocalMicrosoftWindowsAppspython3.10.exe: Permission denied

	at ChildProcess.exithandler (node:child_process:397:12)
	at ChildProcess.emit (node:events:390:28)
	at maybeClose (node:internal/child_process:1064:16)
	at Socket.<anonymous> (node:internal/child_process:450:11)
	at Socket.emit (node:events:390:28)
	at Pipe.<anonymous> (node:net:687:12)] {
  killed: false,
  code: 127,
  signal: null,
  cmd: 'C:\\Users\\IMRRO\\AppData\\Local\\Microsoft\\WindowsApps\\python3.10.exe -c "import sys;print(sys.executable)"'
}
[ERROR 2022-6-7 19:7:14.160]: [Error: Command failed: C:\Users\IMRRO\AppData\Local\Microsoft\WindowsApps\python3.10.exe -c "import sys;print(sys.executable)"
/bin/sh: 1: C:UsersIMRROAppDataLocalMicrosoftWindowsAppspython3.10.exe: Permission denied

	at ChildProcess.exithandler (node:child_process:397:12)
	at ChildProcess.emit (node:events:390:28)
	at maybeClose (node:internal/child_process:1064:16)
	at Socket.<anonymous> (node:internal/child_process:450:11)
	at Socket.emit (node:events:390:28)
	at Pipe.<anonymous> (node:net:687:12)] {
  killed: false,
  code: 127,
  signal: null,
  cmd: 'C:\\Users\\IMRRO\\AppData\\Local\\Microsoft\\WindowsApps\\python3.10.exe -c "import sys;print(sys.executable)"'
}
Starting Pylance language server.
Diagnostic Code: NoPythonInterpretersDiagnostic, Message: Python is not installed. Please download and install Python before using the extension.
> C:\Users\IMRRO\AppData\Local\Microsoft\WindowsApps\python3.10.exe -c "import sys;print(sys.executable)"
> C:\Users\IMRRO\AppData\Local\Microsoft\WindowsApps\python3.10.exe -c "import sys;print(sys.executable)"
[ERROR 2022-6-7 19:7:52.795]: [Error: Command failed: C:\Users\IMRRO\AppData\Local\Microsoft\WindowsApps\python3.10.exe -c "import sys;print(sys.executable)"
/bin/sh: 1: C:UsersIMRROAppDataLocalMicrosoftWindowsAppspython3.10.exe: Permission denied

	at ChildProcess.exithandler (node:child_process:397:12)
	at ChildProcess.emit (node:events:390:28)
	at maybeClose (node:internal/child_process:1064:16)
	at Socket.<anonymous> (node:internal/child_process:450:11)
	at Socket.emit (node:events:390:28)
	at Pipe.<anonymous> (node:net:687:12)] {
  killed: false,
  code: 127,
  signal: null,
  cmd: 'C:\\Users\\IMRRO\\AppData\\Local\\Microsoft\\WindowsApps\\python3.10.exe -c "import sys;print(sys.executable)"'
}
[ERROR 2022-6-7 19:7:52.804]: [Error: Command failed: C:\Users\IMRRO\AppData\Local\Microsoft\WindowsApps\python3.10.exe -c "import sys;print(sys.executable)"
/bin/sh: 1: C:UsersIMRROAppDataLocalMicrosoftWindowsAppspython3.10.exe: Permission denied

	at ChildProcess.exithandler (node:child_process:397:12)
	at ChildProcess.emit (node:events:390:28)
	at maybeClose (node:internal/child_process:1064:16)
	at Socket.<anonymous> (node:internal/child_process:450:11)
	at Socket.emit (node:events:390:28)
	at Pipe.<anonymous> (node:net:687:12)] {
  killed: false,
  code: 127,
  signal: null,
  cmd: 'C:\\Users\\IMRRO\\AppData\\Local\\Microsoft\\WindowsApps\\python3.10.exe -c "import sys;print(sys.executable)"'
}
> C:\Users\IMRRO\AppData\Local\Microsoft\WindowsApps\python3.10.exe -c "import sys;print(sys.executable)"
[ERROR 2022-6-7 19:8:40.823]: [Error: Command failed: C:\Users\IMRRO\AppData\Local\Microsoft\WindowsApps\python3.10.exe -c "import sys;print(sys.executable)"
/bin/sh: 1: C:UsersIMRROAppDataLocalMicrosoftWindowsAppspython3.10.exe: Permission denied

	at ChildProcess.exithandler (node:child_process:397:12)
	at ChildProcess.emit (node:events:390:28)
	at maybeClose (node:internal/child_process:1064:16)
	at Socket.<anonymous> (node:internal/child_process:450:11)
	at Socket.emit (node:events:390:28)
	at Pipe.<anonymous> (node:net:687:12)] {
  killed: false,
  code: 127,
  signal: null,
  cmd: 'C:\\Users\\IMRRO\\AppData\\Local\\Microsoft\\WindowsApps\\python3.10.exe -c "import sys;print(sys.executable)"'
}
> C:\Users\IMRRO\AppData\Local\Microsoft\WindowsApps\python3.10.exe -c "import sys;print(sys.executable)"
[ERROR 2022-6-7 22:4:21.897]: [Error: Command failed: C:\Users\IMRRO\AppData\Local\Microsoft\WindowsApps\python3.10.exe -c "import sys;print(sys.executable)"
/bin/sh: 1: C:UsersIMRROAppDataLocalMicrosoftWindowsAppspython3.10.exe: Permission denied

	at ChildProcess.exithandler (node:child_process:397:12)
	at ChildProcess.emit (node:events:390:28)
	at maybeClose (node:internal/child_process:1064:16)
	at Socket.<anonymous> (node:internal/child_process:450:11)
	at Socket.emit (node:events:390:28)
	at Pipe.<anonymous> (node:net:687:12)] {
  killed: false,
  code: 127,
  signal: null,
  cmd: 'C:\\Users\\IMRRO\\AppData\\Local\\Microsoft\\WindowsApps\\python3.10.exe -c "import sys;print(sys.executable)"'
}
> C:\Users\IMRRO\AppData\Local\Microsoft\WindowsApps\python3.10.exe -c "import sys;print(sys.executable)"
[ERROR 2022-6-7 22:4:24.25]: [Error: Command failed: C:\Users\IMRRO\AppData\Local\Microsoft\WindowsApps\python3.10.exe -c "import sys;print(sys.executable)"
/bin/sh: 1: C:UsersIMRROAppDataLocalMicrosoftWindowsAppspython3.10.exe: Permission denied

	at ChildProcess.exithandler (node:child_process:397:12)
	at ChildProcess.emit (node:events:390:28)
	at maybeClose (node:internal/child_process:1064:16)
	at Socket.<anonymous> (node:internal/child_process:450:11)
	at Socket.emit (node:events:390:28)
	at Pipe.<anonymous> (node:net:687:12)] {
  killed: false,
  code: 127,
  signal: null,
  cmd: 'C:\\Users\\IMRRO\\AppData\\Local\\Microsoft\\WindowsApps\\python3.10.exe -c "import sys;print(sys.executable)"'
}
> C:\Users\IMRRO\AppData\Local\Microsoft\WindowsApps\python3.10.exe -c "import sys;print(sys.executable)"
[ERROR 2022-6-7 22:4:26.141]: [Error: Command failed: C:\Users\IMRRO\AppData\Local\Microsoft\WindowsApps\python3.10.exe -c "import sys;print(sys.executable)"
/bin/sh: 1: C:UsersIMRROAppDataLocalMicrosoftWindowsAppspython3.10.exe: Permission denied

	at ChildProcess.exithandler (node:child_process:397:12)
	at ChildProcess.emit (node:events:390:28)
	at maybeClose (node:internal/child_process:1064:16)
	at Socket.<anonymous> (node:internal/child_process:450:11)
	at Socket.emit (node:events:390:28)
	at Pipe.<anonymous> (node:net:687:12)] {
  killed: false,
  code: 127,
  signal: null,
  cmd: 'C:\\Users\\IMRRO\\AppData\\Local\\Microsoft\\WindowsApps\\python3.10.exe -c "import sys;print(sys.executable)"'
}
> C:\Users\IMRRO\AppData\Local\Microsoft\WindowsApps\python3.10.exe -c "import sys;print(sys.executable)"
[ERROR 2022-6-7 22:4:29.464]: [Error: Command failed: C:\Users\IMRRO\AppData\Local\Microsoft\WindowsApps\python3.10.exe -c "import sys;print(sys.executable)"
/bin/sh: 1: C:UsersIMRROAppDataLocalMicrosoftWindowsAppspython3.10.exe: Permission denied

	at ChildProcess.exithandler (node:child_process:397:12)
	at ChildProcess.emit (node:events:390:28)
	at maybeClose (node:internal/child_process:1064:16)
	at Socket.<anonymous> (node:internal/child_process:450:11)
	at Socket.emit (node:events:390:28)
	at Pipe.<anonymous> (node:net:687:12)] {
  killed: false,
  code: 127,
  signal: null,
  cmd: 'C:\\Users\\IMRRO\\AppData\\Local\\Microsoft\\WindowsApps\\python3.10.exe -c "import sys;print(sys.executable)"'
}
> C:\Users\IMRRO\AppData\Local\Microsoft\WindowsApps\python3.10.exe -c "import sys;print(sys.executable)"
[ERROR 2022-6-7 22:4:34.105]: [Error: Command failed: C:\Users\IMRRO\AppData\Local\Microsoft\WindowsApps\python3.10.exe -c "import sys;print(sys.executable)"
/bin/sh: 1: C:UsersIMRROAppDataLocalMicrosoftWindowsAppspython3.10.exe: Permission denied

	at ChildProcess.exithandler (node:child_process:397:12)
	at ChildProcess.emit (node:events:390:28)
	at maybeClose (node:internal/child_process:1064:16)
	at Socket.<anonymous> (node:internal/child_process:450:11)
	at Socket.emit (node:events:390:28)
	at Pipe.<anonymous> (node:net:687:12)] {
  killed: false,
  code: 127,
  signal: null,
  cmd: 'C:\\Users\\IMRRO\\AppData\\Local\\Microsoft\\WindowsApps\\python3.10.exe -c "import sys;print(sys.executable)"'
}
> C:\Users\IMRRO\AppData\Local\Microsoft\WindowsApps\python3.10.exe -c "import sys;print(sys.executable)"
[ERROR 2022-6-7 22:4:40.100]: [Error: Command failed: C:\Users\IMRRO\AppData\Local\Microsoft\WindowsApps\python3.10.exe -c "import sys;print(sys.executable)"
/bin/sh: 1: C:UsersIMRROAppDataLocalMicrosoftWindowsAppspython3.10.exe: Permission denied

	at ChildProcess.exithandler (node:child_process:397:12)
	at ChildProcess.emit (node:events:390:28)
	at maybeClose (node:internal/child_process:1064:16)
	at Socket.<anonymous> (node:internal/child_process:450:11)
	at Socket.emit (node:events:390:28)
	at Pipe.<anonymous> (node:net:687:12)] {
  killed: false,
  code: 127,
  signal: null,
  cmd: 'C:\\Users\\IMRRO\\AppData\\Local\\Microsoft\\WindowsApps\\python3.10.exe -c "import sys;print(sys.executable)"'
}
> C:\Users\IMRRO\AppData\Local\Microsoft\WindowsApps\python3.10.exe -c "import sys;print(sys.executable)"
[ERROR 2022-6-7 22:4:40.952]: [Error: Command failed: C:\Users\IMRRO\AppData\Local\Microsoft\WindowsApps\python3.10.exe -c "import sys;print(sys.executable)"
/bin/sh: 1: C:UsersIMRROAppDataLocalMicrosoftWindowsAppspython3.10.exe: Permission denied

	at ChildProcess.exithandler (node:child_process:397:12)
	at ChildProcess.emit (node:events:390:28)
	at maybeClose (node:internal/child_process:1064:16)
	at Socket.<anonymous> (node:internal/child_process:450:11)
	at Socket.emit (node:events:390:28)
	at Pipe.<anonymous> (node:net:687:12)] {
  killed: false,
  code: 127,
  signal: null,
  cmd: 'C:\\Users\\IMRRO\\AppData\\Local\\Microsoft\\WindowsApps\\python3.10.exe -c "import sys;print(sys.executable)"'
}
> C:\Users\IMRRO\AppData\Local\Microsoft\WindowsApps\python3.10.exe -c "import sys;print(sys.executable)"
[ERROR 2022-6-7 22:4:41.716]: [Error: Command failed: C:\Users\IMRRO\AppData\Local\Microsoft\WindowsApps\python3.10.exe -c "import sys;print(sys.executable)"
/bin/sh: 1: C:UsersIMRROAppDataLocalMicrosoftWindowsAppspython3.10.exe: Permission denied

	at ChildProcess.exithandler (node:child_process:397:12)
	at ChildProcess.emit (node:events:390:28)
	at maybeClose (node:internal/child_process:1064:16)
	at Socket.<anonymous> (node:internal/child_process:450:11)
	at Socket.emit (node:events:390:28)
	at Pipe.<anonymous> (node:net:687:12)] {
  killed: false,
  code: 127,
  signal: null,
  cmd: 'C:\\Users\\IMRRO\\AppData\\Local\\Microsoft\\WindowsApps\\python3.10.exe -c "import sys;print(sys.executable)"'
}
> C:\Users\IMRRO\AppData\Local\Microsoft\WindowsApps\python3.10.exe -c "import sys;print(sys.executable)"
[ERROR 2022-6-7 22:4:43.549]: [Error: Command failed: C:\Users\IMRRO\AppData\Local\Microsoft\WindowsApps\python3.10.exe -c "import sys;print(sys.executable)"
/bin/sh: 1: C:UsersIMRROAppDataLocalMicrosoftWindowsAppspython3.10.exe: Permission denied

	at ChildProcess.exithandler (node:child_process:397:12)
	at ChildProcess.emit (node:events:390:28)
	at maybeClose (node:internal/child_process:1064:16)
	at Socket.<anonymous> (node:internal/child_process:450:11)
	at Socket.emit (node:events:390:28)
	at Pipe.<anonymous> (node:net:687:12)] {
  killed: false,
  code: 127,
  signal: null,
  cmd: 'C:\\Users\\IMRRO\\AppData\\Local\\Microsoft\\WindowsApps\\python3.10.exe -c "import sys;print(sys.executable)"'
}
