[2022-06-30 12:57:51.590] [exthost] [info] Extension host with pid 143 started
[2022-06-30 12:57:51.600] [exthost] [info] Lock '/home/htmhqi/.vscode-server/data/User/workspaceStorage/b8b0059f5e879175db10163d2663be81/vscode.lock': Lock acquired.
[2022-06-30 12:57:51.871] [exthost] [info] ExtensionService#_doActivateExtension ms-python.python, startup: false, activationEvent: 'onLanguage:python'
[2022-06-30 12:57:52.083] [exthost] [info] ExtensionService#_doActivateExtension ms-toolsai.jupyter, startup: false, activationEvent: 'onLanguage:python'
[2022-06-30 12:57:52.335] [exthost] [info] ExtensionService#_doActivateExtension vscode.debug-auto-launch, startup: true, activationEvent: '*'
[2022-06-30 12:57:52.338] [exthost] [info] ExtensionService#_doActivateExtension vscode.git-base, startup: true, activationEvent: '*', root cause: vscode.git
[2022-06-30 12:57:52.342] [exthost] [info] ExtensionService#_doActivateExtension vscode.ipynb, startup: true, activationEvent: '*'
[2022-06-30 12:57:52.493] [exthost] [info] ExtensionService#_doActivateExtension vscode.git, startup: true, activationEvent: '*'
[2022-06-30 12:57:52.546] [exthost] [info] ExtensionService#_doActivateExtension vscode.github, startup: true, activationEvent: '*'
[2022-06-30 12:57:52.756] [exthost] [info] ExtensionService#_doActivateExtension ms-toolsai.jupyter-renderers, startup: false, activationEvent: 'api', root cause: ms-toolsai.jupyter
[2022-06-30 12:57:52.789] [exthost] [info] ExtensionService#_doActivateExtension vscode.emmet, startup: false, activationEvent: 'onStartupFinished'
[2022-06-30 12:57:52.807] [exthost] [info] ExtensionService#_doActivateExtension vscode.merge-conflict, startup: false, activationEvent: 'onStartupFinished'
[2022-06-30 12:57:52.810] [exthost] [info] Eager extensions activated
[2022-06-30 12:57:52.837] [exthost] [info] ExtensionService#_doActivateExtension ms-python.vscode-pylance, startup: false, activationEvent: 'onLanguage:python'
[2022-06-30 12:57:53.174] [exthost] [info] ExtensionService#_doActivateExtension vscode.configuration-editing, startup: false, activationEvent: 'onLanguage:jsonc'
[2022-06-30 12:57:53.178] [exthost] [info] ExtensionService#_doActivateExtension vscode.json-language-features, startup: false, activationEvent: 'onLanguage:jsonc'
[2022-06-30 12:57:53.221] [exthost] [info] ExtensionService#_doActivateExtension vscode.typescript-language-features, startup: false, activationEvent: 'onLanguage:jsonc'
[2022-06-30 12:58:02.391] [exthost] [warning] [Decorations] CAPPING events from decorations provider vscode.git 2566
[2022-06-30 12:58:07.460] [exthost] [warning] [Decorations] CAPPING events from decorations provider vscode.git 2566
[2022-06-30 12:58:12.529] [exthost] [warning] [Decorations] CAPPING events from decorations provider vscode.git 2566
[2022-06-30 12:58:17.591] [exthost] [warning] [Decorations] CAPPING events from decorations provider vscode.git 2566
[2022-06-30 12:58:22.655] [exthost] [warning] [Decorations] CAPPING events from decorations provider vscode.git 2566
[2022-06-30 12:58:27.724] [exthost] [warning] [Decorations] CAPPING events from decorations provider vscode.git 2566
[2022-06-30 12:58:32.792] [exthost] [warning] [Decorations] CAPPING events from decorations provider vscode.git 2566
[2022-06-30 12:58:37.856] [exthost] [warning] [Decorations] CAPPING events from decorations provider vscode.git 2566
[2022-06-30 12:58:42.937] [exthost] [warning] [Decorations] CAPPING events from decorations provider vscode.git 2566
[2022-06-30 12:58:48.015] [exthost] [warning] [Decorations] CAPPING events from decorations provider vscode.git 2566
[2022-06-30 12:58:53.078] [exthost] [warning] [Decorations] CAPPING events from decorations provider vscode.git 2566
[2022-06-30 12:58:58.141] [exthost] [warning] [Decorations] CAPPING events from decorations provider vscode.git 2566
[2022-06-30 12:59:03.204] [exthost] [warning] [Decorations] CAPPING events from decorations provider vscode.git 2566
[2022-06-30 12:59:08.264] [exthost] [warning] [Decorations] CAPPING events from decorations provider vscode.git 2566
[2022-06-30 12:59:13.327] [exthost] [warning] [Decorations] CAPPING events from decorations provider vscode.git 2566
[2022-06-30 12:59:18.390] [exthost] [warning] [Decorations] CAPPING events from decorations provider vscode.git 2566
[2022-06-30 12:59:23.452] [exthost] [warning] [Decorations] CAPPING events from decorations provider vscode.git 2566
[2022-06-30 12:59:28.513] [exthost] [warning] [Decorations] CAPPING events from decorations provider vscode.git 2566
[2022-06-30 12:59:33.575] [exthost] [warning] [Decorations] CAPPING events from decorations provider vscode.git 2566
[2022-06-30 12:59:38.636] [exthost] [warning] [Decorations] CAPPING events from decorations provider vscode.git 2566
[2022-06-30 12:59:43.697] [exthost] [warning] [Decorations] CAPPING events from decorations provider vscode.git 2566
[2022-06-30 12:59:48.756] [exthost] [warning] [Decorations] CAPPING events from decorations provider vscode.git 2566
[2022-06-30 12:59:53.820] [exthost] [warning] [Decorations] CAPPING events from decorations provider vscode.git 2566
[2022-06-30 12:59:58.881] [exthost] [warning] [Decorations] CAPPING events from decorations provider vscode.git 2566
[2022-06-30 13:00:03.945] [exthost] [warning] [Decorations] CAPPING events from decorations provider vscode.git 2566
[2022-06-30 13:00:09.005] [exthost] [warning] [Decorations] CAPPING events from decorations provider vscode.git 2566
[2022-06-30 13:00:14.071] [exthost] [warning] [Decorations] CAPPING events from decorations provider vscode.git 2566
[2022-06-30 13:00:19.130] [exthost] [warning] [Decorations] CAPPING events from decorations provider vscode.git 2566
[2022-06-30 13:00:24.192] [exthost] [warning] [Decorations] CAPPING events from decorations provider vscode.git 2566
[2022-06-30 13:00:29.253] [exthost] [warning] [Decorations] CAPPING events from decorations provider vscode.git 2566
[2022-06-30 13:00:34.326] [exthost] [warning] [Decorations] CAPPING events from decorations provider vscode.git 2566
[2022-06-30 13:00:39.388] [exthost] [warning] [Decorations] CAPPING events from decorations provider vscode.git 2566
[2022-06-30 13:01:06.160] [exthost] [warning] [Decorations] CAPPING events from decorations provider vscode.git 2566
[2022-06-30 13:01:11.220] [exthost] [warning] [Decorations] CAPPING events from decorations provider vscode.git 2566
[2022-06-30 13:01:16.280] [exthost] [warning] [Decorations] CAPPING events from decorations provider vscode.git 2566
[2022-06-30 13:01:21.341] [exthost] [warning] [Decorations] CAPPING events from decorations provider vscode.git 2566
[2022-06-30 13:01:26.399] [exthost] [warning] [Decorations] CAPPING events from decorations provider vscode.git 2566
[2022-06-30 13:01:31.474] [exthost] [warning] [Decorations] CAPPING events from decorations provider vscode.git 2566
[2022-06-30 13:01:36.538] [exthost] [warning] [Decorations] CAPPING events from decorations provider vscode.git 2566
[2022-06-30 13:01:41.604] [exthost] [warning] [Decorations] CAPPING events from decorations provider vscode.git 2566
[2022-06-30 13:01:59.643] [exthost] [warning] [Decorations] CAPPING events from decorations provider vscode.git 2566
[2022-06-30 13:02:04.705] [exthost] [warning] [Decorations] CAPPING events from decorations provider vscode.git 2567
[2022-06-30 13:02:09.774] [exthost] [warning] [Decorations] CAPPING events from decorations provider vscode.git 2567
[2022-06-30 13:02:18.481] [exthost] [warning] [Decorations] CAPPING events from decorations provider vscode.git 2567
[2022-06-30 13:02:23.566] [exthost] [warning] [Decorations] CAPPING events from decorations provider vscode.git 2567
[2022-06-30 13:02:28.633] [exthost] [warning] [Decorations] CAPPING events from decorations provider vscode.git 2567
[2022-06-30 13:02:33.696] [exthost] [warning] [Decorations] CAPPING events from decorations provider vscode.git 2567
[2022-06-30 13:02:38.984] [exthost] [warning] [Decorations] CAPPING events from decorations provider vscode.git 2567
[2022-06-30 13:02:44.046] [exthost] [warning] [Decorations] CAPPING events from decorations provider vscode.git 2567
[2022-06-30 13:02:49.110] [exthost] [warning] [Decorations] CAPPING events from decorations provider vscode.git 2567
[2022-06-30 13:02:55.557] [exthost] [warning] [Decorations] CAPPING events from decorations provider vscode.git 2567
[2022-06-30 13:03:00.623] [exthost] [warning] [Decorations] CAPPING events from decorations provider vscode.git 2567
[2022-06-30 13:03:05.684] [exthost] [warning] [Decorations] CAPPING events from decorations provider vscode.git 2567
[2022-06-30 13:03:10.768] [exthost] [warning] [Decorations] CAPPING events from decorations provider vscode.git 2567
[2022-06-30 13:03:15.834] [exthost] [warning] [Decorations] CAPPING events from decorations provider vscode.git 2567
[2022-06-30 13:03:24.998] [exthost] [warning] [Decorations] CAPPING events from decorations provider vscode.git 2567
[2022-06-30 13:03:30.061] [exthost] [warning] [Decorations] CAPPING events from decorations provider vscode.git 2567
[2022-06-30 13:03:35.124] [exthost] [warning] [Decorations] CAPPING events from decorations provider vscode.git 2567
[2022-06-30 13:03:40.185] [exthost] [warning] [Decorations] CAPPING events from decorations provider vscode.git 2567
[2022-06-30 13:03:45.247] [exthost] [warning] [Decorations] CAPPING events from decorations provider vscode.git 2567
[2022-06-30 13:03:54.259] [exthost] [warning] [Decorations] CAPPING events from decorations provider vscode.git 2567
[2022-06-30 13:03:59.320] [exthost] [warning] [Decorations] CAPPING events from decorations provider vscode.git 2567
[2022-06-30 13:04:11.564] [exthost] [warning] [Decorations] CAPPING events from decorations provider vscode.git 2567
[2022-06-30 13:04:16.630] [exthost] [warning] [Decorations] CAPPING events from decorations provider vscode.git 2567
[2022-06-30 13:04:21.692] [exthost] [warning] [Decorations] CAPPING events from decorations provider vscode.git 2567
[2022-06-30 13:04:26.761] [exthost] [warning] [Decorations] CAPPING events from decorations provider vscode.git 2567
[2022-06-30 13:04:41.487] [exthost] [warning] [Decorations] CAPPING events from decorations provider vscode.git 2567
[2022-06-30 13:04:46.553] [exthost] [warning] [Decorations] CAPPING events from decorations provider vscode.git 2567
[2022-06-30 13:04:51.615] [exthost] [warning] [Decorations] CAPPING events from decorations provider vscode.git 2567
[2022-06-30 13:04:56.685] [exthost] [warning] [Decorations] CAPPING events from decorations provider vscode.git 2567
[2022-06-30 13:05:01.747] [exthost] [warning] [Decorations] CAPPING events from decorations provider vscode.git 2567
[2022-06-30 13:05:06.810] [exthost] [warning] [Decorations] CAPPING events from decorations provider vscode.git 2567
[2022-06-30 13:05:11.872] [exthost] [warning] [Decorations] CAPPING events from decorations provider vscode.git 2567
[2022-06-30 13:05:16.935] [exthost] [warning] [Decorations] CAPPING events from decorations provider vscode.git 2567
[2022-06-30 13:05:21.997] [exthost] [warning] [Decorations] CAPPING events from decorations provider vscode.git 2567
[2022-06-30 13:05:27.065] [exthost] [warning] [Decorations] CAPPING events from decorations provider vscode.git 2567
[2022-06-30 13:05:47.576] [exthost] [warning] [Decorations] CAPPING events from decorations provider vscode.git 2567
[2022-06-30 13:05:52.643] [exthost] [warning] [Decorations] CAPPING events from decorations provider vscode.git 2567
[2022-06-30 13:06:03.964] [exthost] [warning] [Decorations] CAPPING events from decorations provider vscode.git 2569
[2022-06-30 13:06:17.586] [exthost] [warning] [Decorations] CAPPING events from decorations provider vscode.git 2568
[2022-06-30 13:06:22.656] [exthost] [warning] [Decorations] CAPPING events from decorations provider vscode.git 2568
[2022-06-30 13:06:27.723] [exthost] [warning] [Decorations] CAPPING events from decorations provider vscode.git 2568
[2022-06-30 13:06:32.783] [exthost] [warning] [Decorations] CAPPING events from decorations provider vscode.git 2568
[2022-06-30 13:06:37.848] [exthost] [warning] [Decorations] CAPPING events from decorations provider vscode.git 2568
[2022-06-30 13:06:42.913] [exthost] [warning] [Decorations] CAPPING events from decorations provider vscode.git 2568
[2022-06-30 13:06:47.976] [exthost] [warning] [Decorations] CAPPING events from decorations provider vscode.git 2568
[2022-06-30 13:06:53.040] [exthost] [warning] [Decorations] CAPPING events from decorations provider vscode.git 2568
[2022-06-30 13:06:58.104] [exthost] [warning] [Decorations] CAPPING events from decorations provider vscode.git 2568
[2022-06-30 13:07:03.168] [exthost] [warning] [Decorations] CAPPING events from decorations provider vscode.git 2568
[2022-06-30 13:07:08.230] [exthost] [warning] [Decorations] CAPPING events from decorations provider vscode.git 2568
[2022-06-30 13:07:13.291] [exthost] [warning] [Decorations] CAPPING events from decorations provider vscode.git 2568
[2022-06-30 13:07:18.354] [exthost] [warning] [Decorations] CAPPING events from decorations provider vscode.git 2568
[2022-06-30 13:07:23.418] [exthost] [warning] [Decorations] CAPPING events from decorations provider vscode.git 2568
[2022-06-30 13:07:28.482] [exthost] [warning] [Decorations] CAPPING events from decorations provider vscode.git 2568
[2022-06-30 13:07:33.547] [exthost] [warning] [Decorations] CAPPING events from decorations provider vscode.git 2569
[2022-06-30 13:07:38.616] [exthost] [warning] [Decorations] CAPPING events from decorations provider vscode.git 2569
[2022-06-30 13:07:43.683] [exthost] [warning] [Decorations] CAPPING events from decorations provider vscode.git 2569
[2022-06-30 13:07:48.776] [exthost] [warning] [Decorations] CAPPING events from decorations provider vscode.git 2569
[2022-06-30 13:07:53.851] [exthost] [warning] [Decorations] CAPPING events from decorations provider vscode.git 2569
[2022-06-30 13:07:58.916] [exthost] [warning] [Decorations] CAPPING events from decorations provider vscode.git 2569
[2022-06-30 13:08:03.982] [exthost] [warning] [Decorations] CAPPING events from decorations provider vscode.git 2568
[2022-06-30 13:08:09.049] [exthost] [warning] [Decorations] CAPPING events from decorations provider vscode.git 2568
[2022-06-30 13:08:14.110] [exthost] [warning] [Decorations] CAPPING events from decorations provider vscode.git 2568
[2022-06-30 13:08:19.184] [exthost] [warning] [Decorations] CAPPING events from decorations provider vscode.git 2568
[2022-06-30 13:08:24.250] [exthost] [warning] [Decorations] CAPPING events from decorations provider vscode.git 2568
[2022-06-30 13:08:29.315] [exthost] [warning] [Decorations] CAPPING events from decorations provider vscode.git 2568
[2022-06-30 13:08:34.378] [exthost] [warning] [Decorations] CAPPING events from decorations provider vscode.git 2568
[2022-06-30 13:08:39.440] [exthost] [warning] [Decorations] CAPPING events from decorations provider vscode.git 2568
[2022-06-30 13:08:44.509] [exthost] [warning] [Decorations] CAPPING events from decorations provider vscode.git 2568
[2022-06-30 13:08:49.573] [exthost] [warning] [Decorations] CAPPING events from decorations provider vscode.git 2568
[2022-06-30 13:08:54.652] [exthost] [warning] [Decorations] CAPPING events from decorations provider vscode.git 2568
[2022-06-30 13:09:16.739] [exthost] [warning] [Decorations] CAPPING events from decorations provider vscode.git 2568
[2022-06-30 13:09:21.805] [exthost] [warning] [Decorations] CAPPING events from decorations provider vscode.git 2568
[2022-06-30 13:09:26.868] [exthost] [warning] [Decorations] CAPPING events from decorations provider vscode.git 2568
[2022-06-30 13:09:31.931] [exthost] [warning] [Decorations] CAPPING events from decorations provider vscode.git 2568
[2022-06-30 13:09:36.993] [exthost] [warning] [Decorations] CAPPING events from decorations provider vscode.git 2568
[2022-06-30 13:09:42.058] [exthost] [warning] [Decorations] CAPPING events from decorations provider vscode.git 2568
[2022-06-30 13:09:47.134] [exthost] [warning] [Decorations] CAPPING events from decorations provider vscode.git 2568
[2022-06-30 13:09:52.202] [exthost] [warning] [Decorations] CAPPING events from decorations provider vscode.git 2568
[2022-06-30 13:09:57.287] [exthost] [warning] [Decorations] CAPPING events from decorations provider vscode.git 2568
[2022-06-30 13:10:02.355] [exthost] [warning] [Decorations] CAPPING events from decorations provider vscode.git 2568
[2022-06-30 13:10:07.421] [exthost] [warning] [Decorations] CAPPING events from decorations provider vscode.git 2568
[2022-06-30 13:10:12.491] [exthost] [warning] [Decorations] CAPPING events from decorations provider vscode.git 2568
[2022-06-30 13:10:17.558] [exthost] [warning] [Decorations] CAPPING events from decorations provider vscode.git 2568
[2022-06-30 13:10:22.619] [exthost] [warning] [Decorations] CAPPING events from decorations provider vscode.git 2568
[2022-06-30 13:10:27.703] [exthost] [warning] [Decorations] CAPPING events from decorations provider vscode.git 2568
[2022-06-30 13:10:32.768] [exthost] [warning] [Decorations] CAPPING events from decorations provider vscode.git 2568
[2022-06-30 13:10:37.833] [exthost] [warning] [Decorations] CAPPING events from decorations provider vscode.git 2568
[2022-06-30 13:10:42.896] [exthost] [warning] [Decorations] CAPPING events from decorations provider vscode.git 2568
[2022-06-30 13:10:47.964] [exthost] [warning] [Decorations] CAPPING events from decorations provider vscode.git 2568
[2022-06-30 13:10:53.026] [exthost] [warning] [Decorations] CAPPING events from decorations provider vscode.git 2568
[2022-06-30 13:10:58.089] [exthost] [warning] [Decorations] CAPPING events from decorations provider vscode.git 2568
[2022-06-30 13:11:03.170] [exthost] [warning] [Decorations] CAPPING events from decorations provider vscode.git 2568
[2022-06-30 13:11:10.618] [exthost] [warning] [Decorations] CAPPING events from decorations provider vscode.git 2568
[2022-06-30 13:11:17.962] [exthost] [warning] [Decorations] CAPPING events from decorations provider vscode.git 2568
[2022-06-30 13:11:23.025] [exthost] [warning] [Decorations] CAPPING events from decorations provider vscode.git 2568
[2022-06-30 13:11:30.034] [exthost] [warning] [Decorations] CAPPING events from decorations provider vscode.git 2568
[2022-06-30 13:11:35.104] [exthost] [warning] [Decorations] CAPPING events from decorations provider vscode.git 2568
[2022-06-30 13:11:39.834] [exthost] [warning] [Decorations] CAPPING events from decorations provider vscode.git 2568
[2022-06-30 13:11:40.357] [exthost] [warning] [Decorations] CAPPING events from decorations provider vscode.git 2568
[2022-06-30 13:11:45.459] [exthost] [warning] [Decorations] CAPPING events from decorations provider vscode.git 2568
[2022-06-30 13:12:12.194] [exthost] [warning] [Decorations] CAPPING events from decorations provider vscode.git 2568
[2022-06-30 13:12:17.280] [exthost] [warning] [Decorations] CAPPING events from decorations provider vscode.git 2568
[2022-06-30 13:12:22.364] [exthost] [warning] [Decorations] CAPPING events from decorations provider vscode.git 2568
[2022-06-30 13:12:27.451] [exthost] [warning] [Decorations] CAPPING events from decorations provider vscode.git 2568
[2022-06-30 13:12:32.539] [exthost] [warning] [Decorations] CAPPING events from decorations provider vscode.git 2568
[2022-06-30 13:12:37.626] [exthost] [warning] [Decorations] CAPPING events from decorations provider vscode.git 2568
[2022-06-30 13:12:42.714] [exthost] [warning] [Decorations] CAPPING events from decorations provider vscode.git 2568
[2022-06-30 13:12:54.595] [exthost] [warning] [Decorations] CAPPING events from decorations provider vscode.git 2568
[2022-06-30 13:13:11.719] [exthost] [warning] [Decorations] CAPPING events from decorations provider vscode.git 2569
[2022-06-30 13:13:16.803] [exthost] [warning] [Decorations] CAPPING events from decorations provider vscode.git 2569
[2022-06-30 13:13:21.899] [exthost] [warning] [Decorations] CAPPING events from decorations provider vscode.git 2569
[2022-06-30 13:13:26.987] [exthost] [warning] [Decorations] CAPPING events from decorations provider vscode.git 2569
[2022-06-30 13:13:32.070] [exthost] [warning] [Decorations] CAPPING events from decorations provider vscode.git 2569
[2022-06-30 13:41:36.622] [exthost] [warning] [Decorations] CAPPING events from decorations provider vscode.git 2569
[2022-06-30 13:41:41.712] [exthost] [warning] [Decorations] CAPPING events from decorations provider vscode.git 2569
[2022-06-30 13:41:46.833] [exthost] [warning] [Decorations] CAPPING events from decorations provider vscode.git 2569
[2022-06-30 13:41:51.977] [exthost] [warning] [Decorations] CAPPING events from decorations provider vscode.git 2569
[2022-06-30 13:41:57.109] [exthost] [warning] [Decorations] CAPPING events from decorations provider vscode.git 2569
[2022-06-30 13:42:02.269] [exthost] [warning] [Decorations] CAPPING events from decorations provider vscode.git 2569
[2022-06-30 13:42:07.444] [exthost] [warning] [Decorations] CAPPING events from decorations provider vscode.git 2569
[2022-06-30 13:42:12.566] [exthost] [warning] [Decorations] CAPPING events from decorations provider vscode.git 2569
[2022-06-30 13:42:17.694] [exthost] [warning] [Decorations] CAPPING events from decorations provider vscode.git 2569
[2022-06-30 13:42:22.816] [exthost] [warning] [Decorations] CAPPING events from decorations provider vscode.git 2569
[2022-06-30 13:46:08.710] [exthost] [warning] [Decorations] CAPPING events from decorations provider vscode.git 2569
[2022-06-30 16:25:05.296] [exthost] [warning] [Decorations] CAPPING events from decorations provider vscode.git 2569
[2022-06-30 16:27:19.852] [exthost] [warning] [Decorations] CAPPING events from decorations provider vscode.git 2569
[2022-06-30 16:27:24.942] [exthost] [warning] [Decorations] CAPPING events from decorations provider vscode.git 2569
[2022-06-30 16:27:30.037] [exthost] [warning] [Decorations] CAPPING events from decorations provider vscode.git 2569
[2022-06-30 16:27:35.141] [exthost] [warning] [Decorations] CAPPING events from decorations provider vscode.git 2569
[2022-06-30 16:27:40.244] [exthost] [warning] [Decorations] CAPPING events from decorations provider vscode.git 2569
[2022-06-30 16:27:45.343] [exthost] [warning] [Decorations] CAPPING events from decorations provider vscode.git 2569
[2022-06-30 16:27:50.453] [exthost] [warning] [Decorations] CAPPING events from decorations provider vscode.git 2569
[2022-06-30 16:27:55.553] [exthost] [warning] [Decorations] CAPPING events from decorations provider vscode.git 2569
[2022-06-30 16:28:00.665] [exthost] [warning] [Decorations] CAPPING events from decorations provider vscode.git 2569
[2022-06-30 16:28:05.771] [exthost] [warning] [Decorations] CAPPING events from decorations provider vscode.git 2569
[2022-06-30 16:28:10.862] [exthost] [warning] [Decorations] CAPPING events from decorations provider vscode.git 2569
[2022-06-30 16:28:15.968] [exthost] [warning] [Decorations] CAPPING events from decorations provider vscode.git 2569
[2022-06-30 16:28:21.797] [exthost] [warning] [Decorations] CAPPING events from decorations provider vscode.git 2569
[2022-06-30 16:28:26.883] [exthost] [warning] [Decorations] CAPPING events from decorations provider vscode.git 2569
[2022-06-30 16:28:31.966] [exthost] [warning] [Decorations] CAPPING events from decorations provider vscode.git 2569
[2022-06-30 16:28:37.068] [exthost] [warning] [Decorations] CAPPING events from decorations provider vscode.git 2569
[2022-06-30 16:28:42.195] [exthost] [warning] [Decorations] CAPPING events from decorations provider vscode.git 2569
[2022-06-30 16:28:47.289] [exthost] [warning] [Decorations] CAPPING events from decorations provider vscode.git 2569
[2022-06-30 16:28:52.392] [exthost] [warning] [Decorations] CAPPING events from decorations provider vscode.git 2569
[2022-06-30 16:28:57.521] [exthost] [warning] [Decorations] CAPPING events from decorations provider vscode.git 2569
[2022-06-30 16:29:02.622] [exthost] [warning] [Decorations] CAPPING events from decorations provider vscode.git 2569
[2022-06-30 16:29:07.733] [exthost] [warning] [Decorations] CAPPING events from decorations provider vscode.git 2569
[2022-06-30 16:29:12.846] [exthost] [warning] [Decorations] CAPPING events from decorations provider vscode.git 2569
[2022-06-30 16:29:17.937] [exthost] [warning] [Decorations] CAPPING events from decorations provider vscode.git 2569
[2022-06-30 16:29:23.039] [exthost] [warning] [Decorations] CAPPING events from decorations provider vscode.git 2569
[2022-06-30 16:29:28.128] [exthost] [warning] [Decorations] CAPPING events from decorations provider vscode.git 2569
[2022-06-30 16:29:33.942] [exthost] [warning] [Decorations] CAPPING events from decorations provider vscode.git 2569
[2022-06-30 16:29:39.022] [exthost] [warning] [Decorations] CAPPING events from decorations provider vscode.git 2569
[2022-06-30 16:33:57.801] [exthost] [warning] [Decorations] CAPPING events from decorations provider vscode.git 2569
[2022-06-30 16:34:02.884] [exthost] [warning] [Decorations] CAPPING events from decorations provider vscode.git 2569
[2022-06-30 16:34:07.448] [exthost] [warning] [Decorations] CAPPING events from decorations provider vscode.git 2569
[2022-06-30 16:34:08.227] [exthost] [warning] [Decorations] CAPPING events from decorations provider vscode.git 2569
[2022-06-30 16:34:13.331] [exthost] [warning] [Decorations] CAPPING events from decorations provider vscode.git 2569
[2022-06-30 16:34:18.455] [exthost] [warning] [Decorations] CAPPING events from decorations provider vscode.git 2569
[2022-06-30 16:34:23.568] [exthost] [warning] [Decorations] CAPPING events from decorations provider vscode.git 2569
[2022-06-30 16:34:55.973] [exthost] [warning] [Decorations] CAPPING events from decorations provider vscode.git 2569
[2022-06-30 16:35:01.056] [exthost] [warning] [Decorations] CAPPING events from decorations provider vscode.git 2569
[2022-06-30 16:35:06.145] [exthost] [warning] [Decorations] CAPPING events from decorations provider vscode.git 2569
[2022-06-30 16:35:11.237] [exthost] [warning] [Decorations] CAPPING events from decorations provider vscode.git 2569
[2022-06-30 16:35:33.116] [exthost] [warning] [Decorations] CAPPING events from decorations provider vscode.git 2569
[2022-06-30 16:35:38.201] [exthost] [warning] [Decorations] CAPPING events from decorations provider vscode.git 2569
[2022-06-30 16:37:07.378] [exthost] [warning] [Decorations] CAPPING events from decorations provider vscode.git 2569
[2022-06-30 16:37:12.500] [exthost] [warning] [Decorations] CAPPING events from decorations provider vscode.git 2569
[2022-06-30 16:37:17.607] [exthost] [warning] [Decorations] CAPPING events from decorations provider vscode.git 2569
[2022-06-30 16:37:23.425] [exthost] [warning] [Decorations] CAPPING events from decorations provider vscode.git 2569
[2022-06-30 16:37:29.459] [exthost] [warning] [Decorations] CAPPING events from decorations provider vscode.git 2569
[2022-06-30 16:37:43.462] [exthost] [warning] [Decorations] CAPPING events from decorations provider vscode.git 2569
[2022-06-30 16:37:48.611] [exthost] [warning] [Decorations] CAPPING events from decorations provider vscode.git 2569
[2022-06-30 17:05:22.486] [exthost] [warning] [Decorations] CAPPING events from decorations provider vscode.git 2569
[2022-06-30 17:49:37.135] [exthost] [warning] [Decorations] CAPPING events from decorations provider vscode.git 2569
[2022-06-30 17:49:42.255] [exthost] [warning] [Decorations] CAPPING events from decorations provider vscode.git 2569
[2022-06-30 17:49:47.346] [exthost] [warning] [Decorations] CAPPING events from decorations provider vscode.git 2569
[2022-06-30 17:49:52.446] [exthost] [warning] [Decorations] CAPPING events from decorations provider vscode.git 2569
[2022-06-30 17:49:57.562] [exthost] [warning] [Decorations] CAPPING events from decorations provider vscode.git 2569
[2022-06-30 17:50:02.669] [exthost] [warning] [Decorations] CAPPING events from decorations provider vscode.git 2569
[2022-06-30 17:50:07.772] [exthost] [warning] [Decorations] CAPPING events from decorations provider vscode.git 2569
[2022-06-30 17:50:12.872] [exthost] [warning] [Decorations] CAPPING events from decorations provider vscode.git 2569
[2022-06-30 17:50:17.988] [exthost] [warning] [Decorations] CAPPING events from decorations provider vscode.git 2569
[2022-06-30 17:50:23.084] [exthost] [warning] [Decorations] CAPPING events from decorations provider vscode.git 2569
[2022-06-30 17:50:28.162] [exthost] [warning] [Decorations] CAPPING events from decorations provider vscode.git 2569
[2022-06-30 17:50:33.242] [exthost] [warning] [Decorations] CAPPING events from decorations provider vscode.git 2569
[2022-06-30 17:50:38.322] [exthost] [warning] [Decorations] CAPPING events from decorations provider vscode.git 2569
[2022-06-30 17:50:43.403] [exthost] [warning] [Decorations] CAPPING events from decorations provider vscode.git 2569
[2022-06-30 17:50:48.502] [exthost] [warning] [Decorations] CAPPING events from decorations provider vscode.git 2571
[2022-06-30 17:50:53.591] [exthost] [warning] [Decorations] CAPPING events from decorations provider vscode.git 2571
[2022-06-30 17:50:58.678] [exthost] [warning] [Decorations] CAPPING events from decorations provider vscode.git 2571
[2022-06-30 17:51:03.762] [exthost] [warning] [Decorations] CAPPING events from decorations provider vscode.git 2571
[2022-06-30 17:51:08.860] [exthost] [warning] [Decorations] CAPPING events from decorations provider vscode.git 2571
[2022-06-30 17:51:13.975] [exthost] [warning] [Decorations] CAPPING events from decorations provider vscode.git 2571
[2022-06-30 17:51:19.075] [exthost] [warning] [Decorations] CAPPING events from decorations provider vscode.git 2571
[2022-06-30 17:51:24.164] [exthost] [warning] [Decorations] CAPPING events from decorations provider vscode.git 2571
[2022-06-30 17:51:29.246] [exthost] [warning] [Decorations] CAPPING events from decorations provider vscode.git 2571
[2022-06-30 17:51:34.338] [exthost] [warning] [Decorations] CAPPING events from decorations provider vscode.git 2571
[2022-06-30 17:51:39.447] [exthost] [warning] [Decorations] CAPPING events from decorations provider vscode.git 2571
[2022-06-30 17:51:44.542] [exthost] [warning] [Decorations] CAPPING events from decorations provider vscode.git 2571
[2022-06-30 17:51:49.643] [exthost] [warning] [Decorations] CAPPING events from decorations provider vscode.git 2571
[2022-06-30 17:51:54.732] [exthost] [warning] [Decorations] CAPPING events from decorations provider vscode.git 2571
[2022-06-30 17:51:59.833] [exthost] [warning] [Decorations] CAPPING events from decorations provider vscode.git 2571
[2022-06-30 17:52:04.924] [exthost] [warning] [Decorations] CAPPING events from decorations provider vscode.git 2571
[2022-06-30 17:52:10.004] [exthost] [warning] [Decorations] CAPPING events from decorations provider vscode.git 2571
[2022-06-30 17:52:15.109] [exthost] [warning] [Decorations] CAPPING events from decorations provider vscode.git 2571
[2022-06-30 17:52:20.215] [exthost] [warning] [Decorations] CAPPING events from decorations provider vscode.git 2571
[2022-06-30 17:52:25.311] [exthost] [warning] [Decorations] CAPPING events from decorations provider vscode.git 2571
[2022-06-30 17:52:30.418] [exthost] [warning] [Decorations] CAPPING events from decorations provider vscode.git 2571
[2022-06-30 17:52:35.524] [exthost] [warning] [Decorations] CAPPING events from decorations provider vscode.git 2571
[2022-06-30 17:52:40.622] [exthost] [warning] [Decorations] CAPPING events from decorations provider vscode.git 2571
[2022-06-30 17:52:45.723] [exthost] [warning] [Decorations] CAPPING events from decorations provider vscode.git 2571
[2022-06-30 17:52:50.819] [exthost] [warning] [Decorations] CAPPING events from decorations provider vscode.git 2571
[2022-06-30 17:52:55.906] [exthost] [warning] [Decorations] CAPPING events from decorations provider vscode.git 2571
[2022-06-30 17:53:00.995] [exthost] [warning] [Decorations] CAPPING events from decorations provider vscode.git 2571
[2022-06-30 17:53:06.109] [exthost] [warning] [Decorations] CAPPING events from decorations provider vscode.git 2571
[2022-06-30 17:53:11.216] [exthost] [warning] [Decorations] CAPPING events from decorations provider vscode.git 2571
[2022-06-30 17:53:16.313] [exthost] [warning] [Decorations] CAPPING events from decorations provider vscode.git 2571
[2022-06-30 17:53:21.414] [exthost] [warning] [Decorations] CAPPING events from decorations provider vscode.git 2571
[2022-06-30 17:53:26.503] [exthost] [warning] [Decorations] CAPPING events from decorations provider vscode.git 2571
[2022-06-30 17:53:31.586] [exthost] [warning] [Decorations] CAPPING events from decorations provider vscode.git 2571
[2022-06-30 17:59:59.981] [exthost] [warning] [Decorations] CAPPING events from decorations provider vscode.git 2571
[2022-06-30 18:07:21.793] [exthost] [warning] [Decorations] CAPPING events from decorations provider vscode.git 2571
[2022-06-30 18:07:26.876] [exthost] [warning] [Decorations] CAPPING events from decorations provider vscode.git 2571
[2022-06-30 18:07:31.956] [exthost] [warning] [Decorations] CAPPING events from decorations provider vscode.git 2571
[2022-06-30 18:07:37.050] [exthost] [warning] [Decorations] CAPPING events from decorations provider vscode.git 2571
[2022-06-30 18:07:42.145] [exthost] [warning] [Decorations] CAPPING events from decorations provider vscode.git 2571
[2022-06-30 18:07:47.227] [exthost] [warning] [Decorations] CAPPING events from decorations provider vscode.git 2571
[2022-06-30 18:07:56.082] [exthost] [warning] [Decorations] CAPPING events from decorations provider vscode.git 2571
[2022-06-30 18:08:01.165] [exthost] [warning] [Decorations] CAPPING events from decorations provider vscode.git 2571
[2022-06-30 18:08:06.253] [exthost] [warning] [Decorations] CAPPING events from decorations provider vscode.git 2571
[2022-06-30 18:12:45.386] [exthost] [warning] [Decorations] CAPPING events from decorations provider vscode.git 2571
[2022-06-30 18:12:50.466] [exthost] [warning] [Decorations] CAPPING events from decorations provider vscode.git 2571
[2022-06-30 18:12:55.549] [exthost] [warning] [Decorations] CAPPING events from decorations provider vscode.git 2571
[2022-06-30 18:28:53.260] [exthost] [warning] [Decorations] CAPPING events from decorations provider vscode.git 2571
[2022-06-30 18:28:58.380] [exthost] [warning] [Decorations] CAPPING events from decorations provider vscode.git 2571
[2022-06-30 18:29:03.518] [exthost] [warning] [Decorations] CAPPING events from decorations provider vscode.git 2571
[2022-06-30 18:29:05.539] [exthost] [warning] [Decorations] CAPPING events from decorations provider vscode.git 2571
[2022-06-30 18:29:08.632] [exthost] [warning] [Decorations] CAPPING events from decorations provider vscode.git 2571
[2022-06-30 18:29:13.753] [exthost] [warning] [Decorations] CAPPING events from decorations provider vscode.git 2571
[2022-06-30 18:29:18.862] [exthost] [warning] [Decorations] CAPPING events from decorations provider vscode.git 2571
[2022-06-30 18:29:22.547] [exthost] [warning] [Decorations] CAPPING events from decorations provider vscode.git 2571
[2022-06-30 18:29:23.959] [exthost] [warning] [Decorations] CAPPING events from decorations provider vscode.git 2571
[2022-06-30 18:29:29.083] [exthost] [warning] [Decorations] CAPPING events from decorations provider vscode.git 2571
[2022-06-30 18:29:34.205] [exthost] [warning] [Decorations] CAPPING events from decorations provider vscode.git 2571
[2022-06-30 18:29:39.311] [exthost] [warning] [Decorations] CAPPING events from decorations provider vscode.git 2571
[2022-06-30 18:29:44.420] [exthost] [warning] [Decorations] CAPPING events from decorations provider vscode.git 2571
[2022-06-30 18:29:49.531] [exthost] [warning] [Decorations] CAPPING events from decorations provider vscode.git 2571
[2022-06-30 19:07:41.052] [exthost] [warning] [Decorations] CAPPING events from decorations provider vscode.git 2571
[2022-06-30 21:31:58.160] [exthost] [warning] [Decorations] CAPPING events from decorations provider vscode.git 2571
[2022-06-30 21:32:03.299] [exthost] [warning] [Decorations] CAPPING events from decorations provider vscode.git 2571
[2022-06-30 21:32:04.304] [exthost] [info] Extension host terminating: received terminate message from renderer
[2022-06-30 21:32:04.305] [exthost] [info] Lock '/home/htmhqi/.vscode-server/data/User/workspaceStorage/b8b0059f5e879175db10163d2663be81/vscode.lock': Marking the lockfile as scheduled to be released in 6000 ms.
[2022-06-30 21:32:04.360] [exthost] [info] Extension host with pid 143 exiting with code 0
