Experiment 'pythonaacf' is active
Experiment 'pythonTensorboardExperiment' is active
Experiment 'PythonPyTorchProfiler' is active
LSP Notebooks experiment is disabled -- not in treatment group
> conda info --json
> C:\Users\IMRRO\AppData\Local\Microsoft\WindowsApps\python3.10.exe -c "import sys;print(sys.executable)"
> C:\Users\IMRRO\AppData\Local\Microsoft\WindowsApps\python3.10.exe -c "import sys;print(sys.executable)"
> C:\Users\IMRRO\AppData\Local\Microsoft\WindowsApps\python3.10.exe -c "import sys;print(sys.executable)"
[ERROR 2022-6-12 20:33:41.70]: [Error: Command failed: C:\Users\IMRRO\AppData\Local\Microsoft\WindowsApps\python3.10.exe -c "import sys;print(sys.executable)"
/bin/sh: 1: C:UsersIMRROAppDataLocalMicrosoftWindowsAppspython3.10.exe: Permission denied

	at ChildProcess.exithandler (node:child_process:397:12)
	at ChildProcess.emit (node:events:390:28)
	at maybeClose (node:internal/child_process:1064:16)
	at Socket.<anonymous> (node:internal/child_process:450:11)
	at Socket.emit (node:events:390:28)
	at Pipe.<anonymous> (node:net:687:12)] {
  killed: false,
  code: 127,
  signal: null,
  cmd: 'C:\\Users\\IMRRO\\AppData\\Local\\Microsoft\\WindowsApps\\python3.10.exe -c "import sys;print(sys.executable)"'
}
[ERROR 2022-6-12 20:33:41.79]: [Error: Command failed: C:\Users\IMRRO\AppData\Local\Microsoft\WindowsApps\python3.10.exe -c "import sys;print(sys.executable)"
/bin/sh: 1: C:UsersIMRROAppDataLocalMicrosoftWindowsAppspython3.10.exe: Permission denied

	at ChildProcess.exithandler (node:child_process:397:12)
	at ChildProcess.emit (node:events:390:28)
	at maybeClose (node:internal/child_process:1064:16)
	at Socket.<anonymous> (node:internal/child_process:450:11)
	at Socket.emit (node:events:390:28)
	at Pipe.<anonymous> (node:net:687:12)] {
  killed: false,
  code: 127,
  signal: null,
  cmd: 'C:\\Users\\IMRRO\\AppData\\Local\\Microsoft\\WindowsApps\\python3.10.exe -c "import sys;print(sys.executable)"'
}
> C:\Users\IMRRO\AppData\Local\Microsoft\WindowsApps\python3.10.exe -c "import sys;print(sys.executable)"
[ERROR 2022-6-12 20:33:41.100]: [Error: Command failed: C:\Users\IMRRO\AppData\Local\Microsoft\WindowsApps\python3.10.exe -c "import sys;print(sys.executable)"
/bin/sh: 1: C:UsersIMRROAppDataLocalMicrosoftWindowsAppspython3.10.exe: Permission denied

	at ChildProcess.exithandler (node:child_process:397:12)
	at ChildProcess.emit (node:events:390:28)
	at maybeClose (node:internal/child_process:1064:16)
	at Socket.<anonymous> (node:internal/child_process:450:11)
	at Socket.emit (node:events:390:28)
	at Pipe.<anonymous> (node:net:687:12)] {
  killed: false,
  code: 127,
  signal: null,
  cmd: 'C:\\Users\\IMRRO\\AppData\\Local\\Microsoft\\WindowsApps\\python3.10.exe -c "import sys;print(sys.executable)"'
}
[ERROR 2022-6-12 20:33:41.134]: [Error: Command failed: C:\Users\IMRRO\AppData\Local\Microsoft\WindowsApps\python3.10.exe -c "import sys;print(sys.executable)"
/bin/sh: 1: C:UsersIMRROAppDataLocalMicrosoftWindowsAppspython3.10.exe: Permission denied

	at ChildProcess.exithandler (node:child_process:397:12)
	at ChildProcess.emit (node:events:390:28)
	at maybeClose (node:internal/child_process:1064:16)
	at Socket.<anonymous> (node:internal/child_process:450:11)
	at Socket.emit (node:events:390:28)
	at Pipe.<anonymous> (node:net:687:12)] {
  killed: false,
  code: 127,
  signal: null,
  cmd: 'C:\\Users\\IMRRO\\AppData\\Local\\Microsoft\\WindowsApps\\python3.10.exe -c "import sys;print(sys.executable)"'
}
Starting Pylance language server.
Diagnostic Code: NoPythonInterpretersDiagnostic, Message: Python is not installed. Please download and install Python before using the extension.
> C:\Users\IMRRO\AppData\Local\Microsoft\WindowsApps\python3.10.exe -c "import sys;print(sys.executable)"
> C:\Users\IMRRO\AppData\Local\Microsoft\WindowsApps\python3.10.exe -c "import sys;print(sys.executable)"
[ERROR 2022-6-12 20:33:51.898]: [Error: Command failed: C:\Users\IMRRO\AppData\Local\Microsoft\WindowsApps\python3.10.exe -c "import sys;print(sys.executable)"
/bin/sh: 1: C:UsersIMRROAppDataLocalMicrosoftWindowsAppspython3.10.exe: Permission denied

	at ChildProcess.exithandler (node:child_process:397:12)
	at ChildProcess.emit (node:events:390:28)
	at maybeClose (node:internal/child_process:1064:16)
	at Socket.<anonymous> (node:internal/child_process:450:11)
	at Socket.emit (node:events:390:28)
	at Pipe.<anonymous> (node:net:687:12)] {
  killed: false,
  code: 127,
  signal: null,
  cmd: 'C:\\Users\\IMRRO\\AppData\\Local\\Microsoft\\WindowsApps\\python3.10.exe -c "import sys;print(sys.executable)"'
}
[ERROR 2022-6-12 20:33:51.905]: [Error: Command failed: C:\Users\IMRRO\AppData\Local\Microsoft\WindowsApps\python3.10.exe -c "import sys;print(sys.executable)"
/bin/sh: 1: C:UsersIMRROAppDataLocalMicrosoftWindowsAppspython3.10.exe: Permission denied

	at ChildProcess.exithandler (node:child_process:397:12)
	at ChildProcess.emit (node:events:390:28)
	at maybeClose (node:internal/child_process:1064:16)
	at Socket.<anonymous> (node:internal/child_process:450:11)
	at Socket.emit (node:events:390:28)
	at Pipe.<anonymous> (node:net:687:12)] {
  killed: false,
  code: 127,
  signal: null,
  cmd: 'C:\\Users\\IMRRO\\AppData\\Local\\Microsoft\\WindowsApps\\python3.10.exe -c "import sys;print(sys.executable)"'
}
> C:\Users\IMRRO\AppData\Local\Microsoft\WindowsApps\python3.10.exe -c "import sys;print(sys.executable)"
[ERROR 2022-6-12 20:33:53.644]: [Error: Command failed: C:\Users\IMRRO\AppData\Local\Microsoft\WindowsApps\python3.10.exe -c "import sys;print(sys.executable)"
/bin/sh: 1: C:UsersIMRROAppDataLocalMicrosoftWindowsAppspython3.10.exe: Permission denied

	at ChildProcess.exithandler (node:child_process:397:12)
	at ChildProcess.emit (node:events:390:28)
	at maybeClose (node:internal/child_process:1064:16)
	at Socket.<anonymous> (node:internal/child_process:450:11)
	at Socket.emit (node:events:390:28)
	at Pipe.<anonymous> (node:net:687:12)] {
  killed: false,
  code: 127,
  signal: null,
  cmd: 'C:\\Users\\IMRRO\\AppData\\Local\\Microsoft\\WindowsApps\\python3.10.exe -c "import sys;print(sys.executable)"'
}
> C:\Users\IMRRO\AppData\Local\Microsoft\WindowsApps\python3.10.exe -c "import sys;print(sys.executable)"
[ERROR 2022-6-12 20:33:53.802]: [Error: Command failed: C:\Users\IMRRO\AppData\Local\Microsoft\WindowsApps\python3.10.exe -c "import sys;print(sys.executable)"
/bin/sh: 1: C:UsersIMRROAppDataLocalMicrosoftWindowsAppspython3.10.exe: Permission denied

	at ChildProcess.exithandler (node:child_process:397:12)
	at ChildProcess.emit (node:events:390:28)
	at maybeClose (node:internal/child_process:1064:16)
	at Socket.<anonymous> (node:internal/child_process:450:11)
	at Socket.emit (node:events:390:28)
	at Pipe.<anonymous> (node:net:687:12)] {
  killed: false,
  code: 127,
  signal: null,
  cmd: 'C:\\Users\\IMRRO\\AppData\\Local\\Microsoft\\WindowsApps\\python3.10.exe -c "import sys;print(sys.executable)"'
}
> C:\Users\IMRRO\AppData\Local\Microsoft\WindowsApps\python3.10.exe -c "import sys;print(sys.executable)"
[ERROR 2022-6-12 20:33:53.849]: [Error: Command failed: C:\Users\IMRRO\AppData\Local\Microsoft\WindowsApps\python3.10.exe -c "import sys;print(sys.executable)"
/bin/sh: 1: C:UsersIMRROAppDataLocalMicrosoftWindowsAppspython3.10.exe: Permission denied

	at ChildProcess.exithandler (node:child_process:397:12)
	at ChildProcess.emit (node:events:390:28)
	at maybeClose (node:internal/child_process:1064:16)
	at Socket.<anonymous> (node:internal/child_process:450:11)
	at Socket.emit (node:events:390:28)
	at Pipe.<anonymous> (node:net:687:12)] {
  killed: false,
  code: 127,
  signal: null,
  cmd: 'C:\\Users\\IMRRO\\AppData\\Local\\Microsoft\\WindowsApps\\python3.10.exe -c "import sys;print(sys.executable)"'
}
> C:\Users\IMRRO\AppData\Local\Microsoft\WindowsApps\python3.10.exe ~/.vscode-server/extensions/ms-python.python-2022.10.0/pythonFiles/get_output_via_markers.py ~/.vscode-server/extensions/ms-python.python-2022.10.0/pythonFiles/interpreterInfo.py
[ERROR 2022-6-12 20:33:53.924]: [Error: Command failed: C:\Users\IMRRO\AppData\Local\Microsoft\WindowsApps\python3.10.exe /home/htmhqi/.vscode-server/extensions/ms-python.python-2022.10.0/pythonFiles/get_output_via_markers.py /home/htmhqi/.vscode-server/extensions/ms-python.python-2022.10.0/pythonFiles/interpreterInfo.py
/bin/sh: 1: C:UsersIMRROAppDataLocalMicrosoftWindowsAppspython3.10.exe: Permission denied

	at ChildProcess.exithandler (node:child_process:397:12)
	at ChildProcess.emit (node:events:390:28)
	at maybeClose (node:internal/child_process:1064:16)
	at Socket.<anonymous> (node:internal/child_process:450:11)
	at Socket.emit (node:events:390:28)
	at Pipe.<anonymous> (node:net:687:12)] {
  killed: false,
  code: 127,
  signal: null,
  cmd: 'C:\\Users\\IMRRO\\AppData\\Local\\Microsoft\\WindowsApps\\python3.10.exe /home/htmhqi/.vscode-server/extensions/ms-python.python-2022.10.0/pythonFiles/get_output_via_markers.py /home/htmhqi/.vscode-server/extensions/ms-python.python-2022.10.0/pythonFiles/interpreterInfo.py'
}
> C:\Users\IMRRO\AppData\Local\Microsoft\WindowsApps\python3.10.exe -c "import sys;print(sys.executable)"
[ERROR 2022-6-12 20:42:54.335]: [Error: Command failed: C:\Users\IMRRO\AppData\Local\Microsoft\WindowsApps\python3.10.exe -c "import sys;print(sys.executable)"
/bin/sh: 1: C:UsersIMRROAppDataLocalMicrosoftWindowsAppspython3.10.exe: Permission denied

	at ChildProcess.exithandler (node:child_process:397:12)
	at ChildProcess.emit (node:events:390:28)
	at maybeClose (node:internal/child_process:1064:16)
	at Socket.<anonymous> (node:internal/child_process:450:11)
	at Socket.emit (node:events:390:28)
	at Pipe.<anonymous> (node:net:687:12)] {
  killed: false,
  code: 127,
  signal: null,
  cmd: 'C:\\Users\\IMRRO\\AppData\\Local\\Microsoft\\WindowsApps\\python3.10.exe -c "import sys;print(sys.executable)"'
}
> C:\Users\IMRRO\AppData\Local\Microsoft\WindowsApps\python3.10.exe -c "import sys;print(sys.executable)"
[ERROR 2022-6-12 20:42:57.687]: [Error: Command failed: C:\Users\IMRRO\AppData\Local\Microsoft\WindowsApps\python3.10.exe -c "import sys;print(sys.executable)"
/bin/sh: 1: C:UsersIMRROAppDataLocalMicrosoftWindowsAppspython3.10.exe: Permission denied

	at ChildProcess.exithandler (node:child_process:397:12)
	at ChildProcess.emit (node:events:390:28)
	at maybeClose (node:internal/child_process:1064:16)
	at Socket.<anonymous> (node:internal/child_process:450:11)
	at Socket.emit (node:events:390:28)
	at Pipe.<anonymous> (node:net:687:12)] {
  killed: false,
  code: 127,
  signal: null,
  cmd: 'C:\\Users\\IMRRO\\AppData\\Local\\Microsoft\\WindowsApps\\python3.10.exe -c "import sys;print(sys.executable)"'
}
> C:\Users\IMRRO\AppData\Local\Microsoft\WindowsApps\python3.10.exe -c "import sys;print(sys.executable)"
[ERROR 2022-6-12 20:43:41.136]: [Error: Command failed: C:\Users\IMRRO\AppData\Local\Microsoft\WindowsApps\python3.10.exe -c "import sys;print(sys.executable)"
/bin/sh: 1: C:UsersIMRROAppDataLocalMicrosoftWindowsAppspython3.10.exe: Permission denied

	at ChildProcess.exithandler (node:child_process:397:12)
	at ChildProcess.emit (node:events:390:28)
	at maybeClose (node:internal/child_process:1064:16)
	at Socket.<anonymous> (node:internal/child_process:450:11)
	at Socket.emit (node:events:390:28)
	at Pipe.<anonymous> (node:net:687:12)] {
  killed: false,
  code: 127,
  signal: null,
  cmd: 'C:\\Users\\IMRRO\\AppData\\Local\\Microsoft\\WindowsApps\\python3.10.exe -c "import sys;print(sys.executable)"'
}
> C:\Users\IMRRO\AppData\Local\Microsoft\WindowsApps\python3.10.exe -c "import sys;print(sys.executable)"
[ERROR 2022-6-12 20:43:41.287]: [Error: Command failed: C:\Users\IMRRO\AppData\Local\Microsoft\WindowsApps\python3.10.exe -c "import sys;print(sys.executable)"
/bin/sh: 1: C:UsersIMRROAppDataLocalMicrosoftWindowsAppspython3.10.exe: Permission denied

	at ChildProcess.exithandler (node:child_process:397:12)
	at ChildProcess.emit (node:events:390:28)
	at maybeClose (node:internal/child_process:1064:16)
	at Socket.<anonymous> (node:internal/child_process:450:11)
	at Socket.emit (node:events:390:28)
	at Pipe.<anonymous> (node:net:687:12)] {
  killed: false,
  code: 127,
  signal: null,
  cmd: 'C:\\Users\\IMRRO\\AppData\\Local\\Microsoft\\WindowsApps\\python3.10.exe -c "import sys;print(sys.executable)"'
}
> C:\Users\IMRRO\AppData\Local\Microsoft\WindowsApps\python3.10.exe -c "import sys;print(sys.executable)"
[ERROR 2022-6-12 20:43:41.328]: [Error: Command failed: C:\Users\IMRRO\AppData\Local\Microsoft\WindowsApps\python3.10.exe -c "import sys;print(sys.executable)"
/bin/sh: 1: C:UsersIMRROAppDataLocalMicrosoftWindowsAppspython3.10.exe: Permission denied

	at ChildProcess.exithandler (node:child_process:397:12)
	at ChildProcess.emit (node:events:390:28)
	at maybeClose (node:internal/child_process:1064:16)
	at Socket.<anonymous> (node:internal/child_process:450:11)
	at Socket.emit (node:events:390:28)
	at Pipe.<anonymous> (node:net:687:12)] {
  killed: false,
  code: 127,
  signal: null,
  cmd: 'C:\\Users\\IMRRO\\AppData\\Local\\Microsoft\\WindowsApps\\python3.10.exe -c "import sys;print(sys.executable)"'
}
> C:\Users\IMRRO\AppData\Local\Microsoft\WindowsApps\python3.10.exe -c "import sys;print(sys.executable)"
[ERROR 2022-6-12 20:44:36.840]: [Error: Command failed: C:\Users\IMRRO\AppData\Local\Microsoft\WindowsApps\python3.10.exe -c "import sys;print(sys.executable)"
/bin/sh: 1: C:UsersIMRROAppDataLocalMicrosoftWindowsAppspython3.10.exe: Permission denied

	at ChildProcess.exithandler (node:child_process:397:12)
	at ChildProcess.emit (node:events:390:28)
	at maybeClose (node:internal/child_process:1064:16)
	at Socket.<anonymous> (node:internal/child_process:450:11)
	at Socket.emit (node:events:390:28)
	at Pipe.<anonymous> (node:net:687:12)] {
  killed: false,
  code: 127,
  signal: null,
  cmd: 'C:\\Users\\IMRRO\\AppData\\Local\\Microsoft\\WindowsApps\\python3.10.exe -c "import sys;print(sys.executable)"'
}
> C:\Users\IMRRO\AppData\Local\Microsoft\WindowsApps\python3.10.exe -c "import sys;print(sys.executable)"
[ERROR 2022-6-12 20:44:36.995]: [Error: Command failed: C:\Users\IMRRO\AppData\Local\Microsoft\WindowsApps\python3.10.exe -c "import sys;print(sys.executable)"
/bin/sh: 1: C:UsersIMRROAppDataLocalMicrosoftWindowsAppspython3.10.exe: Permission denied

	at ChildProcess.exithandler (node:child_process:397:12)
	at ChildProcess.emit (node:events:390:28)
	at maybeClose (node:internal/child_process:1064:16)
	at Socket.<anonymous> (node:internal/child_process:450:11)
	at Socket.emit (node:events:390:28)
	at Pipe.<anonymous> (node:net:687:12)] {
  killed: false,
  code: 127,
  signal: null,
  cmd: 'C:\\Users\\IMRRO\\AppData\\Local\\Microsoft\\WindowsApps\\python3.10.exe -c "import sys;print(sys.executable)"'
}
> C:\Users\IMRRO\AppData\Local\Microsoft\WindowsApps\python3.10.exe -c "import sys;print(sys.executable)"
[ERROR 2022-6-12 20:44:37.47]: [Error: Command failed: C:\Users\IMRRO\AppData\Local\Microsoft\WindowsApps\python3.10.exe -c "import sys;print(sys.executable)"
/bin/sh: 1: C:UsersIMRROAppDataLocalMicrosoftWindowsAppspython3.10.exe: Permission denied

	at ChildProcess.exithandler (node:child_process:397:12)
	at ChildProcess.emit (node:events:390:28)
	at maybeClose (node:internal/child_process:1064:16)
	at Socket.<anonymous> (node:internal/child_process:450:11)
	at Socket.emit (node:events:390:28)
	at Pipe.<anonymous> (node:net:687:12)] {
  killed: false,
  code: 127,
  signal: null,
  cmd: 'C:\\Users\\IMRRO\\AppData\\Local\\Microsoft\\WindowsApps\\python3.10.exe -c "import sys;print(sys.executable)"'
}
