[2022-06-28T14:51:23.801Z] Log level: Info
[2022-06-28T14:51:23.803Z] [info] Validating found git in: git
[2022-06-28T14:51:23.829Z] [info] Using git 2.25.1 from git
[2022-06-28T14:51:23.862Z] > git rev-parse --show-toplevel [24ms]
[2022-06-28T14:51:23.870Z] > git rev-parse --git-dir --git-common-dir [4ms]
[2022-06-28T14:51:23.874Z] [info] Open repository: /home/htmhqi
[2022-06-28T14:51:23.944Z] > git status -z -uall [65ms]
[2022-06-28T14:51:23.953Z] > git symbolic-ref --short HEAD [5ms]
[2022-06-28T14:51:23.958Z] > git for-each-ref --format=%(refname)%00%(upstream:short)%00%(objectname)%00%(upstream:track)%00%(upstream:remotename)%00%(upstream:remoteref) refs/heads/test_skills refs/remotes/test_skills [1ms]
[2022-06-28T14:51:23.968Z] > git remote --verbose [2ms]
[2022-06-28T14:51:23.968Z] > git for-each-ref --sort -committerdate --format %(refname) %(objectname) %(*objectname) [6ms]
[2022-06-28T14:51:23.985Z] > git config --get commit.template [10ms]
[2022-06-28T14:51:24.388Z] > git check-ignore -v -z --stdin [2ms]
[2022-06-28T14:51:25.540Z] > git status -z -uall [17ms]
[2022-06-28T14:51:25.542Z] > git symbolic-ref --short HEAD [0ms]
[2022-06-28T14:51:25.545Z] > git for-each-ref --format=%(refname)%00%(upstream:short)%00%(objectname)%00%(upstream:track)%00%(upstream:remotename)%00%(upstream:remoteref) refs/heads/test_skills refs/remotes/test_skills [1ms]
[2022-06-28T14:51:25.548Z] > git remote --verbose [1ms]
[2022-06-28T14:51:25.548Z] > git for-each-ref --sort -committerdate --format %(refname) %(objectname) %(*objectname) [2ms]
[2022-06-28T14:51:25.552Z] > git config --get commit.template [1ms]
[2022-06-28T14:51:27.629Z] > git check-ignore -v -z --stdin [4ms]
[2022-06-28T14:51:32.546Z] > git status -z -uall [19ms]
[2022-06-28T14:51:32.549Z] > git symbolic-ref --short HEAD [1ms]
[2022-06-28T14:51:32.552Z] > git for-each-ref --format=%(refname)%00%(upstream:short)%00%(objectname)%00%(upstream:track)%00%(upstream:remotename)%00%(upstream:remoteref) refs/heads/test_skills refs/remotes/test_skills [1ms]
[2022-06-28T14:51:32.557Z] > git remote --verbose [0ms]
[2022-06-28T14:51:32.557Z] > git for-each-ref --sort -committerdate --format %(refname) %(objectname) %(*objectname) [2ms]
[2022-06-28T14:51:32.561Z] > git config --get commit.template [0ms]
[2022-06-28T14:51:37.582Z] > git status -z -uall [18ms]
[2022-06-28T14:51:37.585Z] > git symbolic-ref --short HEAD [1ms]
[2022-06-28T14:51:37.587Z] > git for-each-ref --format=%(refname)%00%(upstream:short)%00%(objectname)%00%(upstream:track)%00%(upstream:remotename)%00%(upstream:remoteref) refs/heads/test_skills refs/remotes/test_skills [0ms]
[2022-06-28T14:51:37.592Z] > git remote --verbose [1ms]
[2022-06-28T14:51:37.592Z] > git for-each-ref --sort -committerdate --format %(refname) %(objectname) %(*objectname) [2ms]
[2022-06-28T14:51:37.596Z] > git config --get commit.template [0ms]
[2022-06-28T14:51:42.617Z] > git status -z -uall [17ms]
[2022-06-28T14:51:42.620Z] > git symbolic-ref --short HEAD [1ms]
[2022-06-28T14:51:42.622Z] > git for-each-ref --format=%(refname)%00%(upstream:short)%00%(objectname)%00%(upstream:track)%00%(upstream:remotename)%00%(upstream:remoteref) refs/heads/test_skills refs/remotes/test_skills [1ms]
[2022-06-28T14:51:42.625Z] > git for-each-ref --sort -committerdate --format %(refname) %(objectname) %(*objectname) [1ms]
[2022-06-28T14:51:42.626Z] > git remote --verbose [1ms]
[2022-06-28T14:51:42.629Z] > git config --get commit.template [0ms]
[2022-06-28T14:51:47.649Z] > git status -z -uall [17ms]
[2022-06-28T14:51:47.652Z] > git symbolic-ref --short HEAD [1ms]
[2022-06-28T14:51:47.654Z] > git for-each-ref --format=%(refname)%00%(upstream:short)%00%(objectname)%00%(upstream:track)%00%(upstream:remotename)%00%(upstream:remoteref) refs/heads/test_skills refs/remotes/test_skills [1ms]
[2022-06-28T14:51:47.658Z] > git remote --verbose [1ms]
[2022-06-28T14:51:47.658Z] > git for-each-ref --sort -committerdate --format %(refname) %(objectname) %(*objectname) [2ms]
[2022-06-28T14:51:47.660Z] > git config --get commit.template [0ms]
[2022-06-28T14:51:50.171Z] > git show --textconv :scripts/test [3ms]
[2022-06-28T14:51:50.171Z] > git ls-files --stage -- /home/htmhqi/scripts/test [2ms]
[2022-06-28T14:51:50.173Z] > git cat-file -s 9e347b4d8db610c5e5507bea270ba81435a8754c [0ms]
[2022-06-28T14:51:52.684Z] > git status -z -uall [17ms]
[2022-06-28T14:51:52.690Z] > git symbolic-ref --short HEAD [1ms]
[2022-06-28T14:51:52.696Z] > git for-each-ref --format=%(refname)%00%(upstream:short)%00%(objectname)%00%(upstream:track)%00%(upstream:remotename)%00%(upstream:remoteref) refs/heads/test_skills refs/remotes/test_skills [0ms]
[2022-06-28T14:51:52.706Z] > git remote --verbose [0ms]
[2022-06-28T14:51:52.706Z] > git for-each-ref --sort -committerdate --format %(refname) %(objectname) %(*objectname) [5ms]
[2022-06-28T14:51:52.714Z] > git config --get commit.template [1ms]
[2022-06-28T14:51:56.517Z] > git show --textconv :scripts/test.py [4ms]
[2022-06-28T14:51:56.518Z] > git ls-files --stage -- /home/htmhqi/scripts/test.py [2ms]
[2022-06-28T14:51:56.523Z] > git cat-file -s 16d09fac193fdf168b6cb93bc878e287c222eb89 [0ms]
[2022-06-28T14:51:57.735Z] > git status -z -uall [17ms]
[2022-06-28T14:51:57.740Z] > git symbolic-ref --short HEAD [0ms]
[2022-06-28T14:51:57.745Z] > git for-each-ref --format=%(refname)%00%(upstream:short)%00%(objectname)%00%(upstream:track)%00%(upstream:remotename)%00%(upstream:remoteref) refs/heads/test_skills refs/remotes/test_skills [1ms]
[2022-06-28T14:51:57.753Z] > git remote --verbose [1ms]
[2022-06-28T14:51:57.753Z] > git for-each-ref --sort -committerdate --format %(refname) %(objectname) %(*objectname) [5ms]
[2022-06-28T14:51:57.760Z] > git config --get commit.template [1ms]
[2022-06-28T14:52:02.781Z] > git status -z -uall [17ms]
[2022-06-28T14:52:02.784Z] > git symbolic-ref --short HEAD [0ms]
[2022-06-28T14:52:02.788Z] > git for-each-ref --format=%(refname)%00%(upstream:short)%00%(objectname)%00%(upstream:track)%00%(upstream:remotename)%00%(upstream:remoteref) refs/heads/test_skills refs/remotes/test_skills [1ms]
[2022-06-28T14:52:02.793Z] > git remote --verbose [1ms]
[2022-06-28T14:52:02.793Z] > git for-each-ref --sort -committerdate --format %(refname) %(objectname) %(*objectname) [3ms]
[2022-06-28T14:52:02.798Z] > git config --get commit.template [0ms]
[2022-06-28T14:52:07.821Z] > git status -z -uall [18ms]
[2022-06-28T14:52:07.825Z] > git symbolic-ref --short HEAD [1ms]
[2022-06-28T14:52:07.828Z] > git for-each-ref --format=%(refname)%00%(upstream:short)%00%(objectname)%00%(upstream:track)%00%(upstream:remotename)%00%(upstream:remoteref) refs/heads/test_skills refs/remotes/test_skills [1ms]
[2022-06-28T14:52:07.833Z] > git remote --verbose [0ms]
[2022-06-28T14:52:07.834Z] > git for-each-ref --sort -committerdate --format %(refname) %(objectname) %(*objectname) [3ms]
[2022-06-28T14:52:07.838Z] > git config --get commit.template [0ms]
[2022-06-28T14:52:12.861Z] > git status -z -uall [18ms]
[2022-06-28T14:52:12.864Z] > git symbolic-ref --short HEAD [1ms]
[2022-06-28T14:52:12.868Z] > git for-each-ref --format=%(refname)%00%(upstream:short)%00%(objectname)%00%(upstream:track)%00%(upstream:remotename)%00%(upstream:remoteref) refs/heads/test_skills refs/remotes/test_skills [1ms]
[2022-06-28T14:52:12.873Z] > git remote --verbose [1ms]
[2022-06-28T14:52:12.873Z] > git for-each-ref --sort -committerdate --format %(refname) %(objectname) %(*objectname) [3ms]
[2022-06-28T14:52:12.876Z] > git config --get commit.template [1ms]
[2022-06-28T14:52:17.898Z] > git status -z -uall [17ms]
[2022-06-28T14:52:17.902Z] > git symbolic-ref --short HEAD [0ms]
[2022-06-28T14:52:17.905Z] > git for-each-ref --format=%(refname)%00%(upstream:short)%00%(objectname)%00%(upstream:track)%00%(upstream:remotename)%00%(upstream:remoteref) refs/heads/test_skills refs/remotes/test_skills [1ms]
[2022-06-28T14:52:17.911Z] > git remote --verbose [1ms]
[2022-06-28T14:52:17.911Z] > git for-each-ref --sort -committerdate --format %(refname) %(objectname) %(*objectname) [3ms]
[2022-06-28T14:52:17.916Z] > git config --get commit.template [1ms]
[2022-06-28T14:52:22.938Z] > git status -z -uall [17ms]
[2022-06-28T14:52:22.941Z] > git symbolic-ref --short HEAD [1ms]
[2022-06-28T14:52:22.944Z] > git for-each-ref --format=%(refname)%00%(upstream:short)%00%(objectname)%00%(upstream:track)%00%(upstream:remotename)%00%(upstream:remoteref) refs/heads/test_skills refs/remotes/test_skills [1ms]
[2022-06-28T14:52:22.948Z] > git for-each-ref --sort -committerdate --format %(refname) %(objectname) %(*objectname) [2ms]
[2022-06-28T14:52:22.948Z] > git remote --verbose [1ms]
[2022-06-28T14:52:22.952Z] > git config --get commit.template [1ms]
[2022-06-28T14:52:27.974Z] > git status -z -uall [17ms]
[2022-06-28T14:52:27.977Z] > git symbolic-ref --short HEAD [0ms]
[2022-06-28T14:52:27.980Z] > git for-each-ref --format=%(refname)%00%(upstream:short)%00%(objectname)%00%(upstream:track)%00%(upstream:remotename)%00%(upstream:remoteref) refs/heads/test_skills refs/remotes/test_skills [0ms]
[2022-06-28T14:52:27.985Z] > git remote --verbose [1ms]
[2022-06-28T14:52:27.985Z] > git for-each-ref --sort -committerdate --format %(refname) %(objectname) %(*objectname) [3ms]
[2022-06-28T14:52:27.988Z] > git config --get commit.template [0ms]
[2022-06-28T14:52:33.009Z] > git status -z -uall [17ms]
[2022-06-28T14:52:33.012Z] > git symbolic-ref --short HEAD [0ms]
[2022-06-28T14:52:33.015Z] > git for-each-ref --format=%(refname)%00%(upstream:short)%00%(objectname)%00%(upstream:track)%00%(upstream:remotename)%00%(upstream:remoteref) refs/heads/test_skills refs/remotes/test_skills [0ms]
[2022-06-28T14:52:33.021Z] > git remote --verbose [1ms]
[2022-06-28T14:52:33.021Z] > git for-each-ref --sort -committerdate --format %(refname) %(objectname) %(*objectname) [4ms]
[2022-06-28T14:52:33.026Z] > git config --get commit.template [1ms]
[2022-06-28T14:52:38.049Z] > git status -z -uall [18ms]
[2022-06-28T14:52:38.052Z] > git symbolic-ref --short HEAD [1ms]
[2022-06-28T14:52:38.055Z] > git for-each-ref --format=%(refname)%00%(upstream:short)%00%(objectname)%00%(upstream:track)%00%(upstream:remotename)%00%(upstream:remoteref) refs/heads/test_skills refs/remotes/test_skills [1ms]
[2022-06-28T14:52:38.059Z] > git remote --verbose [0ms]
[2022-06-28T14:52:38.060Z] > git for-each-ref --sort -committerdate --format %(refname) %(objectname) %(*objectname) [3ms]
[2022-06-28T14:52:38.063Z] > git config --get commit.template [1ms]
[2022-06-28T14:52:43.083Z] > git status -z -uall [16ms]
[2022-06-28T14:52:43.086Z] > git symbolic-ref --short HEAD [1ms]
[2022-06-28T14:52:43.089Z] > git for-each-ref --format=%(refname)%00%(upstream:short)%00%(objectname)%00%(upstream:track)%00%(upstream:remotename)%00%(upstream:remoteref) refs/heads/test_skills refs/remotes/test_skills [1ms]
[2022-06-28T14:52:43.093Z] > git remote --verbose [1ms]
[2022-06-28T14:52:43.093Z] > git for-each-ref --sort -committerdate --format %(refname) %(objectname) %(*objectname) [2ms]
[2022-06-28T14:52:43.096Z] > git config --get commit.template [0ms]
[2022-06-28T14:52:48.117Z] > git status -z -uall [17ms]
[2022-06-28T14:52:48.121Z] > git symbolic-ref --short HEAD [1ms]
[2022-06-28T14:52:48.124Z] > git for-each-ref --format=%(refname)%00%(upstream:short)%00%(objectname)%00%(upstream:track)%00%(upstream:remotename)%00%(upstream:remoteref) refs/heads/test_skills refs/remotes/test_skills [1ms]
[2022-06-28T14:52:48.128Z] > git remote --verbose [1ms]
[2022-06-28T14:52:48.128Z] > git for-each-ref --sort -committerdate --format %(refname) %(objectname) %(*objectname) [2ms]
[2022-06-28T14:52:48.131Z] > git config --get commit.template [1ms]
[2022-06-28T14:52:53.153Z] > git status -z -uall [17ms]
[2022-06-28T14:52:53.157Z] > git symbolic-ref --short HEAD [1ms]
[2022-06-28T14:52:53.159Z] > git for-each-ref --format=%(refname)%00%(upstream:short)%00%(objectname)%00%(upstream:track)%00%(upstream:remotename)%00%(upstream:remoteref) refs/heads/test_skills refs/remotes/test_skills [0ms]
[2022-06-28T14:52:53.164Z] > git for-each-ref --sort -committerdate --format %(refname) %(objectname) %(*objectname) [2ms]
[2022-06-28T14:52:53.164Z] > git remote --verbose [1ms]
[2022-06-28T14:52:53.168Z] > git config --get commit.template [0ms]
[2022-06-28T14:52:58.190Z] > git status -z -uall [16ms]
[2022-06-28T14:52:58.194Z] > git symbolic-ref --short HEAD [1ms]
[2022-06-28T14:52:58.196Z] > git for-each-ref --format=%(refname)%00%(upstream:short)%00%(objectname)%00%(upstream:track)%00%(upstream:remotename)%00%(upstream:remoteref) refs/heads/test_skills refs/remotes/test_skills [0ms]
[2022-06-28T14:52:58.201Z] > git for-each-ref --sort -committerdate --format %(refname) %(objectname) %(*objectname) [3ms]
[2022-06-28T14:52:58.201Z] > git remote --verbose [1ms]
[2022-06-28T14:52:58.205Z] > git config --get commit.template [0ms]
[2022-06-28T14:53:04.751Z] > git status -z -uall [17ms]
[2022-06-28T14:53:04.754Z] > git symbolic-ref --short HEAD [0ms]
[2022-06-28T14:53:04.757Z] > git for-each-ref --format=%(refname)%00%(upstream:short)%00%(objectname)%00%(upstream:track)%00%(upstream:remotename)%00%(upstream:remoteref) refs/heads/test_skills refs/remotes/test_skills [1ms]
[2022-06-28T14:53:04.761Z] > git for-each-ref --sort -committerdate --format %(refname) %(objectname) %(*objectname) [2ms]
[2022-06-28T14:53:04.762Z] > git remote --verbose [1ms]
[2022-06-28T14:53:04.765Z] > git config --get commit.template [1ms]
[2022-06-28T15:38:43.423Z] > git status -z -uall [20ms]
[2022-06-28T15:38:43.429Z] > git symbolic-ref --short HEAD [1ms]
[2022-06-28T15:38:43.433Z] > git for-each-ref --format=%(refname)%00%(upstream:short)%00%(objectname)%00%(upstream:track)%00%(upstream:remotename)%00%(upstream:remoteref) refs/heads/test_skills refs/remotes/test_skills [0ms]
[2022-06-28T15:38:43.440Z] > git for-each-ref --sort -committerdate --format %(refname) %(objectname) %(*objectname) [3ms]
[2022-06-28T15:38:43.440Z] > git remote --verbose [1ms]
[2022-06-28T15:38:43.444Z] > git config --get commit.template [1ms]
[2022-06-28T15:38:48.466Z] > git status -z -uall [17ms]
[2022-06-28T15:38:48.469Z] > git symbolic-ref --short HEAD [1ms]
[2022-06-28T15:38:48.472Z] > git for-each-ref --format=%(refname)%00%(upstream:short)%00%(objectname)%00%(upstream:track)%00%(upstream:remotename)%00%(upstream:remoteref) refs/heads/test_skills refs/remotes/test_skills [1ms]
[2022-06-28T15:38:48.476Z] > git remote --verbose [1ms]
[2022-06-28T15:38:48.476Z] > git for-each-ref --sort -committerdate --format %(refname) %(objectname) %(*objectname) [2ms]
[2022-06-28T15:38:48.480Z] > git config --get commit.template [1ms]
[2022-06-28T15:38:53.501Z] > git status -z -uall [17ms]
[2022-06-28T15:38:53.504Z] > git symbolic-ref --short HEAD [1ms]
[2022-06-28T15:38:53.507Z] > git for-each-ref --format=%(refname)%00%(upstream:short)%00%(objectname)%00%(upstream:track)%00%(upstream:remotename)%00%(upstream:remoteref) refs/heads/test_skills refs/remotes/test_skills [1ms]
[2022-06-28T15:38:53.511Z] > git for-each-ref --sort -committerdate --format %(refname) %(objectname) %(*objectname) [2ms]
[2022-06-28T15:38:53.511Z] > git remote --verbose [1ms]
[2022-06-28T15:38:53.514Z] > git config --get commit.template [0ms]
[2022-06-28T15:38:58.535Z] > git status -z -uall [16ms]
[2022-06-28T15:38:58.539Z] > git symbolic-ref --short HEAD [0ms]
[2022-06-28T15:38:58.541Z] > git for-each-ref --format=%(refname)%00%(upstream:short)%00%(objectname)%00%(upstream:track)%00%(upstream:remotename)%00%(upstream:remoteref) refs/heads/test_skills refs/remotes/test_skills [0ms]
[2022-06-28T15:38:58.546Z] > git remote --verbose [1ms]
[2022-06-28T15:38:58.546Z] > git for-each-ref --sort -committerdate --format %(refname) %(objectname) %(*objectname) [3ms]
[2022-06-28T15:38:58.549Z] > git config --get commit.template [0ms]
[2022-06-28T15:39:03.569Z] > git status -z -uall [16ms]
[2022-06-28T15:39:03.573Z] > git symbolic-ref --short HEAD [0ms]
[2022-06-28T15:39:03.576Z] > git for-each-ref --format=%(refname)%00%(upstream:short)%00%(objectname)%00%(upstream:track)%00%(upstream:remotename)%00%(upstream:remoteref) refs/heads/test_skills refs/remotes/test_skills [0ms]
[2022-06-28T15:39:03.581Z] > git remote --verbose [1ms]
[2022-06-28T15:39:03.581Z] > git for-each-ref --sort -committerdate --format %(refname) %(objectname) %(*objectname) [3ms]
[2022-06-28T15:39:03.584Z] > git config --get commit.template [1ms]
[2022-06-28T15:39:08.605Z] > git status -z -uall [17ms]
[2022-06-28T15:39:08.609Z] > git symbolic-ref --short HEAD [0ms]
[2022-06-28T15:39:08.612Z] > git for-each-ref --format=%(refname)%00%(upstream:short)%00%(objectname)%00%(upstream:track)%00%(upstream:remotename)%00%(upstream:remoteref) refs/heads/test_skills refs/remotes/test_skills [0ms]
[2022-06-28T15:39:08.616Z] > git for-each-ref --sort -committerdate --format %(refname) %(objectname) %(*objectname) [3ms]
[2022-06-28T15:39:08.616Z] > git remote --verbose [1ms]
[2022-06-28T15:39:08.620Z] > git config --get commit.template [1ms]
[2022-06-28T15:39:13.640Z] > git status -z -uall [16ms]
[2022-06-28T15:39:13.643Z] > git symbolic-ref --short HEAD [0ms]
[2022-06-28T15:39:13.646Z] > git for-each-ref --format=%(refname)%00%(upstream:short)%00%(objectname)%00%(upstream:track)%00%(upstream:remotename)%00%(upstream:remoteref) refs/heads/test_skills refs/remotes/test_skills [1ms]
[2022-06-28T15:39:13.650Z] > git for-each-ref --sort -committerdate --format %(refname) %(objectname) %(*objectname) [2ms]
[2022-06-28T15:39:13.650Z] > git remote --verbose [1ms]
[2022-06-28T15:39:13.653Z] > git config --get commit.template [0ms]
[2022-06-28T15:39:18.675Z] > git status -z -uall [17ms]
[2022-06-28T15:39:18.678Z] > git symbolic-ref --short HEAD [1ms]
[2022-06-28T15:39:18.680Z] > git for-each-ref --format=%(refname)%00%(upstream:short)%00%(objectname)%00%(upstream:track)%00%(upstream:remotename)%00%(upstream:remoteref) refs/heads/test_skills refs/remotes/test_skills [0ms]
[2022-06-28T15:39:18.685Z] > git remote --verbose [1ms]
[2022-06-28T15:39:18.685Z] > git for-each-ref --sort -committerdate --format %(refname) %(objectname) %(*objectname) [3ms]
[2022-06-28T15:39:18.688Z] > git config --get commit.template [1ms]
[2022-06-28T15:39:25.411Z] > git status -z -uall [23ms]
[2022-06-28T15:39:25.415Z] > git symbolic-ref --short HEAD [1ms]
[2022-06-28T15:39:25.420Z] > git for-each-ref --format=%(refname)%00%(upstream:short)%00%(objectname)%00%(upstream:track)%00%(upstream:remotename)%00%(upstream:remoteref) refs/heads/test_skills refs/remotes/test_skills [1ms]
[2022-06-28T15:39:25.430Z] > git remote --verbose [1ms]
[2022-06-28T15:39:25.430Z] > git for-each-ref --sort -committerdate --format %(refname) %(objectname) %(*objectname) [6ms]
[2022-06-28T15:39:25.435Z] > git config --get commit.template [1ms]
[2022-06-28T15:39:30.458Z] > git status -z -uall [18ms]
[2022-06-28T15:39:30.464Z] > git symbolic-ref --short HEAD [0ms]
[2022-06-28T15:39:30.468Z] > git for-each-ref --format=%(refname)%00%(upstream:short)%00%(objectname)%00%(upstream:track)%00%(upstream:remotename)%00%(upstream:remoteref) refs/heads/test_skills refs/remotes/test_skills [1ms]
[2022-06-28T15:39:30.473Z] > git for-each-ref --sort -committerdate --format %(refname) %(objectname) %(*objectname) [3ms]
[2022-06-28T15:39:30.473Z] > git remote --verbose [1ms]
[2022-06-28T15:39:30.478Z] > git config --get commit.template [1ms]
[2022-06-28T15:39:35.502Z] > git status -z -uall [17ms]
[2022-06-28T15:39:35.506Z] > git symbolic-ref --short HEAD [1ms]
[2022-06-28T15:39:35.509Z] > git for-each-ref --format=%(refname)%00%(upstream:short)%00%(objectname)%00%(upstream:track)%00%(upstream:remotename)%00%(upstream:remoteref) refs/heads/test_skills refs/remotes/test_skills [0ms]
[2022-06-28T15:39:35.516Z] > git remote --verbose [1ms]
[2022-06-28T15:39:35.516Z] > git for-each-ref --sort -committerdate --format %(refname) %(objectname) %(*objectname) [4ms]
[2022-06-28T15:39:35.521Z] > git config --get commit.template [0ms]
[2022-06-28T15:56:43.311Z] > git status -z -uall [17ms]
[2022-06-28T15:56:43.315Z] > git symbolic-ref --short HEAD [0ms]
[2022-06-28T15:56:43.318Z] > git for-each-ref --format=%(refname)%00%(upstream:short)%00%(objectname)%00%(upstream:track)%00%(upstream:remotename)%00%(upstream:remoteref) refs/heads/test_skills refs/remotes/test_skills [1ms]
[2022-06-28T15:56:43.323Z] > git for-each-ref --sort -committerdate --format %(refname) %(objectname) %(*objectname) [3ms]
[2022-06-28T15:56:43.323Z] > git remote --verbose [1ms]
[2022-06-28T15:56:43.327Z] > git config --get commit.template [1ms]
[2022-06-28T15:56:48.347Z] > git status -z -uall [17ms]
[2022-06-28T15:56:48.350Z] > git symbolic-ref --short HEAD [0ms]
[2022-06-28T15:56:48.353Z] > git for-each-ref --format=%(refname)%00%(upstream:short)%00%(objectname)%00%(upstream:track)%00%(upstream:remotename)%00%(upstream:remoteref) refs/heads/test_skills refs/remotes/test_skills [0ms]
[2022-06-28T15:56:48.358Z] > git remote --verbose [1ms]
[2022-06-28T15:56:48.358Z] > git for-each-ref --sort -committerdate --format %(refname) %(objectname) %(*objectname) [3ms]
[2022-06-28T15:56:48.362Z] > git config --get commit.template [1ms]
[2022-06-28T19:19:37.488Z] > git status -z -uall [61ms]
[2022-06-28T19:19:37.495Z] > git symbolic-ref --short HEAD [0ms]
[2022-06-28T19:19:37.504Z] > git for-each-ref --format=%(refname)%00%(upstream:short)%00%(objectname)%00%(upstream:track)%00%(upstream:remotename)%00%(upstream:remoteref) refs/heads/test_skills refs/remotes/test_skills [0ms]
[2022-06-28T19:19:37.518Z] > git remote --verbose [1ms]
[2022-06-28T19:19:37.518Z] > git for-each-ref --sort -committerdate --format %(refname) %(objectname) %(*objectname) [6ms]
[2022-06-28T19:19:37.530Z] > git config --get commit.template [0ms]
[2022-06-28T22:43:27.313Z] > git status -z -uall [59ms]
[2022-06-28T22:43:27.317Z] > git symbolic-ref --short HEAD [0ms]
[2022-06-28T22:43:27.321Z] > git for-each-ref --format=%(refname)%00%(upstream:short)%00%(objectname)%00%(upstream:track)%00%(upstream:remotename)%00%(upstream:remoteref) refs/heads/test_skills refs/remotes/test_skills [1ms]
[2022-06-28T22:43:27.336Z] > git remote --verbose [1ms]
[2022-06-28T22:43:27.336Z] > git for-each-ref --sort -committerdate --format %(refname) %(objectname) %(*objectname) [10ms]
[2022-06-28T22:43:27.346Z] > git config --get commit.template [0ms]
[2022-06-29T04:35:24.642Z] > git status -z -uall [44ms]
[2022-06-29T04:35:24.646Z] > git symbolic-ref --short HEAD [1ms]
[2022-06-29T04:35:24.655Z] > git for-each-ref --format=%(refname)%00%(upstream:short)%00%(objectname)%00%(upstream:track)%00%(upstream:remotename)%00%(upstream:remoteref) refs/heads/test_skills refs/remotes/test_skills [1ms]
[2022-06-29T04:35:24.673Z] > git remote --verbose [1ms]
[2022-06-29T04:35:24.673Z] > git for-each-ref --sort -committerdate --format %(refname) %(objectname) %(*objectname) [9ms]
[2022-06-29T04:35:24.682Z] > git config --get commit.template [1ms]
[2022-06-29T04:35:29.706Z] > git status -z -uall [19ms]
[2022-06-29T04:35:29.710Z] > git symbolic-ref --short HEAD [1ms]
[2022-06-29T04:35:29.713Z] > git for-each-ref --format=%(refname)%00%(upstream:short)%00%(objectname)%00%(upstream:track)%00%(upstream:remotename)%00%(upstream:remoteref) refs/heads/test_skills refs/remotes/test_skills [1ms]
[2022-06-29T04:35:29.718Z] > git for-each-ref --sort -committerdate --format %(refname) %(objectname) %(*objectname) [2ms]
[2022-06-29T04:35:29.718Z] > git remote --verbose [1ms]
[2022-06-29T04:35:29.725Z] > git config --get commit.template [0ms]
[2022-06-29T04:35:34.747Z] > git status -z -uall [17ms]
[2022-06-29T04:35:34.751Z] > git symbolic-ref --short HEAD [0ms]
[2022-06-29T04:35:34.756Z] > git for-each-ref --format=%(refname)%00%(upstream:short)%00%(objectname)%00%(upstream:track)%00%(upstream:remotename)%00%(upstream:remoteref) refs/heads/test_skills refs/remotes/test_skills [1ms]
[2022-06-29T04:35:34.761Z] > git for-each-ref --sort -committerdate --format %(refname) %(objectname) %(*objectname) [3ms]
[2022-06-29T04:35:34.762Z] > git remote --verbose [1ms]
[2022-06-29T04:35:34.766Z] > git config --get commit.template [0ms]
[2022-06-29T04:35:39.787Z] > git status -z -uall [16ms]
[2022-06-29T04:35:39.791Z] > git symbolic-ref --short HEAD [0ms]
[2022-06-29T04:35:39.795Z] > git for-each-ref --format=%(refname)%00%(upstream:short)%00%(objectname)%00%(upstream:track)%00%(upstream:remotename)%00%(upstream:remoteref) refs/heads/test_skills refs/remotes/test_skills [1ms]
[2022-06-29T04:35:39.799Z] > git for-each-ref --sort -committerdate --format %(refname) %(objectname) %(*objectname) [2ms]
[2022-06-29T04:35:39.800Z] > git remote --verbose [1ms]
[2022-06-29T04:35:39.804Z] > git config --get commit.template [0ms]
[2022-06-29T04:35:44.826Z] > git status -z -uall [17ms]
[2022-06-29T04:35:44.829Z] > git symbolic-ref --short HEAD [0ms]
[2022-06-29T04:35:44.832Z] > git for-each-ref --format=%(refname)%00%(upstream:short)%00%(objectname)%00%(upstream:track)%00%(upstream:remotename)%00%(upstream:remoteref) refs/heads/test_skills refs/remotes/test_skills [1ms]
[2022-06-29T04:35:44.837Z] > git for-each-ref --sort -committerdate --format %(refname) %(objectname) %(*objectname) [3ms]
[2022-06-29T04:35:44.837Z] > git remote --verbose [1ms]
[2022-06-29T04:35:44.842Z] > git config --get commit.template [1ms]
[2022-06-29T04:35:49.862Z] > git status -z -uall [17ms]
[2022-06-29T04:35:49.866Z] > git symbolic-ref --short HEAD [1ms]
[2022-06-29T04:35:49.869Z] > git for-each-ref --format=%(refname)%00%(upstream:short)%00%(objectname)%00%(upstream:track)%00%(upstream:remotename)%00%(upstream:remoteref) refs/heads/test_skills refs/remotes/test_skills [1ms]
[2022-06-29T04:35:49.874Z] > git for-each-ref --sort -committerdate --format %(refname) %(objectname) %(*objectname) [3ms]
[2022-06-29T04:35:49.874Z] > git remote --verbose [1ms]
[2022-06-29T04:35:49.878Z] > git config --get commit.template [1ms]
[2022-06-29T04:35:54.898Z] > git status -z -uall [16ms]
[2022-06-29T04:35:54.902Z] > git symbolic-ref --short HEAD [1ms]
[2022-06-29T04:35:54.905Z] > git for-each-ref --format=%(refname)%00%(upstream:short)%00%(objectname)%00%(upstream:track)%00%(upstream:remotename)%00%(upstream:remoteref) refs/heads/test_skills refs/remotes/test_skills [1ms]
[2022-06-29T04:35:54.909Z] > git for-each-ref --sort -committerdate --format %(refname) %(objectname) %(*objectname) [2ms]
[2022-06-29T04:35:54.910Z] > git remote --verbose [1ms]
[2022-06-29T04:35:54.914Z] > git config --get commit.template [1ms]
[2022-06-29T04:35:59.935Z] > git status -z -uall [17ms]
[2022-06-29T04:35:59.938Z] > git symbolic-ref --short HEAD [0ms]
[2022-06-29T04:35:59.942Z] > git for-each-ref --format=%(refname)%00%(upstream:short)%00%(objectname)%00%(upstream:track)%00%(upstream:remotename)%00%(upstream:remoteref) refs/heads/test_skills refs/remotes/test_skills [1ms]
[2022-06-29T04:35:59.946Z] > git for-each-ref --sort -committerdate --format %(refname) %(objectname) %(*objectname) [2ms]
[2022-06-29T04:35:59.946Z] > git remote --verbose [1ms]
[2022-06-29T04:35:59.950Z] > git config --get commit.template [1ms]
