[2022-07-09T13:00:30.525Z] Log level: Info
[2022-07-09T13:00:30.527Z] [info] Validating found git in: git
[2022-07-09T13:00:30.548Z] [info] Using git 2.25.1 from git
[2022-07-09T13:00:30.580Z] > git rev-parse --show-toplevel [23ms]
[2022-07-09T13:00:30.591Z] > git rev-parse --git-dir --git-common-dir [4ms]
[2022-07-09T13:00:30.600Z] [info] Open repository: /home/htmhqi
[2022-07-09T13:00:30.689Z] > git status -z -uall [84ms]
[2022-07-09T13:00:30.695Z] > git symbolic-ref --short HEAD [2ms]
[2022-07-09T13:00:30.700Z] > git for-each-ref --format=%(refname)%00%(upstream:short)%00%(objectname)%00%(upstream:track)%00%(upstream:remotename)%00%(upstream:remoteref) refs/heads/test_skills refs/remotes/test_skills [2ms]
[2022-07-09T13:00:30.708Z] > git remote --verbose [1ms]
[2022-07-09T13:00:30.709Z] > git for-each-ref --sort -committerdate --format %(refname) %(objectname) %(*objectname) [5ms]
[2022-07-09T13:00:30.788Z] > git config --get commit.template [7ms]
[2022-07-09T13:00:30.821Z] > git status -z -uall [26ms]
[2022-07-09T13:00:30.825Z] > git symbolic-ref --short HEAD [1ms]
[2022-07-09T13:00:30.829Z] > git for-each-ref --format=%(refname)%00%(upstream:short)%00%(objectname)%00%(upstream:track)%00%(upstream:remotename)%00%(upstream:remoteref) refs/heads/test_skills refs/remotes/test_skills [1ms]
[2022-07-09T13:00:31.214Z] > git remote --verbose [381ms]
[2022-07-09T13:00:31.214Z] > git for-each-ref --sort -committerdate --format %(refname) %(objectname) %(*objectname) [383ms]
[2022-07-09T13:00:31.247Z] > git check-ignore -v -z --stdin [9ms]
[2022-07-09T13:00:31.248Z] > git config --get commit.template [3ms]
[2022-07-09T13:01:08.366Z] > git status -z -uall [24ms]
[2022-07-09T13:01:08.370Z] > git symbolic-ref --short HEAD [1ms]
[2022-07-09T13:01:08.373Z] > git for-each-ref --format=%(refname)%00%(upstream:short)%00%(objectname)%00%(upstream:track)%00%(upstream:remotename)%00%(upstream:remoteref) refs/heads/test_skills refs/remotes/test_skills [1ms]
[2022-07-09T13:01:08.378Z] > git remote --verbose [1ms]
[2022-07-09T13:01:08.378Z] > git for-each-ref --sort -committerdate --format %(refname) %(objectname) %(*objectname) [3ms]
[2022-07-09T13:01:08.407Z] > git config --get commit.template [0ms]
[2022-07-09T13:01:11.625Z] > git show --textconv :scripts/image-Graber.py [482ms]
[2022-07-09T13:01:11.626Z] > git ls-files --stage -- /home/htmhqi/scripts/image-Graber.py [480ms]
[2022-07-09T13:01:11.773Z] > git cat-file -s 924ee2e96c2e1047b40f78e72b32b626c47686cc [141ms]
[2022-07-09T13:01:13.438Z] > git status -z -uall [23ms]
[2022-07-09T13:01:13.443Z] > git symbolic-ref --short HEAD [1ms]
[2022-07-09T13:01:13.447Z] > git for-each-ref --format=%(refname)%00%(upstream:short)%00%(objectname)%00%(upstream:track)%00%(upstream:remotename)%00%(upstream:remoteref) refs/heads/test_skills refs/remotes/test_skills [0ms]
[2022-07-09T13:01:13.455Z] > git remote --verbose [0ms]
[2022-07-09T13:01:13.456Z] > git for-each-ref --sort -committerdate --format %(refname) %(objectname) %(*objectname) [5ms]
[2022-07-09T13:01:13.494Z] > git config --get commit.template [0ms]
[2022-07-09T13:01:18.525Z] > git status -z -uall [24ms]
[2022-07-09T13:01:18.530Z] > git symbolic-ref --short HEAD [1ms]
[2022-07-09T13:01:18.535Z] > git for-each-ref --format=%(refname)%00%(upstream:short)%00%(objectname)%00%(upstream:track)%00%(upstream:remotename)%00%(upstream:remoteref) refs/heads/test_skills refs/remotes/test_skills [1ms]
[2022-07-09T13:01:18.543Z] > git remote --verbose [1ms]
[2022-07-09T13:01:18.543Z] > git for-each-ref --sort -committerdate --format %(refname) %(objectname) %(*objectname) [4ms]
[2022-07-09T13:01:18.570Z] > git config --get commit.template [0ms]
[2022-07-09T13:01:23.600Z] > git status -z -uall [23ms]
[2022-07-09T13:01:23.606Z] > git symbolic-ref --short HEAD [1ms]
[2022-07-09T13:01:23.611Z] > git for-each-ref --format=%(refname)%00%(upstream:short)%00%(objectname)%00%(upstream:track)%00%(upstream:remotename)%00%(upstream:remoteref) refs/heads/test_skills refs/remotes/test_skills [1ms]
[2022-07-09T13:01:23.620Z] > git remote --verbose [1ms]
[2022-07-09T13:01:23.620Z] > git for-each-ref --sort -committerdate --format %(refname) %(objectname) %(*objectname) [5ms]
[2022-07-09T13:01:23.646Z] > git config --get commit.template [3ms]
[2022-07-09T13:01:28.672Z] > git status -z -uall [20ms]
[2022-07-09T13:01:28.677Z] > git symbolic-ref --short HEAD [0ms]
[2022-07-09T13:01:28.683Z] > git for-each-ref --format=%(refname)%00%(upstream:short)%00%(objectname)%00%(upstream:track)%00%(upstream:remotename)%00%(upstream:remoteref) refs/heads/test_skills refs/remotes/test_skills [1ms]
[2022-07-09T13:01:28.692Z] > git remote --verbose [0ms]
[2022-07-09T13:01:28.692Z] > git for-each-ref --sort -committerdate --format %(refname) %(objectname) %(*objectname) [5ms]
[2022-07-09T13:01:28.716Z] > git config --get commit.template [2ms]
[2022-07-09T13:01:33.746Z] > git status -z -uall [22ms]
[2022-07-09T13:01:33.752Z] > git symbolic-ref --short HEAD [0ms]
[2022-07-09T13:01:33.758Z] > git for-each-ref --format=%(refname)%00%(upstream:short)%00%(objectname)%00%(upstream:track)%00%(upstream:remotename)%00%(upstream:remoteref) refs/heads/test_skills refs/remotes/test_skills [1ms]
[2022-07-09T13:01:33.768Z] > git remote --verbose [1ms]
[2022-07-09T13:01:33.768Z] > git for-each-ref --sort -committerdate --format %(refname) %(objectname) %(*objectname) [5ms]
[2022-07-09T13:01:33.792Z] > git config --get commit.template [3ms]
[2022-07-09T13:01:38.822Z] > git status -z -uall [22ms]
[2022-07-09T13:01:38.828Z] > git symbolic-ref --short HEAD [0ms]
[2022-07-09T13:01:38.834Z] > git for-each-ref --format=%(refname)%00%(upstream:short)%00%(objectname)%00%(upstream:track)%00%(upstream:remotename)%00%(upstream:remoteref) refs/heads/test_skills refs/remotes/test_skills [0ms]
[2022-07-09T13:01:38.845Z] > git remote --verbose [0ms]
[2022-07-09T13:01:38.846Z] > git for-each-ref --sort -committerdate --format %(refname) %(objectname) %(*objectname) [6ms]
[2022-07-09T13:01:38.876Z] > git config --get commit.template [5ms]
[2022-07-09T13:01:43.908Z] > git status -z -uall [23ms]
[2022-07-09T13:01:43.915Z] > git symbolic-ref --short HEAD [0ms]
[2022-07-09T13:01:43.923Z] > git for-each-ref --format=%(refname)%00%(upstream:short)%00%(objectname)%00%(upstream:track)%00%(upstream:remotename)%00%(upstream:remoteref) refs/heads/test_skills refs/remotes/test_skills [1ms]
[2022-07-09T13:01:43.936Z] > git remote --verbose [1ms]
[2022-07-09T13:01:43.936Z] > git for-each-ref --sort -committerdate --format %(refname) %(objectname) %(*objectname) [7ms]
[2022-07-09T13:01:43.963Z] > git config --get commit.template [3ms]
[2022-07-09T13:01:48.994Z] > git status -z -uall [22ms]
[2022-07-09T13:01:49.000Z] > git symbolic-ref --short HEAD [0ms]
[2022-07-09T13:01:49.007Z] > git for-each-ref --format=%(refname)%00%(upstream:short)%00%(objectname)%00%(upstream:track)%00%(upstream:remotename)%00%(upstream:remoteref) refs/heads/test_skills refs/remotes/test_skills [1ms]
[2022-07-09T13:01:49.018Z] > git remote --verbose [1ms]
[2022-07-09T13:01:49.018Z] > git for-each-ref --sort -committerdate --format %(refname) %(objectname) %(*objectname) [6ms]
[2022-07-09T13:01:49.043Z] > git config --get commit.template [3ms]
[2022-07-09T13:01:54.074Z] > git status -z -uall [22ms]
[2022-07-09T13:01:54.081Z] > git symbolic-ref --short HEAD [1ms]
[2022-07-09T13:01:54.087Z] > git for-each-ref --format=%(refname)%00%(upstream:short)%00%(objectname)%00%(upstream:track)%00%(upstream:remotename)%00%(upstream:remoteref) refs/heads/test_skills refs/remotes/test_skills [0ms]
[2022-07-09T13:01:54.099Z] > git remote --verbose [1ms]
[2022-07-09T13:01:54.099Z] > git for-each-ref --sort -committerdate --format %(refname) %(objectname) %(*objectname) [6ms]
[2022-07-09T13:01:54.127Z] > git config --get commit.template [3ms]
[2022-07-09T13:01:59.157Z] > git status -z -uall [22ms]
[2022-07-09T13:01:59.164Z] > git symbolic-ref --short HEAD [0ms]
[2022-07-09T13:01:59.171Z] > git for-each-ref --format=%(refname)%00%(upstream:short)%00%(objectname)%00%(upstream:track)%00%(upstream:remotename)%00%(upstream:remoteref) refs/heads/test_skills refs/remotes/test_skills [0ms]
[2022-07-09T13:01:59.184Z] > git remote --verbose [1ms]
[2022-07-09T13:01:59.184Z] > git for-each-ref --sort -committerdate --format %(refname) %(objectname) %(*objectname) [6ms]
[2022-07-09T13:01:59.212Z] > git config --get commit.template [4ms]
[2022-07-09T13:02:45.023Z] > git status -z -uall [31ms]
[2022-07-09T13:02:45.031Z] > git symbolic-ref --short HEAD [1ms]
[2022-07-09T13:02:45.038Z] > git for-each-ref --format=%(refname)%00%(upstream:short)%00%(objectname)%00%(upstream:track)%00%(upstream:remotename)%00%(upstream:remoteref) refs/heads/test_skills refs/remotes/test_skills [0ms]
[2022-07-09T13:02:45.053Z] > git remote --verbose [1ms]
[2022-07-09T13:02:45.053Z] > git for-each-ref --sort -committerdate --format %(refname) %(objectname) %(*objectname) [8ms]
[2022-07-09T13:02:45.083Z] > git config --get commit.template [6ms]
[2022-07-09T13:02:50.110Z] > git status -z -uall [23ms]
[2022-07-09T13:02:50.114Z] > git symbolic-ref --short HEAD [1ms]
[2022-07-09T13:02:50.117Z] > git for-each-ref --format=%(refname)%00%(upstream:short)%00%(objectname)%00%(upstream:track)%00%(upstream:remotename)%00%(upstream:remoteref) refs/heads/test_skills refs/remotes/test_skills [1ms]
[2022-07-09T13:02:50.122Z] > git remote --verbose [0ms]
[2022-07-09T13:02:50.123Z] > git for-each-ref --sort -committerdate --format %(refname) %(objectname) %(*objectname) [3ms]
[2022-07-09T13:02:50.146Z] > git config --get commit.template [0ms]
[2022-07-09T13:02:55.174Z] > git status -z -uall [23ms]
[2022-07-09T13:02:55.178Z] > git symbolic-ref --short HEAD [0ms]
[2022-07-09T13:02:55.182Z] > git for-each-ref --format=%(refname)%00%(upstream:short)%00%(objectname)%00%(upstream:track)%00%(upstream:remotename)%00%(upstream:remoteref) refs/heads/test_skills refs/remotes/test_skills [0ms]
[2022-07-09T13:02:55.188Z] > git remote --verbose [0ms]
[2022-07-09T13:02:55.188Z] > git for-each-ref --sort -committerdate --format %(refname) %(objectname) %(*objectname) [3ms]
[2022-07-09T13:02:55.210Z] > git config --get commit.template [1ms]
[2022-07-09T13:03:00.237Z] > git status -z -uall [23ms]
[2022-07-09T13:03:00.242Z] > git symbolic-ref --short HEAD [1ms]
[2022-07-09T13:03:00.247Z] > git for-each-ref --format=%(refname)%00%(upstream:short)%00%(objectname)%00%(upstream:track)%00%(upstream:remotename)%00%(upstream:remoteref) refs/heads/test_skills refs/remotes/test_skills [1ms]
[2022-07-09T13:03:00.256Z] > git remote --verbose [1ms]
[2022-07-09T13:03:00.256Z] > git for-each-ref --sort -committerdate --format %(refname) %(objectname) %(*objectname) [4ms]
[2022-07-09T13:03:00.279Z] > git config --get commit.template [0ms]
[2022-07-09T13:03:05.308Z] > git status -z -uall [22ms]
[2022-07-09T13:03:05.313Z] > git symbolic-ref --short HEAD [1ms]
[2022-07-09T13:03:05.317Z] > git for-each-ref --format=%(refname)%00%(upstream:short)%00%(objectname)%00%(upstream:track)%00%(upstream:remotename)%00%(upstream:remoteref) refs/heads/test_skills refs/remotes/test_skills [1ms]
[2022-07-09T13:03:05.323Z] > git remote --verbose [1ms]
[2022-07-09T13:03:05.323Z] > git for-each-ref --sort -committerdate --format %(refname) %(objectname) %(*objectname) [3ms]
[2022-07-09T13:03:05.344Z] > git config --get commit.template [0ms]
[2022-07-09T13:03:10.372Z] > git status -z -uall [22ms]
[2022-07-09T13:03:10.377Z] > git symbolic-ref --short HEAD [1ms]
[2022-07-09T13:03:10.382Z] > git for-each-ref --format=%(refname)%00%(upstream:short)%00%(objectname)%00%(upstream:track)%00%(upstream:remotename)%00%(upstream:remoteref) refs/heads/test_skills refs/remotes/test_skills [1ms]
[2022-07-09T13:03:10.389Z] > git remote --verbose [1ms]
[2022-07-09T13:03:10.389Z] > git for-each-ref --sort -committerdate --format %(refname) %(objectname) %(*objectname) [4ms]
[2022-07-09T13:03:10.415Z] > git config --get commit.template [1ms]
[2022-07-09T13:06:14.127Z] > git status -z -uall [31ms]
[2022-07-09T13:06:14.131Z] > git symbolic-ref --short HEAD [0ms]
[2022-07-09T13:06:14.135Z] > git for-each-ref --format=%(refname)%00%(upstream:short)%00%(objectname)%00%(upstream:track)%00%(upstream:remotename)%00%(upstream:remoteref) refs/heads/test_skills refs/remotes/test_skills [0ms]
[2022-07-09T13:06:14.142Z] > git remote --verbose [1ms]
[2022-07-09T13:06:14.142Z] > git for-each-ref --sort -committerdate --format %(refname) %(objectname) %(*objectname) [3ms]
[2022-07-09T13:06:14.176Z] > git config --get commit.template [1ms]
[2022-07-09T13:06:19.202Z] > git status -z -uall [22ms]
[2022-07-09T13:06:19.206Z] > git symbolic-ref --short HEAD [1ms]
[2022-07-09T13:06:19.209Z] > git for-each-ref --format=%(refname)%00%(upstream:short)%00%(objectname)%00%(upstream:track)%00%(upstream:remotename)%00%(upstream:remoteref) refs/heads/test_skills refs/remotes/test_skills [1ms]
[2022-07-09T13:06:19.214Z] > git remote --verbose [0ms]
[2022-07-09T13:06:19.215Z] > git for-each-ref --sort -committerdate --format %(refname) %(objectname) %(*objectname) [4ms]
[2022-07-09T13:06:19.238Z] > git config --get commit.template [2ms]
[2022-07-09T13:06:50.814Z] > git status -z -uall [22ms]
[2022-07-09T13:06:50.819Z] > git symbolic-ref --short HEAD [1ms]
[2022-07-09T13:06:50.822Z] > git for-each-ref --format=%(refname)%00%(upstream:short)%00%(objectname)%00%(upstream:track)%00%(upstream:remotename)%00%(upstream:remoteref) refs/heads/test_skills refs/remotes/test_skills [0ms]
[2022-07-09T13:06:50.828Z] > git remote --verbose [0ms]
[2022-07-09T13:06:50.828Z] > git for-each-ref --sort -committerdate --format %(refname) %(objectname) %(*objectname) [3ms]
[2022-07-09T13:06:50.851Z] > git config --get commit.template [1ms]
[2022-07-09T13:06:55.879Z] > git status -z -uall [23ms]
[2022-07-09T13:06:55.882Z] > git symbolic-ref --short HEAD [0ms]
[2022-07-09T13:06:55.886Z] > git for-each-ref --format=%(refname)%00%(upstream:short)%00%(objectname)%00%(upstream:track)%00%(upstream:remotename)%00%(upstream:remoteref) refs/heads/test_skills refs/remotes/test_skills [1ms]
[2022-07-09T13:06:55.890Z] > git remote --verbose [0ms]
[2022-07-09T13:06:55.890Z] > git for-each-ref --sort -committerdate --format %(refname) %(objectname) %(*objectname) [2ms]
[2022-07-09T13:06:55.914Z] > git config --get commit.template [1ms]
[2022-07-09T13:07:00.942Z] > git status -z -uall [22ms]
[2022-07-09T13:07:00.947Z] > git symbolic-ref --short HEAD [1ms]
[2022-07-09T13:07:00.950Z] > git for-each-ref --format=%(refname)%00%(upstream:short)%00%(objectname)%00%(upstream:track)%00%(upstream:remotename)%00%(upstream:remoteref) refs/heads/test_skills refs/remotes/test_skills [0ms]
[2022-07-09T13:07:00.956Z] > git remote --verbose [1ms]
[2022-07-09T13:07:00.956Z] > git for-each-ref --sort -committerdate --format %(refname) %(objectname) %(*objectname) [3ms]
[2022-07-09T13:07:00.978Z] > git config --get commit.template [0ms]
[2022-07-09T13:07:06.007Z] > git status -z -uall [23ms]
[2022-07-09T13:07:06.011Z] > git symbolic-ref --short HEAD [1ms]
[2022-07-09T13:07:06.015Z] > git for-each-ref --format=%(refname)%00%(upstream:short)%00%(objectname)%00%(upstream:track)%00%(upstream:remotename)%00%(upstream:remoteref) refs/heads/test_skills refs/remotes/test_skills [1ms]
[2022-07-09T13:07:06.020Z] > git remote --verbose [0ms]
[2022-07-09T13:07:06.021Z] > git for-each-ref --sort -committerdate --format %(refname) %(objectname) %(*objectname) [4ms]
[2022-07-09T13:07:06.061Z] > git config --get commit.template [4ms]
[2022-07-09T13:11:34.230Z] > git status -z -uall [37ms]
[2022-07-09T13:11:34.234Z] > git symbolic-ref --short HEAD [0ms]
[2022-07-09T13:11:34.237Z] > git for-each-ref --format=%(refname)%00%(upstream:short)%00%(objectname)%00%(upstream:track)%00%(upstream:remotename)%00%(upstream:remoteref) refs/heads/test_skills refs/remotes/test_skills [0ms]
[2022-07-09T13:11:34.243Z] > git remote --verbose [1ms]
[2022-07-09T13:11:34.243Z] > git for-each-ref --sort -committerdate --format %(refname) %(objectname) %(*objectname) [3ms]
[2022-07-09T13:11:34.273Z] > git config --get commit.template [0ms]
[2022-07-09T13:11:39.300Z] > git status -z -uall [22ms]
[2022-07-09T13:11:39.305Z] > git symbolic-ref --short HEAD [1ms]
[2022-07-09T13:11:39.308Z] > git for-each-ref --format=%(refname)%00%(upstream:short)%00%(objectname)%00%(upstream:track)%00%(upstream:remotename)%00%(upstream:remoteref) refs/heads/test_skills refs/remotes/test_skills [1ms]
[2022-07-09T13:11:39.314Z] > git remote --verbose [1ms]
[2022-07-09T13:11:39.314Z] > git for-each-ref --sort -committerdate --format %(refname) %(objectname) %(*objectname) [3ms]
[2022-07-09T13:11:39.338Z] > git config --get commit.template [2ms]
[2022-07-09T13:11:44.366Z] > git status -z -uall [24ms]
[2022-07-09T13:11:44.369Z] > git symbolic-ref --short HEAD [0ms]
[2022-07-09T13:11:44.373Z] > git for-each-ref --format=%(refname)%00%(upstream:short)%00%(objectname)%00%(upstream:track)%00%(upstream:remotename)%00%(upstream:remoteref) refs/heads/test_skills refs/remotes/test_skills [1ms]
[2022-07-09T13:11:44.378Z] > git remote --verbose [1ms]
[2022-07-09T13:11:44.378Z] > git for-each-ref --sort -committerdate --format %(refname) %(objectname) %(*objectname) [3ms]
[2022-07-09T13:11:44.400Z] > git config --get commit.template [1ms]
[2022-07-09T13:11:49.428Z] > git status -z -uall [23ms]
[2022-07-09T13:11:49.432Z] > git symbolic-ref --short HEAD [0ms]
[2022-07-09T13:11:49.435Z] > git for-each-ref --format=%(refname)%00%(upstream:short)%00%(objectname)%00%(upstream:track)%00%(upstream:remotename)%00%(upstream:remoteref) refs/heads/test_skills refs/remotes/test_skills [0ms]
[2022-07-09T13:11:49.440Z] > git remote --verbose [0ms]
[2022-07-09T13:11:49.441Z] > git for-each-ref --sort -committerdate --format %(refname) %(objectname) %(*objectname) [3ms]
[2022-07-09T13:11:49.460Z] > git config --get commit.template [0ms]
[2022-07-09T13:11:54.487Z] > git status -z -uall [22ms]
[2022-07-09T13:11:54.491Z] > git symbolic-ref --short HEAD [1ms]
[2022-07-09T13:11:54.494Z] > git for-each-ref --format=%(refname)%00%(upstream:short)%00%(objectname)%00%(upstream:track)%00%(upstream:remotename)%00%(upstream:remoteref) refs/heads/test_skills refs/remotes/test_skills [1ms]
[2022-07-09T13:11:54.499Z] > git remote --verbose [0ms]
[2022-07-09T13:11:54.500Z] > git for-each-ref --sort -committerdate --format %(refname) %(objectname) %(*objectname) [4ms]
[2022-07-09T13:11:54.521Z] > git config --get commit.template [1ms]
[2022-07-09T13:11:59.549Z] > git status -z -uall [23ms]
[2022-07-09T13:11:59.553Z] > git symbolic-ref --short HEAD [1ms]
[2022-07-09T13:11:59.557Z] > git for-each-ref --format=%(refname)%00%(upstream:short)%00%(objectname)%00%(upstream:track)%00%(upstream:remotename)%00%(upstream:remoteref) refs/heads/test_skills refs/remotes/test_skills [1ms]
[2022-07-09T13:11:59.564Z] > git remote --verbose [1ms]
[2022-07-09T13:11:59.564Z] > git for-each-ref --sort -committerdate --format %(refname) %(objectname) %(*objectname) [4ms]
[2022-07-09T13:11:59.587Z] > git config --get commit.template [0ms]
[2022-07-09T13:12:04.617Z] > git status -z -uall [24ms]
[2022-07-09T13:12:04.621Z] > git symbolic-ref --short HEAD [1ms]
[2022-07-09T13:12:04.624Z] > git for-each-ref --format=%(refname)%00%(upstream:short)%00%(objectname)%00%(upstream:track)%00%(upstream:remotename)%00%(upstream:remoteref) refs/heads/test_skills refs/remotes/test_skills [0ms]
[2022-07-09T13:12:04.629Z] > git remote --verbose [0ms]
[2022-07-09T13:12:04.630Z] > git for-each-ref --sort -committerdate --format %(refname) %(objectname) %(*objectname) [3ms]
[2022-07-09T13:12:04.651Z] > git config --get commit.template [1ms]
[2022-07-09T13:12:09.679Z] > git status -z -uall [23ms]
[2022-07-09T13:12:09.684Z] > git symbolic-ref --short HEAD [1ms]
[2022-07-09T13:12:09.688Z] > git for-each-ref --format=%(refname)%00%(upstream:short)%00%(objectname)%00%(upstream:track)%00%(upstream:remotename)%00%(upstream:remoteref) refs/heads/test_skills refs/remotes/test_skills [1ms]
[2022-07-09T13:12:09.694Z] > git remote --verbose [0ms]
[2022-07-09T13:12:09.695Z] > git for-each-ref --sort -committerdate --format %(refname) %(objectname) %(*objectname) [4ms]
[2022-07-09T13:12:09.718Z] > git config --get commit.template [1ms]
[2022-07-09T13:12:14.746Z] > git status -z -uall [22ms]
[2022-07-09T13:12:14.750Z] > git symbolic-ref --short HEAD [1ms]
[2022-07-09T13:12:14.753Z] > git for-each-ref --format=%(refname)%00%(upstream:short)%00%(objectname)%00%(upstream:track)%00%(upstream:remotename)%00%(upstream:remoteref) refs/heads/test_skills refs/remotes/test_skills [1ms]
[2022-07-09T13:12:14.758Z] > git remote --verbose [1ms]
[2022-07-09T13:12:14.758Z] > git for-each-ref --sort -committerdate --format %(refname) %(objectname) %(*objectname) [3ms]
[2022-07-09T13:12:14.780Z] > git config --get commit.template [1ms]
[2022-07-09T13:12:19.807Z] > git status -z -uall [23ms]
[2022-07-09T13:12:19.811Z] > git symbolic-ref --short HEAD [1ms]
[2022-07-09T13:12:19.814Z] > git for-each-ref --format=%(refname)%00%(upstream:short)%00%(objectname)%00%(upstream:track)%00%(upstream:remotename)%00%(upstream:remoteref) refs/heads/test_skills refs/remotes/test_skills [0ms]
[2022-07-09T13:12:19.821Z] > git remote --verbose [2ms]
[2022-07-09T13:12:19.821Z] > git for-each-ref --sort -committerdate --format %(refname) %(objectname) %(*objectname) [4ms]
[2022-07-09T13:12:19.859Z] > git config --get commit.template [3ms]
[2022-07-09T13:12:24.886Z] > git status -z -uall [22ms]
[2022-07-09T13:12:24.890Z] > git symbolic-ref --short HEAD [1ms]
[2022-07-09T13:12:24.893Z] > git for-each-ref --format=%(refname)%00%(upstream:short)%00%(objectname)%00%(upstream:track)%00%(upstream:remotename)%00%(upstream:remoteref) refs/heads/test_skills refs/remotes/test_skills [1ms]
[2022-07-09T13:12:24.898Z] > git for-each-ref --sort -committerdate --format %(refname) %(objectname) %(*objectname) [3ms]
[2022-07-09T13:12:24.898Z] > git remote --verbose [0ms]
[2022-07-09T13:12:24.920Z] > git config --get commit.template [1ms]
[2022-07-09T13:13:02.522Z] > git status -z -uall [25ms]
[2022-07-09T13:13:02.525Z] > git symbolic-ref --short HEAD [0ms]
[2022-07-09T13:13:02.529Z] > git for-each-ref --format=%(refname)%00%(upstream:short)%00%(objectname)%00%(upstream:track)%00%(upstream:remotename)%00%(upstream:remoteref) refs/heads/test_skills refs/remotes/test_skills [1ms]
[2022-07-09T13:13:02.537Z] > git remote --verbose [2ms]
[2022-07-09T13:13:02.537Z] > git for-each-ref --sort -committerdate --format %(refname) %(objectname) %(*objectname) [5ms]
[2022-07-09T13:13:02.581Z] > git config --get commit.template [4ms]
[2022-07-09T13:17:34.284Z] > git status -z -uall [27ms]
[2022-07-09T13:17:34.287Z] > git symbolic-ref --short HEAD [0ms]
[2022-07-09T13:17:34.290Z] > git for-each-ref --format=%(refname)%00%(upstream:short)%00%(objectname)%00%(upstream:track)%00%(upstream:remotename)%00%(upstream:remoteref) refs/heads/test_skills refs/remotes/test_skills [0ms]
[2022-07-09T13:17:34.296Z] > git for-each-ref --sort -committerdate --format %(refname) %(objectname) %(*objectname) [3ms]
[2022-07-09T13:17:34.296Z] > git remote --verbose [1ms]
[2022-07-09T13:17:34.323Z] > git config --get commit.template [1ms]
[2022-07-09T13:17:39.351Z] > git status -z -uall [23ms]
[2022-07-09T13:17:39.355Z] > git symbolic-ref --short HEAD [1ms]
[2022-07-09T13:17:39.358Z] > git for-each-ref --format=%(refname)%00%(upstream:short)%00%(objectname)%00%(upstream:track)%00%(upstream:remotename)%00%(upstream:remoteref) refs/heads/test_skills refs/remotes/test_skills [1ms]
[2022-07-09T13:17:39.363Z] > git remote --verbose [1ms]
[2022-07-09T13:17:39.363Z] > git for-each-ref --sort -committerdate --format %(refname) %(objectname) %(*objectname) [3ms]
[2022-07-09T13:17:39.386Z] > git config --get commit.template [1ms]
[2022-07-09T13:18:04.025Z] > git status -z -uall [26ms]
[2022-07-09T13:18:04.030Z] > git symbolic-ref --short HEAD [0ms]
[2022-07-09T13:18:04.034Z] > git for-each-ref --format=%(refname)%00%(upstream:short)%00%(objectname)%00%(upstream:track)%00%(upstream:remotename)%00%(upstream:remoteref) refs/heads/test_skills refs/remotes/test_skills [1ms]
[2022-07-09T13:18:04.041Z] > git remote --verbose [1ms]
[2022-07-09T13:18:04.041Z] > git for-each-ref --sort -committerdate --format %(refname) %(objectname) %(*objectname) [4ms]
[2022-07-09T13:18:04.065Z] > git config --get commit.template [1ms]
