[2022-06-26T21:51:48.714Z] Log level: Info
[2022-06-26T21:51:48.715Z] [info] Validating found git in: git
[2022-06-26T21:51:48.987Z] [info] Using git 2.25.1 from git
[2022-06-26T21:51:49.146Z] > git rev-parse --show-toplevel [147ms]
[2022-06-26T21:51:49.211Z] > git rev-parse --git-dir --git-common-dir [56ms]
[2022-06-26T21:51:49.215Z] [info] Open repository: /home/htmhqi
[2022-06-26T21:51:49.313Z] > git status -z -uall [91ms]
[2022-06-26T21:51:49.320Z] > git symbolic-ref --short HEAD [2ms]
[2022-06-26T21:51:49.327Z] > git for-each-ref --format=%(refname)%00%(upstream:short)%00%(objectname)%00%(upstream:track)%00%(upstream:remotename)%00%(upstream:remoteref) refs/heads/test_skills refs/remotes/test_skills [1ms]
[2022-06-26T21:51:49.344Z] > git remote --verbose [3ms]
[2022-06-26T21:51:49.344Z] > git for-each-ref --sort -committerdate --format %(refname) %(objectname) %(*objectname) [9ms]
[2022-06-26T21:51:49.438Z] > git config --get commit.template [3ms]
[2022-06-26T21:51:50.775Z] > git check-ignore -v -z --stdin [7ms]
[2022-06-26T21:51:50.891Z] > git show --textconv :scripts/Unit_Test.py [14ms]
[2022-06-26T21:51:50.891Z] > git ls-files --stage -- /home/htmhqi/scripts/Unit_Test.py [9ms]
[2022-06-26T21:51:50.897Z] > git cat-file -s ea1fa653abd5be89ccf8d7691a1d57d76ba41c38 [2ms]
[2022-06-26T21:51:53.856Z] > git status -z -uall [29ms]
[2022-06-26T21:51:53.864Z] > git symbolic-ref --short HEAD [3ms]
[2022-06-26T21:51:53.869Z] > git for-each-ref --format=%(refname)%00%(upstream:short)%00%(objectname)%00%(upstream:track)%00%(upstream:remotename)%00%(upstream:remoteref) refs/heads/test_skills refs/remotes/test_skills [0ms]
[2022-06-26T21:51:53.878Z] > git remote --verbose [1ms]
[2022-06-26T21:51:53.878Z] > git for-each-ref --sort -committerdate --format %(refname) %(objectname) %(*objectname) [5ms]
[2022-06-26T21:51:53.949Z] > git config --get commit.template [0ms]
[2022-06-26T21:51:58.986Z] > git status -z -uall [30ms]
[2022-06-26T21:51:58.990Z] > git symbolic-ref --short HEAD [0ms]
[2022-06-26T21:51:58.995Z] > git for-each-ref --format=%(refname)%00%(upstream:short)%00%(objectname)%00%(upstream:track)%00%(upstream:remotename)%00%(upstream:remoteref) refs/heads/test_skills refs/remotes/test_skills [0ms]
[2022-06-26T21:51:59.003Z] > git remote --verbose [1ms]
[2022-06-26T21:51:59.003Z] > git for-each-ref --sort -committerdate --format %(refname) %(objectname) %(*objectname) [4ms]
[2022-06-26T21:51:59.064Z] > git config --get commit.template [1ms]
[2022-06-26T21:52:04.175Z] > git status -z -uall [26ms]
[2022-06-26T21:52:04.180Z] > git symbolic-ref --short HEAD [0ms]
[2022-06-26T21:52:04.185Z] > git for-each-ref --format=%(refname)%00%(upstream:short)%00%(objectname)%00%(upstream:track)%00%(upstream:remotename)%00%(upstream:remoteref) refs/heads/test_skills refs/remotes/test_skills [1ms]
[2022-06-26T21:52:04.194Z] > git remote --verbose [1ms]
[2022-06-26T21:52:04.194Z] > git for-each-ref --sort -committerdate --format %(refname) %(objectname) %(*objectname) [5ms]
[2022-06-26T21:52:04.253Z] > git config --get commit.template [1ms]
[2022-06-26T21:52:09.288Z] > git status -z -uall [27ms]
[2022-06-26T21:52:09.294Z] > git symbolic-ref --short HEAD [1ms]
[2022-06-26T21:52:09.299Z] > git for-each-ref --format=%(refname)%00%(upstream:short)%00%(objectname)%00%(upstream:track)%00%(upstream:remotename)%00%(upstream:remoteref) refs/heads/test_skills refs/remotes/test_skills [1ms]
[2022-06-26T21:52:09.308Z] > git remote --verbose [1ms]
[2022-06-26T21:52:09.308Z] > git for-each-ref --sort -committerdate --format %(refname) %(objectname) %(*objectname) [5ms]
[2022-06-26T21:52:09.368Z] > git config --get commit.template [2ms]
[2022-06-26T21:52:14.403Z] > git status -z -uall [29ms]
[2022-06-26T21:52:14.408Z] > git symbolic-ref --short HEAD [1ms]
[2022-06-26T21:52:14.413Z] > git for-each-ref --format=%(refname)%00%(upstream:short)%00%(objectname)%00%(upstream:track)%00%(upstream:remotename)%00%(upstream:remoteref) refs/heads/test_skills refs/remotes/test_skills [1ms]
[2022-06-26T21:52:14.421Z] > git remote --verbose [1ms]
[2022-06-26T21:52:14.421Z] > git for-each-ref --sort -committerdate --format %(refname) %(objectname) %(*objectname) [4ms]
[2022-06-26T21:52:14.483Z] > git config --get commit.template [3ms]
[2022-06-26T21:53:00.901Z] > git status -z -uall [39ms]
[2022-06-26T21:53:00.905Z] > git symbolic-ref --short HEAD [0ms]
[2022-06-26T21:53:00.911Z] > git for-each-ref --format=%(refname)%00%(upstream:short)%00%(objectname)%00%(upstream:track)%00%(upstream:remotename)%00%(upstream:remoteref) refs/heads/test_skills refs/remotes/test_skills [1ms]
[2022-06-26T21:53:00.917Z] > git remote --verbose [1ms]
[2022-06-26T21:53:00.917Z] > git for-each-ref --sort -committerdate --format %(refname) %(objectname) %(*objectname) [3ms]
[2022-06-26T21:53:00.985Z] > git config --get commit.template [2ms]
[2022-06-26T21:53:06.022Z] > git status -z -uall [31ms]
[2022-06-26T21:53:06.027Z] > git symbolic-ref --short HEAD [1ms]
[2022-06-26T21:53:06.032Z] > git for-each-ref --format=%(refname)%00%(upstream:short)%00%(objectname)%00%(upstream:track)%00%(upstream:remotename)%00%(upstream:remoteref) refs/heads/test_skills refs/remotes/test_skills [1ms]
[2022-06-26T21:53:06.040Z] > git remote --verbose [1ms]
[2022-06-26T21:53:06.040Z] > git for-each-ref --sort -committerdate --format %(refname) %(objectname) %(*objectname) [4ms]
[2022-06-26T21:53:06.102Z] > git config --get commit.template [1ms]
[2022-06-26T21:53:11.333Z] > git status -z -uall [35ms]
[2022-06-26T21:53:11.339Z] > git symbolic-ref --short HEAD [1ms]
[2022-06-26T21:53:11.344Z] > git for-each-ref --format=%(refname)%00%(upstream:short)%00%(objectname)%00%(upstream:track)%00%(upstream:remotename)%00%(upstream:remoteref) refs/heads/test_skills refs/remotes/test_skills [1ms]
[2022-06-26T21:53:11.352Z] > git remote --verbose [1ms]
[2022-06-26T21:53:11.352Z] > git for-each-ref --sort -committerdate --format %(refname) %(objectname) %(*objectname) [5ms]
[2022-06-26T21:53:11.418Z] > git config --get commit.template [3ms]
[2022-06-26T21:53:16.455Z] > git status -z -uall [30ms]
[2022-06-26T21:53:16.459Z] > git symbolic-ref --short HEAD [0ms]
[2022-06-26T21:53:16.465Z] > git for-each-ref --format=%(refname)%00%(upstream:short)%00%(objectname)%00%(upstream:track)%00%(upstream:remotename)%00%(upstream:remoteref) refs/heads/test_skills refs/remotes/test_skills [0ms]
[2022-06-26T21:53:16.473Z] > git remote --verbose [1ms]
[2022-06-26T21:53:16.473Z] > git for-each-ref --sort -committerdate --format %(refname) %(objectname) %(*objectname) [4ms]
[2022-06-26T21:53:16.534Z] > git config --get commit.template [1ms]
[2022-06-26T21:53:21.568Z] > git status -z -uall [27ms]
[2022-06-26T21:53:21.573Z] > git symbolic-ref --short HEAD [0ms]
[2022-06-26T21:53:21.578Z] > git for-each-ref --format=%(refname)%00%(upstream:short)%00%(objectname)%00%(upstream:track)%00%(upstream:remotename)%00%(upstream:remoteref) refs/heads/test_skills refs/remotes/test_skills [0ms]
[2022-06-26T21:53:21.587Z] > git remote --verbose [1ms]
[2022-06-26T21:53:21.587Z] > git for-each-ref --sort -committerdate --format %(refname) %(objectname) %(*objectname) [5ms]
[2022-06-26T21:53:21.648Z] > git config --get commit.template [0ms]
[2022-06-26T21:53:26.684Z] > git status -z -uall [29ms]
[2022-06-26T21:53:26.689Z] > git symbolic-ref --short HEAD [0ms]
[2022-06-26T21:53:26.694Z] > git for-each-ref --format=%(refname)%00%(upstream:short)%00%(objectname)%00%(upstream:track)%00%(upstream:remotename)%00%(upstream:remoteref) refs/heads/test_skills refs/remotes/test_skills [0ms]
[2022-06-26T21:53:26.702Z] > git remote --verbose [1ms]
[2022-06-26T21:53:26.702Z] > git for-each-ref --sort -committerdate --format %(refname) %(objectname) %(*objectname) [4ms]
[2022-06-26T21:53:26.761Z] > git config --get commit.template [0ms]
[2022-06-26T21:53:31.795Z] > git status -z -uall [28ms]
[2022-06-26T21:53:31.800Z] > git symbolic-ref --short HEAD [1ms]
[2022-06-26T21:53:31.805Z] > git for-each-ref --format=%(refname)%00%(upstream:short)%00%(objectname)%00%(upstream:track)%00%(upstream:remotename)%00%(upstream:remoteref) refs/heads/test_skills refs/remotes/test_skills [1ms]
[2022-06-26T21:53:31.812Z] > git remote --verbose [1ms]
[2022-06-26T21:53:31.812Z] > git for-each-ref --sort -committerdate --format %(refname) %(objectname) %(*objectname) [3ms]
[2022-06-26T21:53:31.871Z] > git config --get commit.template [1ms]
[2022-06-26T21:53:36.905Z] > git status -z -uall [28ms]
[2022-06-26T21:53:36.910Z] > git symbolic-ref --short HEAD [0ms]
[2022-06-26T21:53:36.915Z] > git for-each-ref --format=%(refname)%00%(upstream:short)%00%(objectname)%00%(upstream:track)%00%(upstream:remotename)%00%(upstream:remoteref) refs/heads/test_skills refs/remotes/test_skills [1ms]
[2022-06-26T21:53:36.923Z] > git remote --verbose [1ms]
[2022-06-26T21:53:36.923Z] > git for-each-ref --sort -committerdate --format %(refname) %(objectname) %(*objectname) [4ms]
[2022-06-26T21:53:36.980Z] > git config --get commit.template [0ms]
[2022-06-26T21:53:42.017Z] > git status -z -uall [31ms]
[2022-06-26T21:53:42.022Z] > git symbolic-ref --short HEAD [0ms]
[2022-06-26T21:53:42.028Z] > git for-each-ref --format=%(refname)%00%(upstream:short)%00%(objectname)%00%(upstream:track)%00%(upstream:remotename)%00%(upstream:remoteref) refs/heads/test_skills refs/remotes/test_skills [0ms]
[2022-06-26T21:53:42.038Z] > git remote --verbose [0ms]
[2022-06-26T21:53:42.039Z] > git for-each-ref --sort -committerdate --format %(refname) %(objectname) %(*objectname) [6ms]
[2022-06-26T21:53:42.101Z] > git config --get commit.template [1ms]
[2022-06-26T21:53:47.137Z] > git status -z -uall [29ms]
[2022-06-26T21:53:47.142Z] > git symbolic-ref --short HEAD [0ms]
[2022-06-26T21:53:47.149Z] > git for-each-ref --format=%(refname)%00%(upstream:short)%00%(objectname)%00%(upstream:track)%00%(upstream:remotename)%00%(upstream:remoteref) refs/heads/test_skills refs/remotes/test_skills [2ms]
[2022-06-26T21:53:47.158Z] > git remote --verbose [1ms]
[2022-06-26T21:53:47.158Z] > git for-each-ref --sort -committerdate --format %(refname) %(objectname) %(*objectname) [5ms]
[2022-06-26T21:53:47.284Z] > git config --get commit.template [3ms]
[2022-06-26T21:53:52.248Z] > git check-ignore -v -z --stdin [8ms]
[2022-06-26T21:53:52.320Z] > git status -z -uall [29ms]
[2022-06-26T21:53:52.326Z] > git symbolic-ref --short HEAD [1ms]
[2022-06-26T21:53:52.332Z] > git for-each-ref --format=%(refname)%00%(upstream:short)%00%(objectname)%00%(upstream:track)%00%(upstream:remotename)%00%(upstream:remoteref) refs/heads/test_skills refs/remotes/test_skills [1ms]
[2022-06-26T21:53:52.343Z] > git remote --verbose [1ms]
[2022-06-26T21:53:52.343Z] > git for-each-ref --sort -committerdate --format %(refname) %(objectname) %(*objectname) [5ms]
[2022-06-26T21:53:52.414Z] > git config --get commit.template [4ms]
[2022-06-26T21:53:55.022Z] > git check-ignore -v -z --stdin [12ms]
[2022-06-26T21:53:57.450Z] > git status -z -uall [30ms]
[2022-06-26T21:53:57.455Z] > git symbolic-ref --short HEAD [1ms]
[2022-06-26T21:53:57.460Z] > git for-each-ref --format=%(refname)%00%(upstream:short)%00%(objectname)%00%(upstream:track)%00%(upstream:remotename)%00%(upstream:remoteref) refs/heads/test_skills refs/remotes/test_skills [1ms]
[2022-06-26T21:53:57.468Z] > git remote --verbose [0ms]
[2022-06-26T21:53:57.468Z] > git for-each-ref --sort -committerdate --format %(refname) %(objectname) %(*objectname) [4ms]
[2022-06-26T21:53:57.532Z] > git config --get commit.template [2ms]
[2022-06-26T21:54:00.159Z] > git check-ignore -v -z --stdin [21ms]
[2022-06-26T21:54:02.572Z] > git status -z -uall [34ms]
[2022-06-26T21:54:02.578Z] > git symbolic-ref --short HEAD [1ms]
[2022-06-26T21:54:02.585Z] > git for-each-ref --format=%(refname)%00%(upstream:short)%00%(objectname)%00%(upstream:track)%00%(upstream:remotename)%00%(upstream:remoteref) refs/heads/test_skills refs/remotes/test_skills [0ms]
[2022-06-26T21:54:02.596Z] > git remote --verbose [1ms]
[2022-06-26T21:54:02.596Z] > git for-each-ref --sort -committerdate --format %(refname) %(objectname) %(*objectname) [5ms]
[2022-06-26T21:54:02.661Z] > git config --get commit.template [5ms]
[2022-06-26T21:54:07.699Z] > git status -z -uall [32ms]
[2022-06-26T21:54:07.704Z] > git symbolic-ref --short HEAD [0ms]
[2022-06-26T21:54:07.710Z] > git for-each-ref --format=%(refname)%00%(upstream:short)%00%(objectname)%00%(upstream:track)%00%(upstream:remotename)%00%(upstream:remoteref) refs/heads/test_skills refs/remotes/test_skills [1ms]
[2022-06-26T21:54:07.718Z] > git remote --verbose [0ms]
[2022-06-26T21:54:07.718Z] > git for-each-ref --sort -committerdate --format %(refname) %(objectname) %(*objectname) [4ms]
[2022-06-26T21:54:07.778Z] > git config --get commit.template [2ms]
[2022-06-26T21:54:12.814Z] > git status -z -uall [30ms]
[2022-06-26T21:54:12.820Z] > git symbolic-ref --short HEAD [0ms]
[2022-06-26T21:54:12.826Z] > git for-each-ref --format=%(refname)%00%(upstream:short)%00%(objectname)%00%(upstream:track)%00%(upstream:remotename)%00%(upstream:remoteref) refs/heads/test_skills refs/remotes/test_skills [0ms]
[2022-06-26T21:54:12.836Z] > git remote --verbose [1ms]
[2022-06-26T21:54:12.836Z] > git for-each-ref --sort -committerdate --format %(refname) %(objectname) %(*objectname) [5ms]
[2022-06-26T21:54:12.897Z] > git config --get commit.template [2ms]
[2022-06-26T21:54:17.933Z] > git status -z -uall [29ms]
[2022-06-26T21:54:17.939Z] > git symbolic-ref --short HEAD [1ms]
[2022-06-26T21:54:17.945Z] > git for-each-ref --format=%(refname)%00%(upstream:short)%00%(objectname)%00%(upstream:track)%00%(upstream:remotename)%00%(upstream:remoteref) refs/heads/test_skills refs/remotes/test_skills [1ms]
[2022-06-26T21:54:17.955Z] > git remote --verbose [0ms]
[2022-06-26T21:54:17.955Z] > git for-each-ref --sort -committerdate --format %(refname) %(objectname) %(*objectname) [6ms]
[2022-06-26T21:54:18.017Z] > git config --get commit.template [1ms]
[2022-06-26T21:54:23.054Z] > git status -z -uall [29ms]
[2022-06-26T21:54:23.060Z] > git symbolic-ref --short HEAD [1ms]
[2022-06-26T21:54:23.065Z] > git for-each-ref --format=%(refname)%00%(upstream:short)%00%(objectname)%00%(upstream:track)%00%(upstream:remotename)%00%(upstream:remoteref) refs/heads/test_skills refs/remotes/test_skills [1ms]
[2022-06-26T21:54:23.075Z] > git remote --verbose [1ms]
[2022-06-26T21:54:23.075Z] > git for-each-ref --sort -committerdate --format %(refname) %(objectname) %(*objectname) [6ms]
[2022-06-26T21:54:23.138Z] > git config --get commit.template [1ms]
[2022-06-26T21:54:28.175Z] > git status -z -uall [30ms]
[2022-06-26T21:54:28.181Z] > git symbolic-ref --short HEAD [1ms]
[2022-06-26T21:54:28.186Z] > git for-each-ref --format=%(refname)%00%(upstream:short)%00%(objectname)%00%(upstream:track)%00%(upstream:remotename)%00%(upstream:remoteref) refs/heads/test_skills refs/remotes/test_skills [0ms]
[2022-06-26T21:54:28.195Z] > git remote --verbose [0ms]
[2022-06-26T21:54:28.196Z] > git for-each-ref --sort -committerdate --format %(refname) %(objectname) %(*objectname) [6ms]
[2022-06-26T21:54:28.258Z] > git config --get commit.template [4ms]
[2022-06-26T21:54:33.294Z] > git status -z -uall [29ms]
[2022-06-26T21:54:33.299Z] > git symbolic-ref --short HEAD [0ms]
[2022-06-26T21:54:33.305Z] > git for-each-ref --format=%(refname)%00%(upstream:short)%00%(objectname)%00%(upstream:track)%00%(upstream:remotename)%00%(upstream:remoteref) refs/heads/test_skills refs/remotes/test_skills [1ms]
[2022-06-26T21:54:33.315Z] > git remote --verbose [1ms]
[2022-06-26T21:54:33.315Z] > git for-each-ref --sort -committerdate --format %(refname) %(objectname) %(*objectname) [6ms]
[2022-06-26T21:54:33.376Z] > git config --get commit.template [1ms]
[2022-06-26T21:54:38.413Z] > git status -z -uall [30ms]
[2022-06-26T21:54:38.419Z] > git symbolic-ref --short HEAD [0ms]
[2022-06-26T21:54:38.425Z] > git for-each-ref --format=%(refname)%00%(upstream:short)%00%(objectname)%00%(upstream:track)%00%(upstream:remotename)%00%(upstream:remoteref) refs/heads/test_skills refs/remotes/test_skills [1ms]
[2022-06-26T21:54:38.435Z] > git remote --verbose [1ms]
[2022-06-26T21:54:38.435Z] > git for-each-ref --sort -committerdate --format %(refname) %(objectname) %(*objectname) [5ms]
[2022-06-26T21:54:38.492Z] > git config --get commit.template [0ms]
[2022-06-26T21:54:43.528Z] > git status -z -uall [30ms]
[2022-06-26T21:54:43.533Z] > git symbolic-ref --short HEAD [0ms]
[2022-06-26T21:54:43.540Z] > git for-each-ref --format=%(refname)%00%(upstream:short)%00%(objectname)%00%(upstream:track)%00%(upstream:remotename)%00%(upstream:remoteref) refs/heads/test_skills refs/remotes/test_skills [1ms]
[2022-06-26T21:54:43.549Z] > git remote --verbose [1ms]
[2022-06-26T21:54:43.549Z] > git for-each-ref --sort -committerdate --format %(refname) %(objectname) %(*objectname) [5ms]
[2022-06-26T21:54:43.609Z] > git config --get commit.template [0ms]
[2022-06-26T21:54:48.651Z] > git status -z -uall [33ms]
[2022-06-26T21:54:48.656Z] > git symbolic-ref --short HEAD [0ms]
[2022-06-26T21:54:48.662Z] > git for-each-ref --format=%(refname)%00%(upstream:short)%00%(objectname)%00%(upstream:track)%00%(upstream:remotename)%00%(upstream:remoteref) refs/heads/test_skills refs/remotes/test_skills [0ms]
[2022-06-26T21:54:48.672Z] > git remote --verbose [1ms]
[2022-06-26T21:54:48.672Z] > git for-each-ref --sort -committerdate --format %(refname) %(objectname) %(*objectname) [5ms]
[2022-06-26T21:54:48.735Z] > git config --get commit.template [1ms]
[2022-06-26T21:54:53.771Z] > git status -z -uall [30ms]
[2022-06-26T21:54:53.776Z] > git symbolic-ref --short HEAD [1ms]
[2022-06-26T21:54:53.782Z] > git for-each-ref --format=%(refname)%00%(upstream:short)%00%(objectname)%00%(upstream:track)%00%(upstream:remotename)%00%(upstream:remoteref) refs/heads/test_skills refs/remotes/test_skills [1ms]
[2022-06-26T21:54:53.791Z] > git remote --verbose [0ms]
[2022-06-26T21:54:53.792Z] > git for-each-ref --sort -committerdate --format %(refname) %(objectname) %(*objectname) [6ms]
[2022-06-26T21:54:53.854Z] > git config --get commit.template [2ms]
[2022-06-26T21:54:58.892Z] > git status -z -uall [31ms]
[2022-06-26T21:54:58.898Z] > git symbolic-ref --short HEAD [0ms]
[2022-06-26T21:54:58.903Z] > git for-each-ref --format=%(refname)%00%(upstream:short)%00%(objectname)%00%(upstream:track)%00%(upstream:remotename)%00%(upstream:remoteref) refs/heads/test_skills refs/remotes/test_skills [0ms]
[2022-06-26T21:54:58.913Z] > git remote --verbose [0ms]
[2022-06-26T21:54:58.914Z] > git for-each-ref --sort -committerdate --format %(refname) %(objectname) %(*objectname) [6ms]
[2022-06-26T21:54:58.972Z] > git config --get commit.template [1ms]
[2022-06-26T21:55:04.009Z] > git status -z -uall [29ms]
[2022-06-26T21:55:04.014Z] > git symbolic-ref --short HEAD [0ms]
[2022-06-26T21:55:04.020Z] > git for-each-ref --format=%(refname)%00%(upstream:short)%00%(objectname)%00%(upstream:track)%00%(upstream:remotename)%00%(upstream:remoteref) refs/heads/test_skills refs/remotes/test_skills [1ms]
[2022-06-26T21:55:04.029Z] > git remote --verbose [1ms]
[2022-06-26T21:55:04.029Z] > git for-each-ref --sort -committerdate --format %(refname) %(objectname) %(*objectname) [5ms]
[2022-06-26T21:55:04.089Z] > git config --get commit.template [0ms]
[2022-06-26T21:55:09.125Z] > git status -z -uall [30ms]
[2022-06-26T21:55:09.130Z] > git symbolic-ref --short HEAD [0ms]
[2022-06-26T21:55:09.136Z] > git for-each-ref --format=%(refname)%00%(upstream:short)%00%(objectname)%00%(upstream:track)%00%(upstream:remotename)%00%(upstream:remoteref) refs/heads/test_skills refs/remotes/test_skills [0ms]
[2022-06-26T21:55:09.146Z] > git remote --verbose [1ms]
[2022-06-26T21:55:09.146Z] > git for-each-ref --sort -committerdate --format %(refname) %(objectname) %(*objectname) [5ms]
[2022-06-26T21:55:09.205Z] > git config --get commit.template [0ms]
[2022-06-26T21:55:14.242Z] > git status -z -uall [30ms]
[2022-06-26T21:55:14.248Z] > git symbolic-ref --short HEAD [0ms]
[2022-06-26T21:55:14.253Z] > git for-each-ref --format=%(refname)%00%(upstream:short)%00%(objectname)%00%(upstream:track)%00%(upstream:remotename)%00%(upstream:remoteref) refs/heads/test_skills refs/remotes/test_skills [1ms]
[2022-06-26T21:55:14.263Z] > git remote --verbose [1ms]
[2022-06-26T21:55:14.263Z] > git for-each-ref --sort -committerdate --format %(refname) %(objectname) %(*objectname) [5ms]
[2022-06-26T21:55:14.322Z] > git config --get commit.template [1ms]
[2022-06-26T21:55:19.356Z] > git status -z -uall [29ms]
[2022-06-26T21:55:19.362Z] > git symbolic-ref --short HEAD [1ms]
[2022-06-26T21:55:19.370Z] > git for-each-ref --format=%(refname)%00%(upstream:short)%00%(objectname)%00%(upstream:track)%00%(upstream:remotename)%00%(upstream:remoteref) refs/heads/test_skills refs/remotes/test_skills [3ms]
[2022-06-26T21:55:19.382Z] > git remote --verbose [2ms]
[2022-06-26T21:55:19.382Z] > git for-each-ref --sort -committerdate --format %(refname) %(objectname) %(*objectname) [7ms]
[2022-06-26T21:55:19.515Z] > git config --get commit.template [3ms]
[2022-06-26T21:55:24.553Z] > git status -z -uall [30ms]
[2022-06-26T21:55:24.558Z] > git symbolic-ref --short HEAD [0ms]
[2022-06-26T21:55:24.563Z] > git for-each-ref --format=%(refname)%00%(upstream:short)%00%(objectname)%00%(upstream:track)%00%(upstream:remotename)%00%(upstream:remoteref) refs/heads/test_skills refs/remotes/test_skills [1ms]
[2022-06-26T21:55:24.572Z] > git remote --verbose [1ms]
[2022-06-26T21:55:24.572Z] > git for-each-ref --sort -committerdate --format %(refname) %(objectname) %(*objectname) [5ms]
[2022-06-26T21:55:24.632Z] > git config --get commit.template [0ms]
[2022-06-26T21:55:29.825Z] > git status -z -uall [30ms]
[2022-06-26T21:55:29.830Z] > git symbolic-ref --short HEAD [0ms]
[2022-06-26T21:55:29.835Z] > git for-each-ref --format=%(refname)%00%(upstream:short)%00%(objectname)%00%(upstream:track)%00%(upstream:remotename)%00%(upstream:remoteref) refs/heads/test_skills refs/remotes/test_skills [0ms]
[2022-06-26T21:55:29.844Z] > git remote --verbose [1ms]
[2022-06-26T21:55:29.844Z] > git for-each-ref --sort -committerdate --format %(refname) %(objectname) %(*objectname) [5ms]
[2022-06-26T21:55:29.906Z] > git config --get commit.template [2ms]
[2022-06-26T21:55:34.942Z] > git status -z -uall [29ms]
[2022-06-26T21:55:34.948Z] > git symbolic-ref --short HEAD [1ms]
[2022-06-26T21:55:34.954Z] > git for-each-ref --format=%(refname)%00%(upstream:short)%00%(objectname)%00%(upstream:track)%00%(upstream:remotename)%00%(upstream:remoteref) refs/heads/test_skills refs/remotes/test_skills [1ms]
[2022-06-26T21:55:34.963Z] > git remote --verbose [1ms]
[2022-06-26T21:55:34.963Z] > git for-each-ref --sort -committerdate --format %(refname) %(objectname) %(*objectname) [5ms]
[2022-06-26T21:55:35.023Z] > git config --get commit.template [1ms]
[2022-06-26T21:55:40.060Z] > git status -z -uall [29ms]
[2022-06-26T21:55:40.065Z] > git symbolic-ref --short HEAD [1ms]
[2022-06-26T21:55:40.069Z] > git for-each-ref --format=%(refname)%00%(upstream:short)%00%(objectname)%00%(upstream:track)%00%(upstream:remotename)%00%(upstream:remoteref) refs/heads/test_skills refs/remotes/test_skills [0ms]
[2022-06-26T21:55:40.077Z] > git remote --verbose [1ms]
[2022-06-26T21:55:40.077Z] > git for-each-ref --sort -committerdate --format %(refname) %(objectname) %(*objectname) [3ms]
[2022-06-26T21:55:40.137Z] > git config --get commit.template [0ms]
[2022-06-26T21:55:45.172Z] > git status -z -uall [29ms]
[2022-06-26T21:55:45.177Z] > git symbolic-ref --short HEAD [0ms]
[2022-06-26T21:55:45.182Z] > git for-each-ref --format=%(refname)%00%(upstream:short)%00%(objectname)%00%(upstream:track)%00%(upstream:remotename)%00%(upstream:remoteref) refs/heads/test_skills refs/remotes/test_skills [0ms]
[2022-06-26T21:55:45.190Z] > git remote --verbose [0ms]
[2022-06-26T21:55:45.191Z] > git for-each-ref --sort -committerdate --format %(refname) %(objectname) %(*objectname) [5ms]
[2022-06-26T21:55:45.251Z] > git config --get commit.template [2ms]
[2022-06-26T21:55:50.289Z] > git status -z -uall [30ms]
[2022-06-26T21:55:50.294Z] > git symbolic-ref --short HEAD [0ms]
[2022-06-26T21:55:50.300Z] > git for-each-ref --format=%(refname)%00%(upstream:short)%00%(objectname)%00%(upstream:track)%00%(upstream:remotename)%00%(upstream:remoteref) refs/heads/test_skills refs/remotes/test_skills [1ms]
[2022-06-26T21:55:50.309Z] > git remote --verbose [1ms]
[2022-06-26T21:55:50.309Z] > git for-each-ref --sort -committerdate --format %(refname) %(objectname) %(*objectname) [5ms]
[2022-06-26T21:55:50.372Z] > git config --get commit.template [2ms]
[2022-06-26T21:55:55.409Z] > git status -z -uall [29ms]
[2022-06-26T21:55:55.414Z] > git symbolic-ref --short HEAD [1ms]
[2022-06-26T21:55:55.419Z] > git for-each-ref --format=%(refname)%00%(upstream:short)%00%(objectname)%00%(upstream:track)%00%(upstream:remotename)%00%(upstream:remoteref) refs/heads/test_skills refs/remotes/test_skills [1ms]
[2022-06-26T21:55:55.427Z] > git remote --verbose [1ms]
[2022-06-26T21:55:55.427Z] > git for-each-ref --sort -committerdate --format %(refname) %(objectname) %(*objectname) [4ms]
[2022-06-26T21:55:55.488Z] > git config --get commit.template [1ms]
[2022-06-26T21:56:00.522Z] > git status -z -uall [29ms]
[2022-06-26T21:56:00.528Z] > git symbolic-ref --short HEAD [0ms]
[2022-06-26T21:56:00.534Z] > git for-each-ref --format=%(refname)%00%(upstream:short)%00%(objectname)%00%(upstream:track)%00%(upstream:remotename)%00%(upstream:remoteref) refs/heads/test_skills refs/remotes/test_skills [0ms]
[2022-06-26T21:56:00.546Z] > git remote --verbose [0ms]
[2022-06-26T21:56:00.547Z] > git for-each-ref --sort -committerdate --format %(refname) %(objectname) %(*objectname) [7ms]
[2022-06-26T21:56:00.611Z] > git config --get commit.template [2ms]
[2022-06-26T21:56:05.648Z] > git status -z -uall [29ms]
[2022-06-26T21:56:05.654Z] > git symbolic-ref --short HEAD [0ms]
[2022-06-26T21:56:05.660Z] > git for-each-ref --format=%(refname)%00%(upstream:short)%00%(objectname)%00%(upstream:track)%00%(upstream:remotename)%00%(upstream:remoteref) refs/heads/test_skills refs/remotes/test_skills [1ms]
[2022-06-26T21:56:05.669Z] > git remote --verbose [1ms]
[2022-06-26T21:56:05.669Z] > git for-each-ref --sort -committerdate --format %(refname) %(objectname) %(*objectname) [5ms]
[2022-06-26T21:56:05.734Z] > git config --get commit.template [3ms]
[2022-06-26T21:56:10.770Z] > git status -z -uall [29ms]
[2022-06-26T21:56:10.776Z] > git symbolic-ref --short HEAD [1ms]
[2022-06-26T21:56:10.782Z] > git for-each-ref --format=%(refname)%00%(upstream:short)%00%(objectname)%00%(upstream:track)%00%(upstream:remotename)%00%(upstream:remoteref) refs/heads/test_skills refs/remotes/test_skills [1ms]
[2022-06-26T21:56:10.791Z] > git remote --verbose [1ms]
[2022-06-26T21:56:10.791Z] > git for-each-ref --sort -committerdate --format %(refname) %(objectname) %(*objectname) [5ms]
[2022-06-26T21:56:10.850Z] > git config --get commit.template [2ms]
[2022-06-26T21:56:15.886Z] > git status -z -uall [29ms]
[2022-06-26T21:56:15.891Z] > git symbolic-ref --short HEAD [0ms]
[2022-06-26T21:56:15.897Z] > git for-each-ref --format=%(refname)%00%(upstream:short)%00%(objectname)%00%(upstream:track)%00%(upstream:remotename)%00%(upstream:remoteref) refs/heads/test_skills refs/remotes/test_skills [1ms]
[2022-06-26T21:56:15.906Z] > git remote --verbose [1ms]
[2022-06-26T21:56:15.906Z] > git for-each-ref --sort -committerdate --format %(refname) %(objectname) %(*objectname) [4ms]
[2022-06-26T21:56:15.966Z] > git config --get commit.template [1ms]
[2022-06-26T21:56:21.002Z] > git status -z -uall [29ms]
[2022-06-26T21:56:21.007Z] > git symbolic-ref --short HEAD [0ms]
[2022-06-26T21:56:21.013Z] > git for-each-ref --format=%(refname)%00%(upstream:short)%00%(objectname)%00%(upstream:track)%00%(upstream:remotename)%00%(upstream:remoteref) refs/heads/test_skills refs/remotes/test_skills [1ms]
[2022-06-26T21:56:21.022Z] > git remote --verbose [0ms]
[2022-06-26T21:56:21.022Z] > git for-each-ref --sort -committerdate --format %(refname) %(objectname) %(*objectname) [5ms]
[2022-06-26T21:56:21.086Z] > git config --get commit.template [2ms]
[2022-06-26T21:56:26.124Z] > git status -z -uall [30ms]
[2022-06-26T21:56:26.129Z] > git symbolic-ref --short HEAD [1ms]
[2022-06-26T21:56:26.134Z] > git for-each-ref --format=%(refname)%00%(upstream:short)%00%(objectname)%00%(upstream:track)%00%(upstream:remotename)%00%(upstream:remoteref) refs/heads/test_skills refs/remotes/test_skills [0ms]
[2022-06-26T21:56:26.144Z] > git remote --verbose [1ms]
[2022-06-26T21:56:26.144Z] > git for-each-ref --sort -committerdate --format %(refname) %(objectname) %(*objectname) [5ms]
[2022-06-26T21:56:26.204Z] > git config --get commit.template [1ms]
[2022-06-26T21:56:31.241Z] > git status -z -uall [29ms]
[2022-06-26T21:56:31.247Z] > git symbolic-ref --short HEAD [0ms]
[2022-06-26T21:56:31.253Z] > git for-each-ref --format=%(refname)%00%(upstream:short)%00%(objectname)%00%(upstream:track)%00%(upstream:remotename)%00%(upstream:remoteref) refs/heads/test_skills refs/remotes/test_skills [1ms]
[2022-06-26T21:56:31.262Z] > git remote --verbose [1ms]
[2022-06-26T21:56:31.262Z] > git for-each-ref --sort -committerdate --format %(refname) %(objectname) %(*objectname) [5ms]
[2022-06-26T21:56:31.320Z] > git config --get commit.template [0ms]
[2022-06-26T21:56:36.359Z] > git status -z -uall [30ms]
[2022-06-26T21:56:36.364Z] > git symbolic-ref --short HEAD [0ms]
[2022-06-26T21:56:36.370Z] > git for-each-ref --format=%(refname)%00%(upstream:short)%00%(objectname)%00%(upstream:track)%00%(upstream:remotename)%00%(upstream:remoteref) refs/heads/test_skills refs/remotes/test_skills [1ms]
[2022-06-26T21:56:36.379Z] > git remote --verbose [0ms]
[2022-06-26T21:56:36.380Z] > git for-each-ref --sort -committerdate --format %(refname) %(objectname) %(*objectname) [6ms]
[2022-06-26T21:56:36.443Z] > git config --get commit.template [3ms]
[2022-06-26T21:56:41.481Z] > git status -z -uall [29ms]
[2022-06-26T21:56:41.486Z] > git symbolic-ref --short HEAD [0ms]
[2022-06-26T21:56:41.493Z] > git for-each-ref --format=%(refname)%00%(upstream:short)%00%(objectname)%00%(upstream:track)%00%(upstream:remotename)%00%(upstream:remoteref) refs/heads/test_skills refs/remotes/test_skills [1ms]
[2022-06-26T21:56:41.503Z] > git remote --verbose [1ms]
[2022-06-26T21:56:41.503Z] > git for-each-ref --sort -committerdate --format %(refname) %(objectname) %(*objectname) [5ms]
[2022-06-26T21:56:41.633Z] > git config --get commit.template [2ms]
[2022-06-26T21:56:46.670Z] > git status -z -uall [29ms]
[2022-06-26T21:56:46.676Z] > git symbolic-ref --short HEAD [1ms]
[2022-06-26T21:56:46.682Z] > git for-each-ref --format=%(refname)%00%(upstream:short)%00%(objectname)%00%(upstream:track)%00%(upstream:remotename)%00%(upstream:remoteref) refs/heads/test_skills refs/remotes/test_skills [1ms]
[2022-06-26T21:56:46.689Z] > git remote --verbose [0ms]
[2022-06-26T21:56:46.690Z] > git for-each-ref --sort -committerdate --format %(refname) %(objectname) %(*objectname) [5ms]
[2022-06-26T21:56:46.747Z] > git config --get commit.template [0ms]
[2022-06-26T21:56:51.782Z] > git status -z -uall [28ms]
[2022-06-26T21:56:51.787Z] > git symbolic-ref --short HEAD [1ms]
[2022-06-26T21:56:51.792Z] > git for-each-ref --format=%(refname)%00%(upstream:short)%00%(objectname)%00%(upstream:track)%00%(upstream:remotename)%00%(upstream:remoteref) refs/heads/test_skills refs/remotes/test_skills [1ms]
[2022-06-26T21:56:51.800Z] > git remote --verbose [0ms]
[2022-06-26T21:56:51.801Z] > git for-each-ref --sort -committerdate --format %(refname) %(objectname) %(*objectname) [5ms]
[2022-06-26T21:56:51.859Z] > git config --get commit.template [6ms]
[2022-06-26T21:56:55.923Z] > git check-ignore -v -z --stdin [6ms]
[2022-06-26T21:56:56.898Z] > git status -z -uall [31ms]
[2022-06-26T21:56:56.905Z] > git symbolic-ref --short HEAD [1ms]
[2022-06-26T21:56:56.911Z] > git for-each-ref --format=%(refname)%00%(upstream:short)%00%(objectname)%00%(upstream:track)%00%(upstream:remotename)%00%(upstream:remoteref) refs/heads/test_skills refs/remotes/test_skills [0ms]
[2022-06-26T21:56:56.923Z] > git remote --verbose [1ms]
[2022-06-26T21:56:56.923Z] > git for-each-ref --sort -committerdate --format %(refname) %(objectname) %(*objectname) [6ms]
[2022-06-26T21:56:56.992Z] > git config --get commit.template [1ms]
[2022-06-26T21:56:59.633Z] > git check-ignore -v -z --stdin [36ms]
[2022-06-26T21:57:00.663Z] > git check-ignore -v -z --stdin [2ms]
[2022-06-26T21:57:02.028Z] > git status -z -uall [31ms]
[2022-06-26T21:57:02.034Z] > git symbolic-ref --short HEAD [0ms]
[2022-06-26T21:57:02.040Z] > git for-each-ref --format=%(refname)%00%(upstream:short)%00%(objectname)%00%(upstream:track)%00%(upstream:remotename)%00%(upstream:remoteref) refs/heads/test_skills refs/remotes/test_skills [0ms]
[2022-06-26T21:57:02.050Z] > git remote --verbose [0ms]
[2022-06-26T21:57:02.051Z] > git for-each-ref --sort -committerdate --format %(refname) %(objectname) %(*objectname) [6ms]
[2022-06-26T21:57:02.111Z] > git config --get commit.template [1ms]
[2022-06-26T21:57:07.146Z] > git status -z -uall [29ms]
[2022-06-26T21:57:07.152Z] > git symbolic-ref --short HEAD [1ms]
[2022-06-26T21:57:07.157Z] > git for-each-ref --format=%(refname)%00%(upstream:short)%00%(objectname)%00%(upstream:track)%00%(upstream:remotename)%00%(upstream:remoteref) refs/heads/test_skills refs/remotes/test_skills [1ms]
[2022-06-26T21:57:07.166Z] > git remote --verbose [1ms]
[2022-06-26T21:57:07.166Z] > git for-each-ref --sort -committerdate --format %(refname) %(objectname) %(*objectname) [5ms]
[2022-06-26T21:57:07.224Z] > git config --get commit.template [5ms]
[2022-06-26T21:57:12.261Z] > git status -z -uall [29ms]
[2022-06-26T21:57:12.267Z] > git symbolic-ref --short HEAD [0ms]
[2022-06-26T21:57:12.273Z] > git for-each-ref --format=%(refname)%00%(upstream:short)%00%(objectname)%00%(upstream:track)%00%(upstream:remotename)%00%(upstream:remoteref) refs/heads/test_skills refs/remotes/test_skills [1ms]
[2022-06-26T21:57:12.283Z] > git remote --verbose [2ms]
[2022-06-26T21:57:12.283Z] > git for-each-ref --sort -committerdate --format %(refname) %(objectname) %(*objectname) [6ms]
[2022-06-26T21:57:12.342Z] > git config --get commit.template [1ms]
[2022-06-26T21:57:17.376Z] > git status -z -uall [29ms]
[2022-06-26T21:57:17.381Z] > git symbolic-ref --short HEAD [1ms]
[2022-06-26T21:57:17.385Z] > git for-each-ref --format=%(refname)%00%(upstream:short)%00%(objectname)%00%(upstream:track)%00%(upstream:remotename)%00%(upstream:remoteref) refs/heads/test_skills refs/remotes/test_skills [0ms]
[2022-06-26T21:57:17.394Z] > git remote --verbose [1ms]
[2022-06-26T21:57:17.394Z] > git for-each-ref --sort -committerdate --format %(refname) %(objectname) %(*objectname) [4ms]
[2022-06-26T21:57:17.457Z] > git config --get commit.template [4ms]
[2022-06-26T21:57:22.492Z] > git status -z -uall [29ms]
[2022-06-26T21:57:22.498Z] > git symbolic-ref --short HEAD [0ms]
[2022-06-26T21:57:22.504Z] > git for-each-ref --format=%(refname)%00%(upstream:short)%00%(objectname)%00%(upstream:track)%00%(upstream:remotename)%00%(upstream:remoteref) refs/heads/test_skills refs/remotes/test_skills [1ms]
[2022-06-26T21:57:22.512Z] > git remote --verbose [1ms]
[2022-06-26T21:57:22.512Z] > git for-each-ref --sort -committerdate --format %(refname) %(objectname) %(*objectname) [5ms]
[2022-06-26T21:57:22.570Z] > git config --get commit.template [2ms]
[2022-06-26T21:57:26.803Z] > git -c user.useConfigOnly=true commit --quiet --allow-empty-message --file - [222ms]
[2022-06-26T21:57:26.803Z] Auto packing the repository in background for optimum performance.
See "git help gc" for manual housekeeping.
[2022-06-26T21:57:26.825Z] > git status -z -uall [16ms]
[2022-06-26T21:57:26.831Z] > git symbolic-ref --short HEAD [0ms]
[2022-06-26T21:57:26.838Z] > git for-each-ref --format=%(refname)%00%(upstream:short)%00%(objectname)%00%(upstream:track)%00%(upstream:remotename)%00%(upstream:remoteref) refs/heads/test_skills refs/remotes/test_skills [1ms]
[2022-06-26T21:57:26.847Z] > git remote --verbose [1ms]
[2022-06-26T21:57:26.847Z] > git for-each-ref --sort -committerdate --format %(refname) %(objectname) %(*objectname) [5ms]
[2022-06-26T21:57:26.872Z] > git config --get commit.template [1ms]
[2022-06-26T21:57:27.594Z] > git status -z -uall [18ms]
[2022-06-26T21:57:27.600Z] > git symbolic-ref --short HEAD [1ms]
[2022-06-26T21:57:27.606Z] > git for-each-ref --format=%(refname)%00%(upstream:short)%00%(objectname)%00%(upstream:track)%00%(upstream:remotename)%00%(upstream:remoteref) refs/heads/test_skills refs/remotes/test_skills [1ms]
[2022-06-26T21:57:27.617Z] > git remote --verbose [1ms]
[2022-06-26T21:57:27.617Z] > git for-each-ref --sort -committerdate --format %(refname) %(objectname) %(*objectname) [6ms]
[2022-06-26T21:57:27.625Z] > git config --get commit.template [1ms]
[2022-06-26T21:57:30.203Z] > git check-ignore -v -z --stdin [5ms]
[2022-06-26T21:57:32.647Z] > git status -z -uall [16ms]
[2022-06-26T21:57:32.653Z] > git symbolic-ref --short HEAD [1ms]
[2022-06-26T21:57:32.658Z] > git for-each-ref --format=%(refname)%00%(upstream:short)%00%(objectname)%00%(upstream:track)%00%(upstream:remotename)%00%(upstream:remoteref) refs/heads/test_skills refs/remotes/test_skills [1ms]
[2022-06-26T21:57:32.668Z] > git remote --verbose [1ms]
[2022-06-26T21:57:32.668Z] > git for-each-ref --sort -committerdate --format %(refname) %(objectname) %(*objectname) [6ms]
[2022-06-26T21:57:32.674Z] > git config --get commit.template [0ms]
[2022-06-26T21:57:35.112Z] > git add -A -- /home/htmhqi/.bash_history /home/htmhqi/.vscode-server/data/User/History/-70e26aae/entries.json /home/htmhqi/.vscode-server/data/User/workspaceStorage/b8b0059f5e879175db10163d2663be81/vscode.lock /home/htmhqi/.vscode-server/data/logs/20220626T112239/exthost1/exthost.log /home/htmhqi/.vscode-server/data/logs/20220626T112239/exthost1/output_logging_20220626T112240/1-Python.log /home/htmhqi/.vscode-server/data/logs/20220626T112239/exthost1/output_logging_20220626T112240/3-Jupyter.log /home/htmhqi/.vscode-server/data/logs/20220626T112239/exthost1/output_logging_20220626T112240/4-Git.log /home/htmhqi/.vscode-server/data/logs/20220626T112239/remoteagent.log /home/htmhqi/scripts/test.py /home/htmhqi/scripts/test3.sh /home/htmhqi/.vscode-server/data/User/History/-5638e4eb/entries.json /home/htmhqi/.vscode-server/data/User/History/-5638e4eb/mddt.py /home/htmhqi/.vscode-server/data/User/History/-70e26aae/seTU.sh /home/htmhqi/.vscode-server/data/logs/20220626T175146/exthost1/exthost.log /home/htmhqi/.vscode-server/data/logs/20220626T175146/exthost1/output_logging_20220626T175147/1-Python.log /home/htmhqi/.vscode-server/data/logs/20220626T175146/exthost1/output_logging_20220626T175147/2-Python Test Log.log /home/htmhqi/.vscode-server/data/logs/20220626T175146/exthost1/output_logging_20220626T175147/3-Jupyter.log /home/htmhqi/.vscode-server/data/logs/20220626T175146/exthost1/output_logging_20220626T175147/4-Git.log /home/htmhqi/.vscode-server/data/logs/20220626T175146/exthost1/output_logging_20220626T175147/5-JSON Language Server.log /home/htmhqi/.vscode-server/data/logs/20220626T175146/exthost1/output_logging_20220626T175147/6-Python Language Server.log /home/htmhqi/.vscode-server/data/logs/20220626T175146/remoteagent.log [28ms]
[2022-06-26T21:57:35.133Z] > git status -z -uall [16ms]
[2022-06-26T21:57:35.139Z] > git symbolic-ref --short HEAD [0ms]
[2022-06-26T21:57:35.145Z] > git for-each-ref --format=%(refname)%00%(upstream:short)%00%(objectname)%00%(upstream:track)%00%(upstream:remotename)%00%(upstream:remoteref) refs/heads/test_skills refs/remotes/test_skills [0ms]
[2022-06-26T21:57:35.154Z] > git remote --verbose [1ms]
[2022-06-26T21:57:35.154Z] > git for-each-ref --sort -committerdate --format %(refname) %(objectname) %(*objectname) [5ms]
[2022-06-26T21:57:35.162Z] > git config --get commit.template [0ms]
[2022-06-26T21:57:37.696Z] > git status -z -uall [17ms]
[2022-06-26T21:57:37.702Z] > git symbolic-ref --short HEAD [1ms]
[2022-06-26T21:57:37.708Z] > git for-each-ref --format=%(refname)%00%(upstream:short)%00%(objectname)%00%(upstream:track)%00%(upstream:remotename)%00%(upstream:remoteref) refs/heads/test_skills refs/remotes/test_skills [0ms]
[2022-06-26T21:57:37.717Z] > git remote --verbose [1ms]
[2022-06-26T21:57:37.717Z] > git for-each-ref --sort -committerdate --format %(refname) %(objectname) %(*objectname) [4ms]
[2022-06-26T21:57:37.724Z] > git config --get commit.template [0ms]
