[2022-07-12 13:18:09.877] [exthost] [info] Extension host with pid 9204 started
[2022-07-12 13:18:09.893] [exthost] [info] Lock '/home/htmhqi/.vscode-server/data/User/workspaceStorage/b8b0059f5e879175db10163d2663be81/vscode.lock': Lock acquired.
[2022-07-12 13:18:09.936] [exthost] [info] ExtensionService#_doActivateExtension vscode.debug-auto-launch, startup: true, activationEvent: '*'
[2022-07-12 13:18:09.945] [exthost] [info] ExtensionService#_doActivateExtension vscode.git-base, startup: true, activationEvent: '*', root cause: vscode.git
[2022-07-12 13:18:09.951] [exthost] [info] ExtensionService#_doActivateExtension vscode.ipynb, startup: true, activationEvent: '*'
[2022-07-12 13:18:09.990] [exthost] [info] ExtensionService#_doActivateExtension vscode.git, startup: true, activationEvent: '*'
[2022-07-12 13:18:10.054] [exthost] [info] ExtensionService#_doActivateExtension vscode.github, startup: true, activationEvent: '*'
[2022-07-12 13:18:10.114] [exthost] [info] ExtensionService#_doActivateExtension vscode.emmet, startup: false, activationEvent: 'onStartupFinished'
[2022-07-12 13:18:10.127] [exthost] [info] ExtensionService#_doActivateExtension vscode.merge-conflict, startup: false, activationEvent: 'onStartupFinished'
[2022-07-12 13:18:10.130] [exthost] [info] Eager extensions activated
[2022-07-12 13:18:10.210] [exthost] [warning] [Decorations] CAPPING events from decorations provider vscode.git 569
[2022-07-12 13:18:10.408] [exthost] [warning] [Decorations] CAPPING events from decorations provider vscode.git 569
[2022-07-12 13:18:12.993] [exthost] [warning] [Decorations] CAPPING events from decorations provider vscode.git 570
[2022-07-12 13:18:18.047] [exthost] [warning] [Decorations] CAPPING events from decorations provider vscode.git 570
[2022-07-12 13:18:23.106] [exthost] [warning] [Decorations] CAPPING events from decorations provider vscode.git 570
[2022-07-12 13:18:28.167] [exthost] [warning] [Decorations] CAPPING events from decorations provider vscode.git 570
[2022-07-12 13:18:33.220] [exthost] [warning] [Decorations] CAPPING events from decorations provider vscode.git 570
[2022-07-12 13:18:38.278] [exthost] [warning] [Decorations] CAPPING events from decorations provider vscode.git 570
[2022-07-12 13:18:43.346] [exthost] [warning] [Decorations] CAPPING events from decorations provider vscode.git 570
[2022-07-12 13:18:48.432] [exthost] [warning] [Decorations] CAPPING events from decorations provider vscode.git 570
[2022-07-12 13:18:53.493] [exthost] [warning] [Decorations] CAPPING events from decorations provider vscode.git 570
[2022-07-12 13:18:58.553] [exthost] [warning] [Decorations] CAPPING events from decorations provider vscode.git 570
[2022-07-12 13:19:03.625] [exthost] [warning] [Decorations] CAPPING events from decorations provider vscode.git 570
[2022-07-12 13:19:08.693] [exthost] [warning] [Decorations] CAPPING events from decorations provider vscode.git 570
[2022-07-12 13:19:13.771] [exthost] [warning] [Decorations] CAPPING events from decorations provider vscode.git 570
[2022-07-12 13:19:18.833] [exthost] [warning] [Decorations] CAPPING events from decorations provider vscode.git 570
[2022-07-12 13:19:23.895] [exthost] [warning] [Decorations] CAPPING events from decorations provider vscode.git 570
[2022-07-12 13:19:28.959] [exthost] [warning] [Decorations] CAPPING events from decorations provider vscode.git 571
[2022-07-12 13:19:34.026] [exthost] [warning] [Decorations] CAPPING events from decorations provider vscode.git 570
[2022-07-12 13:19:39.102] [exthost] [warning] [Decorations] CAPPING events from decorations provider vscode.git 570
[2022-07-12 13:19:44.164] [exthost] [warning] [Decorations] CAPPING events from decorations provider vscode.git 571
[2022-07-12 13:19:49.237] [exthost] [warning] [Decorations] CAPPING events from decorations provider vscode.git 570
[2022-07-12 13:19:54.313] [exthost] [warning] [Decorations] CAPPING events from decorations provider vscode.git 570
[2022-07-12 13:19:59.392] [exthost] [warning] [Decorations] CAPPING events from decorations provider vscode.git 570
[2022-07-12 13:20:04.463] [exthost] [warning] [Decorations] CAPPING events from decorations provider vscode.git 570
[2022-07-12 13:20:09.529] [exthost] [warning] [Decorations] CAPPING events from decorations provider vscode.git 570
[2022-07-12 13:20:14.602] [exthost] [warning] [Decorations] CAPPING events from decorations provider vscode.git 570
[2022-07-12 13:21:11.871] [exthost] [warning] [Decorations] CAPPING events from decorations provider vscode.git 570
[2022-07-12 13:21:16.924] [exthost] [warning] [Decorations] CAPPING events from decorations provider vscode.git 570
[2022-07-12 13:21:21.981] [exthost] [warning] [Decorations] CAPPING events from decorations provider vscode.git 570
[2022-07-12 13:21:27.035] [exthost] [warning] [Decorations] CAPPING events from decorations provider vscode.git 570
[2022-07-12 13:21:32.091] [exthost] [warning] [Decorations] CAPPING events from decorations provider vscode.git 570
[2022-07-12 13:21:37.157] [exthost] [warning] [Decorations] CAPPING events from decorations provider vscode.git 570
[2022-07-12 13:21:42.221] [exthost] [warning] [Decorations] CAPPING events from decorations provider vscode.git 570
[2022-07-12 13:21:47.289] [exthost] [warning] [Decorations] CAPPING events from decorations provider vscode.git 570
[2022-07-12 13:21:52.352] [exthost] [warning] [Decorations] CAPPING events from decorations provider vscode.git 570
[2022-07-12 13:21:57.408] [exthost] [warning] [Decorations] CAPPING events from decorations provider vscode.git 570
[2022-07-12 13:22:02.465] [exthost] [warning] [Decorations] CAPPING events from decorations provider vscode.git 570
[2022-07-12 13:22:07.518] [exthost] [warning] [Decorations] CAPPING events from decorations provider vscode.git 570
[2022-07-12 13:24:02.322] [exthost] [warning] [Decorations] CAPPING events from decorations provider vscode.git 570
[2022-07-12 13:24:07.382] [exthost] [warning] [Decorations] CAPPING events from decorations provider vscode.git 570
[2022-07-12 13:24:12.441] [exthost] [warning] [Decorations] CAPPING events from decorations provider vscode.git 570
[2022-07-12 13:25:10.803] [exthost] [warning] [Decorations] CAPPING events from decorations provider vscode.git 570
[2022-07-12 13:25:15.855] [exthost] [warning] [Decorations] CAPPING events from decorations provider vscode.git 570
[2022-07-12 13:25:20.910] [exthost] [warning] [Decorations] CAPPING events from decorations provider vscode.git 570
[2022-07-12 13:25:25.963] [exthost] [warning] [Decorations] CAPPING events from decorations provider vscode.git 570
[2022-07-12 13:25:31.011] [exthost] [warning] [Decorations] CAPPING events from decorations provider vscode.git 570
[2022-07-12 13:25:32.475] [exthost] [info] ExtensionService#_doActivateExtension ms-python.python, startup: false, activationEvent: 'onLanguage:python'
[2022-07-12 13:25:32.681] [exthost] [info] ExtensionService#_doActivateExtension ms-toolsai.jupyter, startup: false, activationEvent: 'onLanguage:python'
[2022-07-12 13:25:33.355] [exthost] [info] ExtensionService#_doActivateExtension ms-toolsai.jupyter-renderers, startup: false, activationEvent: 'api', root cause: ms-toolsai.jupyter
[2022-07-12 13:25:33.456] [exthost] [info] ExtensionService#_doActivateExtension ms-python.vscode-pylance, startup: false, activationEvent: 'onLanguage:python'
[2022-07-12 13:25:33.719] [exthost] [info] ExtensionService#_doActivateExtension vscode.configuration-editing, startup: false, activationEvent: 'onLanguage:jsonc'
[2022-07-12 13:25:33.724] [exthost] [info] ExtensionService#_doActivateExtension vscode.json-language-features, startup: false, activationEvent: 'onLanguage:jsonc'
[2022-07-12 13:25:33.781] [exthost] [info] ExtensionService#_doActivateExtension vscode.typescript-language-features, startup: false, activationEvent: 'onLanguage:jsonc'
[2022-07-12 13:25:36.533] [exthost] [warning] [Decorations] CAPPING events from decorations provider vscode.git 575
[2022-07-12 13:25:41.615] [exthost] [warning] [Decorations] CAPPING events from decorations provider vscode.git 575
[2022-07-12 13:25:46.694] [exthost] [warning] [Decorations] CAPPING events from decorations provider vscode.git 575
[2022-07-12 13:25:51.768] [exthost] [warning] [Decorations] CAPPING events from decorations provider vscode.git 575
[2022-07-12 13:25:56.847] [exthost] [warning] [Decorations] CAPPING events from decorations provider vscode.git 575
[2022-07-12 13:26:01.931] [exthost] [warning] [Decorations] CAPPING events from decorations provider vscode.git 575
[2022-07-12 13:26:07.005] [exthost] [warning] [Decorations] CAPPING events from decorations provider vscode.git 575
[2022-07-12 13:26:12.080] [exthost] [warning] [Decorations] CAPPING events from decorations provider vscode.git 575
[2022-07-12 13:26:17.155] [exthost] [warning] [Decorations] CAPPING events from decorations provider vscode.git 576
[2022-07-12 13:26:22.232] [exthost] [warning] [Decorations] CAPPING events from decorations provider vscode.git 576
[2022-07-12 13:26:27.314] [exthost] [warning] [Decorations] CAPPING events from decorations provider vscode.git 576
[2022-07-12 13:26:32.451] [exthost] [warning] [Decorations] CAPPING events from decorations provider vscode.git 576
[2022-07-12 13:26:37.526] [exthost] [warning] [Decorations] CAPPING events from decorations provider vscode.git 576
[2022-07-12 13:26:42.605] [exthost] [warning] [Decorations] CAPPING events from decorations provider vscode.git 576
[2022-07-12 13:26:47.677] [exthost] [warning] [Decorations] CAPPING events from decorations provider vscode.git 576
[2022-07-12 13:26:52.750] [exthost] [warning] [Decorations] CAPPING events from decorations provider vscode.git 576
[2022-07-12 13:26:57.840] [exthost] [warning] [Decorations] CAPPING events from decorations provider vscode.git 576
[2022-07-12 13:27:02.918] [exthost] [warning] [Decorations] CAPPING events from decorations provider vscode.git 576
[2022-07-12 13:27:07.999] [exthost] [warning] [Decorations] CAPPING events from decorations provider vscode.git 576
[2022-07-12 13:27:13.073] [exthost] [warning] [Decorations] CAPPING events from decorations provider vscode.git 576
[2022-07-12 13:27:18.148] [exthost] [warning] [Decorations] CAPPING events from decorations provider vscode.git 576
[2022-07-12 13:27:23.221] [exthost] [warning] [Decorations] CAPPING events from decorations provider vscode.git 576
[2022-07-12 13:27:28.287] [exthost] [warning] [Decorations] CAPPING events from decorations provider vscode.git 576
[2022-07-12 13:27:34.699] [exthost] [warning] [Decorations] CAPPING events from decorations provider vscode.git 576
[2022-07-12 13:27:39.760] [exthost] [warning] [Decorations] CAPPING events from decorations provider vscode.git 575
[2022-07-12 13:27:44.826] [exthost] [warning] [Decorations] CAPPING events from decorations provider vscode.git 575
[2022-07-12 13:27:49.894] [exthost] [warning] [Decorations] CAPPING events from decorations provider vscode.git 575
[2022-07-12 13:27:54.964] [exthost] [warning] [Decorations] CAPPING events from decorations provider vscode.git 575
[2022-07-12 13:28:00.047] [exthost] [warning] [Decorations] CAPPING events from decorations provider vscode.git 575
[2022-07-12 13:28:05.121] [exthost] [warning] [Decorations] CAPPING events from decorations provider vscode.git 575
[2022-07-12 13:28:10.183] [exthost] [warning] [Decorations] CAPPING events from decorations provider vscode.git 575
[2022-07-12 13:28:15.249] [exthost] [warning] [Decorations] CAPPING events from decorations provider vscode.git 575
[2022-07-12 13:28:20.319] [exthost] [warning] [Decorations] CAPPING events from decorations provider vscode.git 575
[2022-07-12 13:28:25.391] [exthost] [warning] [Decorations] CAPPING events from decorations provider vscode.git 575
[2022-07-12 13:28:30.452] [exthost] [warning] [Decorations] CAPPING events from decorations provider vscode.git 575
[2022-07-12 13:28:35.528] [exthost] [warning] [Decorations] CAPPING events from decorations provider vscode.git 575
[2022-07-12 13:28:40.593] [exthost] [warning] [Decorations] CAPPING events from decorations provider vscode.git 575
[2022-07-12 13:28:45.660] [exthost] [warning] [Decorations] CAPPING events from decorations provider vscode.git 575
[2022-07-12 13:28:50.730] [exthost] [warning] [Decorations] CAPPING events from decorations provider vscode.git 575
[2022-07-12 13:28:55.784] [exthost] [warning] [Decorations] CAPPING events from decorations provider vscode.git 575
[2022-07-12 13:29:08.161] [exthost] [warning] [Decorations] CAPPING events from decorations provider vscode.git 575
[2022-07-12 13:29:13.226] [exthost] [warning] [Decorations] CAPPING events from decorations provider vscode.git 575
[2022-07-12 13:29:18.286] [exthost] [warning] [Decorations] CAPPING events from decorations provider vscode.git 575
[2022-07-12 13:29:23.339] [exthost] [warning] [Decorations] CAPPING events from decorations provider vscode.git 575
[2022-07-12 13:29:28.406] [exthost] [warning] [Decorations] CAPPING events from decorations provider vscode.git 575
[2022-07-12 13:29:33.471] [exthost] [warning] [Decorations] CAPPING events from decorations provider vscode.git 576
[2022-07-12 13:29:38.534] [exthost] [warning] [Decorations] CAPPING events from decorations provider vscode.git 576
[2022-07-12 13:29:43.595] [exthost] [warning] [Decorations] CAPPING events from decorations provider vscode.git 576
[2022-07-12 13:29:48.648] [exthost] [warning] [Decorations] CAPPING events from decorations provider vscode.git 576
[2022-07-12 13:29:53.715] [exthost] [warning] [Decorations] CAPPING events from decorations provider vscode.git 576
[2022-07-12 13:29:58.784] [exthost] [warning] [Decorations] CAPPING events from decorations provider vscode.git 576
[2022-07-12 13:30:03.855] [exthost] [warning] [Decorations] CAPPING events from decorations provider vscode.git 576
[2022-07-12 13:30:08.944] [exthost] [warning] [Decorations] CAPPING events from decorations provider vscode.git 576
[2022-07-12 13:30:14.016] [exthost] [warning] [Decorations] CAPPING events from decorations provider vscode.git 576
[2022-07-12 13:30:19.081] [exthost] [warning] [Decorations] CAPPING events from decorations provider vscode.git 576
[2022-07-12 13:30:24.155] [exthost] [warning] [Decorations] CAPPING events from decorations provider vscode.git 576
[2022-07-12 13:30:29.219] [exthost] [warning] [Decorations] CAPPING events from decorations provider vscode.git 576
[2022-07-12 13:30:34.282] [exthost] [warning] [Decorations] CAPPING events from decorations provider vscode.git 576
[2022-07-12 13:30:39.344] [exthost] [warning] [Decorations] CAPPING events from decorations provider vscode.git 576
[2022-07-12 13:30:44.407] [exthost] [warning] [Decorations] CAPPING events from decorations provider vscode.git 575
[2022-07-12 13:30:49.494] [exthost] [warning] [Decorations] CAPPING events from decorations provider vscode.git 575
[2022-07-12 13:30:54.558] [exthost] [warning] [Decorations] CAPPING events from decorations provider vscode.git 575
[2022-07-12 13:30:59.620] [exthost] [warning] [Decorations] CAPPING events from decorations provider vscode.git 575
[2022-07-12 13:31:04.688] [exthost] [warning] [Decorations] CAPPING events from decorations provider vscode.git 575
[2022-07-12 13:31:09.745] [exthost] [warning] [Decorations] CAPPING events from decorations provider vscode.git 575
[2022-07-12 13:31:14.829] [exthost] [warning] [Decorations] CAPPING events from decorations provider vscode.git 575
[2022-07-12 13:31:19.895] [exthost] [warning] [Decorations] CAPPING events from decorations provider vscode.git 575
[2022-07-12 13:31:24.963] [exthost] [warning] [Decorations] CAPPING events from decorations provider vscode.git 575
[2022-07-12 13:31:30.025] [exthost] [warning] [Decorations] CAPPING events from decorations provider vscode.git 575
[2022-07-12 13:31:35.082] [exthost] [warning] [Decorations] CAPPING events from decorations provider vscode.git 576
[2022-07-12 13:31:40.153] [exthost] [warning] [Decorations] CAPPING events from decorations provider vscode.git 576
[2022-07-12 13:31:45.216] [exthost] [warning] [Decorations] CAPPING events from decorations provider vscode.git 576
[2022-07-12 13:31:50.288] [exthost] [warning] [Decorations] CAPPING events from decorations provider vscode.git 576
[2022-07-12 13:31:55.353] [exthost] [warning] [Decorations] CAPPING events from decorations provider vscode.git 576
[2022-07-12 13:32:00.416] [exthost] [warning] [Decorations] CAPPING events from decorations provider vscode.git 576
[2022-07-12 13:32:05.488] [exthost] [warning] [Decorations] CAPPING events from decorations provider vscode.git 576
[2022-07-12 13:32:10.557] [exthost] [warning] [Decorations] CAPPING events from decorations provider vscode.git 576
[2022-07-12 13:32:15.619] [exthost] [warning] [Decorations] CAPPING events from decorations provider vscode.git 576
[2022-07-12 13:32:20.688] [exthost] [warning] [Decorations] CAPPING events from decorations provider vscode.git 576
[2022-07-12 13:32:25.743] [exthost] [warning] [Decorations] CAPPING events from decorations provider vscode.git 576
[2022-07-12 13:32:30.811] [exthost] [warning] [Decorations] CAPPING events from decorations provider vscode.git 576
[2022-07-12 13:32:35.864] [exthost] [warning] [Decorations] CAPPING events from decorations provider vscode.git 576
[2022-07-12 13:33:27.142] [exthost] [warning] [Decorations] CAPPING events from decorations provider vscode.git 576
[2022-07-12 13:33:32.195] [exthost] [warning] [Decorations] CAPPING events from decorations provider vscode.git 576
[2022-07-12 13:33:37.262] [exthost] [warning] [Decorations] CAPPING events from decorations provider vscode.git 576
[2022-07-12 13:33:42.322] [exthost] [warning] [Decorations] CAPPING events from decorations provider vscode.git 576
[2022-07-12 13:33:47.374] [exthost] [warning] [Decorations] CAPPING events from decorations provider vscode.git 576
[2022-07-12 13:33:52.430] [exthost] [warning] [Decorations] CAPPING events from decorations provider vscode.git 576
[2022-07-12 13:33:57.494] [exthost] [warning] [Decorations] CAPPING events from decorations provider vscode.git 576
[2022-07-12 13:34:02.625] [exthost] [warning] [Decorations] CAPPING events from decorations provider vscode.git 576
[2022-07-12 13:34:07.690] [exthost] [warning] [Decorations] CAPPING events from decorations provider vscode.git 576
[2022-07-12 13:34:13.314] [exthost] [warning] [Decorations] CAPPING events from decorations provider vscode.git 576
[2022-07-12 13:34:18.372] [exthost] [warning] [Decorations] CAPPING events from decorations provider vscode.git 576
[2022-07-12 13:34:23.427] [exthost] [warning] [Decorations] CAPPING events from decorations provider vscode.git 576
[2022-07-12 13:34:28.494] [exthost] [warning] [Decorations] CAPPING events from decorations provider vscode.git 576
[2022-07-12 13:34:33.556] [exthost] [warning] [Decorations] CAPPING events from decorations provider vscode.git 576
[2022-07-12 13:34:38.618] [exthost] [warning] [Decorations] CAPPING events from decorations provider vscode.git 576
[2022-07-12 13:34:43.667] [exthost] [warning] [Decorations] CAPPING events from decorations provider vscode.git 576
[2022-07-12 13:34:48.727] [exthost] [warning] [Decorations] CAPPING events from decorations provider vscode.git 576
[2022-07-12 13:34:53.797] [exthost] [warning] [Decorations] CAPPING events from decorations provider vscode.git 576
[2022-07-12 13:34:58.883] [exthost] [warning] [Decorations] CAPPING events from decorations provider vscode.git 576
[2022-07-12 13:35:03.957] [exthost] [warning] [Decorations] CAPPING events from decorations provider vscode.git 575
[2022-07-12 13:35:09.033] [exthost] [warning] [Decorations] CAPPING events from decorations provider vscode.git 575
[2022-07-12 13:35:14.099] [exthost] [warning] [Decorations] CAPPING events from decorations provider vscode.git 575
[2022-07-12 13:35:19.170] [exthost] [warning] [Decorations] CAPPING events from decorations provider vscode.git 575
[2022-07-12 13:35:24.236] [exthost] [warning] [Decorations] CAPPING events from decorations provider vscode.git 575
[2022-07-12 13:35:29.302] [exthost] [warning] [Decorations] CAPPING events from decorations provider vscode.git 575
[2022-07-12 13:35:34.369] [exthost] [warning] [Decorations] CAPPING events from decorations provider vscode.git 575
[2022-07-12 13:35:39.446] [exthost] [warning] [Decorations] CAPPING events from decorations provider vscode.git 575
[2022-07-12 13:35:44.502] [exthost] [warning] [Decorations] CAPPING events from decorations provider vscode.git 576
[2022-07-12 13:35:49.577] [exthost] [warning] [Decorations] CAPPING events from decorations provider vscode.git 576
[2022-07-12 13:35:54.645] [exthost] [warning] [Decorations] CAPPING events from decorations provider vscode.git 576
[2022-07-12 13:35:59.706] [exthost] [warning] [Decorations] CAPPING events from decorations provider vscode.git 576
[2022-07-12 13:36:04.800] [exthost] [warning] [Decorations] CAPPING events from decorations provider vscode.git 576
[2022-07-12 13:36:09.869] [exthost] [warning] [Decorations] CAPPING events from decorations provider vscode.git 576
[2022-07-12 13:36:14.928] [exthost] [warning] [Decorations] CAPPING events from decorations provider vscode.git 576
[2022-07-12 13:36:20.004] [exthost] [warning] [Decorations] CAPPING events from decorations provider vscode.git 576
[2022-07-12 13:36:25.070] [exthost] [warning] [Decorations] CAPPING events from decorations provider vscode.git 576
[2022-07-12 13:36:30.130] [exthost] [warning] [Decorations] CAPPING events from decorations provider vscode.git 576
[2022-07-12 13:36:35.193] [exthost] [warning] [Decorations] CAPPING events from decorations provider vscode.git 576
[2022-07-12 13:36:40.259] [exthost] [warning] [Decorations] CAPPING events from decorations provider vscode.git 576
[2022-07-12 13:36:45.316] [exthost] [warning] [Decorations] CAPPING events from decorations provider vscode.git 576
[2022-07-12 13:36:50.370] [exthost] [warning] [Decorations] CAPPING events from decorations provider vscode.git 576
[2022-07-12 13:36:55.437] [exthost] [warning] [Decorations] CAPPING events from decorations provider vscode.git 575
[2022-07-12 13:37:00.498] [exthost] [warning] [Decorations] CAPPING events from decorations provider vscode.git 575
[2022-07-12 13:37:05.563] [exthost] [warning] [Decorations] CAPPING events from decorations provider vscode.git 575
[2022-07-12 13:37:10.634] [exthost] [warning] [Decorations] CAPPING events from decorations provider vscode.git 575
[2022-07-12 13:37:15.697] [exthost] [warning] [Decorations] CAPPING events from decorations provider vscode.git 575
[2022-07-12 13:37:20.773] [exthost] [warning] [Decorations] CAPPING events from decorations provider vscode.git 576
[2022-07-12 13:37:25.845] [exthost] [warning] [Decorations] CAPPING events from decorations provider vscode.git 576
[2022-07-12 13:37:30.922] [exthost] [warning] [Decorations] CAPPING events from decorations provider vscode.git 576
[2022-07-12 13:37:35.976] [exthost] [warning] [Decorations] CAPPING events from decorations provider vscode.git 576
[2022-07-12 13:37:41.038] [exthost] [warning] [Decorations] CAPPING events from decorations provider vscode.git 576
[2022-07-12 13:37:46.102] [exthost] [warning] [Decorations] CAPPING events from decorations provider vscode.git 576
[2022-07-12 13:37:51.166] [exthost] [warning] [Decorations] CAPPING events from decorations provider vscode.git 576
[2022-07-12 13:37:56.228] [exthost] [warning] [Decorations] CAPPING events from decorations provider vscode.git 576
[2022-07-12 13:38:01.581] [exthost] [warning] [Decorations] CAPPING events from decorations provider vscode.git 576
[2022-07-12 13:38:06.642] [exthost] [warning] [Decorations] CAPPING events from decorations provider vscode.git 576
[2022-07-12 13:38:11.707] [exthost] [warning] [Decorations] CAPPING events from decorations provider vscode.git 575
[2022-07-12 13:38:16.767] [exthost] [warning] [Decorations] CAPPING events from decorations provider vscode.git 575
[2022-07-12 13:38:21.831] [exthost] [warning] [Decorations] CAPPING events from decorations provider vscode.git 575
[2022-07-12 13:38:26.895] [exthost] [warning] [Decorations] CAPPING events from decorations provider vscode.git 575
[2022-07-12 13:38:31.952] [exthost] [warning] [Decorations] CAPPING events from decorations provider vscode.git 575
[2022-07-12 13:38:37.005] [exthost] [warning] [Decorations] CAPPING events from decorations provider vscode.git 575
[2022-07-12 13:38:53.953] [exthost] [warning] [Decorations] CAPPING events from decorations provider vscode.git 575
[2022-07-12 13:38:59.017] [exthost] [warning] [Decorations] CAPPING events from decorations provider vscode.git 575
[2022-07-12 13:39:04.077] [exthost] [warning] [Decorations] CAPPING events from decorations provider vscode.git 575
[2022-07-12 13:39:09.168] [exthost] [warning] [Decorations] CAPPING events from decorations provider vscode.git 575
[2022-07-12 13:39:14.224] [exthost] [warning] [Decorations] CAPPING events from decorations provider vscode.git 575
[2022-07-12 13:39:19.295] [exthost] [warning] [Decorations] CAPPING events from decorations provider vscode.git 575
[2022-07-12 13:39:24.356] [exthost] [warning] [Decorations] CAPPING events from decorations provider vscode.git 575
[2022-07-12 13:39:29.423] [exthost] [warning] [Decorations] CAPPING events from decorations provider vscode.git 576
[2022-07-12 13:39:34.492] [exthost] [warning] [Decorations] CAPPING events from decorations provider vscode.git 576
[2022-07-12 13:39:39.554] [exthost] [warning] [Decorations] CAPPING events from decorations provider vscode.git 576
[2022-07-12 13:39:44.620] [exthost] [warning] [Decorations] CAPPING events from decorations provider vscode.git 576
[2022-07-12 13:39:49.695] [exthost] [warning] [Decorations] CAPPING events from decorations provider vscode.git 576
[2022-07-12 13:39:54.769] [exthost] [warning] [Decorations] CAPPING events from decorations provider vscode.git 576
[2022-07-12 13:39:59.832] [exthost] [warning] [Decorations] CAPPING events from decorations provider vscode.git 575
[2022-07-12 13:40:04.910] [exthost] [warning] [Decorations] CAPPING events from decorations provider vscode.git 575
[2022-07-12 13:40:09.979] [exthost] [warning] [Decorations] CAPPING events from decorations provider vscode.git 575
[2022-07-12 13:40:15.044] [exthost] [warning] [Decorations] CAPPING events from decorations provider vscode.git 575
[2022-07-12 13:40:20.128] [exthost] [warning] [Decorations] CAPPING events from decorations provider vscode.git 576
[2022-07-12 13:40:25.184] [exthost] [warning] [Decorations] CAPPING events from decorations provider vscode.git 576
[2022-07-12 13:40:32.531] [exthost] [warning] [Decorations] CAPPING events from decorations provider vscode.git 576
[2022-07-12 13:40:37.592] [exthost] [warning] [Decorations] CAPPING events from decorations provider vscode.git 576
[2022-07-12 13:40:42.660] [exthost] [warning] [Decorations] CAPPING events from decorations provider vscode.git 575
[2022-07-12 13:40:47.724] [exthost] [warning] [Decorations] CAPPING events from decorations provider vscode.git 575
[2022-07-12 13:40:52.814] [exthost] [warning] [Decorations] CAPPING events from decorations provider vscode.git 575
[2022-07-12 13:40:59.730] [exthost] [warning] [Decorations] CAPPING events from decorations provider vscode.git 575
[2022-07-12 13:44:11.055] [exthost] [warning] [Decorations] CAPPING events from decorations provider vscode.git 575
[2022-07-12 13:44:16.127] [exthost] [warning] [Decorations] CAPPING events from decorations provider vscode.git 575
[2022-07-12 13:44:21.181] [exthost] [warning] [Decorations] CAPPING events from decorations provider vscode.git 575
[2022-07-12 13:44:26.243] [exthost] [warning] [Decorations] CAPPING events from decorations provider vscode.git 576
[2022-07-12 13:44:31.314] [exthost] [warning] [Decorations] CAPPING events from decorations provider vscode.git 576
[2022-07-12 13:44:36.369] [exthost] [warning] [Decorations] CAPPING events from decorations provider vscode.git 576
[2022-07-12 13:44:41.444] [exthost] [warning] [Decorations] CAPPING events from decorations provider vscode.git 576
[2022-07-12 13:44:46.509] [exthost] [warning] [Decorations] CAPPING events from decorations provider vscode.git 576
[2022-07-12 13:44:51.577] [exthost] [warning] [Decorations] CAPPING events from decorations provider vscode.git 576
[2022-07-12 13:44:56.640] [exthost] [warning] [Decorations] CAPPING events from decorations provider vscode.git 575
[2022-07-12 13:45:01.701] [exthost] [warning] [Decorations] CAPPING events from decorations provider vscode.git 575
[2022-07-12 13:45:06.762] [exthost] [warning] [Decorations] CAPPING events from decorations provider vscode.git 576
[2022-07-12 13:45:11.827] [exthost] [warning] [Decorations] CAPPING events from decorations provider vscode.git 576
[2022-07-12 13:45:16.884] [exthost] [warning] [Decorations] CAPPING events from decorations provider vscode.git 576
[2022-07-12 13:45:21.945] [exthost] [warning] [Decorations] CAPPING events from decorations provider vscode.git 576
[2022-07-12 13:45:27.019] [exthost] [warning] [Decorations] CAPPING events from decorations provider vscode.git 576
[2022-07-12 13:45:32.087] [exthost] [warning] [Decorations] CAPPING events from decorations provider vscode.git 576
[2022-07-12 13:45:37.174] [exthost] [warning] [Decorations] CAPPING events from decorations provider vscode.git 576
[2022-07-12 13:45:42.241] [exthost] [warning] [Decorations] CAPPING events from decorations provider vscode.git 575
[2022-07-12 13:45:47.304] [exthost] [warning] [Decorations] CAPPING events from decorations provider vscode.git 575
[2022-07-12 13:45:52.355] [exthost] [warning] [Decorations] CAPPING events from decorations provider vscode.git 576
[2022-07-12 13:45:57.433] [exthost] [warning] [Decorations] CAPPING events from decorations provider vscode.git 576
[2022-07-12 13:46:13.676] [exthost] [warning] [Decorations] CAPPING events from decorations provider vscode.git 576
[2022-07-12 13:46:18.744] [exthost] [warning] [Decorations] CAPPING events from decorations provider vscode.git 576
[2022-07-12 13:46:23.807] [exthost] [warning] [Decorations] CAPPING events from decorations provider vscode.git 576
[2022-07-12 13:46:28.860] [exthost] [warning] [Decorations] CAPPING events from decorations provider vscode.git 576
[2022-07-12 13:46:33.928] [exthost] [warning] [Decorations] CAPPING events from decorations provider vscode.git 576
[2022-07-12 13:46:38.991] [exthost] [warning] [Decorations] CAPPING events from decorations provider vscode.git 576
[2022-07-12 13:46:44.053] [exthost] [warning] [Decorations] CAPPING events from decorations provider vscode.git 575
[2022-07-12 13:46:49.119] [exthost] [warning] [Decorations] CAPPING events from decorations provider vscode.git 575
[2022-07-12 13:46:54.178] [exthost] [warning] [Decorations] CAPPING events from decorations provider vscode.git 575
[2022-07-12 13:46:59.241] [exthost] [warning] [Decorations] CAPPING events from decorations provider vscode.git 575
[2022-07-12 13:47:04.308] [exthost] [warning] [Decorations] CAPPING events from decorations provider vscode.git 575
[2022-07-12 13:47:09.373] [exthost] [warning] [Decorations] CAPPING events from decorations provider vscode.git 575
[2022-07-12 13:47:14.438] [exthost] [warning] [Decorations] CAPPING events from decorations provider vscode.git 575
[2022-07-12 13:47:19.499] [exthost] [warning] [Decorations] CAPPING events from decorations provider vscode.git 575
[2022-07-12 13:47:24.562] [exthost] [warning] [Decorations] CAPPING events from decorations provider vscode.git 575
[2022-07-12 13:47:29.626] [exthost] [warning] [Decorations] CAPPING events from decorations provider vscode.git 575
[2022-07-12 13:47:34.683] [exthost] [warning] [Decorations] CAPPING events from decorations provider vscode.git 575
[2022-07-12 13:48:21.378] [exthost] [warning] [Decorations] CAPPING events from decorations provider vscode.git 575
[2022-07-12 13:48:26.439] [exthost] [warning] [Decorations] CAPPING events from decorations provider vscode.git 575
[2022-07-12 13:48:31.505] [exthost] [warning] [Decorations] CAPPING events from decorations provider vscode.git 575
[2022-07-12 13:48:38.056] [exthost] [warning] [Decorations] CAPPING events from decorations provider vscode.git 575
[2022-07-12 13:48:43.118] [exthost] [warning] [Decorations] CAPPING events from decorations provider vscode.git 575
[2022-07-12 13:48:48.190] [exthost] [warning] [Decorations] CAPPING events from decorations provider vscode.git 576
[2022-07-12 13:48:53.240] [exthost] [warning] [Decorations] CAPPING events from decorations provider vscode.git 576
[2022-07-12 13:48:58.305] [exthost] [warning] [Decorations] CAPPING events from decorations provider vscode.git 576
[2022-07-12 13:49:03.356] [exthost] [warning] [Decorations] CAPPING events from decorations provider vscode.git 576
[2022-07-12 13:49:08.423] [exthost] [warning] [Decorations] CAPPING events from decorations provider vscode.git 576
[2022-07-12 13:49:13.483] [exthost] [warning] [Decorations] CAPPING events from decorations provider vscode.git 576
[2022-07-12 13:49:18.600] [exthost] [warning] [Decorations] CAPPING events from decorations provider vscode.git 576
[2022-07-12 13:49:23.673] [exthost] [warning] [Decorations] CAPPING events from decorations provider vscode.git 575
[2022-07-12 13:49:28.739] [exthost] [warning] [Decorations] CAPPING events from decorations provider vscode.git 575
[2022-07-12 13:49:33.805] [exthost] [warning] [Decorations] CAPPING events from decorations provider vscode.git 575
[2022-07-12 13:49:38.871] [exthost] [warning] [Decorations] CAPPING events from decorations provider vscode.git 575
[2022-07-12 13:49:43.941] [exthost] [warning] [Decorations] CAPPING events from decorations provider vscode.git 575
[2022-07-12 13:49:49.010] [exthost] [warning] [Decorations] CAPPING events from decorations provider vscode.git 575
[2022-07-12 13:49:54.072] [exthost] [warning] [Decorations] CAPPING events from decorations provider vscode.git 575
[2022-07-12 13:49:59.157] [exthost] [warning] [Decorations] CAPPING events from decorations provider vscode.git 575
[2022-07-12 13:50:04.222] [exthost] [warning] [Decorations] CAPPING events from decorations provider vscode.git 575
[2022-07-12 13:50:09.287] [exthost] [warning] [Decorations] CAPPING events from decorations provider vscode.git 575
[2022-07-12 13:50:14.357] [exthost] [warning] [Decorations] CAPPING events from decorations provider vscode.git 575
[2022-07-12 13:50:19.412] [exthost] [warning] [Decorations] CAPPING events from decorations provider vscode.git 576
[2022-07-12 13:50:24.472] [exthost] [warning] [Decorations] CAPPING events from decorations provider vscode.git 576
[2022-07-12 13:50:29.545] [exthost] [warning] [Decorations] CAPPING events from decorations provider vscode.git 576
[2022-07-12 13:50:34.609] [exthost] [warning] [Decorations] CAPPING events from decorations provider vscode.git 576
[2022-07-12 13:50:39.677] [exthost] [warning] [Decorations] CAPPING events from decorations provider vscode.git 576
[2022-07-12 13:50:44.740] [exthost] [warning] [Decorations] CAPPING events from decorations provider vscode.git 576
[2022-07-12 13:50:49.804] [exthost] [warning] [Decorations] CAPPING events from decorations provider vscode.git 576
[2022-07-12 13:50:54.863] [exthost] [warning] [Decorations] CAPPING events from decorations provider vscode.git 576
[2022-07-12 13:50:59.922] [exthost] [warning] [Decorations] CAPPING events from decorations provider vscode.git 576
[2022-07-12 13:51:04.983] [exthost] [warning] [Decorations] CAPPING events from decorations provider vscode.git 576
[2022-07-12 13:51:10.043] [exthost] [warning] [Decorations] CAPPING events from decorations provider vscode.git 576
[2022-07-12 13:51:15.106] [exthost] [warning] [Decorations] CAPPING events from decorations provider vscode.git 576
[2022-07-12 13:51:20.168] [exthost] [warning] [Decorations] CAPPING events from decorations provider vscode.git 576
[2022-07-12 13:51:25.234] [exthost] [warning] [Decorations] CAPPING events from decorations provider vscode.git 576
[2022-07-12 13:51:30.299] [exthost] [warning] [Decorations] CAPPING events from decorations provider vscode.git 576
[2022-07-12 13:52:41.559] [exthost] [warning] [Decorations] CAPPING events from decorations provider vscode.git 576
[2022-07-12 13:52:46.615] [exthost] [warning] [Decorations] CAPPING events from decorations provider vscode.git 576
[2022-07-12 13:52:51.669] [exthost] [warning] [Decorations] CAPPING events from decorations provider vscode.git 576
[2022-07-12 13:52:56.737] [exthost] [warning] [Decorations] CAPPING events from decorations provider vscode.git 576
[2022-07-12 13:53:01.816] [exthost] [warning] [Decorations] CAPPING events from decorations provider vscode.git 576
[2022-07-12 13:53:06.880] [exthost] [warning] [Decorations] CAPPING events from decorations provider vscode.git 576
[2022-07-12 13:53:11.945] [exthost] [warning] [Decorations] CAPPING events from decorations provider vscode.git 576
[2022-07-12 13:53:17.009] [exthost] [warning] [Decorations] CAPPING events from decorations provider vscode.git 576
[2022-07-12 13:53:22.065] [exthost] [warning] [Decorations] CAPPING events from decorations provider vscode.git 576
[2022-07-12 13:53:27.130] [exthost] [warning] [Decorations] CAPPING events from decorations provider vscode.git 575
[2022-07-12 13:53:32.195] [exthost] [warning] [Decorations] CAPPING events from decorations provider vscode.git 575
[2022-07-12 13:53:37.249] [exthost] [warning] [Decorations] CAPPING events from decorations provider vscode.git 575
[2022-07-12 13:53:42.311] [exthost] [warning] [Decorations] CAPPING events from decorations provider vscode.git 575
[2022-07-12 13:53:47.396] [exthost] [warning] [Decorations] CAPPING events from decorations provider vscode.git 576
[2022-07-12 13:53:52.469] [exthost] [warning] [Decorations] CAPPING events from decorations provider vscode.git 576
[2022-07-12 13:53:57.536] [exthost] [warning] [Decorations] CAPPING events from decorations provider vscode.git 576
[2022-07-12 13:54:02.600] [exthost] [warning] [Decorations] CAPPING events from decorations provider vscode.git 576
[2022-07-12 13:54:07.665] [exthost] [warning] [Decorations] CAPPING events from decorations provider vscode.git 576
[2022-07-12 13:54:12.728] [exthost] [warning] [Decorations] CAPPING events from decorations provider vscode.git 576
[2022-07-12 13:54:17.792] [exthost] [warning] [Decorations] CAPPING events from decorations provider vscode.git 576
[2022-07-12 13:54:22.856] [exthost] [warning] [Decorations] CAPPING events from decorations provider vscode.git 576
[2022-07-12 13:54:27.918] [exthost] [warning] [Decorations] CAPPING events from decorations provider vscode.git 576
[2022-07-12 13:54:32.980] [exthost] [warning] [Decorations] CAPPING events from decorations provider vscode.git 576
[2022-07-12 13:54:38.057] [exthost] [warning] [Decorations] CAPPING events from decorations provider vscode.git 576
[2022-07-12 13:54:43.113] [exthost] [warning] [Decorations] CAPPING events from decorations provider vscode.git 576
[2022-07-12 13:54:48.171] [exthost] [warning] [Decorations] CAPPING events from decorations provider vscode.git 576
[2022-07-12 13:54:53.237] [exthost] [warning] [Decorations] CAPPING events from decorations provider vscode.git 576
[2022-07-12 13:54:58.299] [exthost] [warning] [Decorations] CAPPING events from decorations provider vscode.git 576
[2022-07-12 13:55:03.356] [exthost] [warning] [Decorations] CAPPING events from decorations provider vscode.git 576
[2022-07-12 13:55:08.436] [exthost] [warning] [Decorations] CAPPING events from decorations provider vscode.git 576
[2022-07-12 13:55:13.502] [exthost] [warning] [Decorations] CAPPING events from decorations provider vscode.git 576
[2022-07-12 13:55:18.569] [exthost] [warning] [Decorations] CAPPING events from decorations provider vscode.git 576
[2022-07-12 13:55:23.634] [exthost] [warning] [Decorations] CAPPING events from decorations provider vscode.git 576
[2022-07-12 13:55:28.697] [exthost] [warning] [Decorations] CAPPING events from decorations provider vscode.git 576
[2022-07-12 13:55:34.036] [exthost] [warning] [Decorations] CAPPING events from decorations provider vscode.git 576
[2022-07-12 13:55:39.099] [exthost] [warning] [Decorations] CAPPING events from decorations provider vscode.git 575
[2022-07-12 13:55:44.155] [exthost] [warning] [Decorations] CAPPING events from decorations provider vscode.git 575
[2022-07-12 13:55:49.205] [exthost] [warning] [Decorations] CAPPING events from decorations provider vscode.git 575
[2022-07-12 13:55:54.257] [exthost] [warning] [Decorations] CAPPING events from decorations provider vscode.git 575
[2022-07-12 13:55:59.399] [exthost] [warning] [Decorations] CAPPING events from decorations provider vscode.git 575
[2022-07-12 13:56:04.458] [exthost] [warning] [Decorations] CAPPING events from decorations provider vscode.git 575
[2022-07-12 13:56:09.523] [exthost] [warning] [Decorations] CAPPING events from decorations provider vscode.git 575
[2022-07-12 13:56:14.596] [exthost] [warning] [Decorations] CAPPING events from decorations provider vscode.git 575
[2022-07-12 13:56:19.658] [exthost] [warning] [Decorations] CAPPING events from decorations provider vscode.git 576
[2022-07-12 13:56:24.723] [exthost] [warning] [Decorations] CAPPING events from decorations provider vscode.git 576
[2022-07-12 13:56:29.791] [exthost] [warning] [Decorations] CAPPING events from decorations provider vscode.git 576
[2022-07-12 13:56:34.852] [exthost] [warning] [Decorations] CAPPING events from decorations provider vscode.git 576
[2022-07-12 13:56:39.912] [exthost] [warning] [Decorations] CAPPING events from decorations provider vscode.git 576
[2022-07-12 13:56:44.991] [exthost] [warning] [Decorations] CAPPING events from decorations provider vscode.git 576
[2022-07-12 13:56:50.060] [exthost] [warning] [Decorations] CAPPING events from decorations provider vscode.git 576
[2022-07-12 13:56:55.131] [exthost] [warning] [Decorations] CAPPING events from decorations provider vscode.git 576
[2022-07-12 13:57:00.197] [exthost] [warning] [Decorations] CAPPING events from decorations provider vscode.git 576
[2022-07-12 13:57:05.270] [exthost] [warning] [Decorations] CAPPING events from decorations provider vscode.git 576
[2022-07-12 13:57:10.340] [exthost] [warning] [Decorations] CAPPING events from decorations provider vscode.git 576
[2022-07-12 13:57:15.389] [exthost] [warning] [Decorations] CAPPING events from decorations provider vscode.git 576
[2022-07-12 13:57:20.444] [exthost] [warning] [Decorations] CAPPING events from decorations provider vscode.git 576
[2022-07-12 13:57:25.503] [exthost] [warning] [Decorations] CAPPING events from decorations provider vscode.git 576
[2022-07-12 13:57:30.566] [exthost] [warning] [Decorations] CAPPING events from decorations provider vscode.git 576
[2022-07-12 13:57:35.629] [exthost] [warning] [Decorations] CAPPING events from decorations provider vscode.git 576
[2022-07-12 13:57:40.693] [exthost] [warning] [Decorations] CAPPING events from decorations provider vscode.git 576
[2022-07-12 13:57:45.762] [exthost] [warning] [Decorations] CAPPING events from decorations provider vscode.git 576
[2022-07-12 13:57:50.819] [exthost] [warning] [Decorations] CAPPING events from decorations provider vscode.git 576
[2022-07-12 13:57:55.881] [exthost] [warning] [Decorations] CAPPING events from decorations provider vscode.git 576
[2022-07-12 13:58:00.950] [exthost] [warning] [Decorations] CAPPING events from decorations provider vscode.git 576
[2022-07-12 13:58:06.010] [exthost] [warning] [Decorations] CAPPING events from decorations provider vscode.git 576
[2022-07-12 13:58:11.076] [exthost] [warning] [Decorations] CAPPING events from decorations provider vscode.git 576
[2022-07-12 13:58:16.130] [exthost] [warning] [Decorations] CAPPING events from decorations provider vscode.git 576
[2022-07-12 13:58:21.184] [exthost] [warning] [Decorations] CAPPING events from decorations provider vscode.git 576
[2022-07-12 13:58:31.811] [exthost] [warning] [Decorations] CAPPING events from decorations provider vscode.git 576
[2022-07-12 13:58:36.872] [exthost] [warning] [Decorations] CAPPING events from decorations provider vscode.git 576
[2022-07-12 13:58:41.934] [exthost] [warning] [Decorations] CAPPING events from decorations provider vscode.git 576
[2022-07-12 13:58:46.999] [exthost] [warning] [Decorations] CAPPING events from decorations provider vscode.git 576
[2022-07-12 13:58:52.069] [exthost] [warning] [Decorations] CAPPING events from decorations provider vscode.git 576
[2022-07-12 13:58:57.133] [exthost] [warning] [Decorations] CAPPING events from decorations provider vscode.git 576
[2022-07-12 13:59:02.206] [exthost] [warning] [Decorations] CAPPING events from decorations provider vscode.git 576
[2022-07-12 13:59:07.271] [exthost] [warning] [Decorations] CAPPING events from decorations provider vscode.git 576
[2022-07-12 13:59:12.331] [exthost] [warning] [Decorations] CAPPING events from decorations provider vscode.git 576
[2022-07-12 13:59:17.401] [exthost] [warning] [Decorations] CAPPING events from decorations provider vscode.git 576
[2022-07-12 13:59:22.466] [exthost] [warning] [Decorations] CAPPING events from decorations provider vscode.git 576
[2022-07-12 13:59:27.531] [exthost] [warning] [Decorations] CAPPING events from decorations provider vscode.git 576
[2022-07-12 13:59:32.594] [exthost] [warning] [Decorations] CAPPING events from decorations provider vscode.git 576
[2022-07-12 13:59:37.658] [exthost] [warning] [Decorations] CAPPING events from decorations provider vscode.git 576
[2022-07-12 13:59:42.722] [exthost] [warning] [Decorations] CAPPING events from decorations provider vscode.git 576
[2022-07-12 13:59:47.801] [exthost] [warning] [Decorations] CAPPING events from decorations provider vscode.git 576
[2022-07-12 13:59:52.868] [exthost] [warning] [Decorations] CAPPING events from decorations provider vscode.git 576
[2022-07-12 13:59:57.933] [exthost] [warning] [Decorations] CAPPING events from decorations provider vscode.git 576
[2022-07-12 14:00:03.001] [exthost] [warning] [Decorations] CAPPING events from decorations provider vscode.git 576
[2022-07-12 14:00:08.061] [exthost] [warning] [Decorations] CAPPING events from decorations provider vscode.git 576
[2022-07-12 14:00:13.125] [exthost] [warning] [Decorations] CAPPING events from decorations provider vscode.git 576
[2022-07-12 14:00:18.188] [exthost] [warning] [Decorations] CAPPING events from decorations provider vscode.git 576
[2022-07-12 14:00:23.270] [exthost] [warning] [Decorations] CAPPING events from decorations provider vscode.git 576
[2022-07-12 14:00:28.333] [exthost] [warning] [Decorations] CAPPING events from decorations provider vscode.git 576
[2022-07-12 14:00:33.393] [exthost] [warning] [Decorations] CAPPING events from decorations provider vscode.git 576
[2022-07-12 14:00:38.471] [exthost] [warning] [Decorations] CAPPING events from decorations provider vscode.git 576
[2022-07-12 14:00:43.535] [exthost] [warning] [Decorations] CAPPING events from decorations provider vscode.git 576
[2022-07-12 14:00:48.592] [exthost] [warning] [Decorations] CAPPING events from decorations provider vscode.git 576
[2022-07-12 14:00:53.656] [exthost] [warning] [Decorations] CAPPING events from decorations provider vscode.git 576
[2022-07-12 14:00:58.720] [exthost] [warning] [Decorations] CAPPING events from decorations provider vscode.git 576
[2022-07-12 14:01:03.783] [exthost] [warning] [Decorations] CAPPING events from decorations provider vscode.git 576
[2022-07-12 14:01:08.829] [exthost] [warning] [Decorations] CAPPING events from decorations provider vscode.git 576
[2022-07-12 14:01:13.887] [exthost] [warning] [Decorations] CAPPING events from decorations provider vscode.git 575
[2022-07-12 14:01:18.948] [exthost] [warning] [Decorations] CAPPING events from decorations provider vscode.git 575
[2022-07-12 14:01:24.005] [exthost] [warning] [Decorations] CAPPING events from decorations provider vscode.git 575
[2022-07-12 14:01:29.064] [exthost] [warning] [Decorations] CAPPING events from decorations provider vscode.git 575
[2022-07-12 14:01:34.123] [exthost] [warning] [Decorations] CAPPING events from decorations provider vscode.git 575
[2022-07-12 14:01:39.181] [exthost] [warning] [Decorations] CAPPING events from decorations provider vscode.git 575
[2022-07-12 14:01:44.331] [exthost] [warning] [Decorations] CAPPING events from decorations provider vscode.git 575
[2022-07-12 14:01:49.393] [exthost] [warning] [Decorations] CAPPING events from decorations provider vscode.git 575
[2022-07-12 14:01:54.449] [exthost] [warning] [Decorations] CAPPING events from decorations provider vscode.git 575
[2022-07-12 14:01:59.515] [exthost] [warning] [Decorations] CAPPING events from decorations provider vscode.git 575
[2022-07-12 14:02:04.580] [exthost] [warning] [Decorations] CAPPING events from decorations provider vscode.git 575
[2022-07-12 14:02:09.648] [exthost] [warning] [Decorations] CAPPING events from decorations provider vscode.git 575
[2022-07-12 14:02:14.712] [exthost] [warning] [Decorations] CAPPING events from decorations provider vscode.git 575
[2022-07-12 14:02:19.772] [exthost] [warning] [Decorations] CAPPING events from decorations provider vscode.git 575
[2022-07-12 14:02:24.837] [exthost] [warning] [Decorations] CAPPING events from decorations provider vscode.git 575
[2022-07-12 14:02:29.897] [exthost] [warning] [Decorations] CAPPING events from decorations provider vscode.git 575
[2022-07-12 14:02:34.965] [exthost] [warning] [Decorations] CAPPING events from decorations provider vscode.git 575
[2022-07-12 14:02:40.028] [exthost] [warning] [Decorations] CAPPING events from decorations provider vscode.git 575
[2022-07-12 14:02:45.093] [exthost] [warning] [Decorations] CAPPING events from decorations provider vscode.git 575
[2022-07-12 14:02:50.163] [exthost] [warning] [Decorations] CAPPING events from decorations provider vscode.git 575
[2022-07-12 14:02:55.225] [exthost] [warning] [Decorations] CAPPING events from decorations provider vscode.git 575
[2022-07-12 14:03:00.286] [exthost] [warning] [Decorations] CAPPING events from decorations provider vscode.git 575
[2022-07-12 14:03:05.336] [exthost] [warning] [Decorations] CAPPING events from decorations provider vscode.git 575
[2022-07-12 14:03:10.392] [exthost] [warning] [Decorations] CAPPING events from decorations provider vscode.git 575
[2022-07-12 14:04:46.963] [exthost] [warning] [Decorations] CAPPING events from decorations provider vscode.git 575
[2022-07-12 14:04:52.026] [exthost] [warning] [Decorations] CAPPING events from decorations provider vscode.git 575
[2022-07-12 14:04:57.084] [exthost] [warning] [Decorations] CAPPING events from decorations provider vscode.git 575
[2022-07-12 14:05:02.140] [exthost] [warning] [Decorations] CAPPING events from decorations provider vscode.git 575
[2022-07-12 14:05:07.213] [exthost] [warning] [Decorations] CAPPING events from decorations provider vscode.git 575
[2022-07-12 14:05:12.275] [exthost] [warning] [Decorations] CAPPING events from decorations provider vscode.git 575
[2022-07-12 14:05:17.328] [exthost] [warning] [Decorations] CAPPING events from decorations provider vscode.git 575
[2022-07-12 14:05:22.390] [exthost] [warning] [Decorations] CAPPING events from decorations provider vscode.git 575
[2022-07-12 14:05:27.454] [exthost] [warning] [Decorations] CAPPING events from decorations provider vscode.git 575
[2022-07-12 17:34:23.037] [exthost] [warning] [Decorations] CAPPING events from decorations provider vscode.git 575
[2022-07-12 17:44:38.337] [exthost] [warning] [Decorations] CAPPING events from decorations provider vscode.git 575
[2022-07-12 17:44:43.393] [exthost] [warning] [Decorations] CAPPING events from decorations provider vscode.git 575
[2022-07-12 17:44:48.449] [exthost] [warning] [Decorations] CAPPING events from decorations provider vscode.git 575
[2022-07-12 17:44:53.507] [exthost] [warning] [Decorations] CAPPING events from decorations provider vscode.git 575
[2022-07-12 17:44:58.572] [exthost] [warning] [Decorations] CAPPING events from decorations provider vscode.git 575
[2022-07-12 17:45:03.627] [exthost] [warning] [Decorations] CAPPING events from decorations provider vscode.git 575
[2022-07-12 17:45:08.689] [exthost] [warning] [Decorations] CAPPING events from decorations provider vscode.git 575
[2022-07-12 17:45:13.753] [exthost] [warning] [Decorations] CAPPING events from decorations provider vscode.git 575
[2022-07-12 17:45:18.817] [exthost] [warning] [Decorations] CAPPING events from decorations provider vscode.git 575
[2022-07-12 17:55:56.693] [exthost] [warning] [Decorations] CAPPING events from decorations provider vscode.git 575
[2022-07-12 17:56:01.753] [exthost] [warning] [Decorations] CAPPING events from decorations provider vscode.git 575
[2022-07-12 18:07:25.835] [exthost] [warning] [Decorations] CAPPING events from decorations provider vscode.git 575
[2022-07-12 18:07:30.890] [exthost] [warning] [Decorations] CAPPING events from decorations provider vscode.git 575
[2022-07-12 18:09:40.733] [exthost] [warning] [Decorations] CAPPING events from decorations provider vscode.git 575
[2022-07-12 18:09:45.789] [exthost] [warning] [Decorations] CAPPING events from decorations provider vscode.git 575
[2022-07-12 18:09:50.849] [exthost] [warning] [Decorations] CAPPING events from decorations provider vscode.git 575
[2022-07-12 18:09:55.913] [exthost] [warning] [Decorations] CAPPING events from decorations provider vscode.git 575
[2022-07-12 18:10:00.967] [exthost] [warning] [Decorations] CAPPING events from decorations provider vscode.git 575
[2022-07-12 18:10:06.022] [exthost] [warning] [Decorations] CAPPING events from decorations provider vscode.git 575
[2022-07-12 18:10:11.082] [exthost] [warning] [Decorations] CAPPING events from decorations provider vscode.git 575
[2022-07-12 18:10:16.153] [exthost] [warning] [Decorations] CAPPING events from decorations provider vscode.git 575
[2022-07-12 18:10:21.213] [exthost] [warning] [Decorations] CAPPING events from decorations provider vscode.git 575
[2022-07-12 18:10:26.278] [exthost] [warning] [Decorations] CAPPING events from decorations provider vscode.git 575
[2022-07-12 18:10:31.339] [exthost] [warning] [Decorations] CAPPING events from decorations provider vscode.git 575
[2022-07-12 18:10:36.409] [exthost] [warning] [Decorations] CAPPING events from decorations provider vscode.git 575
[2022-07-12 18:10:41.461] [exthost] [warning] [Decorations] CAPPING events from decorations provider vscode.git 575
[2022-07-12 18:10:46.515] [exthost] [warning] [Decorations] CAPPING events from decorations provider vscode.git 575
[2022-07-12 18:10:51.566] [exthost] [warning] [Decorations] CAPPING events from decorations provider vscode.git 575
[2022-07-12 18:10:56.624] [exthost] [warning] [Decorations] CAPPING events from decorations provider vscode.git 575
[2022-07-12 18:11:01.682] [exthost] [warning] [Decorations] CAPPING events from decorations provider vscode.git 575
[2022-07-12 18:11:06.750] [exthost] [warning] [Decorations] CAPPING events from decorations provider vscode.git 575
[2022-07-12 18:11:11.815] [exthost] [warning] [Decorations] CAPPING events from decorations provider vscode.git 575
[2022-07-12 18:11:16.882] [exthost] [warning] [Decorations] CAPPING events from decorations provider vscode.git 575
[2022-07-12 18:11:21.938] [exthost] [warning] [Decorations] CAPPING events from decorations provider vscode.git 575
[2022-07-12 18:11:27.002] [exthost] [warning] [Decorations] CAPPING events from decorations provider vscode.git 575
[2022-07-12 18:11:32.055] [exthost] [warning] [Decorations] CAPPING events from decorations provider vscode.git 575
[2022-07-12 18:11:37.116] [exthost] [warning] [Decorations] CAPPING events from decorations provider vscode.git 575
[2022-07-12 18:11:42.167] [exthost] [warning] [Decorations] CAPPING events from decorations provider vscode.git 575
[2022-07-12 18:11:47.224] [exthost] [warning] [Decorations] CAPPING events from decorations provider vscode.git 575
[2022-07-12 18:11:52.281] [exthost] [warning] [Decorations] CAPPING events from decorations provider vscode.git 575
[2022-07-12 18:11:57.357] [exthost] [warning] [Decorations] CAPPING events from decorations provider vscode.git 575
[2022-07-12 18:12:02.416] [exthost] [warning] [Decorations] CAPPING events from decorations provider vscode.git 575
[2022-07-12 18:12:07.471] [exthost] [warning] [Decorations] CAPPING events from decorations provider vscode.git 576
[2022-07-12 18:12:12.527] [exthost] [warning] [Decorations] CAPPING events from decorations provider vscode.git 576
[2022-07-12 18:12:17.586] [exthost] [warning] [Decorations] CAPPING events from decorations provider vscode.git 576
[2022-07-12 18:12:22.644] [exthost] [warning] [Decorations] CAPPING events from decorations provider vscode.git 576
[2022-07-12 18:12:27.697] [exthost] [warning] [Decorations] CAPPING events from decorations provider vscode.git 576
[2022-07-12 18:12:32.751] [exthost] [warning] [Decorations] CAPPING events from decorations provider vscode.git 576
[2022-07-12 18:12:37.819] [exthost] [warning] [Decorations] CAPPING events from decorations provider vscode.git 576
[2022-07-12 18:12:42.881] [exthost] [warning] [Decorations] CAPPING events from decorations provider vscode.git 576
[2022-07-12 18:12:47.943] [exthost] [warning] [Decorations] CAPPING events from decorations provider vscode.git 576
[2022-07-12 18:12:52.999] [exthost] [warning] [Decorations] CAPPING events from decorations provider vscode.git 576
[2022-07-12 18:12:58.054] [exthost] [warning] [Decorations] CAPPING events from decorations provider vscode.git 576
[2022-07-12 18:13:03.100] [exthost] [warning] [Decorations] CAPPING events from decorations provider vscode.git 576
[2022-07-12 18:13:08.172] [exthost] [warning] [Decorations] CAPPING events from decorations provider vscode.git 576
[2022-07-12 18:13:13.233] [exthost] [warning] [Decorations] CAPPING events from decorations provider vscode.git 576
[2022-07-12 18:13:18.306] [exthost] [warning] [Decorations] CAPPING events from decorations provider vscode.git 576
[2022-07-12 18:13:23.368] [exthost] [warning] [Decorations] CAPPING events from decorations provider vscode.git 576
[2022-07-12 18:13:28.434] [exthost] [warning] [Decorations] CAPPING events from decorations provider vscode.git 576
[2022-07-12 18:13:33.485] [exthost] [warning] [Decorations] CAPPING events from decorations provider vscode.git 576
[2022-07-12 18:13:38.557] [exthost] [warning] [Decorations] CAPPING events from decorations provider vscode.git 576
[2022-07-12 18:13:43.620] [exthost] [warning] [Decorations] CAPPING events from decorations provider vscode.git 576
[2022-07-12 18:13:48.685] [exthost] [warning] [Decorations] CAPPING events from decorations provider vscode.git 576
[2022-07-12 18:13:53.749] [exthost] [warning] [Decorations] CAPPING events from decorations provider vscode.git 576
[2022-07-12 18:13:58.826] [exthost] [warning] [Decorations] CAPPING events from decorations provider vscode.git 576
[2022-07-12 18:14:03.889] [exthost] [warning] [Decorations] CAPPING events from decorations provider vscode.git 576
[2022-07-12 18:14:08.951] [exthost] [warning] [Decorations] CAPPING events from decorations provider vscode.git 576
[2022-07-12 18:14:14.006] [exthost] [warning] [Decorations] CAPPING events from decorations provider vscode.git 576
[2022-07-12 18:14:19.056] [exthost] [warning] [Decorations] CAPPING events from decorations provider vscode.git 576
[2022-07-12 18:14:24.114] [exthost] [warning] [Decorations] CAPPING events from decorations provider vscode.git 576
[2022-07-12 18:14:29.193] [exthost] [warning] [Decorations] CAPPING events from decorations provider vscode.git 576
[2022-07-12 18:14:34.289] [exthost] [warning] [Decorations] CAPPING events from decorations provider vscode.git 576
[2022-07-12 18:14:39.343] [exthost] [warning] [Decorations] CAPPING events from decorations provider vscode.git 576
[2022-07-12 18:14:44.405] [exthost] [warning] [Decorations] CAPPING events from decorations provider vscode.git 576
[2022-07-12 18:14:49.483] [exthost] [warning] [Decorations] CAPPING events from decorations provider vscode.git 576
[2022-07-12 18:14:54.548] [exthost] [warning] [Decorations] CAPPING events from decorations provider vscode.git 576
[2022-07-12 18:14:59.613] [exthost] [warning] [Decorations] CAPPING events from decorations provider vscode.git 576
[2022-07-12 18:15:04.682] [exthost] [warning] [Decorations] CAPPING events from decorations provider vscode.git 576
[2022-07-12 18:15:09.738] [exthost] [warning] [Decorations] CAPPING events from decorations provider vscode.git 576
[2022-07-12 18:15:14.792] [exthost] [warning] [Decorations] CAPPING events from decorations provider vscode.git 577
[2022-07-12 18:15:19.849] [exthost] [warning] [Decorations] CAPPING events from decorations provider vscode.git 577
[2022-07-12 18:15:24.923] [exthost] [warning] [Decorations] CAPPING events from decorations provider vscode.git 577
[2022-07-12 18:15:30.001] [exthost] [warning] [Decorations] CAPPING events from decorations provider vscode.git 577
[2022-07-12 18:15:35.057] [exthost] [warning] [Decorations] CAPPING events from decorations provider vscode.git 577
[2022-07-12 18:15:40.118] [exthost] [warning] [Decorations] CAPPING events from decorations provider vscode.git 577
[2022-07-12 18:15:45.174] [exthost] [warning] [Decorations] CAPPING events from decorations provider vscode.git 577
[2022-07-12 18:15:50.239] [exthost] [warning] [Decorations] CAPPING events from decorations provider vscode.git 577
[2022-07-12 18:15:55.299] [exthost] [warning] [Decorations] CAPPING events from decorations provider vscode.git 577
[2022-07-12 18:16:00.374] [exthost] [warning] [Decorations] CAPPING events from decorations provider vscode.git 577
[2022-07-12 18:16:05.437] [exthost] [warning] [Decorations] CAPPING events from decorations provider vscode.git 577
[2022-07-12 18:16:10.499] [exthost] [warning] [Decorations] CAPPING events from decorations provider vscode.git 577
[2022-07-12 18:16:15.560] [exthost] [warning] [Decorations] CAPPING events from decorations provider vscode.git 577
[2022-07-12 18:16:20.629] [exthost] [warning] [Decorations] CAPPING events from decorations provider vscode.git 577
[2022-07-12 18:16:25.687] [exthost] [warning] [Decorations] CAPPING events from decorations provider vscode.git 577
[2022-07-12 18:16:30.746] [exthost] [warning] [Decorations] CAPPING events from decorations provider vscode.git 577
[2022-07-12 18:16:35.803] [exthost] [warning] [Decorations] CAPPING events from decorations provider vscode.git 577
[2022-07-12 18:16:40.863] [exthost] [warning] [Decorations] CAPPING events from decorations provider vscode.git 577
[2022-07-12 18:16:45.922] [exthost] [warning] [Decorations] CAPPING events from decorations provider vscode.git 577
[2022-07-12 18:16:51.004] [exthost] [warning] [Decorations] CAPPING events from decorations provider vscode.git 577
[2022-07-12 18:16:56.061] [exthost] [warning] [Decorations] CAPPING events from decorations provider vscode.git 577
[2022-07-12 18:17:01.125] [exthost] [warning] [Decorations] CAPPING events from decorations provider vscode.git 577
[2022-07-12 18:17:06.186] [exthost] [warning] [Decorations] CAPPING events from decorations provider vscode.git 577
[2022-07-12 18:17:11.248] [exthost] [warning] [Decorations] CAPPING events from decorations provider vscode.git 577
[2022-07-12 18:17:16.299] [exthost] [warning] [Decorations] CAPPING events from decorations provider vscode.git 577
[2022-07-12 18:17:21.366] [exthost] [warning] [Decorations] CAPPING events from decorations provider vscode.git 577
[2022-07-12 18:17:26.432] [exthost] [warning] [Decorations] CAPPING events from decorations provider vscode.git 577
[2022-07-12 18:17:31.487] [exthost] [warning] [Decorations] CAPPING events from decorations provider vscode.git 577
[2022-07-12 18:17:36.540] [exthost] [warning] [Decorations] CAPPING events from decorations provider vscode.git 577
[2022-07-12 18:17:41.589] [exthost] [warning] [Decorations] CAPPING events from decorations provider vscode.git 577
[2022-07-12 18:17:46.643] [exthost] [warning] [Decorations] CAPPING events from decorations provider vscode.git 577
[2022-07-12 18:17:51.698] [exthost] [warning] [Decorations] CAPPING events from decorations provider vscode.git 578
[2022-07-12 18:17:57.064] [exthost] [warning] [Decorations] CAPPING events from decorations provider vscode.git 580
[2022-07-12 18:18:02.130] [exthost] [warning] [Decorations] CAPPING events from decorations provider vscode.git 580
[2022-07-12 18:18:07.189] [exthost] [warning] [Decorations] CAPPING events from decorations provider vscode.git 580
[2022-07-12 18:18:12.244] [exthost] [warning] [Decorations] CAPPING events from decorations provider vscode.git 580
[2022-07-12 18:18:17.303] [exthost] [warning] [Decorations] CAPPING events from decorations provider vscode.git 580
[2022-07-12 18:18:22.375] [exthost] [warning] [Decorations] CAPPING events from decorations provider vscode.git 580
[2022-07-12 18:18:27.429] [exthost] [warning] [Decorations] CAPPING events from decorations provider vscode.git 580
[2022-07-12 18:18:32.480] [exthost] [warning] [Decorations] CAPPING events from decorations provider vscode.git 580
[2022-07-12 18:18:37.533] [exthost] [warning] [Decorations] CAPPING events from decorations provider vscode.git 580
[2022-07-12 18:18:42.590] [exthost] [warning] [Decorations] CAPPING events from decorations provider vscode.git 580
[2022-07-12 18:18:47.649] [exthost] [warning] [Decorations] CAPPING events from decorations provider vscode.git 580
[2022-07-12 18:18:52.711] [exthost] [warning] [Decorations] CAPPING events from decorations provider vscode.git 580
[2022-07-12 18:18:57.770] [exthost] [warning] [Decorations] CAPPING events from decorations provider vscode.git 580
[2022-07-12 18:19:02.834] [exthost] [warning] [Decorations] CAPPING events from decorations provider vscode.git 580
[2022-07-12 18:19:07.908] [exthost] [warning] [Decorations] CAPPING events from decorations provider vscode.git 580
[2022-07-12 18:19:12.984] [exthost] [warning] [Decorations] CAPPING events from decorations provider vscode.git 580
[2022-07-12 18:19:18.044] [exthost] [warning] [Decorations] CAPPING events from decorations provider vscode.git 580
[2022-07-12 18:19:23.109] [exthost] [warning] [Decorations] CAPPING events from decorations provider vscode.git 580
[2022-07-12 18:19:28.166] [exthost] [warning] [Decorations] CAPPING events from decorations provider vscode.git 580
[2022-07-12 18:19:33.223] [exthost] [warning] [Decorations] CAPPING events from decorations provider vscode.git 580
[2022-07-12 18:19:38.281] [exthost] [warning] [Decorations] CAPPING events from decorations provider vscode.git 580
[2022-07-12 18:19:43.350] [exthost] [warning] [Decorations] CAPPING events from decorations provider vscode.git 580
[2022-07-12 18:19:48.411] [exthost] [warning] [Decorations] CAPPING events from decorations provider vscode.git 580
[2022-07-12 18:19:53.472] [exthost] [warning] [Decorations] CAPPING events from decorations provider vscode.git 580
[2022-07-12 18:19:58.531] [exthost] [warning] [Decorations] CAPPING events from decorations provider vscode.git 580
[2022-07-12 18:20:03.592] [exthost] [warning] [Decorations] CAPPING events from decorations provider vscode.git 580
[2022-07-12 18:20:08.658] [exthost] [warning] [Decorations] CAPPING events from decorations provider vscode.git 580
[2022-07-12 18:21:31.831] [exthost] [warning] [Decorations] CAPPING events from decorations provider vscode.git 580
[2022-07-12 18:21:36.896] [exthost] [warning] [Decorations] CAPPING events from decorations provider vscode.git 580
[2022-07-12 18:21:41.953] [exthost] [warning] [Decorations] CAPPING events from decorations provider vscode.git 580
[2022-07-12 18:21:47.010] [exthost] [warning] [Decorations] CAPPING events from decorations provider vscode.git 580
[2022-07-12 18:21:52.069] [exthost] [warning] [Decorations] CAPPING events from decorations provider vscode.git 580
[2022-07-12 18:21:57.137] [exthost] [warning] [Decorations] CAPPING events from decorations provider vscode.git 580
[2022-07-12 18:22:02.189] [exthost] [warning] [Decorations] CAPPING events from decorations provider vscode.git 580
[2022-07-12 18:22:07.251] [exthost] [warning] [Decorations] CAPPING events from decorations provider vscode.git 580
[2022-07-12 18:22:12.310] [exthost] [warning] [Decorations] CAPPING events from decorations provider vscode.git 580
[2022-07-12 18:22:17.367] [exthost] [warning] [Decorations] CAPPING events from decorations provider vscode.git 580
[2022-07-12 18:22:22.424] [exthost] [warning] [Decorations] CAPPING events from decorations provider vscode.git 580
[2022-07-12 18:22:27.483] [exthost] [warning] [Decorations] CAPPING events from decorations provider vscode.git 580
[2022-07-12 18:22:32.541] [exthost] [warning] [Decorations] CAPPING events from decorations provider vscode.git 580
[2022-07-12 18:22:37.605] [exthost] [warning] [Decorations] CAPPING events from decorations provider vscode.git 580
[2022-07-12 18:22:42.664] [exthost] [warning] [Decorations] CAPPING events from decorations provider vscode.git 580
[2022-07-12 18:22:47.723] [exthost] [warning] [Decorations] CAPPING events from decorations provider vscode.git 580
[2022-07-12 18:22:52.782] [exthost] [warning] [Decorations] CAPPING events from decorations provider vscode.git 580
[2022-07-12 18:22:57.840] [exthost] [warning] [Decorations] CAPPING events from decorations provider vscode.git 580
[2022-07-12 18:23:02.896] [exthost] [warning] [Decorations] CAPPING events from decorations provider vscode.git 580
[2022-07-12 18:30:09.235] [exthost] [warning] [Decorations] CAPPING events from decorations provider vscode.git 580
[2022-07-12 18:30:14.311] [exthost] [warning] [Decorations] CAPPING events from decorations provider vscode.git 580
[2022-07-12 18:30:19.399] [exthost] [warning] [Decorations] CAPPING events from decorations provider vscode.git 580
[2022-07-12 18:30:24.476] [exthost] [warning] [Decorations] CAPPING events from decorations provider vscode.git 580
[2022-07-12 18:30:29.537] [exthost] [warning] [Decorations] CAPPING events from decorations provider vscode.git 580
[2022-07-12 18:30:34.613] [exthost] [warning] [Decorations] CAPPING events from decorations provider vscode.git 580
[2022-07-12 18:30:39.960] [exthost] [warning] [Decorations] CAPPING events from decorations provider vscode.git 580
[2022-07-12 18:30:45.025] [exthost] [warning] [Decorations] CAPPING events from decorations provider vscode.git 580
[2022-07-12 18:30:50.087] [exthost] [warning] [Decorations] CAPPING events from decorations provider vscode.git 580
[2022-07-12 18:30:55.160] [exthost] [warning] [Decorations] CAPPING events from decorations provider vscode.git 580
[2022-07-12 18:31:00.224] [exthost] [warning] [Decorations] CAPPING events from decorations provider vscode.git 580
[2022-07-12 18:31:05.288] [exthost] [warning] [Decorations] CAPPING events from decorations provider vscode.git 580
[2022-07-12 18:31:10.347] [exthost] [warning] [Decorations] CAPPING events from decorations provider vscode.git 580
[2022-07-12 18:31:15.429] [exthost] [warning] [Decorations] CAPPING events from decorations provider vscode.git 580
[2022-07-12 18:31:20.493] [exthost] [warning] [Decorations] CAPPING events from decorations provider vscode.git 580
[2022-07-12 18:31:25.550] [exthost] [warning] [Decorations] CAPPING events from decorations provider vscode.git 580
[2022-07-12 18:31:30.619] [exthost] [warning] [Decorations] CAPPING events from decorations provider vscode.git 580
[2022-07-12 18:31:35.700] [exthost] [warning] [Decorations] CAPPING events from decorations provider vscode.git 580
[2022-07-12 18:31:40.761] [exthost] [warning] [Decorations] CAPPING events from decorations provider vscode.git 580
[2022-07-12 18:31:45.827] [exthost] [warning] [Decorations] CAPPING events from decorations provider vscode.git 580
[2022-07-12 18:31:50.894] [exthost] [warning] [Decorations] CAPPING events from decorations provider vscode.git 580
[2022-07-12 18:31:55.948] [exthost] [warning] [Decorations] CAPPING events from decorations provider vscode.git 580
[2022-07-12 18:32:01.008] [exthost] [warning] [Decorations] CAPPING events from decorations provider vscode.git 580
[2022-07-12 18:32:06.066] [exthost] [warning] [Decorations] CAPPING events from decorations provider vscode.git 580
[2022-07-12 18:32:11.127] [exthost] [warning] [Decorations] CAPPING events from decorations provider vscode.git 580
[2022-07-12 18:32:16.190] [exthost] [warning] [Decorations] CAPPING events from decorations provider vscode.git 580
[2022-07-12 18:32:21.254] [exthost] [warning] [Decorations] CAPPING events from decorations provider vscode.git 580
[2022-07-12 18:32:26.327] [exthost] [warning] [Decorations] CAPPING events from decorations provider vscode.git 580
[2022-07-12 18:32:31.394] [exthost] [warning] [Decorations] CAPPING events from decorations provider vscode.git 580
[2022-07-12 18:32:36.454] [exthost] [warning] [Decorations] CAPPING events from decorations provider vscode.git 580
[2022-07-12 18:32:41.519] [exthost] [warning] [Decorations] CAPPING events from decorations provider vscode.git 580
[2022-07-12 18:32:46.593] [exthost] [warning] [Decorations] CAPPING events from decorations provider vscode.git 580
[2022-07-12 18:32:51.662] [exthost] [warning] [Decorations] CAPPING events from decorations provider vscode.git 580
[2022-07-12 18:32:56.739] [exthost] [warning] [Decorations] CAPPING events from decorations provider vscode.git 580
[2022-07-12 18:33:01.810] [exthost] [warning] [Decorations] CAPPING events from decorations provider vscode.git 580
[2022-07-12 18:33:06.875] [exthost] [warning] [Decorations] CAPPING events from decorations provider vscode.git 580
[2022-07-12 18:33:11.939] [exthost] [warning] [Decorations] CAPPING events from decorations provider vscode.git 580
[2022-07-12 18:33:16.993] [exthost] [warning] [Decorations] CAPPING events from decorations provider vscode.git 580
[2022-07-12 18:33:22.060] [exthost] [warning] [Decorations] CAPPING events from decorations provider vscode.git 580
[2022-07-12 18:33:27.131] [exthost] [warning] [Decorations] CAPPING events from decorations provider vscode.git 580
[2022-07-12 18:33:32.201] [exthost] [warning] [Decorations] CAPPING events from decorations provider vscode.git 580
[2022-07-12 18:33:37.271] [exthost] [warning] [Decorations] CAPPING events from decorations provider vscode.git 580
[2022-07-12 18:33:42.333] [exthost] [warning] [Decorations] CAPPING events from decorations provider vscode.git 580
[2022-07-12 18:33:47.397] [exthost] [warning] [Decorations] CAPPING events from decorations provider vscode.git 580
[2022-07-12 18:33:52.460] [exthost] [warning] [Decorations] CAPPING events from decorations provider vscode.git 581
[2022-07-12 18:33:57.518] [exthost] [warning] [Decorations] CAPPING events from decorations provider vscode.git 580
[2022-07-12 18:34:02.571] [exthost] [warning] [Decorations] CAPPING events from decorations provider vscode.git 580
[2022-07-12 18:34:07.637] [exthost] [warning] [Decorations] CAPPING events from decorations provider vscode.git 580
[2022-07-12 18:34:12.705] [exthost] [warning] [Decorations] CAPPING events from decorations provider vscode.git 580
[2022-07-12 18:34:17.780] [exthost] [warning] [Decorations] CAPPING events from decorations provider vscode.git 580
[2022-07-12 18:34:22.854] [exthost] [warning] [Decorations] CAPPING events from decorations provider vscode.git 580
[2022-07-12 18:34:27.915] [exthost] [warning] [Decorations] CAPPING events from decorations provider vscode.git 580
[2022-07-12 18:34:32.981] [exthost] [warning] [Decorations] CAPPING events from decorations provider vscode.git 580
[2022-07-12 18:34:38.039] [exthost] [warning] [Decorations] CAPPING events from decorations provider vscode.git 580
[2022-07-12 18:34:43.101] [exthost] [warning] [Decorations] CAPPING events from decorations provider vscode.git 580
[2022-07-12 18:34:48.158] [exthost] [warning] [Decorations] CAPPING events from decorations provider vscode.git 580
[2022-07-12 18:34:53.213] [exthost] [warning] [Decorations] CAPPING events from decorations provider vscode.git 581
[2022-07-12 18:34:58.293] [exthost] [warning] [Decorations] CAPPING events from decorations provider vscode.git 581
[2022-07-12 18:35:03.630] [exthost] [warning] [Decorations] CAPPING events from decorations provider vscode.git 581
[2022-07-12 18:35:08.688] [exthost] [warning] [Decorations] CAPPING events from decorations provider vscode.git 581
[2022-07-12 18:35:13.749] [exthost] [warning] [Decorations] CAPPING events from decorations provider vscode.git 581
[2022-07-12 18:35:18.813] [exthost] [warning] [Decorations] CAPPING events from decorations provider vscode.git 581
[2022-07-12 18:35:23.885] [exthost] [warning] [Decorations] CAPPING events from decorations provider vscode.git 581
[2022-07-12 18:35:28.957] [exthost] [warning] [Decorations] CAPPING events from decorations provider vscode.git 581
[2022-07-12 18:35:34.027] [exthost] [warning] [Decorations] CAPPING events from decorations provider vscode.git 581
[2022-07-12 18:35:39.093] [exthost] [warning] [Decorations] CAPPING events from decorations provider vscode.git 581
[2022-07-12 18:35:44.158] [exthost] [warning] [Decorations] CAPPING events from decorations provider vscode.git 580
[2022-07-12 18:35:49.235] [exthost] [warning] [Decorations] CAPPING events from decorations provider vscode.git 580
[2022-07-12 18:35:54.304] [exthost] [warning] [Decorations] CAPPING events from decorations provider vscode.git 580
[2022-07-12 18:35:59.365] [exthost] [warning] [Decorations] CAPPING events from decorations provider vscode.git 580
[2022-07-12 18:36:04.427] [exthost] [warning] [Decorations] CAPPING events from decorations provider vscode.git 580
[2022-07-12 18:36:09.494] [exthost] [warning] [Decorations] CAPPING events from decorations provider vscode.git 580
[2022-07-12 18:36:14.556] [exthost] [warning] [Decorations] CAPPING events from decorations provider vscode.git 580
[2022-07-12 18:36:19.631] [exthost] [warning] [Decorations] CAPPING events from decorations provider vscode.git 580
[2022-07-12 18:36:24.710] [exthost] [warning] [Decorations] CAPPING events from decorations provider vscode.git 580
[2022-07-12 18:36:29.777] [exthost] [warning] [Decorations] CAPPING events from decorations provider vscode.git 580
[2022-07-12 18:36:34.843] [exthost] [warning] [Decorations] CAPPING events from decorations provider vscode.git 580
[2022-07-12 18:36:39.904] [exthost] [warning] [Decorations] CAPPING events from decorations provider vscode.git 580
[2022-07-12 18:36:44.965] [exthost] [warning] [Decorations] CAPPING events from decorations provider vscode.git 580
[2022-07-12 18:36:50.030] [exthost] [warning] [Decorations] CAPPING events from decorations provider vscode.git 580
[2022-07-12 18:36:55.107] [exthost] [warning] [Decorations] CAPPING events from decorations provider vscode.git 580
[2022-07-12 18:37:00.161] [exthost] [warning] [Decorations] CAPPING events from decorations provider vscode.git 580
[2022-07-12 18:37:05.239] [exthost] [warning] [Decorations] CAPPING events from decorations provider vscode.git 580
[2022-07-12 18:37:10.300] [exthost] [warning] [Decorations] CAPPING events from decorations provider vscode.git 580
[2022-07-12 18:37:15.370] [exthost] [warning] [Decorations] CAPPING events from decorations provider vscode.git 580
[2022-07-12 18:37:20.454] [exthost] [warning] [Decorations] CAPPING events from decorations provider vscode.git 580
[2022-07-12 18:37:25.525] [exthost] [warning] [Decorations] CAPPING events from decorations provider vscode.git 580
[2022-07-12 18:37:30.576] [exthost] [warning] [Decorations] CAPPING events from decorations provider vscode.git 580
[2022-07-12 18:37:35.628] [exthost] [warning] [Decorations] CAPPING events from decorations provider vscode.git 580
[2022-07-12 18:37:40.691] [exthost] [warning] [Decorations] CAPPING events from decorations provider vscode.git 580
[2022-07-12 18:37:45.778] [exthost] [warning] [Decorations] CAPPING events from decorations provider vscode.git 580
[2022-07-12 18:37:50.854] [exthost] [warning] [Decorations] CAPPING events from decorations provider vscode.git 581
[2022-07-12 18:37:55.939] [exthost] [warning] [Decorations] CAPPING events from decorations provider vscode.git 581
[2022-07-12 18:38:01.016] [exthost] [warning] [Decorations] CAPPING events from decorations provider vscode.git 581
[2022-07-12 18:38:06.084] [exthost] [warning] [Decorations] CAPPING events from decorations provider vscode.git 581
[2022-07-12 18:38:11.142] [exthost] [warning] [Decorations] CAPPING events from decorations provider vscode.git 581
[2022-07-12 18:38:16.208] [exthost] [warning] [Decorations] CAPPING events from decorations provider vscode.git 581
[2022-07-12 18:38:21.269] [exthost] [warning] [Decorations] CAPPING events from decorations provider vscode.git 581
[2022-07-12 18:38:26.337] [exthost] [warning] [Decorations] CAPPING events from decorations provider vscode.git 581
[2022-07-12 18:38:31.399] [exthost] [warning] [Decorations] CAPPING events from decorations provider vscode.git 581
[2022-07-12 18:38:36.464] [exthost] [warning] [Decorations] CAPPING events from decorations provider vscode.git 581
[2022-07-12 18:38:41.525] [exthost] [warning] [Decorations] CAPPING events from decorations provider vscode.git 581
[2022-07-12 18:38:46.597] [exthost] [warning] [Decorations] CAPPING events from decorations provider vscode.git 581
[2022-07-12 18:38:51.663] [exthost] [warning] [Decorations] CAPPING events from decorations provider vscode.git 581
[2022-07-12 18:38:56.740] [exthost] [warning] [Decorations] CAPPING events from decorations provider vscode.git 581
[2022-07-12 18:39:01.796] [exthost] [warning] [Decorations] CAPPING events from decorations provider vscode.git 581
[2022-07-12 18:39:06.864] [exthost] [warning] [Decorations] CAPPING events from decorations provider vscode.git 581
[2022-07-12 18:39:11.925] [exthost] [warning] [Decorations] CAPPING events from decorations provider vscode.git 581
[2022-07-12 18:39:16.993] [exthost] [warning] [Decorations] CAPPING events from decorations provider vscode.git 581
[2022-07-12 18:39:22.057] [exthost] [warning] [Decorations] CAPPING events from decorations provider vscode.git 581
[2022-07-12 18:39:27.120] [exthost] [warning] [Decorations] CAPPING events from decorations provider vscode.git 581
[2022-07-12 18:39:32.188] [exthost] [warning] [Decorations] CAPPING events from decorations provider vscode.git 581
[2022-07-12 18:39:37.249] [exthost] [warning] [Decorations] CAPPING events from decorations provider vscode.git 581
[2022-07-12 18:39:42.312] [exthost] [warning] [Decorations] CAPPING events from decorations provider vscode.git 581
[2022-07-12 18:39:47.372] [exthost] [warning] [Decorations] CAPPING events from decorations provider vscode.git 581
[2022-07-12 18:39:52.435] [exthost] [warning] [Decorations] CAPPING events from decorations provider vscode.git 581
[2022-07-12 18:39:57.498] [exthost] [warning] [Decorations] CAPPING events from decorations provider vscode.git 581
[2022-07-12 18:40:02.656] [exthost] [warning] [Decorations] CAPPING events from decorations provider vscode.git 581
[2022-07-12 18:40:07.716] [exthost] [warning] [Decorations] CAPPING events from decorations provider vscode.git 581
[2022-07-12 18:40:12.792] [exthost] [warning] [Decorations] CAPPING events from decorations provider vscode.git 582
[2022-07-12 18:40:17.856] [exthost] [warning] [Decorations] CAPPING events from decorations provider vscode.git 582
[2022-07-12 18:40:22.925] [exthost] [warning] [Decorations] CAPPING events from decorations provider vscode.git 582
[2022-07-12 18:40:27.989] [exthost] [warning] [Decorations] CAPPING events from decorations provider vscode.git 582
[2022-07-12 18:40:33.079] [exthost] [warning] [Decorations] CAPPING events from decorations provider vscode.git 582
[2022-07-12 18:40:38.147] [exthost] [warning] [Decorations] CAPPING events from decorations provider vscode.git 582
[2022-07-12 18:40:43.211] [exthost] [warning] [Decorations] CAPPING events from decorations provider vscode.git 582
[2022-07-12 18:40:48.281] [exthost] [warning] [Decorations] CAPPING events from decorations provider vscode.git 582
[2022-07-12 18:40:53.345] [exthost] [warning] [Decorations] CAPPING events from decorations provider vscode.git 582
[2022-07-12 18:40:58.420] [exthost] [warning] [Decorations] CAPPING events from decorations provider vscode.git 582
[2022-07-12 18:41:03.482] [exthost] [warning] [Decorations] CAPPING events from decorations provider vscode.git 582
[2022-07-12 18:41:08.555] [exthost] [warning] [Decorations] CAPPING events from decorations provider vscode.git 582
[2022-07-12 18:41:13.620] [exthost] [warning] [Decorations] CAPPING events from decorations provider vscode.git 582
[2022-07-12 18:41:18.685] [exthost] [warning] [Decorations] CAPPING events from decorations provider vscode.git 582
[2022-07-12 18:41:23.752] [exthost] [warning] [Decorations] CAPPING events from decorations provider vscode.git 582
[2022-07-12 18:41:28.820] [exthost] [warning] [Decorations] CAPPING events from decorations provider vscode.git 582
[2022-07-12 18:41:33.888] [exthost] [warning] [Decorations] CAPPING events from decorations provider vscode.git 582
[2022-07-12 18:41:38.954] [exthost] [warning] [Decorations] CAPPING events from decorations provider vscode.git 582
[2022-07-12 18:41:44.016] [exthost] [warning] [Decorations] CAPPING events from decorations provider vscode.git 582
[2022-07-12 18:41:49.086] [exthost] [warning] [Decorations] CAPPING events from decorations provider vscode.git 582
[2022-07-12 18:41:54.152] [exthost] [warning] [Decorations] CAPPING events from decorations provider vscode.git 582
[2022-07-12 18:41:59.213] [exthost] [warning] [Decorations] CAPPING events from decorations provider vscode.git 582
[2022-07-12 18:42:04.274] [exthost] [warning] [Decorations] CAPPING events from decorations provider vscode.git 582
[2022-07-12 18:42:09.350] [exthost] [warning] [Decorations] CAPPING events from decorations provider vscode.git 582
[2022-07-12 18:42:14.417] [exthost] [warning] [Decorations] CAPPING events from decorations provider vscode.git 582
[2022-07-12 18:42:19.483] [exthost] [warning] [Decorations] CAPPING events from decorations provider vscode.git 582
[2022-07-12 18:42:24.548] [exthost] [warning] [Decorations] CAPPING events from decorations provider vscode.git 582
[2022-07-12 18:42:29.601] [exthost] [warning] [Decorations] CAPPING events from decorations provider vscode.git 582
[2022-07-12 18:45:40.437] [exthost] [warning] [Decorations] CAPPING events from decorations provider vscode.git 582
[2022-07-12 18:45:45.503] [exthost] [warning] [Decorations] CAPPING events from decorations provider vscode.git 582
[2022-07-12 18:45:50.559] [exthost] [warning] [Decorations] CAPPING events from decorations provider vscode.git 582
[2022-07-12 18:45:55.615] [exthost] [warning] [Decorations] CAPPING events from decorations provider vscode.git 582
[2022-07-12 18:46:00.674] [exthost] [warning] [Decorations] CAPPING events from decorations provider vscode.git 582
[2022-07-12 18:46:05.728] [exthost] [warning] [Decorations] CAPPING events from decorations provider vscode.git 582
[2022-07-12 18:46:10.787] [exthost] [warning] [Decorations] CAPPING events from decorations provider vscode.git 582
[2022-07-12 18:46:15.851] [exthost] [warning] [Decorations] CAPPING events from decorations provider vscode.git 582
[2022-07-12 18:46:20.902] [exthost] [warning] [Decorations] CAPPING events from decorations provider vscode.git 582
[2022-07-12 18:46:25.963] [exthost] [warning] [Decorations] CAPPING events from decorations provider vscode.git 582
[2022-07-12 18:46:31.019] [exthost] [warning] [Decorations] CAPPING events from decorations provider vscode.git 582
[2022-07-12 18:46:36.082] [exthost] [warning] [Decorations] CAPPING events from decorations provider vscode.git 583
[2022-07-12 18:46:41.150] [exthost] [warning] [Decorations] CAPPING events from decorations provider vscode.git 583
[2022-07-12 18:46:46.220] [exthost] [warning] [Decorations] CAPPING events from decorations provider vscode.git 583
[2022-07-12 18:46:51.296] [exthost] [warning] [Decorations] CAPPING events from decorations provider vscode.git 583
[2022-07-12 18:46:56.365] [exthost] [warning] [Decorations] CAPPING events from decorations provider vscode.git 583
[2022-07-12 18:47:01.438] [exthost] [warning] [Decorations] CAPPING events from decorations provider vscode.git 583
[2022-07-12 18:47:06.511] [exthost] [warning] [Decorations] CAPPING events from decorations provider vscode.git 583
[2022-07-12 18:47:11.577] [exthost] [warning] [Decorations] CAPPING events from decorations provider vscode.git 583
[2022-07-12 18:47:16.639] [exthost] [warning] [Decorations] CAPPING events from decorations provider vscode.git 583
[2022-07-12 18:47:21.704] [exthost] [warning] [Decorations] CAPPING events from decorations provider vscode.git 583
[2022-07-12 18:47:26.758] [exthost] [warning] [Decorations] CAPPING events from decorations provider vscode.git 583
[2022-07-12 18:47:31.824] [exthost] [warning] [Decorations] CAPPING events from decorations provider vscode.git 583
[2022-07-12 18:47:36.902] [exthost] [warning] [Decorations] CAPPING events from decorations provider vscode.git 583
[2022-07-12 18:47:41.976] [exthost] [warning] [Decorations] CAPPING events from decorations provider vscode.git 583
[2022-07-12 18:47:48.749] [exthost] [warning] [Decorations] CAPPING events from decorations provider vscode.git 584
[2022-07-12 18:49:40.445] [exthost] [warning] [Decorations] CAPPING events from decorations provider vscode.git 584
[2022-07-12 18:49:45.512] [exthost] [warning] [Decorations] CAPPING events from decorations provider vscode.git 584
[2022-07-12 18:49:50.584] [exthost] [warning] [Decorations] CAPPING events from decorations provider vscode.git 584
[2022-07-12 18:49:55.654] [exthost] [warning] [Decorations] CAPPING events from decorations provider vscode.git 584
[2022-07-12 18:50:00.728] [exthost] [warning] [Decorations] CAPPING events from decorations provider vscode.git 584
[2022-07-12 18:50:05.794] [exthost] [warning] [Decorations] CAPPING events from decorations provider vscode.git 584
[2022-07-12 18:50:10.865] [exthost] [warning] [Decorations] CAPPING events from decorations provider vscode.git 584
[2022-07-12 18:50:15.936] [exthost] [warning] [Decorations] CAPPING events from decorations provider vscode.git 584
[2022-07-12 18:50:20.999] [exthost] [warning] [Decorations] CAPPING events from decorations provider vscode.git 584
[2022-07-12 18:50:26.068] [exthost] [warning] [Decorations] CAPPING events from decorations provider vscode.git 584
[2022-07-12 18:50:31.124] [exthost] [warning] [Decorations] CAPPING events from decorations provider vscode.git 584
[2022-07-12 18:50:36.184] [exthost] [warning] [Decorations] CAPPING events from decorations provider vscode.git 584
[2022-07-12 18:50:41.239] [exthost] [warning] [Decorations] CAPPING events from decorations provider vscode.git 584
[2022-07-12 18:50:46.312] [exthost] [warning] [Decorations] CAPPING events from decorations provider vscode.git 584
[2022-07-12 18:50:51.391] [exthost] [warning] [Decorations] CAPPING events from decorations provider vscode.git 584
[2022-07-12 18:50:57.063] [exthost] [warning] [Decorations] CAPPING events from decorations provider vscode.git 584
[2022-07-12 18:51:02.120] [exthost] [warning] [Decorations] CAPPING events from decorations provider vscode.git 585
[2022-07-12 18:51:07.177] [exthost] [warning] [Decorations] CAPPING events from decorations provider vscode.git 585
[2022-07-12 18:51:12.231] [exthost] [warning] [Decorations] CAPPING events from decorations provider vscode.git 585
[2022-07-12 18:51:17.293] [exthost] [warning] [Decorations] CAPPING events from decorations provider vscode.git 585
[2022-07-12 18:51:22.369] [exthost] [warning] [Decorations] CAPPING events from decorations provider vscode.git 585
[2022-07-12 18:51:27.437] [exthost] [warning] [Decorations] CAPPING events from decorations provider vscode.git 585
[2022-07-12 18:51:32.529] [exthost] [warning] [Decorations] CAPPING events from decorations provider vscode.git 585
[2022-07-12 18:51:37.603] [exthost] [warning] [Decorations] CAPPING events from decorations provider vscode.git 585
[2022-07-12 18:51:42.666] [exthost] [warning] [Decorations] CAPPING events from decorations provider vscode.git 585
[2022-07-12 18:51:47.731] [exthost] [warning] [Decorations] CAPPING events from decorations provider vscode.git 585
[2022-07-12 18:51:52.814] [exthost] [warning] [Decorations] CAPPING events from decorations provider vscode.git 585
[2022-07-12 18:51:57.872] [exthost] [warning] [Decorations] CAPPING events from decorations provider vscode.git 585
[2022-07-12 18:52:02.935] [exthost] [warning] [Decorations] CAPPING events from decorations provider vscode.git 585
[2022-07-12 18:52:08.007] [exthost] [warning] [Decorations] CAPPING events from decorations provider vscode.git 585
[2022-07-12 18:52:13.092] [exthost] [warning] [Decorations] CAPPING events from decorations provider vscode.git 585
[2022-07-12 18:52:18.154] [exthost] [warning] [Decorations] CAPPING events from decorations provider vscode.git 585
[2022-07-12 18:52:23.208] [exthost] [warning] [Decorations] CAPPING events from decorations provider vscode.git 585
[2022-07-12 18:52:28.280] [exthost] [warning] [Decorations] CAPPING events from decorations provider vscode.git 585
[2022-07-12 18:52:33.347] [exthost] [warning] [Decorations] CAPPING events from decorations provider vscode.git 585
[2022-07-12 18:52:38.704] [exthost] [warning] [Decorations] CAPPING events from decorations provider vscode.git 585
[2022-07-12 18:52:41.674] [exthost] [warning] [Decorations] CAPPING events from decorations provider vscode.git 585
[2022-07-12 18:52:56.764] [exthost] [warning] [Decorations] CAPPING events from decorations provider vscode.git 587
[2022-07-12 20:33:35.510] [exthost] [info] Extension host terminating: received terminate message from renderer
[2022-07-12 20:33:35.511] [exthost] [info] Lock '/home/htmhqi/.vscode-server/data/User/workspaceStorage/b8b0059f5e879175db10163d2663be81/vscode.lock': Marking the lockfile as scheduled to be released in 6000 ms.
[2022-07-12 20:33:35.537] [exthost] [info] Extension host with pid 9204 exiting with code 0
