[2022-07-12 20:33:37.720] [exthost] [info] Extension host with pid 5871 started
[2022-07-12 20:33:37.734] [exthost] [info] Lock '/home/htmhqi/.vscode-server/data/User/workspaceStorage/553eb68704783c3890033cee72b19be7/vscode.lock': Lock acquired.
[2022-07-12 20:33:37.758] [exthost] [info] ExtensionService#_doActivateExtension vscode.debug-auto-launch, startup: true, activationEvent: '*'
[2022-07-12 20:33:37.764] [exthost] [info] ExtensionService#_doActivateExtension vscode.git-base, startup: true, activationEvent: '*', root cause: vscode.git
[2022-07-12 20:33:37.767] [exthost] [info] ExtensionService#_doActivateExtension vscode.ipynb, startup: true, activationEvent: '*'
[2022-07-12 20:33:37.789] [exthost] [info] ExtensionService#_doActivateExtension vscode.git, startup: true, activationEvent: '*'
[2022-07-12 20:33:37.861] [exthost] [info] ExtensionService#_doActivateExtension vscode.github, startup: true, activationEvent: '*'
[2022-07-12 20:33:37.928] [exthost] [info] ExtensionService#_doActivateExtension vscode.emmet, startup: false, activationEvent: 'onStartupFinished'
[2022-07-12 20:33:37.940] [exthost] [info] ExtensionService#_doActivateExtension vscode.merge-conflict, startup: false, activationEvent: 'onStartupFinished'
[2022-07-12 20:33:37.943] [exthost] [info] Eager extensions activated
[2022-07-12 20:33:39.524] [exthost] [info] ExtensionService#_doActivateExtension ms-python.python, startup: false, activationEvent: 'onLanguage:python'
[2022-07-12 20:33:39.774] [exthost] [info] ExtensionService#_doActivateExtension ms-toolsai.jupyter, startup: false, activationEvent: 'onLanguage:python'
[2022-07-12 20:33:40.457] [exthost] [info] ExtensionService#_doActivateExtension ms-toolsai.jupyter-renderers, startup: false, activationEvent: 'api', root cause: ms-toolsai.jupyter
[2022-07-12 20:33:40.570] [exthost] [info] ExtensionService#_doActivateExtension ms-python.vscode-pylance, startup: false, activationEvent: 'onLanguage:python'
[2022-07-12 20:33:40.878] [exthost] [info] ExtensionService#_doActivateExtension vscode.configuration-editing, startup: false, activationEvent: 'onLanguage:jsonc'
[2022-07-12 20:33:40.883] [exthost] [info] ExtensionService#_doActivateExtension vscode.json-language-features, startup: false, activationEvent: 'onLanguage:jsonc'
[2022-07-12 20:33:40.938] [exthost] [info] ExtensionService#_doActivateExtension vscode.typescript-language-features, startup: false, activationEvent: 'onLanguage:jsonc'
[2022-07-13 01:54:39.846] [exthost] [info] Extension host terminating: received terminate message from renderer
[2022-07-13 01:54:39.846] [exthost] [info] Lock '/home/htmhqi/.vscode-server/data/User/workspaceStorage/553eb68704783c3890033cee72b19be7/vscode.lock': Marking the lockfile as scheduled to be released in 6000 ms.
[2022-07-13 01:54:39.875] [exthost] [info] Extension host with pid 5871 exiting with code 0
